[0.000000] (-) TimerEvent: {}
[0.000156] (-) JobUnselected: {'identifier': 'litter_bot_description'}
[0.000219] (-) JobUnselected: {'identifier': 'litter_bot_gazebo'}
[0.000235] (-) JobUnselected: {'identifier': 'litter_bot_manipulation'}
[0.000248] (-) JobUnselected: {'identifier': 'litter_bot_navigation'}
[0.000259] (-) JobUnselected: {'identifier': 'litter_bot_perception'}
[0.000275] (litter_bot) JobQueued: {'identifier': 'litter_bot', 'dependencies': OrderedDict()}
[0.000291] (litter_bot_bringup) JobQueued: {'identifier': 'litter_bot_bringup', 'dependencies': OrderedDict([('litter_bot', '/home/hydria/ws/install/litter_bot'), ('litter_bot_description', '/home/hydria/ws/install/litter_bot_description'), ('litter_bot_manipulation', '/home/hydria/ws/install/litter_bot_manipulation'), ('litter_bot_navigation', '/home/hydria/ws/install/litter_bot_navigation'), ('litter_bot_perception', '/home/hydria/ws/install/litter_bot_perception'), ('litter_bot_gazebo', '/home/hydria/ws/install/litter_bot_gazebo')])}
[0.000313] (litter_bot) JobStarted: {'identifier': 'litter_bot'}
[0.097934] (-) TimerEvent: {}
[0.198167] (-) TimerEvent: {}
[0.298411] (-) TimerEvent: {}
[0.398758] (-) TimerEvent: {}
[0.499083] (-) TimerEvent: {}
[0.599321] (-) TimerEvent: {}
[0.699644] (-) TimerEvent: {}
[0.799905] (-) TimerEvent: {}
[0.900172] (-) TimerEvent: {}
[0.938704] (litter_bot) Command: {'cmd': ['/usr/bin/python3', '-W', 'ignore:setup.py install is deprecated', '-W', 'ignore:easy_install command is deprecated', 'setup.py', 'develop', '--editable', '--build-directory', '/home/hydria/ws/build/litter_bot/build', '--no-deps', 'symlink_data'], 'cwd': '/home/hydria/ws/build/litter_bot', 'env': {'LESSOPEN': '| /usr/bin/lesspipe %s', 'VSCODE_CWD': '/mnt/c/Program Files/cursor', 'VSCODE_ESM_ENTRYPOINT': 'vs/workbench/api/node/extensionHostProcess', 'USER': 'hydria', 'VSCODE_NLS_CONFIG': '{"userLocale":"en","osLocale":"en","resolvedLanguage":"en","defaultMessagesFile":"/home/hydria/.cursor-server/bin/32cfbe848b35d9eb320980195985450f244b3030/out/nls.messages.json","locale":"en","availableLanguages":{}}', 'VSCODE_HANDLES_UNCAUGHT_ERRORS': 'true', 'SHLVL': '1', 'LD_LIBRARY_PATH': '/usr/lib/x86_64-linux-gnu/gazebo-11/plugins:/opt/ros/humble/opt/rviz_ogre_vendor/lib:/opt/ros/humble/lib/x86_64-linux-gnu:/opt/ros/humble/lib', 'MOTD_SHOWN': 'update-motd', 'HOME': '/home/hydria', 'OLDPWD': '/home/hydria/ws', 'VSCODE_IPC_HOOK_CLI': '/mnt/wslg/runtime-dir/vscode-ipc-cb300f24-93a9-44bd-a448-cbeb9bb68ad7.sock', 'ROS_PYTHON_VERSION': '3', 'NO_COLOR': '1', 'WSL_DISTRO_NAME': 'Ubuntu-22.04', 'WAYLAND_DISPLAY': 'wayland-0', 'VSCODE_L10N_BUNDLE_LOCATION': '', 'ROS_DISTRO': 'humble', 'LOGNAME': 'hydria', 'FORCE_COLOR': '0', 'NAME': 'DESKTOP-N8VDEIP', 'WSL_INTEROP': '/run/WSL/9_interop', 'VSCODE_HANDLES_SIGPIPE': 'true', 'PULSE_SERVER': 'unix:/mnt/wslg/PulseServer', '_': '/usr/bin/colcon', 'ROS_VERSION': '2', 'TERM': 'dumb', 'EVERYSPHERE_RIPGREP_PATH': '/home/hydria/.cursor-server/bin/32cfbe848b35d9eb320980195985450f244b3030/node_modules/@vscode/ripgrep/bin/rg', 'GAZEBO_MODEL_PATH': '/usr/share/gazebo-11/models:/usr/share/gazebo/models:/opt/ros/humble/share/turtlebot3_gazebo/models:/usr/share/gazebo-11/models:/usr/share/gazebo/models:/opt/ros/humble/share/turtlebot3_gazebo/models:', 'ROS_LOCALHOST_ONLY': '0', 'COMPOSER_NO_INTERACTION': '1', 'PATH': '/home/hydria/.local/bin:/home/hydria/.cursor-server/bin/32cfbe848b35d9eb320980195985450f244b3030/bin/remote-cli:/home/hydria/.local/bin:/opt/ros/humble/bin:/home/hydria/.cursor-server/bin/32cfbe848b35d9eb320980195985450f244b3030/bin/remote-cli:/usr/local/sbin:/usr/local/bin:/usr/sbin:/usr/bin:/sbin:/bin:/usr/games:/usr/local/games:/usr/lib/wsl/lib:/mnt/c/Windows/system32:/mnt/c/Windows:/mnt/c/Windows/System32/Wbem:/mnt/c/Windows/System32/WindowsPowerShell/v1.0/:/mnt/c/Windows/System32/OpenSSH/:/mnt/c/Program Files/Docker/Docker/resources/bin:/mnt/c/Program Files/Microsoft SQL Server/150/Tools/Binn/:/mnt/c/Program Files/dotnet/:/mnt/c/Program Files/Git/cmd:/mnt/c/ProgramData/chocolatey/bin:/mnt/c/wamp64/bin/mysql/mysql9.1.0/bin:/mnt/c/Program Files/cursor/resources/app/bin:/mnt/c/Users/Emre/AppData/Local/Programs/Python/Python312/Scripts/:/mnt/c/Users/Emre/AppData/Local/Programs/Python/Python312/:/mnt/c/Users/Emre/AppData/Local/Microsoft/WindowsApps:/mnt/c/Program Files/JetBrains/PyCharm 2024.1.4/bin:/mnt/c/Users/Emre/Microsoft VS Code/bin:/mnt/c/msys64/ucrt64/bin:/mnt/c/Users/Emre/.dotnet/tools:/mnt/c/tools/neovim/nvim-win64/bin:/mnt/c/Program Files/Inkscape/bin:/mnt/c/Program Files/JetBrains/DataGrip 2025.2.4/bin:/mnt/c/Program Files/PsychoPy:/mnt/c/Program Files/PsychoPy/DLLs:/mnt/c/Program 豆ムעٸkָk:/mnt/c/Users/Emre/AppData/Local/Programs/Antigravity/bin:/mnt/c/Users/Emre/AppData/Local/GitHubDesktop/bin:/snap/bin', 'XDG_RUNTIME_DIR': '/mnt/wslg/runtime-dir', 'CURSOR_AGENT': '1', 'DISPLAY': ':0', 'LANG': 'en_US.UTF-8', 'LS_COLORS': '', 'AMENT_PREFIX_PATH': '/opt/ros/humble', 'SHELL': '/bin/bash', 'LESSCLOSE': '/usr/bin/lesspipe %s %s', 'PWD': '/home/hydria/ws/build/litter_bot', 'TURTLEBOT3_MODEL': 'waffle', 'XDG_DATA_DIRS': '/usr/local/share:/usr/share:/var/lib/snapd/desktop', 'PYTHONPATH': '/home/hydria/ws/build/litter_bot/prefix_override:/usr/lib/python3/dist-packages/colcon_core/task/python/colcon_distutils_commands:/home/hydria/ws/install/litter_bot/lib/python3.10/site-packages:/opt/ros/humble/lib/python3.10/site-packages:/opt/ros/humble/local/lib/python3.10/dist-packages', 'COLCON': '1', '_ZO_DOCTOR': '0', 'WSL2_GUI_APPS_ENABLED': '1', 'HOSTTYPE': 'x86_64', 'WSLENV': ''}, 'shell': False}
[1.000325] (-) TimerEvent: {}
[1.100582] (-) TimerEvent: {}
[1.200827] (-) TimerEvent: {}
[1.212454] (litter_bot) StdoutLine: {'line': b'running develop\n'}
[1.300981] (-) TimerEvent: {}
[1.372343] (litter_bot) StdoutLine: {'line': b'running egg_info\n'}
[1.372724] (litter_bot) StdoutLine: {'line': b'writing litter_bot.egg-info/PKG-INFO\n'}
[1.373015] (litter_bot) StdoutLine: {'line': b'writing dependency_links to litter_bot.egg-info/dependency_links.txt\n'}
[1.373348] (litter_bot) StdoutLine: {'line': b'writing entry points to litter_bot.egg-info/entry_points.txt\n'}
[1.373419] (litter_bot) StdoutLine: {'line': b'writing requirements to litter_bot.egg-info/requires.txt\n'}
[1.373463] (litter_bot) StdoutLine: {'line': b'writing top-level names to litter_bot.egg-info/top_level.txt\n'}
[1.375134] (litter_bot) StdoutLine: {'line': b"reading manifest file 'litter_bot.egg-info/SOURCES.txt'\n"}
[1.376547] (litter_bot) StdoutLine: {'line': b"writing manifest file 'litter_bot.egg-info/SOURCES.txt'\n"}
[1.378106] (litter_bot) StdoutLine: {'line': b'running build_ext\n'}
[1.378760] (litter_bot) StdoutLine: {'line': b'Creating /home/hydria/ws/install/litter_bot/lib/python3.10/site-packages/litter-bot.egg-link (link to .)\n'}
[1.384827] (litter_bot) StdoutLine: {'line': b'Installing coordinator_node script to /home/hydria/ws/install/litter_bot/lib/litter_bot\n'}
[1.386059] (litter_bot) StdoutLine: {'line': b'Installing goal_sender script to /home/hydria/ws/install/litter_bot/lib/litter_bot\n'}
[1.386403] (litter_bot) StdoutLine: {'line': b'Installing litter_manager_node script to /home/hydria/ws/install/litter_bot/lib/litter_bot\n'}
[1.387009] (litter_bot) StdoutLine: {'line': b'\n'}
[1.387157] (litter_bot) StdoutLine: {'line': b'Installed /home/hydria/ws/build/litter_bot\n'}
[1.387222] (litter_bot) StdoutLine: {'line': b'running symlink_data\n'}
[1.401112] (-) TimerEvent: {}
[1.425095] (litter_bot) CommandEnded: {'returncode': 0}
[1.451624] (litter_bot) JobEnded: {'identifier': 'litter_bot', 'rc': 0}
[1.453431] (litter_bot_bringup) JobStarted: {'identifier': 'litter_bot_bringup'}
[1.501266] (-) TimerEvent: {}
[1.601710] (-) TimerEvent: {}
[1.702041] (-) TimerEvent: {}
[1.802353] (-) TimerEvent: {}
[1.902665] (-) TimerEvent: {}
[2.003051] (-) TimerEvent: {}
[2.103350] (-) TimerEvent: {}
[2.203584] (-) TimerEvent: {}
[2.303824] (-) TimerEvent: {}
[2.374840] (litter_bot_bringup) JobProgress: {'identifier': 'litter_bot_bringup', 'progress': 'cmake'}
[2.376628] (litter_bot_bringup) JobProgress: {'identifier': 'litter_bot_bringup', 'progress': 'build'}
[2.379945] (litter_bot_bringup) Command: {'cmd': ['/usr/bin/cmake', '--build', '/home/hydria/ws/build/litter_bot_bringup', '--', '-j6', '-l6'], 'cwd': '/home/hydria/ws/build/litter_bot_bringup', 'env': OrderedDict([('LESSOPEN', '| /usr/bin/lesspipe %s'), ('VSCODE_CWD', '/mnt/c/Program Files/cursor'), ('VSCODE_ESM_ENTRYPOINT', 'vs/workbench/api/node/extensionHostProcess'), ('USER', 'hydria'), ('VSCODE_NLS_CONFIG', '{"userLocale":"en","osLocale":"en","resolvedLanguage":"en","defaultMessagesFile":"/home/hydria/.cursor-server/bin/32cfbe848b35d9eb320980195985450f244b3030/out/nls.messages.json","locale":"en","availableLanguages":{}}'), ('VSCODE_HANDLES_UNCAUGHT_ERRORS', 'true'), ('SHLVL', '1'), ('LD_LIBRARY_PATH', '/usr/lib/x86_64-linux-gnu/gazebo-11/plugins:/opt/ros/humble/opt/rviz_ogre_vendor/lib:/opt/ros/humble/lib/x86_64-linux-gnu:/opt/ros/humble/lib'), ('MOTD_SHOWN', 'update-motd'), ('HOME', '/home/hydria'), ('OLDPWD', '/home/hydria/ws'), ('VSCODE_IPC_HOOK_CLI', '/mnt/wslg/runtime-dir/vscode-ipc-cb300f24-93a9-44bd-a448-cbeb9bb68ad7.sock'), ('ROS_PYTHON_VERSION', '3'), ('NO_COLOR', '1'), ('WSL_DISTRO_NAME', 'Ubuntu-22.04'), ('WAYLAND_DISPLAY', 'wayland-0'), ('VSCODE_L10N_BUNDLE_LOCATION', ''), ('ROS_DISTRO', 'humble'), ('LOGNAME', 'hydria'), ('FORCE_COLOR', '0'), ('NAME', 'DESKTOP-N8VDEIP'), ('WSL_INTEROP', '/run/WSL/9_interop'), ('VSCODE_HANDLES_SIGPIPE', 'true'), ('PULSE_SERVER', 'unix:/mnt/wslg/PulseServer'), ('_', '/usr/bin/colcon'), ('ROS_VERSION', '2'), ('TERM', 'dumb'), ('EVERYSPHERE_RIPGREP_PATH', '/home/hydria/.cursor-server/bin/32cfbe848b35d9eb320980195985450f244b3030/node_modules/@vscode/ripgrep/bin/rg'), ('GAZEBO_MODEL_PATH', '/usr/share/gazebo-11/models:/usr/share/gazebo/models:/opt/ros/humble/share/turtlebot3_gazebo/models:/usr/share/gazebo-11/models:/usr/share/gazebo/models:/opt/ros/humble/share/turtlebot3_gazebo/models:'), ('ROS_LOCALHOST_ONLY', '0'), ('COMPOSER_NO_INTERACTION', '1'), ('PATH', '/home/hydria/.local/bin:/home/hydria/.cursor-server/bin/32cfbe848b35d9eb320980195985450f244b3030/bin/remote-cli:/home/hydria/.local/bin:/opt/ros/humble/bin:/home/hydria/.cursor-server/bin/32cfbe848b35d9eb320980195985450f244b3030/bin/remote-cli:/usr/local/sbin:/usr/local/bin:/usr/sbin:/usr/bin:/sbin:/bin:/usr/games:/usr/local/games:/usr/lib/wsl/lib:/mnt/c/Windows/system32:/mnt/c/Windows:/mnt/c/Windows/System32/Wbem:/mnt/c/Windows/System32/WindowsPowerShell/v1.0/:/mnt/c/Windows/System32/OpenSSH/:/mnt/c/Program Files/Docker/Docker/resources/bin:/mnt/c/Program Files/Microsoft SQL Server/150/Tools/Binn/:/mnt/c/Program Files/dotnet/:/mnt/c/Program Files/Git/cmd:/mnt/c/ProgramData/chocolatey/bin:/mnt/c/wamp64/bin/mysql/mysql9.1.0/bin:/mnt/c/Program Files/cursor/resources/app/bin:/mnt/c/Users/Emre/AppData/Local/Programs/Python/Python312/Scripts/:/mnt/c/Users/Emre/AppData/Local/Programs/Python/Python312/:/mnt/c/Users/Emre/AppData/Local/Microsoft/WindowsApps:/mnt/c/Program Files/JetBrains/PyCharm 2024.1.4/bin:/mnt/c/Users/Emre/Microsoft VS Code/bin:/mnt/c/msys64/ucrt64/bin:/mnt/c/Users/Emre/.dotnet/tools:/mnt/c/tools/neovim/nvim-win64/bin:/mnt/c/Program Files/Inkscape/bin:/mnt/c/Program Files/JetBrains/DataGrip 2025.2.4/bin:/mnt/c/Program Files/PsychoPy:/mnt/c/Program Files/PsychoPy/DLLs:/mnt/c/Program 豆ムעٸkָk:/mnt/c/Users/Emre/AppData/Local/Programs/Antigravity/bin:/mnt/c/Users/Emre/AppData/Local/GitHubDesktop/bin:/snap/bin'), ('XDG_RUNTIME_DIR', '/mnt/wslg/runtime-dir'), ('CURSOR_AGENT', '1'), ('DISPLAY', ':0'), ('LANG', 'en_US.UTF-8'), ('LS_COLORS', ''), ('AMENT_PREFIX_PATH', '/home/hydria/ws/install/litter_bot_gazebo:/home/hydria/ws/install/litter_bot_perception:/home/hydria/ws/install/litter_bot_navigation:/home/hydria/ws/install/litter_bot_manipulation:/home/hydria/ws/install/litter_bot_description:/home/hydria/ws/install/litter_bot:/opt/ros/humble'), ('SHELL', '/bin/bash'), ('LESSCLOSE', '/usr/bin/lesspipe %s %s'), ('PWD', '/home/hydria/ws/build/litter_bot_bringup'), ('TURTLEBOT3_MODEL', 'waffle'), ('XDG_DATA_DIRS', '/usr/local/share:/usr/share:/var/lib/snapd/desktop'), ('PYTHONPATH', '/home/hydria/ws/build/litter_bot_perception:/home/hydria/ws/install/litter_bot_perception/lib/python3.10/site-packages:/home/hydria/ws/build/litter_bot_navigation:/home/hydria/ws/install/litter_bot_navigation/lib/python3.10/site-packages:/home/hydria/ws/build/litter_bot_manipulation:/home/hydria/ws/install/litter_bot_manipulation/lib/python3.10/site-packages:/home/hydria/ws/build/litter_bot:/home/hydria/ws/install/litter_bot/lib/python3.10/site-packages:/opt/ros/humble/lib/python3.10/site-packages:/opt/ros/humble/local/lib/python3.10/dist-packages'), ('COLCON', '1'), ('_ZO_DOCTOR', '0'), ('WSL2_GUI_APPS_ENABLED', '1'), ('HOSTTYPE', 'x86_64'), ('WSLENV', ''), ('CMAKE_PREFIX_PATH', '/home/hydria/ws/install/litter_bot_gazebo:/home/hydria/ws/install/litter_bot_description:/opt/ros/humble')]), 'shell': False}
[2.403949] (-) TimerEvent: {}
[2.434680] (litter_bot_bringup) CommandEnded: {'returncode': 0}
[2.437039] (litter_bot_bringup) JobProgress: {'identifier': 'litter_bot_bringup', 'progress': 'install'}
[2.445126] (litter_bot_bringup) Command: {'cmd': ['/usr/bin/cmake', '--install', '/home/hydria/ws/build/litter_bot_bringup'], 'cwd': '/home/hydria/ws/build/litter_bot_bringup', 'env': OrderedDict([('LESSOPEN', '| /usr/bin/lesspipe %s'), ('VSCODE_CWD', '/mnt/c/Program Files/cursor'), ('VSCODE_ESM_ENTRYPOINT', 'vs/workbench/api/node/extensionHostProcess'), ('USER', 'hydria'), ('VSCODE_NLS_CONFIG', '{"userLocale":"en","osLocale":"en","resolvedLanguage":"en","defaultMessagesFile":"/home/hydria/.cursor-server/bin/32cfbe848b35d9eb320980195985450f244b3030/out/nls.messages.json","locale":"en","availableLanguages":{}}'), ('VSCODE_HANDLES_UNCAUGHT_ERRORS', 'true'), ('SHLVL', '1'), ('LD_LIBRARY_PATH', '/usr/lib/x86_64-linux-gnu/gazebo-11/plugins:/opt/ros/humble/opt/rviz_ogre_vendor/lib:/opt/ros/humble/lib/x86_64-linux-gnu:/opt/ros/humble/lib'), ('MOTD_SHOWN', 'update-motd'), ('HOME', '/home/hydria'), ('OLDPWD', '/home/hydria/ws'), ('VSCODE_IPC_HOOK_CLI', '/mnt/wslg/runtime-dir/vscode-ipc-cb300f24-93a9-44bd-a448-cbeb9bb68ad7.sock'), ('ROS_PYTHON_VERSION', '3'), ('NO_COLOR', '1'), ('WSL_DISTRO_NAME', 'Ubuntu-22.04'), ('WAYLAND_DISPLAY', 'wayland-0'), ('VSCODE_L10N_BUNDLE_LOCATION', ''), ('ROS_DISTRO', 'humble'), ('LOGNAME', 'hydria'), ('FORCE_COLOR', '0'), ('NAME', 'DESKTOP-N8VDEIP'), ('WSL_INTEROP', '/run/WSL/9_interop'), ('VSCODE_HANDLES_SIGPIPE', 'true'), ('PULSE_SERVER', 'unix:/mnt/wslg/PulseServer'), ('_', '/usr/bin/colcon'), ('ROS_VERSION', '2'), ('TERM', 'dumb'), ('EVERYSPHERE_RIPGREP_PATH', '/home/hydria/.cursor-server/bin/32cfbe848b35d9eb320980195985450f244b3030/node_modules/@vscode/ripgrep/bin/rg'), ('GAZEBO_MODEL_PATH', '/usr/share/gazebo-11/models:/usr/share/gazebo/models:/opt/ros/humble/share/turtlebot3_gazebo/models:/usr/share/gazebo-11/models:/usr/share/gazebo/models:/opt/ros/humble/share/turtlebot3_gazebo/models:'), ('ROS_LOCALHOST_ONLY', '0'), ('COMPOSER_NO_INTERACTION', '1'), ('PATH', '/home/hydria/.local/bin:/home/hydria/.cursor-server/bin/32cfbe848b35d9eb320980195985450f244b3030/bin/remote-cli:/home/hydria/.local/bin:/opt/ros/humble/bin:/home/hydria/.cursor-server/bin/32cfbe848b35d9eb320980195985450f244b3030/bin/remote-cli:/usr/local/sbin:/usr/local/bin:/usr/sbin:/usr/bin:/sbin:/bin:/usr/games:/usr/local/games:/usr/lib/wsl/lib:/mnt/c/Windows/system32:/mnt/c/Windows:/mnt/c/Windows/System32/Wbem:/mnt/c/Windows/System32/WindowsPowerShell/v1.0/:/mnt/c/Windows/System32/OpenSSH/:/mnt/c/Program Files/Docker/Docker/resources/bin:/mnt/c/Program Files/Microsoft SQL Server/150/Tools/Binn/:/mnt/c/Program Files/dotnet/:/mnt/c/Program Files/Git/cmd:/mnt/c/ProgramData/chocolatey/bin:/mnt/c/wamp64/bin/mysql/mysql9.1.0/bin:/mnt/c/Program Files/cursor/resources/app/bin:/mnt/c/Users/Emre/AppData/Local/Programs/Python/Python312/Scripts/:/mnt/c/Users/Emre/AppData/Local/Programs/Python/Python312/:/mnt/c/Users/Emre/AppData/Local/Microsoft/WindowsApps:/mnt/c/Program Files/JetBrains/PyCharm 2024.1.4/bin:/mnt/c/Users/Emre/Microsoft VS Code/bin:/mnt/c/msys64/ucrt64/bin:/mnt/c/Users/Emre/.dotnet/tools:/mnt/c/tools/neovim/nvim-win64/bin:/mnt/c/Program Files/Inkscape/bin:/mnt/c/Program Files/JetBrains/DataGrip 2025.2.4/bin:/mnt/c/Program Files/PsychoPy:/mnt/c/Program Files/PsychoPy/DLLs:/mnt/c/Program 豆ムעٸkָk:/mnt/c/Users/Emre/AppData/Local/Programs/Antigravity/bin:/mnt/c/Users/Emre/AppData/Local/GitHubDesktop/bin:/snap/bin'), ('XDG_RUNTIME_DIR', '/mnt/wslg/runtime-dir'), ('CURSOR_AGENT', '1'), ('DISPLAY', ':0'), ('LANG', 'en_US.UTF-8'), ('LS_COLORS', ''), ('AMENT_PREFIX_PATH', '/home/hydria/ws/install/litter_bot_gazebo:/home/hydria/ws/install/litter_bot_perception:/home/hydria/ws/install/litter_bot_navigation:/home/hydria/ws/install/litter_bot_manipulation:/home/hydria/ws/install/litter_bot_description:/home/hydria/ws/install/litter_bot:/opt/ros/humble'), ('SHELL', '/bin/bash'), ('LESSCLOSE', '/usr/bin/lesspipe %s %s'), ('PWD', '/home/hydria/ws/build/litter_bot_bringup'), ('TURTLEBOT3_MODEL', 'waffle'), ('XDG_DATA_DIRS', '/usr/local/share:/usr/share:/var/lib/snapd/desktop'), ('PYTHONPATH', '/home/hydria/ws/build/litter_bot_perception:/home/hydria/ws/install/litter_bot_perception/lib/python3.10/site-packages:/home/hydria/ws/build/litter_bot_navigation:/home/hydria/ws/install/litter_bot_navigation/lib/python3.10/site-packages:/home/hydria/ws/build/litter_bot_manipulation:/home/hydria/ws/install/litter_bot_manipulation/lib/python3.10/site-packages:/home/hydria/ws/build/litter_bot:/home/hydria/ws/install/litter_bot/lib/python3.10/site-packages:/opt/ros/humble/lib/python3.10/site-packages:/opt/ros/humble/local/lib/python3.10/dist-packages'), ('COLCON', '1'), ('_ZO_DOCTOR', '0'), ('WSL2_GUI_APPS_ENABLED', '1'), ('HOSTTYPE', 'x86_64'), ('WSLENV', ''), ('CMAKE_PREFIX_PATH', '/home/hydria/ws/install/litter_bot_gazebo:/home/hydria/ws/install/litter_bot_description:/opt/ros/humble')]), 'shell': False}
[2.453346] (litter_bot_bringup) StdoutLine: {'line': b'-- Install configuration: ""\n'}
[2.454422] (litter_bot_bringup) StdoutLine: {'line': b'-- Execute custom install script\n'}
[2.455421] (litter_bot_bringup) StdoutLine: {'line': b'-- Up-to-date symlink: /home/hydria/ws/install/litter_bot_bringup/share/litter_bot_bringup/launch/full_system.launch.py\n'}
[2.455730] (litter_bot_bringup) StdoutLine: {'line': b'-- Up-to-date symlink: /home/hydria/ws/install/litter_bot_bringup/share/litter_bot_bringup/launch/simulation_only.launch.py\n'}
[2.455956] (litter_bot_bringup) StdoutLine: {'line': b'-- Up-to-date symlink: /home/hydria/ws/install/litter_bot_bringup/share/litter_bot_bringup/config/rviz_config.rviz\n'}
[2.456043] (litter_bot_bringup) StdoutLine: {'line': b'-- Up-to-date symlink: /home/hydria/ws/install/litter_bot_bringup/share/ament_index/resource_index/package_run_dependencies/litter_bot_bringup\n'}
[2.456090] (litter_bot_bringup) StdoutLine: {'line': b'-- Up-to-date symlink: /home/hydria/ws/install/litter_bot_bringup/share/ament_index/resource_index/parent_prefix_path/litter_bot_bringup\n'}
[2.456132] (litter_bot_bringup) StdoutLine: {'line': b'-- Up-to-date symlink: /home/hydria/ws/install/litter_bot_bringup/share/litter_bot_bringup/environment/ament_prefix_path.sh\n'}
[2.456253] (litter_bot_bringup) StdoutLine: {'line': b'-- Up-to-date symlink: /home/hydria/ws/install/litter_bot_bringup/share/litter_bot_bringup/environment/ament_prefix_path.dsv\n'}
[2.456315] (litter_bot_bringup) StdoutLine: {'line': b'-- Up-to-date symlink: /home/hydria/ws/install/litter_bot_bringup/share/litter_bot_bringup/environment/path.sh\n'}
[2.456402] (litter_bot_bringup) StdoutLine: {'line': b'-- Up-to-date symlink: /home/hydria/ws/install/litter_bot_bringup/share/litter_bot_bringup/environment/path.dsv\n'}
[2.456505] (litter_bot_bringup) StdoutLine: {'line': b'-- Up-to-date symlink: /home/hydria/ws/install/litter_bot_bringup/share/litter_bot_bringup/local_setup.bash\n'}
[2.456557] (litter_bot_bringup) StdoutLine: {'line': b'-- Up-to-date symlink: /home/hydria/ws/install/litter_bot_bringup/share/litter_bot_bringup/local_setup.sh\n'}
[2.456643] (litter_bot_bringup) StdoutLine: {'line': b'-- Up-to-date symlink: /home/hydria/ws/install/litter_bot_bringup/share/litter_bot_bringup/local_setup.zsh\n'}
[2.456693] (litter_bot_bringup) StdoutLine: {'line': b'-- Up-to-date symlink: /home/hydria/ws/install/litter_bot_bringup/share/litter_bot_bringup/local_setup.dsv\n'}
[2.456778] (litter_bot_bringup) StdoutLine: {'line': b'-- Symlinking: /home/hydria/ws/install/litter_bot_bringup/share/litter_bot_bringup/package.dsv\n'}
[2.465150] (litter_bot_bringup) StdoutLine: {'line': b'-- Up-to-date symlink: /home/hydria/ws/install/litter_bot_bringup/share/ament_index/resource_index/packages/litter_bot_bringup\n'}
[2.465370] (litter_bot_bringup) StdoutLine: {'line': b'-- Up-to-date symlink: /home/hydria/ws/install/litter_bot_bringup/share/litter_bot_bringup/cmake/litter_bot_bringupConfig.cmake\n'}
[2.465752] (litter_bot_bringup) StdoutLine: {'line': b'-- Up-to-date symlink: /home/hydria/ws/install/litter_bot_bringup/share/litter_bot_bringup/cmake/litter_bot_bringupConfig-version.cmake\n'}
[2.465903] (litter_bot_bringup) StdoutLine: {'line': b'-- Up-to-date symlink: /home/hydria/ws/install/litter_bot_bringup/share/litter_bot_bringup/package.xml\n'}
[2.466843] (litter_bot_bringup) CommandEnded: {'returncode': 0}
[2.478965] (litter_bot_bringup) JobEnded: {'identifier': 'litter_bot_bringup', 'rc': 0}
[2.480144] (-) EventReactorShutdown: {}
