[0.036s] Invoking command in '/home/hydria/ws/build/litter_bot_gazebo': AMENT_PREFIX_PATH=/home/hydria/ws/install/litter_bot_description:${AMENT_PREFIX_PATH} CMAKE_PREFIX_PATH=/home/hydria/ws/install/litter_bot_description:/opt/ros/humble /usr/bin/cmake --build /home/hydria/ws/build/litter_bot_gazebo -- -j6 -l6
[0.051s] -- Found ament_cmake: 1.3.12 (/opt/ros/humble/share/ament_cmake/cmake)
[0.126s] -- Override CMake install command with custom implementation using symlinks instead of copying resources
[0.167s] -- Configuring done
[0.169s] -- Generating done
[0.170s] -- Build files have been written to: /home/hydria/ws/build/litter_bot_gazebo
[0.180s] Invoked command in '/home/hydria/ws/build/litter_bot_gazebo' returned '0': AMENT_PREFIX_PATH=/home/hydria/ws/install/litter_bot_description:${AMENT_PREFIX_PATH} CMAKE_PREFIX_PATH=/home/hydria/ws/install/litter_bot_description:/opt/ros/humble /usr/bin/cmake --build /home/hydria/ws/build/litter_bot_gazebo -- -j6 -l6
[0.181s] Invoking command in '/home/hydria/ws/build/litter_bot_gazebo': AMENT_PREFIX_PATH=/home/hydria/ws/install/litter_bot_description:${AMENT_PREFIX_PATH} CMAKE_PREFIX_PATH=/home/hydria/ws/install/litter_bot_description:/opt/ros/humble /usr/bin/cmake --install /home/hydria/ws/build/litter_bot_gazebo
[0.184s] -- Install configuration: ""
[0.184s] -- Execute custom install script
[0.185s] -- Up-to-date symlink: /home/hydria/ws/install/litter_bot_gazebo/share/litter_bot_gazebo/worlds/med_cim.world
[0.185s] -- Up-to-date symlink: /home/hydria/ws/install/litter_bot_gazebo/share/litter_bot_gazebo/launch/simulation.launch.py
[0.185s] -- Up-to-date symlink: /home/hydria/ws/install/litter_bot_gazebo/share/ament_index/resource_index/package_run_dependencies/litter_bot_gazebo
[0.186s] -- Up-to-date symlink: /home/hydria/ws/install/litter_bot_gazebo/share/ament_index/resource_index/parent_prefix_path/litter_bot_gazebo
[0.186s] -- Up-to-date symlink: /home/hydria/ws/install/litter_bot_gazebo/share/litter_bot_gazebo/environment/ament_prefix_path.sh
[0.186s] -- Up-to-date symlink: /home/hydria/ws/install/litter_bot_gazebo/share/litter_bot_gazebo/environment/ament_prefix_path.dsv
[0.187s] -- Up-to-date symlink: /home/hydria/ws/install/litter_bot_gazebo/share/litter_bot_gazebo/environment/path.sh
[0.187s] -- Up-to-date symlink: /home/hydria/ws/install/litter_bot_gazebo/share/litter_bot_gazebo/environment/path.dsv
[0.187s] -- Up-to-date symlink: /home/hydria/ws/install/litter_bot_gazebo/share/litter_bot_gazebo/local_setup.bash
[0.187s] -- Up-to-date symlink: /home/hydria/ws/install/litter_bot_gazebo/share/litter_bot_gazebo/local_setup.sh
[0.188s] -- Up-to-date symlink: /home/hydria/ws/install/litter_bot_gazebo/share/litter_bot_gazebo/local_setup.zsh
[0.188s] -- Up-to-date symlink: /home/hydria/ws/install/litter_bot_gazebo/share/litter_bot_gazebo/local_setup.dsv
[0.188s] -- Symlinking: /home/hydria/ws/install/litter_bot_gazebo/share/litter_bot_gazebo/package.dsv
[0.193s] -- Up-to-date symlink: /home/hydria/ws/install/litter_bot_gazebo/share/ament_index/resource_index/packages/litter_bot_gazebo
[0.193s] -- Up-to-date symlink: /home/hydria/ws/install/litter_bot_gazebo/share/litter_bot_gazebo/cmake/litter_bot_gazeboConfig.cmake
[0.193s] -- Up-to-date symlink: /home/hydria/ws/install/litter_bot_gazebo/share/litter_bot_gazebo/cmake/litter_bot_gazeboConfig-version.cmake
[0.193s] -- Up-to-date symlink: /home/hydria/ws/install/litter_bot_gazebo/share/litter_bot_gazebo/package.xml
[0.194s] Invoked command in '/home/hydria/ws/build/litter_bot_gazebo' returned '0': AMENT_PREFIX_PATH=/home/hydria/ws/install/litter_bot_description:${AMENT_PREFIX_PATH} CMAKE_PREFIX_PATH=/home/hydria/ws/install/litter_bot_description:/opt/ros/humble /usr/bin/cmake --install /home/hydria/ws/build/litter_bot_gazebo
