[0.000000] (-) TimerEvent: {}
[0.000167] (-) JobUnselected: {'identifier': 'litter_bot'}
[0.000221] (-) JobUnselected: {'identifier': 'litter_bot_description'}
[0.000253] (-) JobUnselected: {'identifier': 'litter_bot_gazebo'}
[0.000322] (-) JobUnselected: {'identifier': 'litter_bot_manipulation'}
[0.000353] (-) JobUnselected: {'identifier': 'litter_bot_navigation'}
[0.000389] (litter_bot_perception) JobQueued: {'identifier': 'litter_bot_perception', 'dependencies': OrderedDict()}
[0.000424] (litter_bot_bringup) JobQueued: {'identifier': 'litter_bot_bringup', 'dependencies': OrderedDict([('litter_bot', '/home/hydria/ws/install/litter_bot'), ('litter_bot_description', '/home/hydria/ws/install/litter_bot_description'), ('litter_bot_manipulation', '/home/hydria/ws/install/litter_bot_manipulation'), ('litter_bot_navigation', '/home/hydria/ws/install/litter_bot_navigation'), ('litter_bot_perception', '/home/hydria/ws/install/litter_bot_perception'), ('litter_bot_gazebo', '/home/hydria/ws/install/litter_bot_gazebo')])}
[0.000471] (litter_bot_perception) JobStarted: {'identifier': 'litter_bot_perception'}
[0.094662] (-) TimerEvent: {}
[0.194954] (-) TimerEvent: {}
[0.295169] (-) TimerEvent: {}
[0.395405] (-) TimerEvent: {}
[0.495654] (-) TimerEvent: {}
[0.595880] (-) TimerEvent: {}
[0.696195] (-) TimerEvent: {}
[0.796484] (-) TimerEvent: {}
[0.896711] (-) TimerEvent: {}
[0.996939] (-) TimerEvent: {}
[1.097194] (-) TimerEvent: {}
[1.197489] (-) TimerEvent: {}
[1.298850] (-) TimerEvent: {}
[1.399311] (-) TimerEvent: {}
[1.499560] (-) TimerEvent: {}
[1.599798] (-) TimerEvent: {}
[1.700104] (-) TimerEvent: {}
[1.800508] (-) TimerEvent: {}
[1.900775] (-) TimerEvent: {}
[2.001339] (-) TimerEvent: {}
[2.101587] (-) TimerEvent: {}
[2.201893] (-) TimerEvent: {}
[2.302189] (-) TimerEvent: {}
[2.402572] (-) TimerEvent: {}
[2.462174] (litter_bot_perception) Command: {'cmd': ['/usr/bin/python3', '-W', 'ignore:setup.py install is deprecated', '-W', 'ignore:easy_install command is deprecated', 'setup.py', 'develop', '--editable', '--build-directory', '/home/hydria/ws/build/litter_bot_perception/build', '--no-deps', 'symlink_data'], 'cwd': '/home/hydria/ws/build/litter_bot_perception', 'env': {'LESSOPEN': '| /usr/bin/lesspipe %s', 'VSCODE_CWD': '/mnt/c/Program Files/cursor', 'VSCODE_ESM_ENTRYPOINT': 'vs/workbench/api/node/extensionHostProcess', 'USER': 'hydria', 'VSCODE_NLS_CONFIG': '{"userLocale":"en","osLocale":"en","resolvedLanguage":"en","defaultMessagesFile":"/home/hydria/.cursor-server/bin/32cfbe848b35d9eb320980195985450f244b3030/out/nls.messages.json","locale":"en","availableLanguages":{}}', 'VSCODE_HANDLES_UNCAUGHT_ERRORS': 'true', 'SHLVL': '0', 'LD_LIBRARY_PATH': '/usr/lib/x86_64-linux-gnu/gazebo-11/plugins:/opt/ros/humble/opt/rviz_ogre_vendor/lib:/opt/ros/humble/lib/x86_64-linux-gnu:/opt/ros/humble/lib', 'HOME': '/home/hydria', 'OLDPWD': '/home/hydria/ws', 'VSCODE_IPC_HOOK_CLI': '/mnt/wslg/runtime-dir/vscode-ipc-4e363573-edf5-42f3-9832-509ecdc06c4d.sock', 'ROS_PYTHON_VERSION': '3', 'NO_COLOR': '1', 'WSL_DISTRO_NAME': 'Ubuntu-22.04', 'WAYLAND_DISPLAY': 'wayland-0', 'COLCON_PREFIX_PATH': '/home/hydria/ws/install', 'ROS_DISTRO': 'humble', 'LOGNAME': 'hydria', 'FORCE_COLOR': '0', 'NAME': 'DESKTOP-N8VDEIP', 'WSL_INTEROP': '/run/WSL/9_interop', 'VSCODE_HANDLES_SIGPIPE': 'true', 'PULSE_SERVER': 'unix:/mnt/wslg/PulseServer', '_': '/usr/bin/colcon', 'ROS_VERSION': '2', 'TERM': 'dumb', 'EVERYSPHERE_RIPGREP_PATH': '/home/hydria/.cursor-server/bin/32cfbe848b35d9eb320980195985450f244b3030/node_modules/@vscode/ripgrep/bin/rg', 'GAZEBO_MODEL_PATH': '/usr/share/gazebo-11/models:/usr/share/gazebo/models:/opt/ros/humble/share/turtlebot3_gazebo/models:/usr/share/gazebo-11/models:/usr/share/gazebo/models:/opt/ros/humble/share/turtlebot3_gazebo/models:', 'ROS_LOCALHOST_ONLY': '0', 'COMPOSER_NO_INTERACTION': '1', 'PATH': '/home/hydria/.local/bin:/home/hydria/.cursor-server/bin/32cfbe848b35d9eb320980195985450f244b3030/bin/remote-cli:/home/hydria/.local/bin:/opt/ros/humble/bin:/home/hydria/.cursor-server/bin/32cfbe848b35d9eb320980195985450f244b3030/bin/remote-cli:/usr/local/sbin:/usr/local/bin:/usr/sbin:/usr/bin:/sbin:/bin:/usr/games:/usr/local/games:/usr/lib/wsl/lib:/mnt/c/Windows/system32:/mnt/c/Windows:/mnt/c/Windows/System32/Wbem:/mnt/c/Windows/System32/WindowsPowerShell/v1.0/:/mnt/c/Windows/System32/OpenSSH/:/mnt/c/Program Files/Docker/Docker/resources/bin:/mnt/c/Program Files/Microsoft SQL Server/150/Tools/Binn/:/mnt/c/Program Files/dotnet/:/mnt/c/Program Files/Git/cmd:/mnt/c/ProgramData/chocolatey/bin:/mnt/c/wamp64/bin/mysql/mysql9.1.0/bin:/mnt/c/Program Files/cursor/resources/app/bin:/mnt/c/Users/Emre/AppData/Local/Programs/Python/Python312/Scripts/:/mnt/c/Users/Emre/AppData/Local/Programs/Python/Python312/:/mnt/c/Users/Emre/AppData/Local/Microsoft/WindowsApps:/mnt/c/Program Files/JetBrains/PyCharm 2024.1.4/bin:/mnt/c/Users/Emre/Microsoft VS Code/bin:/mnt/c/msys64/ucrt64/bin:/mnt/c/Users/Emre/.dotnet/tools:/mnt/c/tools/neovim/nvim-win64/bin:/mnt/c/Program Files/Inkscape/bin:/mnt/c/Program Files/JetBrains/DataGrip 2025.2.4/bin:/mnt/c/Program Files/PsychoPy:/mnt/c/Program Files/PsychoPy/DLLs:/mnt/c/Program 豆ムעٸkָk:/mnt/c/Users/Emre/AppData/Local/Programs/Antigravity/bin:/mnt/c/Users/Emre/AppData/Local/GitHubDesktop/bin:/snap/bin', 'XDG_RUNTIME_DIR': '/mnt/wslg/runtime-dir', 'CURSOR_AGENT': '1', 'DISPLAY': ':0', 'LANG': 'en_US.UTF-8', 'LS_COLORS': '', 'AMENT_PREFIX_PATH': '/home/hydria/ws/install/litter_bot_bringup:/home/hydria/ws/install/litter_bot_perception:/home/hydria/ws/install/litter_bot_navigation:/home/hydria/ws/install/litter_bot_manipulation:/home/hydria/ws/install/litter_bot_gazebo:/home/hydria/ws/install/litter_bot_description:/home/hydria/ws/install/litter_bot:/opt/ros/humble', 'SHELL': '/bin/bash', 'LESSCLOSE': '/usr/bin/lesspipe %s %s', 'PWD': '/home/hydria/ws/build/litter_bot_perception', 'TURTLEBOT3_MODEL': 'waffle', 'XDG_DATA_DIRS': '/usr/local/share:/usr/share:/var/lib/snapd/desktop', 'PYTHONPATH': '/home/hydria/ws/build/litter_bot_perception/prefix_override:/usr/lib/python3/dist-packages/colcon_core/task/python/colcon_distutils_commands:/home/hydria/ws/install/litter_bot_perception/lib/python3.10/site-packages:/home/hydria/ws/build/litter_bot_perception:/home/hydria/ws/install/litter_bot_perception/lib/python3.10/site-packages:/home/hydria/ws/build/litter_bot_navigation:/home/hydria/ws/install/litter_bot_navigation/lib/python3.10/site-packages:/home/hydria/ws/build/litter_bot_manipulation:/home/hydria/ws/install/litter_bot_manipulation/lib/python3.10/site-packages:/home/hydria/ws/build/litter_bot:/home/hydria/ws/install/litter_bot/lib/python3.10/site-packages:/opt/ros/humble/lib/python3.10/site-packages:/opt/ros/humble/local/lib/python3.10/dist-packages', 'COLCON': '1', '_ZO_DOCTOR': '0', 'WSL2_GUI_APPS_ENABLED': '1', 'HOSTTYPE': 'x86_64', 'CMAKE_PREFIX_PATH': '/home/hydria/ws/install/litter_bot_bringup:/home/hydria/ws/install/litter_bot_gazebo:/home/hydria/ws/install/litter_bot_description', 'WSLENV': ''}, 'shell': False}
[2.502688] (-) TimerEvent: {}
[2.602954] (-) TimerEvent: {}
[2.703197] (-) TimerEvent: {}
[2.803408] (-) TimerEvent: {}
[2.903683] (-) TimerEvent: {}
[3.003957] (-) TimerEvent: {}
[3.104240] (-) TimerEvent: {}
[3.204579] (-) TimerEvent: {}
[3.306199] (-) TimerEvent: {}
[3.406558] (-) TimerEvent: {}
[3.506978] (-) TimerEvent: {}
[3.608413] (-) TimerEvent: {}
[3.636531] (litter_bot_perception) StdoutLine: {'line': b'running develop\n'}
[3.708501] (-) TimerEvent: {}
[3.808724] (-) TimerEvent: {}
[3.909091] (-) TimerEvent: {}
[4.009420] (-) TimerEvent: {}
[4.109644] (-) TimerEvent: {}
[4.161528] (litter_bot_perception) StdoutLine: {'line': b'running egg_info\n'}
[4.174950] (litter_bot_perception) StdoutLine: {'line': b'writing litter_bot_perception.egg-info/PKG-INFO\n'}
[4.175189] (litter_bot_perception) StdoutLine: {'line': b'writing dependency_links to litter_bot_perception.egg-info/dependency_links.txt\n'}
[4.175277] (litter_bot_perception) StdoutLine: {'line': b'writing entry points to litter_bot_perception.egg-info/entry_points.txt\n'}
[4.175364] (litter_bot_perception) StdoutLine: {'line': b'writing requirements to litter_bot_perception.egg-info/requires.txt\n'}
[4.183867] (litter_bot_perception) StdoutLine: {'line': b'writing top-level names to litter_bot_perception.egg-info/top_level.txt\n'}
[4.184130] (litter_bot_perception) StdoutLine: {'line': b"reading manifest file 'litter_bot_perception.egg-info/SOURCES.txt'\n"}
[4.184219] (litter_bot_perception) StdoutLine: {'line': b"writing manifest file 'litter_bot_perception.egg-info/SOURCES.txt'\n"}
[4.197755] (litter_bot_perception) StdoutLine: {'line': b'running build_ext\n'}
[4.198867] (litter_bot_perception) StdoutLine: {'line': b'Creating /home/hydria/ws/install/litter_bot_perception/lib/python3.10/site-packages/litter-bot-perception.egg-link (link to .)\n'}
[4.200701] (litter_bot_perception) StdoutLine: {'line': b'Installing detection_node script to /home/hydria/ws/install/litter_bot_perception/lib/litter_bot_perception\n'}
[4.204130] (litter_bot_perception) StdoutLine: {'line': b'Installing litter_localizer_node script to /home/hydria/ws/install/litter_bot_perception/lib/litter_bot_perception\n'}
[4.207472] (litter_bot_perception) StdoutLine: {'line': b'Installing simple_localizer_node script to /home/hydria/ws/install/litter_bot_perception/lib/litter_bot_perception\n'}
[4.209977] (-) TimerEvent: {}
[4.214569] (litter_bot_perception) StdoutLine: {'line': b'\n'}
[4.214839] (litter_bot_perception) StdoutLine: {'line': b'Installed /home/hydria/ws/build/litter_bot_perception\n'}
[4.216585] (litter_bot_perception) StdoutLine: {'line': b'running symlink_data\n'}
[4.310101] (-) TimerEvent: {}
[4.377913] (litter_bot_perception) CommandEnded: {'returncode': 0}
[4.410232] (-) TimerEvent: {}
[4.462830] (litter_bot_perception) JobEnded: {'identifier': 'litter_bot_perception', 'rc': 0}
[4.470409] (litter_bot_bringup) JobStarted: {'identifier': 'litter_bot_bringup'}
[4.510364] (-) TimerEvent: {}
[4.612719] (-) TimerEvent: {}
[4.713086] (-) TimerEvent: {}
[4.813414] (-) TimerEvent: {}
[4.913730] (-) TimerEvent: {}
[5.014124] (-) TimerEvent: {}
[5.118767] (-) TimerEvent: {}
[5.222042] (-) TimerEvent: {}
[5.322989] (-) TimerEvent: {}
[5.430090] (-) TimerEvent: {}
[5.530436] (-) TimerEvent: {}
[5.630698] (-) TimerEvent: {}
[5.733998] (-) TimerEvent: {}
[5.834212] (-) TimerEvent: {}
[5.934424] (-) TimerEvent: {}
[6.034701] (-) TimerEvent: {}
[6.135117] (-) TimerEvent: {}
[6.235535] (-) TimerEvent: {}
[6.335905] (-) TimerEvent: {}
[6.415533] (litter_bot_bringup) JobProgress: {'identifier': 'litter_bot_bringup', 'progress': 'cmake'}
[6.415944] (litter_bot_bringup) JobProgress: {'identifier': 'litter_bot_bringup', 'progress': 'build'}
[6.416042] (litter_bot_bringup) Command: {'cmd': ['/usr/bin/cmake', '--build', '/home/hydria/ws/build/litter_bot_bringup', '--', '-j6', '-l6'], 'cwd': '/home/hydria/ws/build/litter_bot_bringup', 'env': OrderedDict([('LESSOPEN', '| /usr/bin/lesspipe %s'), ('VSCODE_CWD', '/mnt/c/Program Files/cursor'), ('VSCODE_ESM_ENTRYPOINT', 'vs/workbench/api/node/extensionHostProcess'), ('USER', 'hydria'), ('VSCODE_NLS_CONFIG', '{"userLocale":"en","osLocale":"en","resolvedLanguage":"en","defaultMessagesFile":"/home/hydria/.cursor-server/bin/32cfbe848b35d9eb320980195985450f244b3030/out/nls.messages.json","locale":"en","availableLanguages":{}}'), ('VSCODE_HANDLES_UNCAUGHT_ERRORS', 'true'), ('SHLVL', '0'), ('LD_LIBRARY_PATH', '/usr/lib/x86_64-linux-gnu/gazebo-11/plugins:/opt/ros/humble/opt/rviz_ogre_vendor/lib:/opt/ros/humble/lib/x86_64-linux-gnu:/opt/ros/humble/lib'), ('HOME', '/home/hydria'), ('OLDPWD', '/home/hydria/ws'), ('VSCODE_IPC_HOOK_CLI', '/mnt/wslg/runtime-dir/vscode-ipc-4e363573-edf5-42f3-9832-509ecdc06c4d.sock'), ('ROS_PYTHON_VERSION', '3'), ('NO_COLOR', '1'), ('WSL_DISTRO_NAME', 'Ubuntu-22.04'), ('WAYLAND_DISPLAY', 'wayland-0'), ('COLCON_PREFIX_PATH', '/home/hydria/ws/install'), ('ROS_DISTRO', 'humble'), ('LOGNAME', 'hydria'), ('FORCE_COLOR', '0'), ('NAME', 'DESKTOP-N8VDEIP'), ('WSL_INTEROP', '/run/WSL/9_interop'), ('VSCODE_HANDLES_SIGPIPE', 'true'), ('PULSE_SERVER', 'unix:/mnt/wslg/PulseServer'), ('_', '/usr/bin/colcon'), ('ROS_VERSION', '2'), ('TERM', 'dumb'), ('EVERYSPHERE_RIPGREP_PATH', '/home/hydria/.cursor-server/bin/32cfbe848b35d9eb320980195985450f244b3030/node_modules/@vscode/ripgrep/bin/rg'), ('GAZEBO_MODEL_PATH', '/usr/share/gazebo-11/models:/usr/share/gazebo/models:/opt/ros/humble/share/turtlebot3_gazebo/models:/usr/share/gazebo-11/models:/usr/share/gazebo/models:/opt/ros/humble/share/turtlebot3_gazebo/models:'), ('ROS_LOCALHOST_ONLY', '0'), ('COMPOSER_NO_INTERACTION', '1'), ('PATH', '/home/hydria/.local/bin:/home/hydria/.cursor-server/bin/32cfbe848b35d9eb320980195985450f244b3030/bin/remote-cli:/home/hydria/.local/bin:/opt/ros/humble/bin:/home/hydria/.cursor-server/bin/32cfbe848b35d9eb320980195985450f244b3030/bin/remote-cli:/usr/local/sbin:/usr/local/bin:/usr/sbin:/usr/bin:/sbin:/bin:/usr/games:/usr/local/games:/usr/lib/wsl/lib:/mnt/c/Windows/system32:/mnt/c/Windows:/mnt/c/Windows/System32/Wbem:/mnt/c/Windows/System32/WindowsPowerShell/v1.0/:/mnt/c/Windows/System32/OpenSSH/:/mnt/c/Program Files/Docker/Docker/resources/bin:/mnt/c/Program Files/Microsoft SQL Server/150/Tools/Binn/:/mnt/c/Program Files/dotnet/:/mnt/c/Program Files/Git/cmd:/mnt/c/ProgramData/chocolatey/bin:/mnt/c/wamp64/bin/mysql/mysql9.1.0/bin:/mnt/c/Program Files/cursor/resources/app/bin:/mnt/c/Users/Emre/AppData/Local/Programs/Python/Python312/Scripts/:/mnt/c/Users/Emre/AppData/Local/Programs/Python/Python312/:/mnt/c/Users/Emre/AppData/Local/Microsoft/WindowsApps:/mnt/c/Program Files/JetBrains/PyCharm 2024.1.4/bin:/mnt/c/Users/Emre/Microsoft VS Code/bin:/mnt/c/msys64/ucrt64/bin:/mnt/c/Users/Emre/.dotnet/tools:/mnt/c/tools/neovim/nvim-win64/bin:/mnt/c/Program Files/Inkscape/bin:/mnt/c/Program Files/JetBrains/DataGrip 2025.2.4/bin:/mnt/c/Program Files/PsychoPy:/mnt/c/Program Files/PsychoPy/DLLs:/mnt/c/Program 豆ムעٸkָk:/mnt/c/Users/Emre/AppData/Local/Programs/Antigravity/bin:/mnt/c/Users/Emre/AppData/Local/GitHubDesktop/bin:/snap/bin'), ('XDG_RUNTIME_DIR', '/mnt/wslg/runtime-dir'), ('CURSOR_AGENT', '1'), ('DISPLAY', ':0'), ('LANG', 'en_US.UTF-8'), ('LS_COLORS', ''), ('AMENT_PREFIX_PATH', '/home/hydria/ws/install/litter_bot_perception:/home/hydria/ws/install/litter_bot_navigation:/home/hydria/ws/install/litter_bot_manipulation:/home/hydria/ws/install/litter_bot:/home/hydria/ws/install/litter_bot_bringup:/home/hydria/ws/install/litter_bot_gazebo:/home/hydria/ws/install/litter_bot_description:/opt/ros/humble'), ('SHELL', '/bin/bash'), ('LESSCLOSE', '/usr/bin/lesspipe %s %s'), ('PWD', '/home/hydria/ws/build/litter_bot_bringup'), ('TURTLEBOT3_MODEL', 'waffle'), ('XDG_DATA_DIRS', '/usr/local/share:/usr/share:/var/lib/snapd/desktop'), ('PYTHONPATH', '/home/hydria/ws/build/litter_bot_perception:/home/hydria/ws/install/litter_bot_perception/lib/python3.10/site-packages:/home/hydria/ws/build/litter_bot_navigation:/home/hydria/ws/install/litter_bot_navigation/lib/python3.10/site-packages:/home/hydria/ws/build/litter_bot_manipulation:/home/hydria/ws/install/litter_bot_manipulation/lib/python3.10/site-packages:/home/hydria/ws/build/litter_bot:/home/hydria/ws/install/litter_bot/lib/python3.10/site-packages:/opt/ros/humble/lib/python3.10/site-packages:/opt/ros/humble/local/lib/python3.10/dist-packages'), ('COLCON', '1'), ('_ZO_DOCTOR', '0'), ('WSL2_GUI_APPS_ENABLED', '1'), ('HOSTTYPE', 'x86_64'), ('CMAKE_PREFIX_PATH', '/home/hydria/ws/install/litter_bot_gazebo:/home/hydria/ws/install/litter_bot_description:/home/hydria/ws/install/litter_bot_bringup:/home/hydria/ws/install/litter_bot_perception:/home/hydria/ws/install/litter_bot_navigation:/home/hydria/ws/install/litter_bot_manipulation:/home/hydria/ws/install/litter_bot:/opt/ros/humble'), ('WSLENV', '')]), 'shell': False}
[6.436067] (-) TimerEvent: {}
[6.536773] (-) TimerEvent: {}
[6.589372] (litter_bot_bringup) CommandEnded: {'returncode': 0}
[6.589839] (litter_bot_bringup) JobProgress: {'identifier': 'litter_bot_bringup', 'progress': 'install'}
[6.607645] (litter_bot_bringup) Command: {'cmd': ['/usr/bin/cmake', '--install', '/home/hydria/ws/build/litter_bot_bringup'], 'cwd': '/home/hydria/ws/build/litter_bot_bringup', 'env': OrderedDict([('LESSOPEN', '| /usr/bin/lesspipe %s'), ('VSCODE_CWD', '/mnt/c/Program Files/cursor'), ('VSCODE_ESM_ENTRYPOINT', 'vs/workbench/api/node/extensionHostProcess'), ('USER', 'hydria'), ('VSCODE_NLS_CONFIG', '{"userLocale":"en","osLocale":"en","resolvedLanguage":"en","defaultMessagesFile":"/home/hydria/.cursor-server/bin/32cfbe848b35d9eb320980195985450f244b3030/out/nls.messages.json","locale":"en","availableLanguages":{}}'), ('VSCODE_HANDLES_UNCAUGHT_ERRORS', 'true'), ('SHLVL', '0'), ('LD_LIBRARY_PATH', '/usr/lib/x86_64-linux-gnu/gazebo-11/plugins:/opt/ros/humble/opt/rviz_ogre_vendor/lib:/opt/ros/humble/lib/x86_64-linux-gnu:/opt/ros/humble/lib'), ('HOME', '/home/hydria'), ('OLDPWD', '/home/hydria/ws'), ('VSCODE_IPC_HOOK_CLI', '/mnt/wslg/runtime-dir/vscode-ipc-4e363573-edf5-42f3-9832-509ecdc06c4d.sock'), ('ROS_PYTHON_VERSION', '3'), ('NO_COLOR', '1'), ('WSL_DISTRO_NAME', 'Ubuntu-22.04'), ('WAYLAND_DISPLAY', 'wayland-0'), ('COLCON_PREFIX_PATH', '/home/hydria/ws/install'), ('ROS_DISTRO', 'humble'), ('LOGNAME', 'hydria'), ('FORCE_COLOR', '0'), ('NAME', 'DESKTOP-N8VDEIP'), ('WSL_INTEROP', '/run/WSL/9_interop'), ('VSCODE_HANDLES_SIGPIPE', 'true'), ('PULSE_SERVER', 'unix:/mnt/wslg/PulseServer'), ('_', '/usr/bin/colcon'), ('ROS_VERSION', '2'), ('TERM', 'dumb'), ('EVERYSPHERE_RIPGREP_PATH', '/home/hydria/.cursor-server/bin/32cfbe848b35d9eb320980195985450f244b3030/node_modules/@vscode/ripgrep/bin/rg'), ('GAZEBO_MODEL_PATH', '/usr/share/gazebo-11/models:/usr/share/gazebo/models:/opt/ros/humble/share/turtlebot3_gazebo/models:/usr/share/gazebo-11/models:/usr/share/gazebo/models:/opt/ros/humble/share/turtlebot3_gazebo/models:'), ('ROS_LOCALHOST_ONLY', '0'), ('COMPOSER_NO_INTERACTION', '1'), ('PATH', '/home/hydria/.local/bin:/home/hydria/.cursor-server/bin/32cfbe848b35d9eb320980195985450f244b3030/bin/remote-cli:/home/hydria/.local/bin:/opt/ros/humble/bin:/home/hydria/.cursor-server/bin/32cfbe848b35d9eb320980195985450f244b3030/bin/remote-cli:/usr/local/sbin:/usr/local/bin:/usr/sbin:/usr/bin:/sbin:/bin:/usr/games:/usr/local/games:/usr/lib/wsl/lib:/mnt/c/Windows/system32:/mnt/c/Windows:/mnt/c/Windows/System32/Wbem:/mnt/c/Windows/System32/WindowsPowerShell/v1.0/:/mnt/c/Windows/System32/OpenSSH/:/mnt/c/Program Files/Docker/Docker/resources/bin:/mnt/c/Program Files/Microsoft SQL Server/150/Tools/Binn/:/mnt/c/Program Files/dotnet/:/mnt/c/Program Files/Git/cmd:/mnt/c/ProgramData/chocolatey/bin:/mnt/c/wamp64/bin/mysql/mysql9.1.0/bin:/mnt/c/Program Files/cursor/resources/app/bin:/mnt/c/Users/Emre/AppData/Local/Programs/Python/Python312/Scripts/:/mnt/c/Users/Emre/AppData/Local/Programs/Python/Python312/:/mnt/c/Users/Emre/AppData/Local/Microsoft/WindowsApps:/mnt/c/Program Files/JetBrains/PyCharm 2024.1.4/bin:/mnt/c/Users/Emre/Microsoft VS Code/bin:/mnt/c/msys64/ucrt64/bin:/mnt/c/Users/Emre/.dotnet/tools:/mnt/c/tools/neovim/nvim-win64/bin:/mnt/c/Program Files/Inkscape/bin:/mnt/c/Program Files/JetBrains/DataGrip 2025.2.4/bin:/mnt/c/Program Files/PsychoPy:/mnt/c/Program Files/PsychoPy/DLLs:/mnt/c/Program 豆ムעٸkָk:/mnt/c/Users/Emre/AppData/Local/Programs/Antigravity/bin:/mnt/c/Users/Emre/AppData/Local/GitHubDesktop/bin:/snap/bin'), ('XDG_RUNTIME_DIR', '/mnt/wslg/runtime-dir'), ('CURSOR_AGENT', '1'), ('DISPLAY', ':0'), ('LANG', 'en_US.UTF-8'), ('LS_COLORS', ''), ('AMENT_PREFIX_PATH', '/home/hydria/ws/install/litter_bot_perception:/home/hydria/ws/install/litter_bot_navigation:/home/hydria/ws/install/litter_bot_manipulation:/home/hydria/ws/install/litter_bot:/home/hydria/ws/install/litter_bot_bringup:/home/hydria/ws/install/litter_bot_gazebo:/home/hydria/ws/install/litter_bot_description:/opt/ros/humble'), ('SHELL', '/bin/bash'), ('LESSCLOSE', '/usr/bin/lesspipe %s %s'), ('PWD', '/home/hydria/ws/build/litter_bot_bringup'), ('TURTLEBOT3_MODEL', 'waffle'), ('XDG_DATA_DIRS', '/usr/local/share:/usr/share:/var/lib/snapd/desktop'), ('PYTHONPATH', '/home/hydria/ws/build/litter_bot_perception:/home/hydria/ws/install/litter_bot_perception/lib/python3.10/site-packages:/home/hydria/ws/build/litter_bot_navigation:/home/hydria/ws/install/litter_bot_navigation/lib/python3.10/site-packages:/home/hydria/ws/build/litter_bot_manipulation:/home/hydria/ws/install/litter_bot_manipulation/lib/python3.10/site-packages:/home/hydria/ws/build/litter_bot:/home/hydria/ws/install/litter_bot/lib/python3.10/site-packages:/opt/ros/humble/lib/python3.10/site-packages:/opt/ros/humble/local/lib/python3.10/dist-packages'), ('COLCON', '1'), ('_ZO_DOCTOR', '0'), ('WSL2_GUI_APPS_ENABLED', '1'), ('HOSTTYPE', 'x86_64'), ('CMAKE_PREFIX_PATH', '/home/hydria/ws/install/litter_bot_gazebo:/home/hydria/ws/install/litter_bot_description:/home/hydria/ws/install/litter_bot_bringup:/home/hydria/ws/install/litter_bot_perception:/home/hydria/ws/install/litter_bot_navigation:/home/hydria/ws/install/litter_bot_manipulation:/home/hydria/ws/install/litter_bot:/opt/ros/humble'), ('WSLENV', '')]), 'shell': False}
[6.623563] (litter_bot_bringup) StdoutLine: {'line': b'-- Install configuration: ""\n'}
[6.626225] (litter_bot_bringup) StdoutLine: {'line': b'-- Execute custom install script\n'}
[6.628275] (litter_bot_bringup) StdoutLine: {'line': b'-- Up-to-date symlink: /home/hydria/ws/install/litter_bot_bringup/share/litter_bot_bringup/launch/full_system.launch.py\n'}
[6.629318] (litter_bot_bringup) StdoutLine: {'line': b'-- Up-to-date symlink: /home/hydria/ws/install/litter_bot_bringup/share/litter_bot_bringup/launch/simulation_only.launch.py\n'}
[6.634560] (litter_bot_bringup) StdoutLine: {'line': b'-- Up-to-date symlink: /home/hydria/ws/install/litter_bot_bringup/share/litter_bot_bringup/config/rviz_config.rviz\n'}
[6.635670] (litter_bot_bringup) StdoutLine: {'line': b'-- Up-to-date symlink: /home/hydria/ws/install/litter_bot_bringup/share/ament_index/resource_index/package_run_dependencies/litter_bot_bringup\n'}
[6.636790] (-) TimerEvent: {}
[6.637124] (litter_bot_bringup) StdoutLine: {'line': b'-- Up-to-date symlink: /home/hydria/ws/install/litter_bot_bringup/share/ament_index/resource_index/parent_prefix_path/litter_bot_bringup\n'}
[6.639705] (litter_bot_bringup) StdoutLine: {'line': b'-- Up-to-date symlink: /home/hydria/ws/install/litter_bot_bringup/share/litter_bot_bringup/environment/ament_prefix_path.sh\n'}
[6.641027] (litter_bot_bringup) StdoutLine: {'line': b'-- Up-to-date symlink: /home/hydria/ws/install/litter_bot_bringup/share/litter_bot_bringup/environment/ament_prefix_path.dsv\n'}
[6.642243] (litter_bot_bringup) StdoutLine: {'line': b'-- Up-to-date symlink: /home/hydria/ws/install/litter_bot_bringup/share/litter_bot_bringup/environment/path.sh\n'}
[6.643489] (litter_bot_bringup) StdoutLine: {'line': b'-- Up-to-date symlink: /home/hydria/ws/install/litter_bot_bringup/share/litter_bot_bringup/environment/path.dsv\n'}
[6.645525] (litter_bot_bringup) StdoutLine: {'line': b'-- Up-to-date symlink: /home/hydria/ws/install/litter_bot_bringup/share/litter_bot_bringup/local_setup.bash\n'}
[6.646871] (litter_bot_bringup) StdoutLine: {'line': b'-- Up-to-date symlink: /home/hydria/ws/install/litter_bot_bringup/share/litter_bot_bringup/local_setup.sh\n'}
[6.648215] (litter_bot_bringup) StdoutLine: {'line': b'-- Up-to-date symlink: /home/hydria/ws/install/litter_bot_bringup/share/litter_bot_bringup/local_setup.zsh\n'}
[6.649545] (litter_bot_bringup) StdoutLine: {'line': b'-- Up-to-date symlink: /home/hydria/ws/install/litter_bot_bringup/share/litter_bot_bringup/local_setup.dsv\n'}
[6.650759] (litter_bot_bringup) StdoutLine: {'line': b'-- Symlinking: /home/hydria/ws/install/litter_bot_bringup/share/litter_bot_bringup/package.dsv\n'}
[6.695484] (litter_bot_bringup) StdoutLine: {'line': b'-- Up-to-date symlink: /home/hydria/ws/install/litter_bot_bringup/share/ament_index/resource_index/packages/litter_bot_bringup\n'}
[6.696545] (litter_bot_bringup) StdoutLine: {'line': b'-- Up-to-date symlink: /home/hydria/ws/install/litter_bot_bringup/share/litter_bot_bringup/cmake/litter_bot_bringupConfig.cmake\n'}
[6.697939] (litter_bot_bringup) StdoutLine: {'line': b'-- Up-to-date symlink: /home/hydria/ws/install/litter_bot_bringup/share/litter_bot_bringup/cmake/litter_bot_bringupConfig-version.cmake\n'}
[6.699575] (litter_bot_bringup) StdoutLine: {'line': b'-- Up-to-date symlink: /home/hydria/ws/install/litter_bot_bringup/share/litter_bot_bringup/package.xml\n'}
[6.708153] (litter_bot_bringup) CommandEnded: {'returncode': 0}
[6.736995] (-) TimerEvent: {}
[6.789017] (litter_bot_bringup) JobEnded: {'identifier': 'litter_bot_bringup', 'rc': 0}
[6.796227] (-) EventReactorShutdown: {}
