[0.694s] DEBUG:colcon:Command line arguments: ['/usr/bin/colcon', 'build', '--packages-select', 'litter_bot_perception', 'litter_bot_bringup', '--symlink-install']
[0.694s] DEBUG:colcon:Parsed command line arguments: Namespace(log_base=None, log_level=None, verb_name='build', build_base='build', install_base='install', merge_install=False, symlink_install=True, test_result_base=None, continue_on_error=False, executor='parallel', parallel_workers=6, event_handlers=None, ignore_user_meta=False, metas=['./colcon.meta'], base_paths=['.'], packages_ignore=None, packages_ignore_regex=None, paths=None, packages_up_to=None, packages_up_to_regex=None, packages_above=None, packages_above_and_dependencies=None, packages_above_depth=None, packages_select_by_dep=None, packages_skip_by_dep=None, packages_skip_up_to=None, packages_select_build_failed=False, packages_skip_build_finished=False, packages_select_test_failures=False, packages_skip_test_passed=False, packages_select=['litter_bot_perception', 'litter_bot_bringup'], packages_skip=None, packages_select_regex=None, packages_skip_regex=None, packages_start=None, packages_end=None, allow_overriding=[], cmake_args=None, cmake_target=None, cmake_target_skip_unavailable=False, cmake_clean_cache=False, cmake_clean_first=False, cmake_force_configure=False, ament_cmake_args=None, catkin_cmake_args=None, catkin_skip_building_tests=False, verb_parser=<colcon_defaults.argument_parser.defaults.DefaultArgumentsDecorator object at 0x7fe992572830>, verb_extension=<colcon_core.verb.build.BuildVerb object at 0x7fe9925723e0>, main=<bound method BuildVerb.main of <colcon_core.verb.build.BuildVerb object at 0x7fe9925723e0>>)
[1.303s] Level 1:colcon.colcon_core.package_discovery:discover_packages(colcon_meta) check parameters
[1.314s] Level 1:colcon.colcon_core.package_discovery:discover_packages(recursive) check parameters
[1.315s] Level 1:colcon.colcon_core.package_discovery:discover_packages(ignore) check parameters
[1.315s] Level 1:colcon.colcon_core.package_discovery:discover_packages(path) check parameters
[1.315s] Level 1:colcon.colcon_core.package_discovery:discover_packages(colcon_meta) discover
[1.315s] Level 1:colcon.colcon_core.package_discovery:discover_packages(recursive) discover
[1.315s] INFO:colcon.colcon_core.package_discovery:Crawling recursively for packages in '/home/hydria/ws'
[1.315s] Level 1:colcon.colcon_core.package_identification:_identify(.) by extensions ['ignore', 'ignore_ament_install']
[1.315s] Level 1:colcon.colcon_core.package_identification:_identify(.) by extension 'ignore'
[1.315s] Level 1:colcon.colcon_core.package_identification:_identify(.) by extension 'ignore_ament_install'
[1.316s] Level 1:colcon.colcon_core.package_identification:_identify(.) by extensions ['colcon_pkg']
[1.316s] Level 1:colcon.colcon_core.package_identification:_identify(.) by extension 'colcon_pkg'
[1.316s] Level 1:colcon.colcon_core.package_identification:_identify(.) by extensions ['colcon_meta']
[1.316s] Level 1:colcon.colcon_core.package_identification:_identify(.) by extension 'colcon_meta'
[1.316s] Level 1:colcon.colcon_core.package_identification:_identify(.) by extensions ['ros']
[1.316s] Level 1:colcon.colcon_core.package_identification:_identify(.) by extension 'ros'
[1.379s] Level 1:colcon.colcon_core.package_identification:_identify(.) by extensions ['cmake', 'python']
[1.380s] Level 1:colcon.colcon_core.package_identification:_identify(.) by extension 'cmake'
[1.381s] Level 1:colcon.colcon_core.package_identification:_identify(.) by extension 'python'
[1.382s] Level 1:colcon.colcon_core.package_identification:_identify(.) by extensions ['python_setup_py']
[1.382s] Level 1:colcon.colcon_core.package_identification:_identify(.) by extension 'python_setup_py'
[1.383s] Level 1:colcon.colcon_core.package_identification:_identify(build) by extensions ['ignore', 'ignore_ament_install']
[1.383s] Level 1:colcon.colcon_core.package_identification:_identify(build) by extension 'ignore'
[1.384s] Level 1:colcon.colcon_core.package_identification:_identify(build) ignored
[1.386s] Level 1:colcon.colcon_core.package_identification:_identify(install) by extensions ['ignore', 'ignore_ament_install']
[1.387s] Level 1:colcon.colcon_core.package_identification:_identify(install) by extension 'ignore'
[1.388s] Level 1:colcon.colcon_core.package_identification:_identify(install) ignored
[1.389s] Level 1:colcon.colcon_core.package_identification:_identify(log) by extensions ['ignore', 'ignore_ament_install']
[1.389s] Level 1:colcon.colcon_core.package_identification:_identify(log) by extension 'ignore'
[1.389s] Level 1:colcon.colcon_core.package_identification:_identify(log) ignored
[1.390s] Level 1:colcon.colcon_core.package_identification:_identify(src) by extensions ['ignore', 'ignore_ament_install']
[1.391s] Level 1:colcon.colcon_core.package_identification:_identify(src) by extension 'ignore'
[1.392s] Level 1:colcon.colcon_core.package_identification:_identify(src) by extension 'ignore_ament_install'
[1.392s] Level 1:colcon.colcon_core.package_identification:_identify(src) by extensions ['colcon_pkg']
[1.393s] Level 1:colcon.colcon_core.package_identification:_identify(src) by extension 'colcon_pkg'
[1.394s] Level 1:colcon.colcon_core.package_identification:_identify(src) by extensions ['colcon_meta']
[1.394s] Level 1:colcon.colcon_core.package_identification:_identify(src) by extension 'colcon_meta'
[1.394s] Level 1:colcon.colcon_core.package_identification:_identify(src) by extensions ['ros']
[1.395s] Level 1:colcon.colcon_core.package_identification:_identify(src) by extension 'ros'
[1.404s] Level 1:colcon.colcon_core.package_identification:_identify(src) by extensions ['cmake', 'python']
[1.404s] Level 1:colcon.colcon_core.package_identification:_identify(src) by extension 'cmake'
[1.404s] Level 1:colcon.colcon_core.package_identification:_identify(src) by extension 'python'
[1.404s] Level 1:colcon.colcon_core.package_identification:_identify(src) by extensions ['python_setup_py']
[1.404s] Level 1:colcon.colcon_core.package_identification:_identify(src) by extension 'python_setup_py'
[1.405s] Level 1:colcon.colcon_core.package_identification:_identify(src/litter_bot) by extensions ['ignore', 'ignore_ament_install']
[1.405s] Level 1:colcon.colcon_core.package_identification:_identify(src/litter_bot) by extension 'ignore'
[1.405s] Level 1:colcon.colcon_core.package_identification:_identify(src/litter_bot) by extension 'ignore_ament_install'
[1.405s] Level 1:colcon.colcon_core.package_identification:_identify(src/litter_bot) by extensions ['colcon_pkg']
[1.405s] Level 1:colcon.colcon_core.package_identification:_identify(src/litter_bot) by extension 'colcon_pkg'
[1.405s] Level 1:colcon.colcon_core.package_identification:_identify(src/litter_bot) by extensions ['colcon_meta']
[1.405s] Level 1:colcon.colcon_core.package_identification:_identify(src/litter_bot) by extension 'colcon_meta'
[1.406s] Level 1:colcon.colcon_core.package_identification:_identify(src/litter_bot) by extensions ['ros']
[1.406s] Level 1:colcon.colcon_core.package_identification:_identify(src/litter_bot) by extension 'ros'
[1.411s] DEBUG:colcon.colcon_core.package_identification:Package 'src/litter_bot' with type 'ros.ament_python' and name 'litter_bot'
[1.412s] Level 1:colcon.colcon_core.package_identification:_identify(src/litter_bot_bringup) by extensions ['ignore', 'ignore_ament_install']
[1.412s] Level 1:colcon.colcon_core.package_identification:_identify(src/litter_bot_bringup) by extension 'ignore'
[1.412s] Level 1:colcon.colcon_core.package_identification:_identify(src/litter_bot_bringup) by extension 'ignore_ament_install'
[1.412s] Level 1:colcon.colcon_core.package_identification:_identify(src/litter_bot_bringup) by extensions ['colcon_pkg']
[1.413s] Level 1:colcon.colcon_core.package_identification:_identify(src/litter_bot_bringup) by extension 'colcon_pkg'
[1.413s] Level 1:colcon.colcon_core.package_identification:_identify(src/litter_bot_bringup) by extensions ['colcon_meta']
[1.413s] Level 1:colcon.colcon_core.package_identification:_identify(src/litter_bot_bringup) by extension 'colcon_meta'
[1.413s] Level 1:colcon.colcon_core.package_identification:_identify(src/litter_bot_bringup) by extensions ['ros']
[1.413s] Level 1:colcon.colcon_core.package_identification:_identify(src/litter_bot_bringup) by extension 'ros'
[1.415s] DEBUG:colcon.colcon_core.package_identification:Package 'src/litter_bot_bringup' with type 'ros.ament_cmake' and name 'litter_bot_bringup'
[1.421s] Level 1:colcon.colcon_core.package_identification:_identify(src/litter_bot_description) by extensions ['ignore', 'ignore_ament_install']
[1.422s] Level 1:colcon.colcon_core.package_identification:_identify(src/litter_bot_description) by extension 'ignore'
[1.423s] Level 1:colcon.colcon_core.package_identification:_identify(src/litter_bot_description) by extension 'ignore_ament_install'
[1.423s] Level 1:colcon.colcon_core.package_identification:_identify(src/litter_bot_description) by extensions ['colcon_pkg']
[1.423s] Level 1:colcon.colcon_core.package_identification:_identify(src/litter_bot_description) by extension 'colcon_pkg'
[1.424s] Level 1:colcon.colcon_core.package_identification:_identify(src/litter_bot_description) by extensions ['colcon_meta']
[1.424s] Level 1:colcon.colcon_core.package_identification:_identify(src/litter_bot_description) by extension 'colcon_meta'
[1.424s] Level 1:colcon.colcon_core.package_identification:_identify(src/litter_bot_description) by extensions ['ros']
[1.424s] Level 1:colcon.colcon_core.package_identification:_identify(src/litter_bot_description) by extension 'ros'
[1.426s] DEBUG:colcon.colcon_core.package_identification:Package 'src/litter_bot_description' with type 'ros.ament_cmake' and name 'litter_bot_description'
[1.430s] Level 1:colcon.colcon_core.package_identification:_identify(src/litter_bot_gazebo) by extensions ['ignore', 'ignore_ament_install']
[1.431s] Level 1:colcon.colcon_core.package_identification:_identify(src/litter_bot_gazebo) by extension 'ignore'
[1.431s] Level 1:colcon.colcon_core.package_identification:_identify(src/litter_bot_gazebo) by extension 'ignore_ament_install'
[1.431s] Level 1:colcon.colcon_core.package_identification:_identify(src/litter_bot_gazebo) by extensions ['colcon_pkg']
[1.431s] Level 1:colcon.colcon_core.package_identification:_identify(src/litter_bot_gazebo) by extension 'colcon_pkg'
[1.432s] Level 1:colcon.colcon_core.package_identification:_identify(src/litter_bot_gazebo) by extensions ['colcon_meta']
[1.432s] Level 1:colcon.colcon_core.package_identification:_identify(src/litter_bot_gazebo) by extension 'colcon_meta'
[1.432s] Level 1:colcon.colcon_core.package_identification:_identify(src/litter_bot_gazebo) by extensions ['ros']
[1.432s] Level 1:colcon.colcon_core.package_identification:_identify(src/litter_bot_gazebo) by extension 'ros'
[1.435s] DEBUG:colcon.colcon_core.package_identification:Package 'src/litter_bot_gazebo' with type 'ros.ament_cmake' and name 'litter_bot_gazebo'
[1.440s] Level 1:colcon.colcon_core.package_identification:_identify(src/litter_bot_manipulation) by extensions ['ignore', 'ignore_ament_install']
[1.441s] Level 1:colcon.colcon_core.package_identification:_identify(src/litter_bot_manipulation) by extension 'ignore'
[1.441s] Level 1:colcon.colcon_core.package_identification:_identify(src/litter_bot_manipulation) by extension 'ignore_ament_install'
[1.441s] Level 1:colcon.colcon_core.package_identification:_identify(src/litter_bot_manipulation) by extensions ['colcon_pkg']
[1.442s] Level 1:colcon.colcon_core.package_identification:_identify(src/litter_bot_manipulation) by extension 'colcon_pkg'
[1.442s] Level 1:colcon.colcon_core.package_identification:_identify(src/litter_bot_manipulation) by extensions ['colcon_meta']
[1.442s] Level 1:colcon.colcon_core.package_identification:_identify(src/litter_bot_manipulation) by extension 'colcon_meta'
[1.442s] Level 1:colcon.colcon_core.package_identification:_identify(src/litter_bot_manipulation) by extensions ['ros']
[1.442s] Level 1:colcon.colcon_core.package_identification:_identify(src/litter_bot_manipulation) by extension 'ros'
[1.445s] DEBUG:colcon.colcon_core.package_identification:Package 'src/litter_bot_manipulation' with type 'ros.ament_python' and name 'litter_bot_manipulation'
[1.452s] Level 1:colcon.colcon_core.package_identification:_identify(src/litter_bot_navigation) by extensions ['ignore', 'ignore_ament_install']
[1.452s] Level 1:colcon.colcon_core.package_identification:_identify(src/litter_bot_navigation) by extension 'ignore'
[1.452s] Level 1:colcon.colcon_core.package_identification:_identify(src/litter_bot_navigation) by extension 'ignore_ament_install'
[1.452s] Level 1:colcon.colcon_core.package_identification:_identify(src/litter_bot_navigation) by extensions ['colcon_pkg']
[1.453s] Level 1:colcon.colcon_core.package_identification:_identify(src/litter_bot_navigation) by extension 'colcon_pkg'
[1.453s] Level 1:colcon.colcon_core.package_identification:_identify(src/litter_bot_navigation) by extensions ['colcon_meta']
[1.453s] Level 1:colcon.colcon_core.package_identification:_identify(src/litter_bot_navigation) by extension 'colcon_meta'
[1.453s] Level 1:colcon.colcon_core.package_identification:_identify(src/litter_bot_navigation) by extensions ['ros']
[1.453s] Level 1:colcon.colcon_core.package_identification:_identify(src/litter_bot_navigation) by extension 'ros'
[1.456s] DEBUG:colcon.colcon_core.package_identification:Package 'src/litter_bot_navigation' with type 'ros.ament_python' and name 'litter_bot_navigation'
[1.457s] Level 1:colcon.colcon_core.package_identification:_identify(src/litter_bot_perception) by extensions ['ignore', 'ignore_ament_install']
[1.472s] Level 1:colcon.colcon_core.package_identification:_identify(src/litter_bot_perception) by extension 'ignore'
[1.472s] Level 1:colcon.colcon_core.package_identification:_identify(src/litter_bot_perception) by extension 'ignore_ament_install'
[1.473s] Level 1:colcon.colcon_core.package_identification:_identify(src/litter_bot_perception) by extensions ['colcon_pkg']
[1.473s] Level 1:colcon.colcon_core.package_identification:_identify(src/litter_bot_perception) by extension 'colcon_pkg'
[1.473s] Level 1:colcon.colcon_core.package_identification:_identify(src/litter_bot_perception) by extensions ['colcon_meta']
[1.474s] Level 1:colcon.colcon_core.package_identification:_identify(src/litter_bot_perception) by extension 'colcon_meta'
[1.474s] Level 1:colcon.colcon_core.package_identification:_identify(src/litter_bot_perception) by extensions ['ros']
[1.474s] Level 1:colcon.colcon_core.package_identification:_identify(src/litter_bot_perception) by extension 'ros'
[1.478s] DEBUG:colcon.colcon_core.package_identification:Package 'src/litter_bot_perception' with type 'ros.ament_python' and name 'litter_bot_perception'
[1.478s] Level 1:colcon.colcon_core.package_discovery:discover_packages(recursive) using defaults
[1.478s] Level 1:colcon.colcon_core.package_discovery:discover_packages(ignore) discover
[1.479s] Level 1:colcon.colcon_core.package_discovery:discover_packages(ignore) using defaults
[1.479s] Level 1:colcon.colcon_core.package_discovery:discover_packages(path) discover
[1.479s] Level 1:colcon.colcon_core.package_discovery:discover_packages(path) using defaults
[1.592s] INFO:colcon.colcon_core.package_selection:Skipping not selected package 'litter_bot' in 'src/litter_bot'
[1.593s] INFO:colcon.colcon_core.package_selection:Skipping not selected package 'litter_bot_description' in 'src/litter_bot_description'
[1.593s] INFO:colcon.colcon_core.package_selection:Skipping not selected package 'litter_bot_manipulation' in 'src/litter_bot_manipulation'
[1.593s] INFO:colcon.colcon_core.package_selection:Skipping not selected package 'litter_bot_navigation' in 'src/litter_bot_navigation'
[1.593s] INFO:colcon.colcon_core.package_selection:Skipping not selected package 'litter_bot_gazebo' in 'src/litter_bot_gazebo'
[1.594s] Level 1:colcon.colcon_core.package_discovery:discover_packages(prefix_path) check parameters
[1.594s] Level 1:colcon.colcon_core.package_discovery:discover_packages(prefix_path) discover
[1.605s] DEBUG:colcon.colcon_installed_package_information.package_discovery:Found 7 installed packages in /home/hydria/ws/install
[1.608s] DEBUG:colcon.colcon_installed_package_information.package_discovery:Found 460 installed packages in /opt/ros/humble
[1.612s] Level 1:colcon.colcon_core.package_discovery:discover_packages(prefix_path) using defaults
[1.798s] Level 5:colcon.colcon_core.verb:set package 'litter_bot_perception' build argument 'cmake_args' from command line to 'None'
[1.799s] Level 5:colcon.colcon_core.verb:set package 'litter_bot_perception' build argument 'cmake_target' from command line to 'None'
[1.799s] Level 5:colcon.colcon_core.verb:set package 'litter_bot_perception' build argument 'cmake_target_skip_unavailable' from command line to 'False'
[1.799s] Level 5:colcon.colcon_core.verb:set package 'litter_bot_perception' build argument 'cmake_clean_cache' from command line to 'False'
[1.802s] Level 5:colcon.colcon_core.verb:set package 'litter_bot_perception' build argument 'cmake_clean_first' from command line to 'False'
[1.802s] Level 5:colcon.colcon_core.verb:set package 'litter_bot_perception' build argument 'cmake_force_configure' from command line to 'False'
[1.802s] Level 5:colcon.colcon_core.verb:set package 'litter_bot_perception' build argument 'ament_cmake_args' from command line to 'None'
[1.802s] Level 5:colcon.colcon_core.verb:set package 'litter_bot_perception' build argument 'catkin_cmake_args' from command line to 'None'
[1.802s] Level 5:colcon.colcon_core.verb:set package 'litter_bot_perception' build argument 'catkin_skip_building_tests' from command line to 'False'
[1.803s] DEBUG:colcon.colcon_core.verb:Building package 'litter_bot_perception' with the following arguments: {'ament_cmake_args': None, 'build_base': '/home/hydria/ws/build/litter_bot_perception', 'catkin_cmake_args': None, 'catkin_skip_building_tests': False, 'cmake_args': None, 'cmake_clean_cache': False, 'cmake_clean_first': False, 'cmake_force_configure': False, 'cmake_target': None, 'cmake_target_skip_unavailable': False, 'install_base': '/home/hydria/ws/install/litter_bot_perception', 'merge_install': False, 'path': '/home/hydria/ws/src/litter_bot_perception', 'symlink_install': True, 'test_result_base': None}
[1.803s] Level 5:colcon.colcon_core.verb:set package 'litter_bot_bringup' build argument 'cmake_args' from command line to 'None'
[1.803s] Level 5:colcon.colcon_core.verb:set package 'litter_bot_bringup' build argument 'cmake_target' from command line to 'None'
[1.803s] Level 5:colcon.colcon_core.verb:set package 'litter_bot_bringup' build argument 'cmake_target_skip_unavailable' from command line to 'False'
[1.804s] Level 5:colcon.colcon_core.verb:set package 'litter_bot_bringup' build argument 'cmake_clean_cache' from command line to 'False'
[1.804s] Level 5:colcon.colcon_core.verb:set package 'litter_bot_bringup' build argument 'cmake_clean_first' from command line to 'False'
[1.804s] Level 5:colcon.colcon_core.verb:set package 'litter_bot_bringup' build argument 'cmake_force_configure' from command line to 'False'
[1.804s] Level 5:colcon.colcon_core.verb:set package 'litter_bot_bringup' build argument 'ament_cmake_args' from command line to 'None'
[1.804s] Level 5:colcon.colcon_core.verb:set package 'litter_bot_bringup' build argument 'catkin_cmake_args' from command line to 'None'
[1.804s] Level 5:colcon.colcon_core.verb:set package 'litter_bot_bringup' build argument 'catkin_skip_building_tests' from command line to 'False'
[1.804s] DEBUG:colcon.colcon_core.verb:Building package 'litter_bot_bringup' with the following arguments: {'ament_cmake_args': None, 'build_base': '/home/hydria/ws/build/litter_bot_bringup', 'catkin_cmake_args': None, 'catkin_skip_building_tests': False, 'cmake_args': None, 'cmake_clean_cache': False, 'cmake_clean_first': False, 'cmake_force_configure': False, 'cmake_target': None, 'cmake_target_skip_unavailable': False, 'install_base': '/home/hydria/ws/install/litter_bot_bringup', 'merge_install': False, 'path': '/home/hydria/ws/src/litter_bot_bringup', 'symlink_install': True, 'test_result_base': None}
[1.804s] INFO:colcon.colcon_core.executor:Executing jobs using 'parallel' executor
[1.813s] DEBUG:colcon.colcon_parallel_executor.executor.parallel:run_until_complete
[1.813s] INFO:colcon.colcon_ros.task.ament_python.build:Building ROS package in '/home/hydria/ws/src/litter_bot_perception' with build type 'ament_python'
[1.813s] Level 1:colcon.colcon_core.shell:create_environment_hook('litter_bot_perception', 'ament_prefix_path')
[1.816s] INFO:colcon.colcon_core.plugin_system:Skipping extension 'colcon_core.shell.bat': Not used on non-Windows systems
[1.816s] INFO:colcon.colcon_core.shell:Creating environment hook '/home/hydria/ws/install/litter_bot_perception/share/litter_bot_perception/hook/ament_prefix_path.ps1'
[1.818s] INFO:colcon.colcon_core.shell:Creating environment descriptor '/home/hydria/ws/install/litter_bot_perception/share/litter_bot_perception/hook/ament_prefix_path.dsv'
[1.820s] INFO:colcon.colcon_core.shell:Creating environment hook '/home/hydria/ws/install/litter_bot_perception/share/litter_bot_perception/hook/ament_prefix_path.sh'
[1.822s] INFO:colcon.colcon_core.shell:Skip shell extension 'powershell' for command environment: Not usable outside of PowerShell
[1.823s] DEBUG:colcon.colcon_core.shell:Skip shell extension 'dsv' for command environment
[2.983s] INFO:colcon.colcon_core.task.python.build:Building Python package in '/home/hydria/ws/src/litter_bot_perception'
[2.983s] INFO:colcon.colcon_core.shell:Skip shell extension 'powershell' for command environment: Not usable outside of PowerShell
[2.984s] DEBUG:colcon.colcon_core.shell:Skip shell extension 'dsv' for command environment
[4.283s] DEBUG:colcon.colcon_core.event_handler.log_command:Invoking command in '/home/hydria/ws/build/litter_bot_perception': PYTHONPATH=/home/hydria/ws/build/litter_bot_perception/prefix_override:/usr/lib/python3/dist-packages/colcon_core/task/python/colcon_distutils_commands:/home/hydria/ws/install/litter_bot_perception/lib/python3.10/site-packages:${PYTHONPATH} /usr/bin/python3 -W ignore:setup.py install is deprecated -W ignore:easy_install command is deprecated setup.py develop --editable --build-directory /home/hydria/ws/build/litter_bot_perception/build --no-deps symlink_data
[6.190s] Level 1:colcon.colcon_core.shell:create_environment_hook('litter_bot_perception', 'pythonpath_develop')
[6.193s] INFO:colcon.colcon_core.shell:Creating environment hook '/home/hydria/ws/build/litter_bot_perception/share/litter_bot_perception/hook/pythonpath_develop.ps1'
[6.197s] DEBUG:colcon.colcon_core.event_handler.log_command:Invoked command in '/home/hydria/ws/build/litter_bot_perception' returned '0': PYTHONPATH=/home/hydria/ws/build/litter_bot_perception/prefix_override:/usr/lib/python3/dist-packages/colcon_core/task/python/colcon_distutils_commands:/home/hydria/ws/install/litter_bot_perception/lib/python3.10/site-packages:${PYTHONPATH} /usr/bin/python3 -W ignore:setup.py install is deprecated -W ignore:easy_install command is deprecated setup.py develop --editable --build-directory /home/hydria/ws/build/litter_bot_perception/build --no-deps symlink_data
[6.200s] INFO:colcon.colcon_core.shell:Creating environment descriptor '/home/hydria/ws/build/litter_bot_perception/share/litter_bot_perception/hook/pythonpath_develop.dsv'
[6.201s] INFO:colcon.colcon_core.shell:Creating environment hook '/home/hydria/ws/build/litter_bot_perception/share/litter_bot_perception/hook/pythonpath_develop.sh'
[6.209s] Level 1:colcon.colcon_core.environment:checking '/home/hydria/ws/install/litter_bot_perception' for CMake module files
[6.210s] Level 1:colcon.colcon_core.environment:checking '/home/hydria/ws/install/litter_bot_perception' for CMake config files
[6.210s] Level 1:colcon.colcon_core.environment:checking '/home/hydria/ws/install/litter_bot_perception/lib'
[6.214s] Level 1:colcon.colcon_core.environment:checking '/home/hydria/ws/install/litter_bot_perception/bin'
[6.215s] Level 1:colcon.colcon_core.environment:checking '/home/hydria/ws/install/litter_bot_perception/lib/pkgconfig/litter_bot_perception.pc'
[6.217s] Level 1:colcon.colcon_core.environment:checking '/home/hydria/ws/install/litter_bot_perception/lib/python3.10/site-packages'
[6.218s] Level 1:colcon.colcon_core.shell:create_environment_hook('litter_bot_perception', 'pythonpath')
[6.218s] INFO:colcon.colcon_core.shell:Creating environment hook '/home/hydria/ws/install/litter_bot_perception/share/litter_bot_perception/hook/pythonpath.ps1'
[6.220s] INFO:colcon.colcon_core.shell:Creating environment descriptor '/home/hydria/ws/install/litter_bot_perception/share/litter_bot_perception/hook/pythonpath.dsv'
[6.221s] INFO:colcon.colcon_core.shell:Creating environment hook '/home/hydria/ws/install/litter_bot_perception/share/litter_bot_perception/hook/pythonpath.sh'
[6.225s] Level 1:colcon.colcon_core.environment:checking '/home/hydria/ws/install/litter_bot_perception/bin'
[6.225s] Level 1:colcon.colcon_core.environment:create_environment_scripts_only(litter_bot_perception)
[6.226s] INFO:colcon.colcon_core.shell:Creating package script '/home/hydria/ws/install/litter_bot_perception/share/litter_bot_perception/package.ps1'
[6.228s] INFO:colcon.colcon_core.shell:Creating package descriptor '/home/hydria/ws/install/litter_bot_perception/share/litter_bot_perception/package.dsv'
[6.230s] INFO:colcon.colcon_core.shell:Creating package script '/home/hydria/ws/install/litter_bot_perception/share/litter_bot_perception/package.sh'
[6.267s] INFO:colcon.colcon_core.shell:Creating package script '/home/hydria/ws/install/litter_bot_perception/share/litter_bot_perception/package.bash'
[6.272s] INFO:colcon.colcon_core.shell:Creating package script '/home/hydria/ws/install/litter_bot_perception/share/litter_bot_perception/package.zsh'
[6.275s] Level 1:colcon.colcon_core.environment:create_file_with_runtime_dependencies(/home/hydria/ws/install/litter_bot_perception/share/colcon-core/packages/litter_bot_perception)
[6.289s] INFO:colcon.colcon_ros.task.ament_cmake.build:Building ROS package in '/home/hydria/ws/src/litter_bot_bringup' with build type 'ament_cmake'
[6.289s] INFO:colcon.colcon_cmake.task.cmake.build:Building CMake package in '/home/hydria/ws/src/litter_bot_bringup'
[6.290s] INFO:colcon.colcon_core.shell:Skip shell extension 'powershell' for command environment: Not usable outside of PowerShell
[6.290s] DEBUG:colcon.colcon_core.shell:Skip shell extension 'dsv' for command environment
[8.237s] DEBUG:colcon.colcon_core.event_handler.log_command:Invoking command in '/home/hydria/ws/build/litter_bot_bringup': AMENT_PREFIX_PATH=/home/hydria/ws/install/litter_bot_perception:/home/hydria/ws/install/litter_bot_navigation:/home/hydria/ws/install/litter_bot_manipulation:/home/hydria/ws/install/litter_bot:/home/hydria/ws/install/litter_bot_bringup:/home/hydria/ws/install/litter_bot_gazebo:/home/hydria/ws/install/litter_bot_description:/opt/ros/humble CMAKE_PREFIX_PATH=/home/hydria/ws/install/litter_bot_gazebo:/home/hydria/ws/install/litter_bot_description:/home/hydria/ws/install/litter_bot_bringup:/home/hydria/ws/install/litter_bot_perception:/home/hydria/ws/install/litter_bot_navigation:/home/hydria/ws/install/litter_bot_manipulation:/home/hydria/ws/install/litter_bot:/opt/ros/humble /usr/bin/cmake --build /home/hydria/ws/build/litter_bot_bringup -- -j6 -l6
[8.408s] DEBUG:colcon.colcon_core.event_handler.log_command:Invoked command in '/home/hydria/ws/build/litter_bot_bringup' returned '0': AMENT_PREFIX_PATH=/home/hydria/ws/install/litter_bot_perception:/home/hydria/ws/install/litter_bot_navigation:/home/hydria/ws/install/litter_bot_manipulation:/home/hydria/ws/install/litter_bot:/home/hydria/ws/install/litter_bot_bringup:/home/hydria/ws/install/litter_bot_gazebo:/home/hydria/ws/install/litter_bot_description:/opt/ros/humble CMAKE_PREFIX_PATH=/home/hydria/ws/install/litter_bot_gazebo:/home/hydria/ws/install/litter_bot_description:/home/hydria/ws/install/litter_bot_bringup:/home/hydria/ws/install/litter_bot_perception:/home/hydria/ws/install/litter_bot_navigation:/home/hydria/ws/install/litter_bot_manipulation:/home/hydria/ws/install/litter_bot:/opt/ros/humble /usr/bin/cmake --build /home/hydria/ws/build/litter_bot_bringup -- -j6 -l6
[8.427s] DEBUG:colcon.colcon_core.event_handler.log_command:Invoking command in '/home/hydria/ws/build/litter_bot_bringup': AMENT_PREFIX_PATH=/home/hydria/ws/install/litter_bot_perception:/home/hydria/ws/install/litter_bot_navigation:/home/hydria/ws/install/litter_bot_manipulation:/home/hydria/ws/install/litter_bot:/home/hydria/ws/install/litter_bot_bringup:/home/hydria/ws/install/litter_bot_gazebo:/home/hydria/ws/install/litter_bot_description:/opt/ros/humble CMAKE_PREFIX_PATH=/home/hydria/ws/install/litter_bot_gazebo:/home/hydria/ws/install/litter_bot_description:/home/hydria/ws/install/litter_bot_bringup:/home/hydria/ws/install/litter_bot_perception:/home/hydria/ws/install/litter_bot_navigation:/home/hydria/ws/install/litter_bot_manipulation:/home/hydria/ws/install/litter_bot:/opt/ros/humble /usr/bin/cmake --install /home/hydria/ws/build/litter_bot_bringup
[8.524s] Level 1:colcon.colcon_core.environment:create_environment_scripts_only(litter_bot_bringup)
[8.525s] Level 1:colcon.colcon_core.environment:checking '/home/hydria/ws/install/litter_bot_bringup' for CMake module files
[8.525s] Level 1:colcon.colcon_core.environment:checking '/home/hydria/ws/install/litter_bot_bringup' for CMake config files
[8.527s] DEBUG:colcon.colcon_core.event_handler.log_command:Invoked command in '/home/hydria/ws/build/litter_bot_bringup' returned '0': AMENT_PREFIX_PATH=/home/hydria/ws/install/litter_bot_perception:/home/hydria/ws/install/litter_bot_navigation:/home/hydria/ws/install/litter_bot_manipulation:/home/hydria/ws/install/litter_bot:/home/hydria/ws/install/litter_bot_bringup:/home/hydria/ws/install/litter_bot_gazebo:/home/hydria/ws/install/litter_bot_description:/opt/ros/humble CMAKE_PREFIX_PATH=/home/hydria/ws/install/litter_bot_gazebo:/home/hydria/ws/install/litter_bot_description:/home/hydria/ws/install/litter_bot_bringup:/home/hydria/ws/install/litter_bot_perception:/home/hydria/ws/install/litter_bot_navigation:/home/hydria/ws/install/litter_bot_manipulation:/home/hydria/ws/install/litter_bot:/opt/ros/humble /usr/bin/cmake --install /home/hydria/ws/build/litter_bot_bringup
[8.529s] Level 1:colcon.colcon_core.shell:create_environment_hook('litter_bot_bringup', 'cmake_prefix_path')
[8.529s] INFO:colcon.colcon_core.shell:Creating environment hook '/home/hydria/ws/install/litter_bot_bringup/share/litter_bot_bringup/hook/cmake_prefix_path.ps1'
[8.530s] INFO:colcon.colcon_core.shell:Creating environment descriptor '/home/hydria/ws/install/litter_bot_bringup/share/litter_bot_bringup/hook/cmake_prefix_path.dsv'
[8.530s] INFO:colcon.colcon_core.shell:Creating environment hook '/home/hydria/ws/install/litter_bot_bringup/share/litter_bot_bringup/hook/cmake_prefix_path.sh'
[8.531s] Level 1:colcon.colcon_core.environment:checking '/home/hydria/ws/install/litter_bot_bringup/bin'
[8.531s] Level 1:colcon.colcon_core.environment:checking '/home/hydria/ws/install/litter_bot_bringup/lib/pkgconfig/litter_bot_bringup.pc'
[8.532s] Level 1:colcon.colcon_core.environment:checking '/home/hydria/ws/install/litter_bot_bringup/lib/python3.10/site-packages'
[8.534s] Level 1:colcon.colcon_core.environment:checking '/home/hydria/ws/install/litter_bot_bringup/bin'
[8.535s] INFO:colcon.colcon_core.shell:Creating package script '/home/hydria/ws/install/litter_bot_bringup/share/litter_bot_bringup/package.ps1'
[8.538s] INFO:colcon.colcon_core.shell:Creating package descriptor '/home/hydria/ws/install/litter_bot_bringup/share/litter_bot_bringup/package.dsv'
[8.545s] INFO:colcon.colcon_core.shell:Creating package script '/home/hydria/ws/install/litter_bot_bringup/share/litter_bot_bringup/package.sh'
[8.551s] INFO:colcon.colcon_core.shell:Creating package script '/home/hydria/ws/install/litter_bot_bringup/share/litter_bot_bringup/package.bash'
[8.560s] INFO:colcon.colcon_core.shell:Creating package script '/home/hydria/ws/install/litter_bot_bringup/share/litter_bot_bringup/package.zsh'
[8.565s] Level 1:colcon.colcon_core.environment:create_file_with_runtime_dependencies(/home/hydria/ws/install/litter_bot_bringup/share/colcon-core/packages/litter_bot_bringup)
[8.570s] Level 1:colcon.colcon_core.environment:create_environment_scripts_only(litter_bot_bringup)
[8.575s] Level 1:colcon.colcon_core.environment:checking '/home/hydria/ws/install/litter_bot_bringup' for CMake module files
[8.576s] Level 1:colcon.colcon_core.environment:checking '/home/hydria/ws/install/litter_bot_bringup' for CMake config files
[8.577s] Level 1:colcon.colcon_core.shell:create_environment_hook('litter_bot_bringup', 'cmake_prefix_path')
[8.577s] INFO:colcon.colcon_core.shell:Creating environment hook '/home/hydria/ws/install/litter_bot_bringup/share/litter_bot_bringup/hook/cmake_prefix_path.ps1'
[8.580s] INFO:colcon.colcon_core.shell:Creating environment descriptor '/home/hydria/ws/install/litter_bot_bringup/share/litter_bot_bringup/hook/cmake_prefix_path.dsv'
[8.582s] INFO:colcon.colcon_core.shell:Creating environment hook '/home/hydria/ws/install/litter_bot_bringup/share/litter_bot_bringup/hook/cmake_prefix_path.sh'
[8.584s] Level 1:colcon.colcon_core.environment:checking '/home/hydria/ws/install/litter_bot_bringup/bin'
[8.585s] Level 1:colcon.colcon_core.environment:checking '/home/hydria/ws/install/litter_bot_bringup/lib/pkgconfig/litter_bot_bringup.pc'
[8.586s] Level 1:colcon.colcon_core.environment:checking '/home/hydria/ws/install/litter_bot_bringup/lib/python3.10/site-packages'
[8.587s] Level 1:colcon.colcon_core.environment:checking '/home/hydria/ws/install/litter_bot_bringup/bin'
[8.588s] INFO:colcon.colcon_core.shell:Creating package script '/home/hydria/ws/install/litter_bot_bringup/share/litter_bot_bringup/package.ps1'
[8.596s] INFO:colcon.colcon_core.shell:Creating package descriptor '/home/hydria/ws/install/litter_bot_bringup/share/litter_bot_bringup/package.dsv'
[8.598s] INFO:colcon.colcon_core.shell:Creating package script '/home/hydria/ws/install/litter_bot_bringup/share/litter_bot_bringup/package.sh'
[8.599s] INFO:colcon.colcon_core.shell:Creating package script '/home/hydria/ws/install/litter_bot_bringup/share/litter_bot_bringup/package.bash'
[8.600s] INFO:colcon.colcon_core.shell:Creating package script '/home/hydria/ws/install/litter_bot_bringup/share/litter_bot_bringup/package.zsh'
[8.601s] Level 1:colcon.colcon_core.environment:create_file_with_runtime_dependencies(/home/hydria/ws/install/litter_bot_bringup/share/colcon-core/packages/litter_bot_bringup)
[8.612s] DEBUG:colcon.colcon_parallel_executor.executor.parallel:closing loop
[8.612s] DEBUG:colcon.colcon_parallel_executor.executor.parallel:loop closed
[8.615s] DEBUG:colcon.colcon_parallel_executor.executor.parallel:run_until_complete finished with '0'
[8.615s] DEBUG:colcon.colcon_core.event_reactor:joining thread
[8.750s] INFO:colcon.colcon_core.plugin_system:Skipping extension 'colcon_notification.desktop_notification.notify_send': Could not find 'notify-send'
[8.750s] INFO:colcon.colcon_core.plugin_system:Skipping extension 'colcon_notification.desktop_notification.terminal_notifier': Not used on non-Darwin systems
[8.750s] INFO:colcon.colcon_core.plugin_system:Skipping extension 'colcon_notification.desktop_notification.win32': Not used on non-Windows systems
[8.751s] INFO:colcon.colcon_notification.desktop_notification:Sending desktop notification using 'notify2'
[8.770s] DEBUG:colcon.colcon_notification.desktop_notification.notify2:Failed to initialize notify2: org.freedesktop.DBus.Error.ServiceUnknown: The name org.freedesktop.Notifications was not provided by any .service files
[8.771s] DEBUG:colcon.colcon_core.event_reactor:joined thread
[8.772s] INFO:colcon.colcon_core.shell:Creating prefix script '/home/hydria/ws/install/local_setup.ps1'
[8.774s] INFO:colcon.colcon_core.shell:Creating prefix util module '/home/hydria/ws/install/_local_setup_util_ps1.py'
[8.779s] INFO:colcon.colcon_core.shell:Creating prefix chain script '/home/hydria/ws/install/setup.ps1'
[8.786s] INFO:colcon.colcon_core.shell:Creating prefix script '/home/hydria/ws/install/local_setup.sh'
[8.787s] INFO:colcon.colcon_core.shell:Creating prefix util module '/home/hydria/ws/install/_local_setup_util_sh.py'
[8.794s] INFO:colcon.colcon_core.shell:Creating prefix chain script '/home/hydria/ws/install/setup.sh'
[8.797s] INFO:colcon.colcon_core.shell:Creating prefix script '/home/hydria/ws/install/local_setup.bash'
[8.798s] INFO:colcon.colcon_core.shell:Creating prefix chain script '/home/hydria/ws/install/setup.bash'
[8.800s] INFO:colcon.colcon_core.shell:Creating prefix script '/home/hydria/ws/install/local_setup.zsh'
[8.801s] INFO:colcon.colcon_core.shell:Creating prefix chain script '/home/hydria/ws/install/setup.zsh'
