-- The C compiler identification is GNU 11.4.0
-- The CXX compiler identification is GNU 11.4.0
-- Detecting C compiler ABI info
-- Detecting C compiler ABI info - done
-- Check for working C compiler: /usr/bin/cc - skipped
-- Detecting C compile features
-- Detecting C compile features - done
-- Detecting CXX compiler ABI info
-- Detecting CXX compiler ABI info - done
-- Check for working CXX compiler: /usr/bin/c++ - skipped
-- Detecting CXX compile features
-- Detecting CXX compile features - done
-- Found ament_cmake: 1.3.12 (/opt/ros/humble/share/ament_cmake/cmake)
-- Found Python3: /usr/bin/python3 (found version "3.10.12") found components: Interpreter 
-- Override CMake install command with custom implementation using symlinks instead of copying resources
-- Configuring done
-- Generating done
-- Build files have been written to: /home/hydria/ws/build/litter_bot_bringup
-- Install configuration: ""
-- Execute custom install script
-- Symlinking: /home/hydria/ws/install/litter_bot_bringup/share/litter_bot_bringup/launch/full_system.launch.py
-- Symlinking: /home/hydria/ws/install/litter_bot_bringup/share/litter_bot_bringup/launch/simulation_only.launch.py
-- Symlinking: /home/hydria/ws/install/litter_bot_bringup/share/litter_bot_bringup/config/rviz_config.rviz
-- Symlinking: /home/hydria/ws/install/litter_bot_bringup/share/ament_index/resource_index/package_run_dependencies/litter_bot_bringup
-- Symlinking: /home/hydria/ws/install/litter_bot_bringup/share/ament_index/resource_index/parent_prefix_path/litter_bot_bringup
-- Symlinking: /home/hydria/ws/install/litter_bot_bringup/share/litter_bot_bringup/environment/ament_prefix_path.sh
-- Symlinking: /home/hydria/ws/install/litter_bot_bringup/share/litter_bot_bringup/environment/ament_prefix_path.dsv
-- Symlinking: /home/hydria/ws/install/litter_bot_bringup/share/litter_bot_bringup/environment/path.sh
-- Symlinking: /home/hydria/ws/install/litter_bot_bringup/share/litter_bot_bringup/environment/path.dsv
-- Symlinking: /home/hydria/ws/install/litter_bot_bringup/share/litter_bot_bringup/local_setup.bash
-- Symlinking: /home/hydria/ws/install/litter_bot_bringup/share/litter_bot_bringup/local_setup.sh
-- Symlinking: /home/hydria/ws/install/litter_bot_bringup/share/litter_bot_bringup/local_setup.zsh
-- Symlinking: /home/hydria/ws/install/litter_bot_bringup/share/litter_bot_bringup/local_setup.dsv
-- Symlinking: /home/hydria/ws/install/litter_bot_bringup/share/litter_bot_bringup/package.dsv
-- Symlinking: /home/hydria/ws/install/litter_bot_bringup/share/ament_index/resource_index/packages/litter_bot_bringup
-- Symlinking: /home/hydria/ws/install/litter_bot_bringup/share/litter_bot_bringup/cmake/litter_bot_bringupConfig.cmake
-- Symlinking: /home/hydria/ws/install/litter_bot_bringup/share/litter_bot_bringup/cmake/litter_bot_bringupConfig-version.cmake
-- Symlinking: /home/hydria/ws/install/litter_bot_bringup/share/litter_bot_bringup/package.xml
