[1.452s] Invoking command in '/home/hydria/ws/build/litter_bot_bringup': AMENT_PREFIX_PATH=/home/hydria/ws/install/litter_bot_perception:/home/hydria/ws/install/litter_bot_navigation:/home/hydria/ws/install/litter_bot_manipulation:/home/hydria/ws/install/litter_bot:/home/hydria/ws/install/litter_bot_bringup:/home/hydria/ws/install/litter_bot_gazebo:/home/hydria/ws/install/litter_bot_description:/opt/ros/humble CMAKE_PREFIX_PATH=/home/hydria/ws/install/litter_bot_gazebo:/home/hydria/ws/install/litter_bot_description:/home/hydria/ws/install/litter_bot_bringup:/home/hydria/ws/install/litter_bot_perception:/home/hydria/ws/install/litter_bot_navigation:/home/hydria/ws/install/litter_bot_manipulation:/home/hydria/ws/install/litter_bot:/opt/ros/humble /usr/bin/cmake --build /home/hydria/ws/build/litter_bot_bringup -- -j6 -l6
[1.521s] Invoked command in '/home/hydria/ws/build/litter_bot_bringup' returned '0': AMENT_PREFIX_PATH=/home/hydria/ws/install/litter_bot_perception:/home/hydria/ws/install/litter_bot_navigation:/home/hydria/ws/install/litter_bot_manipulation:/home/hydria/ws/install/litter_bot:/home/hydria/ws/install/litter_bot_bringup:/home/hydria/ws/install/litter_bot_gazebo:/home/hydria/ws/install/litter_bot_description:/opt/ros/humble CMAKE_PREFIX_PATH=/home/hydria/ws/install/litter_bot_gazebo:/home/hydria/ws/install/litter_bot_description:/home/hydria/ws/install/litter_bot_bringup:/home/hydria/ws/install/litter_bot_perception:/home/hydria/ws/install/litter_bot_navigation:/home/hydria/ws/install/litter_bot_manipulation:/home/hydria/ws/install/litter_bot:/opt/ros/humble /usr/bin/cmake --build /home/hydria/ws/build/litter_bot_bringup -- -j6 -l6
[1.522s] Invoking command in '/home/hydria/ws/build/litter_bot_bringup': AMENT_PREFIX_PATH=/home/hydria/ws/install/litter_bot_perception:/home/hydria/ws/install/litter_bot_navigation:/home/hydria/ws/install/litter_bot_manipulation:/home/hydria/ws/install/litter_bot:/home/hydria/ws/install/litter_bot_bringup:/home/hydria/ws/install/litter_bot_gazebo:/home/hydria/ws/install/litter_bot_description:/opt/ros/humble CMAKE_PREFIX_PATH=/home/hydria/ws/install/litter_bot_gazebo:/home/hydria/ws/install/litter_bot_description:/home/hydria/ws/install/litter_bot_bringup:/home/hydria/ws/install/litter_bot_perception:/home/hydria/ws/install/litter_bot_navigation:/home/hydria/ws/install/litter_bot_manipulation:/home/hydria/ws/install/litter_bot:/opt/ros/humble /usr/bin/cmake --install /home/hydria/ws/build/litter_bot_bringup
[1.530s] -- Install configuration: ""
[1.531s] -- Execute custom install script
[1.533s] -- Up-to-date symlink: /home/hydria/ws/install/litter_bot_bringup/share/litter_bot_bringup/launch/full_system.launch.py
[1.536s] -- Up-to-date symlink: /home/hydria/ws/install/litter_bot_bringup/share/litter_bot_bringup/launch/simulation_only.launch.py
[1.537s] -- Up-to-date symlink: /home/hydria/ws/install/litter_bot_bringup/share/litter_bot_bringup/config/rviz_config.rviz
[1.538s] -- Up-to-date symlink: /home/hydria/ws/install/litter_bot_bringup/share/ament_index/resource_index/package_run_dependencies/litter_bot_bringup
[1.543s] -- Up-to-date symlink: /home/hydria/ws/install/litter_bot_bringup/share/ament_index/resource_index/parent_prefix_path/litter_bot_bringup
[1.544s] -- Up-to-date symlink: /home/hydria/ws/install/litter_bot_bringup/share/litter_bot_bringup/environment/ament_prefix_path.sh
[1.545s] -- Up-to-date symlink: /home/hydria/ws/install/litter_bot_bringup/share/litter_bot_bringup/environment/ament_prefix_path.dsv
[1.546s] -- Up-to-date symlink: /home/hydria/ws/install/litter_bot_bringup/share/litter_bot_bringup/environment/path.sh
[1.547s] -- Up-to-date symlink: /home/hydria/ws/install/litter_bot_bringup/share/litter_bot_bringup/environment/path.dsv
[1.548s] -- Up-to-date symlink: /home/hydria/ws/install/litter_bot_bringup/share/litter_bot_bringup/local_setup.bash
[1.548s] -- Up-to-date symlink: /home/hydria/ws/install/litter_bot_bringup/share/litter_bot_bringup/local_setup.sh
[1.548s] -- Up-to-date symlink: /home/hydria/ws/install/litter_bot_bringup/share/litter_bot_bringup/local_setup.zsh
[1.550s] -- Up-to-date symlink: /home/hydria/ws/install/litter_bot_bringup/share/litter_bot_bringup/local_setup.dsv
[1.550s] -- Symlinking: /home/hydria/ws/install/litter_bot_bringup/share/litter_bot_bringup/package.dsv
[1.578s] -- Up-to-date symlink: /home/hydria/ws/install/litter_bot_bringup/share/ament_index/resource_index/packages/litter_bot_bringup
[1.578s] -- Up-to-date symlink: /home/hydria/ws/install/litter_bot_bringup/share/litter_bot_bringup/cmake/litter_bot_bringupConfig.cmake
[1.578s] -- Up-to-date symlink: /home/hydria/ws/install/litter_bot_bringup/share/litter_bot_bringup/cmake/litter_bot_bringupConfig-version.cmake
[1.579s] -- Up-to-date symlink: /home/hydria/ws/install/litter_bot_bringup/share/litter_bot_bringup/package.xml
[1.585s] Invoked command in '/home/hydria/ws/build/litter_bot_bringup' returned '0': AMENT_PREFIX_PATH=/home/hydria/ws/install/litter_bot_perception:/home/hydria/ws/install/litter_bot_navigation:/home/hydria/ws/install/litter_bot_manipulation:/home/hydria/ws/install/litter_bot:/home/hydria/ws/install/litter_bot_bringup:/home/hydria/ws/install/litter_bot_gazebo:/home/hydria/ws/install/litter_bot_description:/opt/ros/humble CMAKE_PREFIX_PATH=/home/hydria/ws/install/litter_bot_gazebo:/home/hydria/ws/install/litter_bot_description:/home/hydria/ws/install/litter_bot_bringup:/home/hydria/ws/install/litter_bot_perception:/home/hydria/ws/install/litter_bot_navigation:/home/hydria/ws/install/litter_bot_manipulation:/home/hydria/ws/install/litter_bot:/opt/ros/humble /usr/bin/cmake --install /home/hydria/ws/build/litter_bot_bringup
