[0.896s] Invoking command in '/home/hydria/ws/build/litter_bot_perception': PYTHONPATH=/home/hydria/ws/build/litter_bot_perception/prefix_override:/usr/lib/python3/dist-packages/colcon_core/task/python/colcon_distutils_commands:/home/hydria/ws/install/litter_bot_perception/lib/python3.10/site-packages:${PYTHONPATH} /usr/bin/python3 -W ignore:setup.py install is deprecated -W ignore:easy_install command is deprecated setup.py develop --editable --build-directory /home/hydria/ws/build/litter_bot_perception/build --no-deps symlink_data
[1.049s] running develop
[1.139s] running egg_info
[1.139s] creating litter_bot_perception.egg-info
[1.139s] writing litter_bot_perception.egg-info/PKG-INFO
[1.139s] writing dependency_links to litter_bot_perception.egg-info/dependency_links.txt
[1.139s] writing entry points to litter_bot_perception.egg-info/entry_points.txt
[1.139s] writing requirements to litter_bot_perception.egg-info/requires.txt
[1.139s] writing top-level names to litter_bot_perception.egg-info/top_level.txt
[1.139s] writing manifest file 'litter_bot_perception.egg-info/SOURCES.txt'
[1.140s] reading manifest file 'litter_bot_perception.egg-info/SOURCES.txt'
[1.140s] writing manifest file 'litter_bot_perception.egg-info/SOURCES.txt'
[1.140s] running build_ext
[1.141s] Creating /home/hydria/ws/install/litter_bot_perception/lib/python3.10/site-packages/litter-bot-perception.egg-link (link to .)
[1.142s] Installing detection_node script to /home/hydria/ws/install/litter_bot_perception/lib/litter_bot_perception
[1.142s] Installing litter_localizer_node script to /home/hydria/ws/install/litter_bot_perception/lib/litter_bot_perception
[1.142s] 
[1.142s] Installed /home/hydria/ws/build/litter_bot_perception
[1.142s] running symlink_data
[1.142s] creating /home/hydria/ws/install/litter_bot_perception/share/ament_index
[1.143s] creating /home/hydria/ws/install/litter_bot_perception/share/ament_index/resource_index
[1.143s] creating /home/hydria/ws/install/litter_bot_perception/share/ament_index/resource_index/packages
[1.143s] symbolically linking /home/hydria/ws/build/litter_bot_perception/resource/litter_bot_perception -> /home/hydria/ws/install/litter_bot_perception/share/ament_index/resource_index/packages
[1.143s] symbolically linking /home/hydria/ws/build/litter_bot_perception/package.xml -> /home/hydria/ws/install/litter_bot_perception/share/litter_bot_perception
[1.143s] creating /home/hydria/ws/install/litter_bot_perception/share/litter_bot_perception/launch
[1.143s] symbolically linking /home/hydria/ws/build/litter_bot_perception/launch/perception.launch.py -> /home/hydria/ws/install/litter_bot_perception/share/litter_bot_perception/launch
[1.143s] creating /home/hydria/ws/install/litter_bot_perception/share/litter_bot_perception/models
[1.170s] Invoked command in '/home/hydria/ws/build/litter_bot_perception' returned '0': PYTHONPATH=/home/hydria/ws/build/litter_bot_perception/prefix_override:/usr/lib/python3/dist-packages/colcon_core/task/python/colcon_distutils_commands:/home/hydria/ws/install/litter_bot_perception/lib/python3.10/site-packages:${PYTHONPATH} /usr/bin/python3 -W ignore:setup.py install is deprecated -W ignore:easy_install command is deprecated setup.py develop --editable --build-directory /home/hydria/ws/build/litter_bot_perception/build --no-deps symlink_data
