[0.264s] DEBUG:colcon:Command line arguments: ['/usr/bin/colcon', 'build', '--packages-select', 'litter_bot_bringup', '--symlink-install']
[0.264s] DEBUG:colcon:Parsed command line arguments: Namespace(log_base=None, log_level=None, verb_name='build', build_base='build', install_base='install', merge_install=False, symlink_install=True, test_result_base=None, continue_on_error=False, executor='parallel', parallel_workers=6, event_handlers=None, ignore_user_meta=False, metas=['./colcon.meta'], base_paths=['.'], packages_ignore=None, packages_ignore_regex=None, paths=None, packages_up_to=None, packages_up_to_regex=None, packages_above=None, packages_above_and_dependencies=None, packages_above_depth=None, packages_select_by_dep=None, packages_skip_by_dep=None, packages_skip_up_to=None, packages_select_build_failed=False, packages_skip_build_finished=False, packages_select_test_failures=False, packages_skip_test_passed=False, packages_select=['litter_bot_bringup'], packages_skip=None, packages_select_regex=None, packages_skip_regex=None, packages_start=None, packages_end=None, allow_overriding=[], cmake_args=None, cmake_target=None, cmake_target_skip_unavailable=False, cmake_clean_cache=False, cmake_clean_first=False, cmake_force_configure=False, ament_cmake_args=None, catkin_cmake_args=None, catkin_skip_building_tests=False, verb_parser=<colcon_defaults.argument_parser.defaults.DefaultArgumentsDecorator object at 0x7f9d6bc24c70>, verb_extension=<colcon_core.verb.build.BuildVerb object at 0x7f9d6bc24820>, main=<bound method BuildVerb.main of <colcon_core.verb.build.BuildVerb object at 0x7f9d6bc24820>>)
[0.431s] Level 1:colcon.colcon_core.package_discovery:discover_packages(colcon_meta) check parameters
[0.431s] Level 1:colcon.colcon_core.package_discovery:discover_packages(recursive) check parameters
[0.431s] Level 1:colcon.colcon_core.package_discovery:discover_packages(ignore) check parameters
[0.432s] Level 1:colcon.colcon_core.package_discovery:discover_packages(path) check parameters
[0.432s] Level 1:colcon.colcon_core.package_discovery:discover_packages(colcon_meta) discover
[0.432s] Level 1:colcon.colcon_core.package_discovery:discover_packages(recursive) discover
[0.432s] INFO:colcon.colcon_core.package_discovery:Crawling recursively for packages in '/home/hydria/ws'
[0.432s] Level 1:colcon.colcon_core.package_identification:_identify(.) by extensions ['ignore', 'ignore_ament_install']
[0.432s] Level 1:colcon.colcon_core.package_identification:_identify(.) by extension 'ignore'
[0.432s] Level 1:colcon.colcon_core.package_identification:_identify(.) by extension 'ignore_ament_install'
[0.432s] Level 1:colcon.colcon_core.package_identification:_identify(.) by extensions ['colcon_pkg']
[0.432s] Level 1:colcon.colcon_core.package_identification:_identify(.) by extension 'colcon_pkg'
[0.432s] Level 1:colcon.colcon_core.package_identification:_identify(.) by extensions ['colcon_meta']
[0.432s] Level 1:colcon.colcon_core.package_identification:_identify(.) by extension 'colcon_meta'
[0.432s] Level 1:colcon.colcon_core.package_identification:_identify(.) by extensions ['ros']
[0.432s] Level 1:colcon.colcon_core.package_identification:_identify(.) by extension 'ros'
[0.444s] Level 1:colcon.colcon_core.package_identification:_identify(.) by extensions ['cmake', 'python']
[0.444s] Level 1:colcon.colcon_core.package_identification:_identify(.) by extension 'cmake'
[0.444s] Level 1:colcon.colcon_core.package_identification:_identify(.) by extension 'python'
[0.444s] Level 1:colcon.colcon_core.package_identification:_identify(.) by extensions ['python_setup_py']
[0.444s] Level 1:colcon.colcon_core.package_identification:_identify(.) by extension 'python_setup_py'
[0.445s] Level 1:colcon.colcon_core.package_identification:_identify(build) by extensions ['ignore', 'ignore_ament_install']
[0.445s] Level 1:colcon.colcon_core.package_identification:_identify(build) by extension 'ignore'
[0.445s] Level 1:colcon.colcon_core.package_identification:_identify(build) ignored
[0.445s] Level 1:colcon.colcon_core.package_identification:_identify(install) by extensions ['ignore', 'ignore_ament_install']
[0.445s] Level 1:colcon.colcon_core.package_identification:_identify(install) by extension 'ignore'
[0.445s] Level 1:colcon.colcon_core.package_identification:_identify(install) ignored
[0.445s] Level 1:colcon.colcon_core.package_identification:_identify(log) by extensions ['ignore', 'ignore_ament_install']
[0.445s] Level 1:colcon.colcon_core.package_identification:_identify(log) by extension 'ignore'
[0.445s] Level 1:colcon.colcon_core.package_identification:_identify(log) ignored
[0.445s] Level 1:colcon.colcon_core.package_identification:_identify(src) by extensions ['ignore', 'ignore_ament_install']
[0.446s] Level 1:colcon.colcon_core.package_identification:_identify(src) by extension 'ignore'
[0.446s] Level 1:colcon.colcon_core.package_identification:_identify(src) by extension 'ignore_ament_install'
[0.446s] Level 1:colcon.colcon_core.package_identification:_identify(src) by extensions ['colcon_pkg']
[0.446s] Level 1:colcon.colcon_core.package_identification:_identify(src) by extension 'colcon_pkg'
[0.446s] Level 1:colcon.colcon_core.package_identification:_identify(src) by extensions ['colcon_meta']
[0.446s] Level 1:colcon.colcon_core.package_identification:_identify(src) by extension 'colcon_meta'
[0.446s] Level 1:colcon.colcon_core.package_identification:_identify(src) by extensions ['ros']
[0.446s] Level 1:colcon.colcon_core.package_identification:_identify(src) by extension 'ros'
[0.446s] Level 1:colcon.colcon_core.package_identification:_identify(src) by extensions ['cmake', 'python']
[0.446s] Level 1:colcon.colcon_core.package_identification:_identify(src) by extension 'cmake'
[0.446s] Level 1:colcon.colcon_core.package_identification:_identify(src) by extension 'python'
[0.446s] Level 1:colcon.colcon_core.package_identification:_identify(src) by extensions ['python_setup_py']
[0.446s] Level 1:colcon.colcon_core.package_identification:_identify(src) by extension 'python_setup_py'
[0.446s] Level 1:colcon.colcon_core.package_identification:_identify(src/litter_bot) by extensions ['ignore', 'ignore_ament_install']
[0.446s] Level 1:colcon.colcon_core.package_identification:_identify(src/litter_bot) by extension 'ignore'
[0.446s] Level 1:colcon.colcon_core.package_identification:_identify(src/litter_bot) by extension 'ignore_ament_install'
[0.446s] Level 1:colcon.colcon_core.package_identification:_identify(src/litter_bot) by extensions ['colcon_pkg']
[0.446s] Level 1:colcon.colcon_core.package_identification:_identify(src/litter_bot) by extension 'colcon_pkg'
[0.446s] Level 1:colcon.colcon_core.package_identification:_identify(src/litter_bot) by extensions ['colcon_meta']
[0.446s] Level 1:colcon.colcon_core.package_identification:_identify(src/litter_bot) by extension 'colcon_meta'
[0.446s] Level 1:colcon.colcon_core.package_identification:_identify(src/litter_bot) by extensions ['ros']
[0.446s] Level 1:colcon.colcon_core.package_identification:_identify(src/litter_bot) by extension 'ros'
[0.449s] DEBUG:colcon.colcon_core.package_identification:Package 'src/litter_bot' with type 'ros.ament_python' and name 'litter_bot'
[0.449s] Level 1:colcon.colcon_core.package_identification:_identify(src/litter_bot_bringup) by extensions ['ignore', 'ignore_ament_install']
[0.450s] Level 1:colcon.colcon_core.package_identification:_identify(src/litter_bot_bringup) by extension 'ignore'
[0.450s] Level 1:colcon.colcon_core.package_identification:_identify(src/litter_bot_bringup) by extension 'ignore_ament_install'
[0.450s] Level 1:colcon.colcon_core.package_identification:_identify(src/litter_bot_bringup) by extensions ['colcon_pkg']
[0.450s] Level 1:colcon.colcon_core.package_identification:_identify(src/litter_bot_bringup) by extension 'colcon_pkg'
[0.450s] Level 1:colcon.colcon_core.package_identification:_identify(src/litter_bot_bringup) by extensions ['colcon_meta']
[0.450s] Level 1:colcon.colcon_core.package_identification:_identify(src/litter_bot_bringup) by extension 'colcon_meta'
[0.450s] Level 1:colcon.colcon_core.package_identification:_identify(src/litter_bot_bringup) by extensions ['ros']
[0.450s] Level 1:colcon.colcon_core.package_identification:_identify(src/litter_bot_bringup) by extension 'ros'
[0.450s] DEBUG:colcon.colcon_core.package_identification:Package 'src/litter_bot_bringup' with type 'ros.ament_cmake' and name 'litter_bot_bringup'
[0.451s] Level 1:colcon.colcon_core.package_identification:_identify(src/litter_bot_description) by extensions ['ignore', 'ignore_ament_install']
[0.451s] Level 1:colcon.colcon_core.package_identification:_identify(src/litter_bot_description) by extension 'ignore'
[0.451s] Level 1:colcon.colcon_core.package_identification:_identify(src/litter_bot_description) by extension 'ignore_ament_install'
[0.451s] Level 1:colcon.colcon_core.package_identification:_identify(src/litter_bot_description) by extensions ['colcon_pkg']
[0.451s] Level 1:colcon.colcon_core.package_identification:_identify(src/litter_bot_description) by extension 'colcon_pkg'
[0.451s] Level 1:colcon.colcon_core.package_identification:_identify(src/litter_bot_description) by extensions ['colcon_meta']
[0.451s] Level 1:colcon.colcon_core.package_identification:_identify(src/litter_bot_description) by extension 'colcon_meta'
[0.451s] Level 1:colcon.colcon_core.package_identification:_identify(src/litter_bot_description) by extensions ['ros']
[0.451s] Level 1:colcon.colcon_core.package_identification:_identify(src/litter_bot_description) by extension 'ros'
[0.452s] DEBUG:colcon.colcon_core.package_identification:Package 'src/litter_bot_description' with type 'ros.ament_cmake' and name 'litter_bot_description'
[0.452s] Level 1:colcon.colcon_core.package_identification:_identify(src/litter_bot_gazebo) by extensions ['ignore', 'ignore_ament_install']
[0.452s] Level 1:colcon.colcon_core.package_identification:_identify(src/litter_bot_gazebo) by extension 'ignore'
[0.452s] Level 1:colcon.colcon_core.package_identification:_identify(src/litter_bot_gazebo) by extension 'ignore_ament_install'
[0.452s] Level 1:colcon.colcon_core.package_identification:_identify(src/litter_bot_gazebo) by extensions ['colcon_pkg']
[0.452s] Level 1:colcon.colcon_core.package_identification:_identify(src/litter_bot_gazebo) by extension 'colcon_pkg'
[0.452s] Level 1:colcon.colcon_core.package_identification:_identify(src/litter_bot_gazebo) by extensions ['colcon_meta']
[0.452s] Level 1:colcon.colcon_core.package_identification:_identify(src/litter_bot_gazebo) by extension 'colcon_meta'
[0.452s] Level 1:colcon.colcon_core.package_identification:_identify(src/litter_bot_gazebo) by extensions ['ros']
[0.452s] Level 1:colcon.colcon_core.package_identification:_identify(src/litter_bot_gazebo) by extension 'ros'
[0.453s] DEBUG:colcon.colcon_core.package_identification:Package 'src/litter_bot_gazebo' with type 'ros.ament_cmake' and name 'litter_bot_gazebo'
[0.453s] Level 1:colcon.colcon_core.package_identification:_identify(src/litter_bot_manipulation) by extensions ['ignore', 'ignore_ament_install']
[0.453s] Level 1:colcon.colcon_core.package_identification:_identify(src/litter_bot_manipulation) by extension 'ignore'
[0.453s] Level 1:colcon.colcon_core.package_identification:_identify(src/litter_bot_manipulation) by extension 'ignore_ament_install'
[0.453s] Level 1:colcon.colcon_core.package_identification:_identify(src/litter_bot_manipulation) by extensions ['colcon_pkg']
[0.454s] Level 1:colcon.colcon_core.package_identification:_identify(src/litter_bot_manipulation) by extension 'colcon_pkg'
[0.454s] Level 1:colcon.colcon_core.package_identification:_identify(src/litter_bot_manipulation) by extensions ['colcon_meta']
[0.454s] Level 1:colcon.colcon_core.package_identification:_identify(src/litter_bot_manipulation) by extension 'colcon_meta'
[0.454s] Level 1:colcon.colcon_core.package_identification:_identify(src/litter_bot_manipulation) by extensions ['ros']
[0.454s] Level 1:colcon.colcon_core.package_identification:_identify(src/litter_bot_manipulation) by extension 'ros'
[0.455s] DEBUG:colcon.colcon_core.package_identification:Package 'src/litter_bot_manipulation' with type 'ros.ament_python' and name 'litter_bot_manipulation'
[0.455s] Level 1:colcon.colcon_core.package_identification:_identify(src/litter_bot_navigation) by extensions ['ignore', 'ignore_ament_install']
[0.455s] Level 1:colcon.colcon_core.package_identification:_identify(src/litter_bot_navigation) by extension 'ignore'
[0.455s] Level 1:colcon.colcon_core.package_identification:_identify(src/litter_bot_navigation) by extension 'ignore_ament_install'
[0.455s] Level 1:colcon.colcon_core.package_identification:_identify(src/litter_bot_navigation) by extensions ['colcon_pkg']
[0.455s] Level 1:colcon.colcon_core.package_identification:_identify(src/litter_bot_navigation) by extension 'colcon_pkg'
[0.455s] Level 1:colcon.colcon_core.package_identification:_identify(src/litter_bot_navigation) by extensions ['colcon_meta']
[0.455s] Level 1:colcon.colcon_core.package_identification:_identify(src/litter_bot_navigation) by extension 'colcon_meta'
[0.455s] Level 1:colcon.colcon_core.package_identification:_identify(src/litter_bot_navigation) by extensions ['ros']
[0.455s] Level 1:colcon.colcon_core.package_identification:_identify(src/litter_bot_navigation) by extension 'ros'
[0.456s] DEBUG:colcon.colcon_core.package_identification:Package 'src/litter_bot_navigation' with type 'ros.ament_python' and name 'litter_bot_navigation'
[0.456s] Level 1:colcon.colcon_core.package_identification:_identify(src/litter_bot_perception) by extensions ['ignore', 'ignore_ament_install']
[0.457s] Level 1:colcon.colcon_core.package_identification:_identify(src/litter_bot_perception) by extension 'ignore'
[0.457s] Level 1:colcon.colcon_core.package_identification:_identify(src/litter_bot_perception) by extension 'ignore_ament_install'
[0.457s] Level 1:colcon.colcon_core.package_identification:_identify(src/litter_bot_perception) by extensions ['colcon_pkg']
[0.457s] Level 1:colcon.colcon_core.package_identification:_identify(src/litter_bot_perception) by extension 'colcon_pkg'
[0.457s] Level 1:colcon.colcon_core.package_identification:_identify(src/litter_bot_perception) by extensions ['colcon_meta']
[0.457s] Level 1:colcon.colcon_core.package_identification:_identify(src/litter_bot_perception) by extension 'colcon_meta'
[0.457s] Level 1:colcon.colcon_core.package_identification:_identify(src/litter_bot_perception) by extensions ['ros']
[0.457s] Level 1:colcon.colcon_core.package_identification:_identify(src/litter_bot_perception) by extension 'ros'
[0.458s] DEBUG:colcon.colcon_core.package_identification:Package 'src/litter_bot_perception' with type 'ros.ament_python' and name 'litter_bot_perception'
[0.458s] Level 1:colcon.colcon_core.package_discovery:discover_packages(recursive) using defaults
[0.458s] Level 1:colcon.colcon_core.package_discovery:discover_packages(ignore) discover
[0.458s] Level 1:colcon.colcon_core.package_discovery:discover_packages(ignore) using defaults
[0.458s] Level 1:colcon.colcon_core.package_discovery:discover_packages(path) discover
[0.458s] Level 1:colcon.colcon_core.package_discovery:discover_packages(path) using defaults
[0.491s] INFO:colcon.colcon_core.package_selection:Skipping not selected package 'litter_bot' in 'src/litter_bot'
[0.492s] INFO:colcon.colcon_core.package_selection:Skipping not selected package 'litter_bot_description' in 'src/litter_bot_description'
[0.492s] INFO:colcon.colcon_core.package_selection:Skipping not selected package 'litter_bot_manipulation' in 'src/litter_bot_manipulation'
[0.492s] INFO:colcon.colcon_core.package_selection:Skipping not selected package 'litter_bot_navigation' in 'src/litter_bot_navigation'
[0.492s] INFO:colcon.colcon_core.package_selection:Skipping not selected package 'litter_bot_perception' in 'src/litter_bot_perception'
[0.492s] INFO:colcon.colcon_core.package_selection:Skipping not selected package 'litter_bot_gazebo' in 'src/litter_bot_gazebo'
[0.492s] Level 1:colcon.colcon_core.package_discovery:discover_packages(prefix_path) check parameters
[0.492s] Level 1:colcon.colcon_core.package_discovery:discover_packages(prefix_path) discover
[0.495s] DEBUG:colcon.colcon_installed_package_information.package_discovery:Found 460 installed packages in /opt/ros/humble
[0.497s] Level 1:colcon.colcon_core.package_discovery:discover_packages(prefix_path) using defaults
[0.551s] Level 5:colcon.colcon_core.verb:set package 'litter_bot_bringup' build argument 'cmake_args' from command line to 'None'
[0.551s] Level 5:colcon.colcon_core.verb:set package 'litter_bot_bringup' build argument 'cmake_target' from command line to 'None'
[0.551s] Level 5:colcon.colcon_core.verb:set package 'litter_bot_bringup' build argument 'cmake_target_skip_unavailable' from command line to 'False'
[0.551s] Level 5:colcon.colcon_core.verb:set package 'litter_bot_bringup' build argument 'cmake_clean_cache' from command line to 'False'
[0.552s] Level 5:colcon.colcon_core.verb:set package 'litter_bot_bringup' build argument 'cmake_clean_first' from command line to 'False'
[0.552s] Level 5:colcon.colcon_core.verb:set package 'litter_bot_bringup' build argument 'cmake_force_configure' from command line to 'False'
[0.552s] Level 5:colcon.colcon_core.verb:set package 'litter_bot_bringup' build argument 'ament_cmake_args' from command line to 'None'
[0.552s] Level 5:colcon.colcon_core.verb:set package 'litter_bot_bringup' build argument 'catkin_cmake_args' from command line to 'None'
[0.552s] Level 5:colcon.colcon_core.verb:set package 'litter_bot_bringup' build argument 'catkin_skip_building_tests' from command line to 'False'
[0.552s] DEBUG:colcon.colcon_core.verb:Building package 'litter_bot_bringup' with the following arguments: {'ament_cmake_args': None, 'build_base': '/home/hydria/ws/build/litter_bot_bringup', 'catkin_cmake_args': None, 'catkin_skip_building_tests': False, 'cmake_args': None, 'cmake_clean_cache': False, 'cmake_clean_first': False, 'cmake_force_configure': False, 'cmake_target': None, 'cmake_target_skip_unavailable': False, 'install_base': '/home/hydria/ws/install/litter_bot_bringup', 'merge_install': False, 'path': '/home/hydria/ws/src/litter_bot_bringup', 'symlink_install': True, 'test_result_base': None}
[0.552s] INFO:colcon.colcon_core.executor:Executing jobs using 'parallel' executor
[0.553s] DEBUG:colcon.colcon_parallel_executor.executor.parallel:run_until_complete
[0.554s] INFO:colcon.colcon_ros.task.ament_cmake.build:Building ROS package in '/home/hydria/ws/src/litter_bot_bringup' with build type 'ament_cmake'
[0.554s] INFO:colcon.colcon_cmake.task.cmake.build:Building CMake package in '/home/hydria/ws/src/litter_bot_bringup'
[0.559s] INFO:colcon.colcon_core.plugin_system:Skipping extension 'colcon_core.shell.bat': Not used on non-Windows systems
[0.560s] INFO:colcon.colcon_core.shell:Skip shell extension 'powershell' for command environment: Not usable outside of PowerShell
[0.560s] DEBUG:colcon.colcon_core.shell:Skip shell extension 'dsv' for command environment
[1.486s] DEBUG:colcon.colcon_core.event_handler.log_command:Invoking command in '/home/hydria/ws/build/litter_bot_bringup': AMENT_PREFIX_PATH=/home/hydria/ws/install/litter_bot_gazebo:/home/hydria/ws/install/litter_bot_perception:/home/hydria/ws/install/litter_bot_navigation:/home/hydria/ws/install/litter_bot_manipulation:/home/hydria/ws/install/litter_bot_description:/home/hydria/ws/install/litter_bot:${AMENT_PREFIX_PATH} CMAKE_PREFIX_PATH=/home/hydria/ws/install/litter_bot_gazebo:/home/hydria/ws/install/litter_bot_description:/opt/ros/humble PYTHONPATH=/home/hydria/ws/build/litter_bot_perception:/home/hydria/ws/install/litter_bot_perception/lib/python3.10/site-packages:/home/hydria/ws/build/litter_bot_navigation:/home/hydria/ws/install/litter_bot_navigation/lib/python3.10/site-packages:/home/hydria/ws/build/litter_bot_manipulation:/home/hydria/ws/install/litter_bot_manipulation/lib/python3.10/site-packages:/home/hydria/ws/build/litter_bot:/home/hydria/ws/install/litter_bot/lib/python3.10/site-packages:${PYTHONPATH} /usr/bin/cmake --build /home/hydria/ws/build/litter_bot_bringup -- -j6 -l6
[1.529s] DEBUG:colcon.colcon_core.event_handler.log_command:Invoked command in '/home/hydria/ws/build/litter_bot_bringup' returned '0': AMENT_PREFIX_PATH=/home/hydria/ws/install/litter_bot_gazebo:/home/hydria/ws/install/litter_bot_perception:/home/hydria/ws/install/litter_bot_navigation:/home/hydria/ws/install/litter_bot_manipulation:/home/hydria/ws/install/litter_bot_description:/home/hydria/ws/install/litter_bot:${AMENT_PREFIX_PATH} CMAKE_PREFIX_PATH=/home/hydria/ws/install/litter_bot_gazebo:/home/hydria/ws/install/litter_bot_description:/opt/ros/humble PYTHONPATH=/home/hydria/ws/build/litter_bot_perception:/home/hydria/ws/install/litter_bot_perception/lib/python3.10/site-packages:/home/hydria/ws/build/litter_bot_navigation:/home/hydria/ws/install/litter_bot_navigation/lib/python3.10/site-packages:/home/hydria/ws/build/litter_bot_manipulation:/home/hydria/ws/install/litter_bot_manipulation/lib/python3.10/site-packages:/home/hydria/ws/build/litter_bot:/home/hydria/ws/install/litter_bot/lib/python3.10/site-packages:${PYTHONPATH} /usr/bin/cmake --build /home/hydria/ws/build/litter_bot_bringup -- -j6 -l6
[1.538s] DEBUG:colcon.colcon_core.event_handler.log_command:Invoking command in '/home/hydria/ws/build/litter_bot_bringup': AMENT_PREFIX_PATH=/home/hydria/ws/install/litter_bot_gazebo:/home/hydria/ws/install/litter_bot_perception:/home/hydria/ws/install/litter_bot_navigation:/home/hydria/ws/install/litter_bot_manipulation:/home/hydria/ws/install/litter_bot_description:/home/hydria/ws/install/litter_bot:${AMENT_PREFIX_PATH} CMAKE_PREFIX_PATH=/home/hydria/ws/install/litter_bot_gazebo:/home/hydria/ws/install/litter_bot_description:/opt/ros/humble PYTHONPATH=/home/hydria/ws/build/litter_bot_perception:/home/hydria/ws/install/litter_bot_perception/lib/python3.10/site-packages:/home/hydria/ws/build/litter_bot_navigation:/home/hydria/ws/install/litter_bot_navigation/lib/python3.10/site-packages:/home/hydria/ws/build/litter_bot_manipulation:/home/hydria/ws/install/litter_bot_manipulation/lib/python3.10/site-packages:/home/hydria/ws/build/litter_bot:/home/hydria/ws/install/litter_bot/lib/python3.10/site-packages:${PYTHONPATH} /usr/bin/cmake --install /home/hydria/ws/build/litter_bot_bringup
[1.569s] Level 1:colcon.colcon_core.environment:create_environment_scripts_only(litter_bot_bringup)
[1.570s] DEBUG:colcon.colcon_core.event_handler.log_command:Invoked command in '/home/hydria/ws/build/litter_bot_bringup' returned '0': AMENT_PREFIX_PATH=/home/hydria/ws/install/litter_bot_gazebo:/home/hydria/ws/install/litter_bot_perception:/home/hydria/ws/install/litter_bot_navigation:/home/hydria/ws/install/litter_bot_manipulation:/home/hydria/ws/install/litter_bot_description:/home/hydria/ws/install/litter_bot:${AMENT_PREFIX_PATH} CMAKE_PREFIX_PATH=/home/hydria/ws/install/litter_bot_gazebo:/home/hydria/ws/install/litter_bot_description:/opt/ros/humble PYTHONPATH=/home/hydria/ws/build/litter_bot_perception:/home/hydria/ws/install/litter_bot_perception/lib/python3.10/site-packages:/home/hydria/ws/build/litter_bot_navigation:/home/hydria/ws/install/litter_bot_navigation/lib/python3.10/site-packages:/home/hydria/ws/build/litter_bot_manipulation:/home/hydria/ws/install/litter_bot_manipulation/lib/python3.10/site-packages:/home/hydria/ws/build/litter_bot:/home/hydria/ws/install/litter_bot/lib/python3.10/site-packages:${PYTHONPATH} /usr/bin/cmake --install /home/hydria/ws/build/litter_bot_bringup
[1.572s] Level 1:colcon.colcon_core.environment:checking '/home/hydria/ws/install/litter_bot_bringup' for CMake module files
[1.572s] Level 1:colcon.colcon_core.environment:checking '/home/hydria/ws/install/litter_bot_bringup' for CMake config files
[1.573s] Level 1:colcon.colcon_core.shell:create_environment_hook('litter_bot_bringup', 'cmake_prefix_path')
[1.574s] INFO:colcon.colcon_core.shell:Creating environment hook '/home/hydria/ws/install/litter_bot_bringup/share/litter_bot_bringup/hook/cmake_prefix_path.ps1'
[1.575s] INFO:colcon.colcon_core.shell:Creating environment descriptor '/home/hydria/ws/install/litter_bot_bringup/share/litter_bot_bringup/hook/cmake_prefix_path.dsv'
[1.575s] INFO:colcon.colcon_core.shell:Creating environment hook '/home/hydria/ws/install/litter_bot_bringup/share/litter_bot_bringup/hook/cmake_prefix_path.sh'
[1.577s] Level 1:colcon.colcon_core.environment:checking '/home/hydria/ws/install/litter_bot_bringup/bin'
[1.577s] Level 1:colcon.colcon_core.environment:checking '/home/hydria/ws/install/litter_bot_bringup/lib/pkgconfig/litter_bot_bringup.pc'
[1.577s] Level 1:colcon.colcon_core.environment:checking '/home/hydria/ws/install/litter_bot_bringup/lib/python3.10/site-packages'
[1.578s] Level 1:colcon.colcon_core.environment:checking '/home/hydria/ws/install/litter_bot_bringup/bin'
[1.578s] INFO:colcon.colcon_core.shell:Creating package script '/home/hydria/ws/install/litter_bot_bringup/share/litter_bot_bringup/package.ps1'
[1.579s] INFO:colcon.colcon_core.shell:Creating package descriptor '/home/hydria/ws/install/litter_bot_bringup/share/litter_bot_bringup/package.dsv'
[1.580s] INFO:colcon.colcon_core.shell:Creating package script '/home/hydria/ws/install/litter_bot_bringup/share/litter_bot_bringup/package.sh'
[1.580s] INFO:colcon.colcon_core.shell:Creating package script '/home/hydria/ws/install/litter_bot_bringup/share/litter_bot_bringup/package.bash'
[1.581s] INFO:colcon.colcon_core.shell:Creating package script '/home/hydria/ws/install/litter_bot_bringup/share/litter_bot_bringup/package.zsh'
[1.582s] Level 1:colcon.colcon_core.environment:create_file_with_runtime_dependencies(/home/hydria/ws/install/litter_bot_bringup/share/colcon-core/packages/litter_bot_bringup)
[1.583s] Level 1:colcon.colcon_core.environment:create_environment_scripts_only(litter_bot_bringup)
[1.583s] Level 1:colcon.colcon_core.environment:checking '/home/hydria/ws/install/litter_bot_bringup' for CMake module files
[1.583s] Level 1:colcon.colcon_core.environment:checking '/home/hydria/ws/install/litter_bot_bringup' for CMake config files
[1.584s] Level 1:colcon.colcon_core.shell:create_environment_hook('litter_bot_bringup', 'cmake_prefix_path')
[1.584s] INFO:colcon.colcon_core.shell:Creating environment hook '/home/hydria/ws/install/litter_bot_bringup/share/litter_bot_bringup/hook/cmake_prefix_path.ps1'
[1.585s] INFO:colcon.colcon_core.shell:Creating environment descriptor '/home/hydria/ws/install/litter_bot_bringup/share/litter_bot_bringup/hook/cmake_prefix_path.dsv'
[1.585s] INFO:colcon.colcon_core.shell:Creating environment hook '/home/hydria/ws/install/litter_bot_bringup/share/litter_bot_bringup/hook/cmake_prefix_path.sh'
[1.586s] Level 1:colcon.colcon_core.environment:checking '/home/hydria/ws/install/litter_bot_bringup/bin'
[1.586s] Level 1:colcon.colcon_core.environment:checking '/home/hydria/ws/install/litter_bot_bringup/lib/pkgconfig/litter_bot_bringup.pc'
[1.586s] Level 1:colcon.colcon_core.environment:checking '/home/hydria/ws/install/litter_bot_bringup/lib/python3.10/site-packages'
[1.589s] Level 1:colcon.colcon_core.environment:checking '/home/hydria/ws/install/litter_bot_bringup/bin'
[1.589s] INFO:colcon.colcon_core.shell:Creating package script '/home/hydria/ws/install/litter_bot_bringup/share/litter_bot_bringup/package.ps1'
[1.590s] INFO:colcon.colcon_core.shell:Creating package descriptor '/home/hydria/ws/install/litter_bot_bringup/share/litter_bot_bringup/package.dsv'
[1.591s] INFO:colcon.colcon_core.shell:Creating package script '/home/hydria/ws/install/litter_bot_bringup/share/litter_bot_bringup/package.sh'
[1.591s] INFO:colcon.colcon_core.shell:Creating package script '/home/hydria/ws/install/litter_bot_bringup/share/litter_bot_bringup/package.bash'
[1.591s] INFO:colcon.colcon_core.shell:Creating package script '/home/hydria/ws/install/litter_bot_bringup/share/litter_bot_bringup/package.zsh'
[1.592s] Level 1:colcon.colcon_core.environment:create_file_with_runtime_dependencies(/home/hydria/ws/install/litter_bot_bringup/share/colcon-core/packages/litter_bot_bringup)
[1.592s] DEBUG:colcon.colcon_parallel_executor.executor.parallel:closing loop
[1.593s] DEBUG:colcon.colcon_parallel_executor.executor.parallel:loop closed
[1.593s] DEBUG:colcon.colcon_parallel_executor.executor.parallel:run_until_complete finished with '0'
[1.593s] DEBUG:colcon.colcon_core.event_reactor:joining thread
[1.665s] INFO:colcon.colcon_core.plugin_system:Skipping extension 'colcon_notification.desktop_notification.notify_send': Could not find 'notify-send'
[1.666s] INFO:colcon.colcon_core.plugin_system:Skipping extension 'colcon_notification.desktop_notification.terminal_notifier': Not used on non-Darwin systems
[1.666s] INFO:colcon.colcon_core.plugin_system:Skipping extension 'colcon_notification.desktop_notification.win32': Not used on non-Windows systems
[1.666s] INFO:colcon.colcon_notification.desktop_notification:Sending desktop notification using 'notify2'
[1.672s] DEBUG:colcon.colcon_notification.desktop_notification.notify2:Failed to initialize notify2: org.freedesktop.DBus.Error.ServiceUnknown: The name org.freedesktop.Notifications was not provided by any .service files
[1.673s] DEBUG:colcon.colcon_core.event_reactor:joined thread
[1.673s] INFO:colcon.colcon_core.shell:Creating prefix script '/home/hydria/ws/install/local_setup.ps1'
[1.675s] INFO:colcon.colcon_core.shell:Creating prefix util module '/home/hydria/ws/install/_local_setup_util_ps1.py'
[1.677s] INFO:colcon.colcon_core.shell:Creating prefix chain script '/home/hydria/ws/install/setup.ps1'
[1.678s] INFO:colcon.colcon_core.shell:Creating prefix script '/home/hydria/ws/install/local_setup.sh'
[1.678s] INFO:colcon.colcon_core.shell:Creating prefix util module '/home/hydria/ws/install/_local_setup_util_sh.py'
[1.679s] INFO:colcon.colcon_core.shell:Creating prefix chain script '/home/hydria/ws/install/setup.sh'
[1.680s] INFO:colcon.colcon_core.shell:Creating prefix script '/home/hydria/ws/install/local_setup.bash'
[1.680s] INFO:colcon.colcon_core.shell:Creating prefix chain script '/home/hydria/ws/install/setup.bash'
[1.681s] INFO:colcon.colcon_core.shell:Creating prefix script '/home/hydria/ws/install/local_setup.zsh'
[1.681s] INFO:colcon.colcon_core.shell:Creating prefix chain script '/home/hydria/ws/install/setup.zsh'
