running develop
running egg_info
creating litter_bot_navigation.egg-info
writing litter_bot_navigation.egg-info/PKG-INFO
writing dependency_links to litter_bot_navigation.egg-info/dependency_links.txt
writing entry points to litter_bot_navigation.egg-info/entry_points.txt
writing requirements to litter_bot_navigation.egg-info/requires.txt
writing top-level names to litter_bot_navigation.egg-info/top_level.txt
writing manifest file 'litter_bot_navigation.egg-info/SOURCES.txt'
reading manifest file 'litter_bot_navigation.egg-info/SOURCES.txt'
writing manifest file 'litter_bot_navigation.egg-info/SOURCES.txt'
running build_ext
Creating /home/hydria/ws/install/litter_bot_navigation/lib/python3.10/site-packages/litter-bot-navigation.egg-link (link to .)
Installing coverage_planner_node script to /home/hydria/ws/install/litter_bot_navigation/lib/litter_bot_navigation

Installed /home/hydria/ws/build/litter_bot_navigation
running symlink_data
creating /home/hydria/ws/install/litter_bot_navigation/share/ament_index
creating /home/hydria/ws/install/litter_bot_navigation/share/ament_index/resource_index
creating /home/hydria/ws/install/litter_bot_navigation/share/ament_index/resource_index/packages
symbolically linking /home/hydria/ws/build/litter_bot_navigation/resource/litter_bot_navigation -> /home/hydria/ws/install/litter_bot_navigation/share/ament_index/resource_index/packages
symbolically linking /home/hydria/ws/build/litter_bot_navigation/package.xml -> /home/hydria/ws/install/litter_bot_navigation/share/litter_bot_navigation
creating /home/hydria/ws/install/litter_bot_navigation/share/litter_bot_navigation/launch
symbolically linking /home/hydria/ws/build/litter_bot_navigation/launch/navigation.launch.py -> /home/hydria/ws/install/litter_bot_navigation/share/litter_bot_navigation/launch
symbolically linking /home/hydria/ws/build/litter_bot_navigation/launch/slam.launch.py -> /home/hydria/ws/install/litter_bot_navigation/share/litter_bot_navigation/launch
creating /home/hydria/ws/install/litter_bot_navigation/share/litter_bot_navigation/config
symbolically linking /home/hydria/ws/build/litter_bot_navigation/config/nav2_params.yaml -> /home/hydria/ws/install/litter_bot_navigation/share/litter_bot_navigation/config
symbolically linking /home/hydria/ws/build/litter_bot_navigation/config/slam_toolbox_params.yaml -> /home/hydria/ws/install/litter_bot_navigation/share/litter_bot_navigation/config
creating /home/hydria/ws/install/litter_bot_navigation/share/litter_bot_navigation/maps
symbolically linking /home/hydria/ws/build/litter_bot_navigation/maps/med_cim_map.yaml -> /home/hydria/ws/install/litter_bot_navigation/share/litter_bot_navigation/maps
