[0.897s] Invoking command in '/home/hydria/ws/build/litter_bot_navigation': PYTHONPATH=/home/hydria/ws/build/litter_bot_navigation/prefix_override:/usr/lib/python3/dist-packages/colcon_core/task/python/colcon_distutils_commands:/home/hydria/ws/install/litter_bot_navigation/lib/python3.10/site-packages:${PYTHONPATH} /usr/bin/python3 -W ignore:setup.py install is deprecated -W ignore:easy_install command is deprecated setup.py develop --editable --build-directory /home/hydria/ws/build/litter_bot_navigation/build --no-deps symlink_data
[1.050s] running develop
[1.142s] running egg_info
[1.142s] creating litter_bot_navigation.egg-info
[1.143s] writing litter_bot_navigation.egg-info/PKG-INFO
[1.143s] writing dependency_links to litter_bot_navigation.egg-info/dependency_links.txt
[1.143s] writing entry points to litter_bot_navigation.egg-info/entry_points.txt
[1.143s] writing requirements to litter_bot_navigation.egg-info/requires.txt
[1.143s] writing top-level names to litter_bot_navigation.egg-info/top_level.txt
[1.143s] writing manifest file 'litter_bot_navigation.egg-info/SOURCES.txt'
[1.143s] reading manifest file 'litter_bot_navigation.egg-info/SOURCES.txt'
[1.145s] writing manifest file 'litter_bot_navigation.egg-info/SOURCES.txt'
[1.146s] running build_ext
[1.146s] Creating /home/hydria/ws/install/litter_bot_navigation/lib/python3.10/site-packages/litter-bot-navigation.egg-link (link to .)
[1.146s] Installing coverage_planner_node script to /home/hydria/ws/install/litter_bot_navigation/lib/litter_bot_navigation
[1.146s] 
[1.147s] Installed /home/hydria/ws/build/litter_bot_navigation
[1.147s] running symlink_data
[1.147s] creating /home/hydria/ws/install/litter_bot_navigation/share/ament_index
[1.147s] creating /home/hydria/ws/install/litter_bot_navigation/share/ament_index/resource_index
[1.147s] creating /home/hydria/ws/install/litter_bot_navigation/share/ament_index/resource_index/packages
[1.147s] symbolically linking /home/hydria/ws/build/litter_bot_navigation/resource/litter_bot_navigation -> /home/hydria/ws/install/litter_bot_navigation/share/ament_index/resource_index/packages
[1.147s] symbolically linking /home/hydria/ws/build/litter_bot_navigation/package.xml -> /home/hydria/ws/install/litter_bot_navigation/share/litter_bot_navigation
[1.147s] creating /home/hydria/ws/install/litter_bot_navigation/share/litter_bot_navigation/launch
[1.147s] symbolically linking /home/hydria/ws/build/litter_bot_navigation/launch/navigation.launch.py -> /home/hydria/ws/install/litter_bot_navigation/share/litter_bot_navigation/launch
[1.147s] symbolically linking /home/hydria/ws/build/litter_bot_navigation/launch/slam.launch.py -> /home/hydria/ws/install/litter_bot_navigation/share/litter_bot_navigation/launch
[1.147s] creating /home/hydria/ws/install/litter_bot_navigation/share/litter_bot_navigation/config
[1.148s] symbolically linking /home/hydria/ws/build/litter_bot_navigation/config/nav2_params.yaml -> /home/hydria/ws/install/litter_bot_navigation/share/litter_bot_navigation/config
[1.148s] symbolically linking /home/hydria/ws/build/litter_bot_navigation/config/slam_toolbox_params.yaml -> /home/hydria/ws/install/litter_bot_navigation/share/litter_bot_navigation/config
[1.148s] creating /home/hydria/ws/install/litter_bot_navigation/share/litter_bot_navigation/maps
[1.148s] symbolically linking /home/hydria/ws/build/litter_bot_navigation/maps/med_cim_map.yaml -> /home/hydria/ws/install/litter_bot_navigation/share/litter_bot_navigation/maps
[1.178s] Invoked command in '/home/hydria/ws/build/litter_bot_navigation' returned '0': PYTHONPATH=/home/hydria/ws/build/litter_bot_navigation/prefix_override:/usr/lib/python3/dist-packages/colcon_core/task/python/colcon_distutils_commands:/home/hydria/ws/install/litter_bot_navigation/lib/python3.10/site-packages:${PYTHONPATH} /usr/bin/python3 -W ignore:setup.py install is deprecated -W ignore:easy_install command is deprecated setup.py develop --editable --build-directory /home/hydria/ws/build/litter_bot_navigation/build --no-deps symlink_data
