[0.000000] (-) TimerEvent: {}
[0.000272] (-) JobUnselected: {'identifier': 'litter_bot'}
[0.000541] (-) JobUnselected: {'identifier': 'litter_bot_bringup'}
[0.000569] (-) JobUnselected: {'identifier': 'litter_bot_manipulation'}
[0.000594] (-) JobUnselected: {'identifier': 'litter_bot_navigation'}
[0.000793] (-) JobUnselected: {'identifier': 'litter_bot_perception'}
[0.000832] (litter_bot_description) JobQueued: {'identifier': 'litter_bot_description', 'dependencies': OrderedDict()}
[0.000861] (litter_bot_gazebo) JobQueued: {'identifier': 'litter_bot_gazebo', 'dependencies': OrderedDict([('litter_bot_description', '/home/hydria/ws/install/litter_bot_description')])}
[0.000876] (litter_bot_description) JobStarted: {'identifier': 'litter_bot_description'}
[0.008961] (litter_bot_description) JobProgress: {'identifier': 'litter_bot_description', 'progress': 'cmake'}
[0.010046] (litter_bot_description) Command: {'cmd': ['/usr/bin/cmake', '/home/hydria/ws/src/litter_bot_description', '-DAMENT_CMAKE_SYMLINK_INSTALL=1', '-DCMAKE_INSTALL_PREFIX=/home/hydria/ws/install/litter_bot_description'], 'cwd': '/home/hydria/ws/build/litter_bot_description', 'env': OrderedDict([('LESSOPEN', '| /usr/bin/lesspipe %s'), ('VSCODE_CWD', '/mnt/c/Program Files/cursor'), ('VSCODE_ESM_ENTRYPOINT', 'vs/workbench/api/node/extensionHostProcess'), ('USER', 'hydria'), ('VSCODE_NLS_CONFIG', '{"userLocale":"en","osLocale":"en","resolvedLanguage":"en","defaultMessagesFile":"/home/hydria/.cursor-server/bin/32cfbe848b35d9eb320980195985450f244b3030/out/nls.messages.json","locale":"en","availableLanguages":{}}'), ('VSCODE_HANDLES_UNCAUGHT_ERRORS', 'true'), ('SHLVL', '0'), ('LD_LIBRARY_PATH', '/usr/lib/x86_64-linux-gnu/gazebo-11/plugins:/opt/ros/humble/opt/rviz_ogre_vendor/lib:/opt/ros/humble/lib/x86_64-linux-gnu:/opt/ros/humble/lib'), ('HOME', '/home/hydria'), ('OLDPWD', '/home/hydria/ws/src'), ('VSCODE_IPC_HOOK_CLI', '/mnt/wslg/runtime-dir/vscode-ipc-946b2eb5-fd13-4868-96f5-db37aa9e5696.sock'), ('ROS_PYTHON_VERSION', '3'), ('NO_COLOR', '1'), ('WSL_DISTRO_NAME', 'Ubuntu-22.04'), ('WAYLAND_DISPLAY', 'wayland-0'), ('VSCODE_L10N_BUNDLE_LOCATION', ''), ('ROS_DISTRO', 'humble'), ('LOGNAME', 'hydria'), ('FORCE_COLOR', '0'), ('NAME', 'DESKTOP-N8VDEIP'), ('WSL_INTEROP', '/run/WSL/9_interop'), ('VSCODE_HANDLES_SIGPIPE', 'true'), ('PULSE_SERVER', 'unix:/mnt/wslg/PulseServer'), ('_', '/usr/bin/colcon'), ('ROS_VERSION', '2'), ('TERM', 'dumb'), ('EVERYSPHERE_RIPGREP_PATH', '/home/hydria/.cursor-server/bin/32cfbe848b35d9eb320980195985450f244b3030/node_modules/@vscode/ripgrep/bin/rg'), ('GAZEBO_MODEL_PATH', '/usr/share/gazebo-11/models:/usr/share/gazebo/models:/opt/ros/humble/share/turtlebot3_gazebo/models:/usr/share/gazebo-11/models:/usr/share/gazebo/models:/opt/ros/humble/share/turtlebot3_gazebo/models:'), ('ROS_LOCALHOST_ONLY', '0'), ('COMPOSER_NO_INTERACTION', '1'), ('PATH', '/home/hydria/.cursor-server/bin/32cfbe848b35d9eb320980195985450f244b3030/bin/remote-cli:/opt/ros/humble/bin:/home/hydria/.cursor-server/bin/32cfbe848b35d9eb320980195985450f244b3030/bin/remote-cli:/usr/local/sbin:/usr/local/bin:/usr/sbin:/usr/bin:/sbin:/bin:/usr/games:/usr/local/games:/usr/lib/wsl/lib:/mnt/c/Windows/system32:/mnt/c/Windows:/mnt/c/Windows/System32/Wbem:/mnt/c/Windows/System32/WindowsPowerShell/v1.0/:/mnt/c/Windows/System32/OpenSSH/:/mnt/c/Program Files/Docker/Docker/resources/bin:/mnt/c/Program Files/Microsoft SQL Server/150/Tools/Binn/:/mnt/c/Program Files/dotnet/:/mnt/c/Program Files/Git/cmd:/mnt/c/ProgramData/chocolatey/bin:/mnt/c/wamp64/bin/mysql/mysql9.1.0/bin:/mnt/c/Program Files/cursor/resources/app/bin:/mnt/c/Users/Emre/AppData/Local/Programs/Python/Python312/Scripts/:/mnt/c/Users/Emre/AppData/Local/Programs/Python/Python312/:/mnt/c/Users/Emre/AppData/Local/Microsoft/WindowsApps:/mnt/c/Program Files/JetBrains/PyCharm 2024.1.4/bin:/mnt/c/Users/Emre/Microsoft VS Code/bin:/mnt/c/msys64/ucrt64/bin:/mnt/c/Users/Emre/.dotnet/tools:/mnt/c/tools/neovim/nvim-win64/bin:/mnt/c/Program Files/Inkscape/bin:/mnt/c/Program Files/JetBrains/DataGrip 2025.2.4/bin:/mnt/c/Program Files/PsychoPy:/mnt/c/Program Files/PsychoPy/DLLs:/mnt/c/Program 豆ムעٸkָk:/mnt/c/Users/Emre/AppData/Local/Programs/Antigravity/bin:/mnt/c/Users/Emre/AppData/Local/GitHubDesktop/bin:/snap/bin'), ('XDG_RUNTIME_DIR', '/mnt/wslg/runtime-dir'), ('CURSOR_AGENT', '1'), ('DISPLAY', ':0'), ('LANG', 'en_US.UTF-8'), ('LS_COLORS', ''), ('AMENT_PREFIX_PATH', '/opt/ros/humble'), ('SHELL', '/bin/bash'), ('LESSCLOSE', '/usr/bin/lesspipe %s %s'), ('PWD', '/home/hydria/ws/build/litter_bot_description'), ('TURTLEBOT3_MODEL', 'waffle'), ('XDG_DATA_DIRS', '/usr/local/share:/usr/share:/var/lib/snapd/desktop'), ('PYTHONPATH', '/opt/ros/humble/lib/python3.10/site-packages:/opt/ros/humble/local/lib/python3.10/dist-packages'), ('COLCON', '1'), ('_ZO_DOCTOR', '0'), ('WSL2_GUI_APPS_ENABLED', '1'), ('HOSTTYPE', 'x86_64'), ('WSLENV', ''), ('CMAKE_PREFIX_PATH', '/opt/ros/humble')]), 'shell': False}
[0.099671] (-) TimerEvent: {}
[0.177906] (litter_bot_description) StdoutLine: {'line': b'-- The C compiler identification is GNU 11.4.0\n'}
[0.199880] (-) TimerEvent: {}
[0.300197] (-) TimerEvent: {}
[0.400455] (-) TimerEvent: {}
[0.478962] (litter_bot_description) StdoutLine: {'line': b'-- The CXX compiler identification is GNU 11.4.0\n'}
[0.500579] (-) TimerEvent: {}
[0.600779] (-) TimerEvent: {}
[0.686022] (litter_bot_description) StdoutLine: {'line': b'-- Detecting C compiler ABI info\n'}
[0.700961] (-) TimerEvent: {}
[0.777978] (litter_bot_description) StdoutLine: {'line': b'-- Detecting C compiler ABI info - done\n'}
[0.781915] (litter_bot_description) StdoutLine: {'line': b'-- Check for working C compiler: /usr/bin/cc - skipped\n'}
[0.782305] (litter_bot_description) StdoutLine: {'line': b'-- Detecting C compile features\n'}
[0.783203] (litter_bot_description) StdoutLine: {'line': b'-- Detecting C compile features - done\n'}
[0.785727] (litter_bot_description) StdoutLine: {'line': b'-- Detecting CXX compiler ABI info\n'}
[0.801072] (-) TimerEvent: {}
[0.859670] (litter_bot_description) StdoutLine: {'line': b'-- Detecting CXX compiler ABI info - done\n'}
[0.863556] (litter_bot_description) StdoutLine: {'line': b'-- Check for working CXX compiler: /usr/bin/c++ - skipped\n'}
[0.863995] (litter_bot_description) StdoutLine: {'line': b'-- Detecting CXX compile features\n'}
[0.864103] (litter_bot_description) StdoutLine: {'line': b'-- Detecting CXX compile features - done\n'}
[0.874311] (litter_bot_description) StdoutLine: {'line': b'-- Found ament_cmake: 1.3.12 (/opt/ros/humble/share/ament_cmake/cmake)\n'}
[0.901210] (-) TimerEvent: {}
[0.957416] (litter_bot_description) StdoutLine: {'line': b'-- Found Python3: /usr/bin/python3 (found version "3.10.12") found components: Interpreter \n'}
[0.998314] (litter_bot_description) StdoutLine: {'line': b'-- Override CMake install command with custom implementation using symlinks instead of copying resources\n'}
[1.001305] (-) TimerEvent: {}
[1.064718] (litter_bot_description) StdoutLine: {'line': b'-- Configuring done\n'}
[1.066965] (litter_bot_description) StdoutLine: {'line': b'-- Generating done\n'}
[1.068223] (litter_bot_description) StdoutLine: {'line': b'-- Build files have been written to: /home/hydria/ws/build/litter_bot_description\n'}
[1.070089] (litter_bot_description) CommandEnded: {'returncode': 0}
[1.070757] (litter_bot_description) JobProgress: {'identifier': 'litter_bot_description', 'progress': 'build'}
[1.070781] (litter_bot_description) Command: {'cmd': ['/usr/bin/cmake', '--build', '/home/hydria/ws/build/litter_bot_description', '--', '-j6', '-l6'], 'cwd': '/home/hydria/ws/build/litter_bot_description', 'env': OrderedDict([('LESSOPEN', '| /usr/bin/lesspipe %s'), ('VSCODE_CWD', '/mnt/c/Program Files/cursor'), ('VSCODE_ESM_ENTRYPOINT', 'vs/workbench/api/node/extensionHostProcess'), ('USER', 'hydria'), ('VSCODE_NLS_CONFIG', '{"userLocale":"en","osLocale":"en","resolvedLanguage":"en","defaultMessagesFile":"/home/hydria/.cursor-server/bin/32cfbe848b35d9eb320980195985450f244b3030/out/nls.messages.json","locale":"en","availableLanguages":{}}'), ('VSCODE_HANDLES_UNCAUGHT_ERRORS', 'true'), ('SHLVL', '0'), ('LD_LIBRARY_PATH', '/usr/lib/x86_64-linux-gnu/gazebo-11/plugins:/opt/ros/humble/opt/rviz_ogre_vendor/lib:/opt/ros/humble/lib/x86_64-linux-gnu:/opt/ros/humble/lib'), ('HOME', '/home/hydria'), ('OLDPWD', '/home/hydria/ws/src'), ('VSCODE_IPC_HOOK_CLI', '/mnt/wslg/runtime-dir/vscode-ipc-946b2eb5-fd13-4868-96f5-db37aa9e5696.sock'), ('ROS_PYTHON_VERSION', '3'), ('NO_COLOR', '1'), ('WSL_DISTRO_NAME', 'Ubuntu-22.04'), ('WAYLAND_DISPLAY', 'wayland-0'), ('VSCODE_L10N_BUNDLE_LOCATION', ''), ('ROS_DISTRO', 'humble'), ('LOGNAME', 'hydria'), ('FORCE_COLOR', '0'), ('NAME', 'DESKTOP-N8VDEIP'), ('WSL_INTEROP', '/run/WSL/9_interop'), ('VSCODE_HANDLES_SIGPIPE', 'true'), ('PULSE_SERVER', 'unix:/mnt/wslg/PulseServer'), ('_', '/usr/bin/colcon'), ('ROS_VERSION', '2'), ('TERM', 'dumb'), ('EVERYSPHERE_RIPGREP_PATH', '/home/hydria/.cursor-server/bin/32cfbe848b35d9eb320980195985450f244b3030/node_modules/@vscode/ripgrep/bin/rg'), ('GAZEBO_MODEL_PATH', '/usr/share/gazebo-11/models:/usr/share/gazebo/models:/opt/ros/humble/share/turtlebot3_gazebo/models:/usr/share/gazebo-11/models:/usr/share/gazebo/models:/opt/ros/humble/share/turtlebot3_gazebo/models:'), ('ROS_LOCALHOST_ONLY', '0'), ('COMPOSER_NO_INTERACTION', '1'), ('PATH', '/home/hydria/.cursor-server/bin/32cfbe848b35d9eb320980195985450f244b3030/bin/remote-cli:/opt/ros/humble/bin:/home/hydria/.cursor-server/bin/32cfbe848b35d9eb320980195985450f244b3030/bin/remote-cli:/usr/local/sbin:/usr/local/bin:/usr/sbin:/usr/bin:/sbin:/bin:/usr/games:/usr/local/games:/usr/lib/wsl/lib:/mnt/c/Windows/system32:/mnt/c/Windows:/mnt/c/Windows/System32/Wbem:/mnt/c/Windows/System32/WindowsPowerShell/v1.0/:/mnt/c/Windows/System32/OpenSSH/:/mnt/c/Program Files/Docker/Docker/resources/bin:/mnt/c/Program Files/Microsoft SQL Server/150/Tools/Binn/:/mnt/c/Program Files/dotnet/:/mnt/c/Program Files/Git/cmd:/mnt/c/ProgramData/chocolatey/bin:/mnt/c/wamp64/bin/mysql/mysql9.1.0/bin:/mnt/c/Program Files/cursor/resources/app/bin:/mnt/c/Users/Emre/AppData/Local/Programs/Python/Python312/Scripts/:/mnt/c/Users/Emre/AppData/Local/Programs/Python/Python312/:/mnt/c/Users/Emre/AppData/Local/Microsoft/WindowsApps:/mnt/c/Program Files/JetBrains/PyCharm 2024.1.4/bin:/mnt/c/Users/Emre/Microsoft VS Code/bin:/mnt/c/msys64/ucrt64/bin:/mnt/c/Users/Emre/.dotnet/tools:/mnt/c/tools/neovim/nvim-win64/bin:/mnt/c/Program Files/Inkscape/bin:/mnt/c/Program Files/JetBrains/DataGrip 2025.2.4/bin:/mnt/c/Program Files/PsychoPy:/mnt/c/Program Files/PsychoPy/DLLs:/mnt/c/Program 豆ムעٸkָk:/mnt/c/Users/Emre/AppData/Local/Programs/Antigravity/bin:/mnt/c/Users/Emre/AppData/Local/GitHubDesktop/bin:/snap/bin'), ('XDG_RUNTIME_DIR', '/mnt/wslg/runtime-dir'), ('CURSOR_AGENT', '1'), ('DISPLAY', ':0'), ('LANG', 'en_US.UTF-8'), ('LS_COLORS', ''), ('AMENT_PREFIX_PATH', '/opt/ros/humble'), ('SHELL', '/bin/bash'), ('LESSCLOSE', '/usr/bin/lesspipe %s %s'), ('PWD', '/home/hydria/ws/build/litter_bot_description'), ('TURTLEBOT3_MODEL', 'waffle'), ('XDG_DATA_DIRS', '/usr/local/share:/usr/share:/var/lib/snapd/desktop'), ('PYTHONPATH', '/opt/ros/humble/lib/python3.10/site-packages:/opt/ros/humble/local/lib/python3.10/dist-packages'), ('COLCON', '1'), ('_ZO_DOCTOR', '0'), ('WSL2_GUI_APPS_ENABLED', '1'), ('HOSTTYPE', 'x86_64'), ('WSLENV', ''), ('CMAKE_PREFIX_PATH', '/opt/ros/humble')]), 'shell': False}
[1.086926] (litter_bot_description) CommandEnded: {'returncode': 0}
[1.087770] (litter_bot_description) JobProgress: {'identifier': 'litter_bot_description', 'progress': 'install'}
[1.091539] (litter_bot_description) Command: {'cmd': ['/usr/bin/cmake', '--install', '/home/hydria/ws/build/litter_bot_description'], 'cwd': '/home/hydria/ws/build/litter_bot_description', 'env': OrderedDict([('LESSOPEN', '| /usr/bin/lesspipe %s'), ('VSCODE_CWD', '/mnt/c/Program Files/cursor'), ('VSCODE_ESM_ENTRYPOINT', 'vs/workbench/api/node/extensionHostProcess'), ('USER', 'hydria'), ('VSCODE_NLS_CONFIG', '{"userLocale":"en","osLocale":"en","resolvedLanguage":"en","defaultMessagesFile":"/home/hydria/.cursor-server/bin/32cfbe848b35d9eb320980195985450f244b3030/out/nls.messages.json","locale":"en","availableLanguages":{}}'), ('VSCODE_HANDLES_UNCAUGHT_ERRORS', 'true'), ('SHLVL', '0'), ('LD_LIBRARY_PATH', '/usr/lib/x86_64-linux-gnu/gazebo-11/plugins:/opt/ros/humble/opt/rviz_ogre_vendor/lib:/opt/ros/humble/lib/x86_64-linux-gnu:/opt/ros/humble/lib'), ('HOME', '/home/hydria'), ('OLDPWD', '/home/hydria/ws/src'), ('VSCODE_IPC_HOOK_CLI', '/mnt/wslg/runtime-dir/vscode-ipc-946b2eb5-fd13-4868-96f5-db37aa9e5696.sock'), ('ROS_PYTHON_VERSION', '3'), ('NO_COLOR', '1'), ('WSL_DISTRO_NAME', 'Ubuntu-22.04'), ('WAYLAND_DISPLAY', 'wayland-0'), ('VSCODE_L10N_BUNDLE_LOCATION', ''), ('ROS_DISTRO', 'humble'), ('LOGNAME', 'hydria'), ('FORCE_COLOR', '0'), ('NAME', 'DESKTOP-N8VDEIP'), ('WSL_INTEROP', '/run/WSL/9_interop'), ('VSCODE_HANDLES_SIGPIPE', 'true'), ('PULSE_SERVER', 'unix:/mnt/wslg/PulseServer'), ('_', '/usr/bin/colcon'), ('ROS_VERSION', '2'), ('TERM', 'dumb'), ('EVERYSPHERE_RIPGREP_PATH', '/home/hydria/.cursor-server/bin/32cfbe848b35d9eb320980195985450f244b3030/node_modules/@vscode/ripgrep/bin/rg'), ('GAZEBO_MODEL_PATH', '/usr/share/gazebo-11/models:/usr/share/gazebo/models:/opt/ros/humble/share/turtlebot3_gazebo/models:/usr/share/gazebo-11/models:/usr/share/gazebo/models:/opt/ros/humble/share/turtlebot3_gazebo/models:'), ('ROS_LOCALHOST_ONLY', '0'), ('COMPOSER_NO_INTERACTION', '1'), ('PATH', '/home/hydria/.cursor-server/bin/32cfbe848b35d9eb320980195985450f244b3030/bin/remote-cli:/opt/ros/humble/bin:/home/hydria/.cursor-server/bin/32cfbe848b35d9eb320980195985450f244b3030/bin/remote-cli:/usr/local/sbin:/usr/local/bin:/usr/sbin:/usr/bin:/sbin:/bin:/usr/games:/usr/local/games:/usr/lib/wsl/lib:/mnt/c/Windows/system32:/mnt/c/Windows:/mnt/c/Windows/System32/Wbem:/mnt/c/Windows/System32/WindowsPowerShell/v1.0/:/mnt/c/Windows/System32/OpenSSH/:/mnt/c/Program Files/Docker/Docker/resources/bin:/mnt/c/Program Files/Microsoft SQL Server/150/Tools/Binn/:/mnt/c/Program Files/dotnet/:/mnt/c/Program Files/Git/cmd:/mnt/c/ProgramData/chocolatey/bin:/mnt/c/wamp64/bin/mysql/mysql9.1.0/bin:/mnt/c/Program Files/cursor/resources/app/bin:/mnt/c/Users/Emre/AppData/Local/Programs/Python/Python312/Scripts/:/mnt/c/Users/Emre/AppData/Local/Programs/Python/Python312/:/mnt/c/Users/Emre/AppData/Local/Microsoft/WindowsApps:/mnt/c/Program Files/JetBrains/PyCharm 2024.1.4/bin:/mnt/c/Users/Emre/Microsoft VS Code/bin:/mnt/c/msys64/ucrt64/bin:/mnt/c/Users/Emre/.dotnet/tools:/mnt/c/tools/neovim/nvim-win64/bin:/mnt/c/Program Files/Inkscape/bin:/mnt/c/Program Files/JetBrains/DataGrip 2025.2.4/bin:/mnt/c/Program Files/PsychoPy:/mnt/c/Program Files/PsychoPy/DLLs:/mnt/c/Program 豆ムעٸkָk:/mnt/c/Users/Emre/AppData/Local/Programs/Antigravity/bin:/mnt/c/Users/Emre/AppData/Local/GitHubDesktop/bin:/snap/bin'), ('XDG_RUNTIME_DIR', '/mnt/wslg/runtime-dir'), ('CURSOR_AGENT', '1'), ('DISPLAY', ':0'), ('LANG', 'en_US.UTF-8'), ('LS_COLORS', ''), ('AMENT_PREFIX_PATH', '/opt/ros/humble'), ('SHELL', '/bin/bash'), ('LESSCLOSE', '/usr/bin/lesspipe %s %s'), ('PWD', '/home/hydria/ws/build/litter_bot_description'), ('TURTLEBOT3_MODEL', 'waffle'), ('XDG_DATA_DIRS', '/usr/local/share:/usr/share:/var/lib/snapd/desktop'), ('PYTHONPATH', '/opt/ros/humble/lib/python3.10/site-packages:/opt/ros/humble/local/lib/python3.10/dist-packages'), ('COLCON', '1'), ('_ZO_DOCTOR', '0'), ('WSL2_GUI_APPS_ENABLED', '1'), ('HOSTTYPE', 'x86_64'), ('WSLENV', ''), ('CMAKE_PREFIX_PATH', '/opt/ros/humble')]), 'shell': False}
[1.094570] (litter_bot_description) StdoutLine: {'line': b'-- Install configuration: ""\n'}
[1.094922] (litter_bot_description) StdoutLine: {'line': b'-- Execute custom install script\n'}
[1.095586] (litter_bot_description) StdoutLine: {'line': b'-- Symlinking: /home/hydria/ws/install/litter_bot_description/share/litter_bot_description/urdf/robot.urdf.xacro\n'}
[1.100365] (litter_bot_description) StdoutLine: {'line': b'-- Symlinking: /home/hydria/ws/install/litter_bot_description/share/litter_bot_description/launch/display.launch.py\n'}
[1.101423] (-) TimerEvent: {}
[1.104481] (litter_bot_description) StdoutLine: {'line': b'-- Symlinking: /home/hydria/ws/install/litter_bot_description/share/litter_bot_description/rviz/display.rviz\n'}
[1.108064] (litter_bot_description) StdoutLine: {'line': b'-- Symlinking: /home/hydria/ws/install/litter_bot_description/share/ament_index/resource_index/package_run_dependencies/litter_bot_description\n'}
[1.111401] (litter_bot_description) StdoutLine: {'line': b'-- Symlinking: /home/hydria/ws/install/litter_bot_description/share/ament_index/resource_index/parent_prefix_path/litter_bot_description\n'}
[1.115526] (litter_bot_description) StdoutLine: {'line': b'-- Symlinking: /home/hydria/ws/install/litter_bot_description/share/litter_bot_description/environment/ament_prefix_path.sh\n'}
[1.119645] (litter_bot_description) StdoutLine: {'line': b'-- Symlinking: /home/hydria/ws/install/litter_bot_description/share/litter_bot_description/environment/ament_prefix_path.dsv\n'}
[1.123544] (litter_bot_description) StdoutLine: {'line': b'-- Symlinking: /home/hydria/ws/install/litter_bot_description/share/litter_bot_description/environment/path.sh\n'}
[1.126858] (litter_bot_description) StdoutLine: {'line': b'-- Symlinking: /home/hydria/ws/install/litter_bot_description/share/litter_bot_description/environment/path.dsv\n'}
[1.130540] (litter_bot_description) StdoutLine: {'line': b'-- Symlinking: /home/hydria/ws/install/litter_bot_description/share/litter_bot_description/local_setup.bash\n'}
[1.135128] (litter_bot_description) StdoutLine: {'line': b'-- Symlinking: /home/hydria/ws/install/litter_bot_description/share/litter_bot_description/local_setup.sh\n'}
[1.138762] (litter_bot_description) StdoutLine: {'line': b'-- Symlinking: /home/hydria/ws/install/litter_bot_description/share/litter_bot_description/local_setup.zsh\n'}
[1.142106] (litter_bot_description) StdoutLine: {'line': b'-- Symlinking: /home/hydria/ws/install/litter_bot_description/share/litter_bot_description/local_setup.dsv\n'}
[1.145810] (litter_bot_description) StdoutLine: {'line': b'-- Symlinking: /home/hydria/ws/install/litter_bot_description/share/litter_bot_description/package.dsv\n'}
[1.149953] (litter_bot_description) StdoutLine: {'line': b'-- Symlinking: /home/hydria/ws/install/litter_bot_description/share/ament_index/resource_index/packages/litter_bot_description\n'}
[1.153810] (litter_bot_description) StdoutLine: {'line': b'-- Symlinking: /home/hydria/ws/install/litter_bot_description/share/litter_bot_description/cmake/litter_bot_descriptionConfig.cmake\n'}
[1.157036] (litter_bot_description) StdoutLine: {'line': b'-- Symlinking: /home/hydria/ws/install/litter_bot_description/share/litter_bot_description/cmake/litter_bot_descriptionConfig-version.cmake\n'}
[1.160538] (litter_bot_description) StdoutLine: {'line': b'-- Symlinking: /home/hydria/ws/install/litter_bot_description/share/litter_bot_description/package.xml\n'}
[1.164506] (litter_bot_description) CommandEnded: {'returncode': 0}
[1.178998] (litter_bot_description) JobEnded: {'identifier': 'litter_bot_description', 'rc': 0}
[1.179981] (litter_bot_gazebo) JobStarted: {'identifier': 'litter_bot_gazebo'}
[1.201542] (-) TimerEvent: {}
[1.208655] (litter_bot_gazebo) JobProgress: {'identifier': 'litter_bot_gazebo', 'progress': 'cmake'}
[1.209411] (litter_bot_gazebo) Command: {'cmd': ['/usr/bin/cmake', '/home/hydria/ws/src/litter_bot_gazebo', '-DAMENT_CMAKE_SYMLINK_INSTALL=1', '-DCMAKE_INSTALL_PREFIX=/home/hydria/ws/install/litter_bot_gazebo'], 'cwd': '/home/hydria/ws/build/litter_bot_gazebo', 'env': OrderedDict([('LESSOPEN', '| /usr/bin/lesspipe %s'), ('VSCODE_CWD', '/mnt/c/Program Files/cursor'), ('VSCODE_ESM_ENTRYPOINT', 'vs/workbench/api/node/extensionHostProcess'), ('USER', 'hydria'), ('VSCODE_NLS_CONFIG', '{"userLocale":"en","osLocale":"en","resolvedLanguage":"en","defaultMessagesFile":"/home/hydria/.cursor-server/bin/32cfbe848b35d9eb320980195985450f244b3030/out/nls.messages.json","locale":"en","availableLanguages":{}}'), ('VSCODE_HANDLES_UNCAUGHT_ERRORS', 'true'), ('SHLVL', '0'), ('LD_LIBRARY_PATH', '/usr/lib/x86_64-linux-gnu/gazebo-11/plugins:/opt/ros/humble/opt/rviz_ogre_vendor/lib:/opt/ros/humble/lib/x86_64-linux-gnu:/opt/ros/humble/lib'), ('HOME', '/home/hydria'), ('OLDPWD', '/home/hydria/ws/src'), ('VSCODE_IPC_HOOK_CLI', '/mnt/wslg/runtime-dir/vscode-ipc-946b2eb5-fd13-4868-96f5-db37aa9e5696.sock'), ('ROS_PYTHON_VERSION', '3'), ('NO_COLOR', '1'), ('WSL_DISTRO_NAME', 'Ubuntu-22.04'), ('WAYLAND_DISPLAY', 'wayland-0'), ('VSCODE_L10N_BUNDLE_LOCATION', ''), ('ROS_DISTRO', 'humble'), ('LOGNAME', 'hydria'), ('FORCE_COLOR', '0'), ('NAME', 'DESKTOP-N8VDEIP'), ('WSL_INTEROP', '/run/WSL/9_interop'), ('VSCODE_HANDLES_SIGPIPE', 'true'), ('PULSE_SERVER', 'unix:/mnt/wslg/PulseServer'), ('_', '/usr/bin/colcon'), ('ROS_VERSION', '2'), ('TERM', 'dumb'), ('EVERYSPHERE_RIPGREP_PATH', '/home/hydria/.cursor-server/bin/32cfbe848b35d9eb320980195985450f244b3030/node_modules/@vscode/ripgrep/bin/rg'), ('GAZEBO_MODEL_PATH', '/usr/share/gazebo-11/models:/usr/share/gazebo/models:/opt/ros/humble/share/turtlebot3_gazebo/models:/usr/share/gazebo-11/models:/usr/share/gazebo/models:/opt/ros/humble/share/turtlebot3_gazebo/models:'), ('ROS_LOCALHOST_ONLY', '0'), ('COMPOSER_NO_INTERACTION', '1'), ('PATH', '/home/hydria/.cursor-server/bin/32cfbe848b35d9eb320980195985450f244b3030/bin/remote-cli:/opt/ros/humble/bin:/home/hydria/.cursor-server/bin/32cfbe848b35d9eb320980195985450f244b3030/bin/remote-cli:/usr/local/sbin:/usr/local/bin:/usr/sbin:/usr/bin:/sbin:/bin:/usr/games:/usr/local/games:/usr/lib/wsl/lib:/mnt/c/Windows/system32:/mnt/c/Windows:/mnt/c/Windows/System32/Wbem:/mnt/c/Windows/System32/WindowsPowerShell/v1.0/:/mnt/c/Windows/System32/OpenSSH/:/mnt/c/Program Files/Docker/Docker/resources/bin:/mnt/c/Program Files/Microsoft SQL Server/150/Tools/Binn/:/mnt/c/Program Files/dotnet/:/mnt/c/Program Files/Git/cmd:/mnt/c/ProgramData/chocolatey/bin:/mnt/c/wamp64/bin/mysql/mysql9.1.0/bin:/mnt/c/Program Files/cursor/resources/app/bin:/mnt/c/Users/Emre/AppData/Local/Programs/Python/Python312/Scripts/:/mnt/c/Users/Emre/AppData/Local/Programs/Python/Python312/:/mnt/c/Users/Emre/AppData/Local/Microsoft/WindowsApps:/mnt/c/Program Files/JetBrains/PyCharm 2024.1.4/bin:/mnt/c/Users/Emre/Microsoft VS Code/bin:/mnt/c/msys64/ucrt64/bin:/mnt/c/Users/Emre/.dotnet/tools:/mnt/c/tools/neovim/nvim-win64/bin:/mnt/c/Program Files/Inkscape/bin:/mnt/c/Program Files/JetBrains/DataGrip 2025.2.4/bin:/mnt/c/Program Files/PsychoPy:/mnt/c/Program Files/PsychoPy/DLLs:/mnt/c/Program 豆ムעٸkָk:/mnt/c/Users/Emre/AppData/Local/Programs/Antigravity/bin:/mnt/c/Users/Emre/AppData/Local/GitHubDesktop/bin:/snap/bin'), ('XDG_RUNTIME_DIR', '/mnt/wslg/runtime-dir'), ('CURSOR_AGENT', '1'), ('DISPLAY', ':0'), ('LANG', 'en_US.UTF-8'), ('LS_COLORS', ''), ('AMENT_PREFIX_PATH', '/home/hydria/ws/install/litter_bot_description:/opt/ros/humble'), ('SHELL', '/bin/bash'), ('LESSCLOSE', '/usr/bin/lesspipe %s %s'), ('PWD', '/home/hydria/ws/build/litter_bot_gazebo'), ('TURTLEBOT3_MODEL', 'waffle'), ('XDG_DATA_DIRS', '/usr/local/share:/usr/share:/var/lib/snapd/desktop'), ('PYTHONPATH', '/opt/ros/humble/lib/python3.10/site-packages:/opt/ros/humble/local/lib/python3.10/dist-packages'), ('COLCON', '1'), ('_ZO_DOCTOR', '0'), ('WSL2_GUI_APPS_ENABLED', '1'), ('HOSTTYPE', 'x86_64'), ('WSLENV', ''), ('CMAKE_PREFIX_PATH', '/home/hydria/ws/install/litter_bot_description:/opt/ros/humble')]), 'shell': False}
[1.279588] (litter_bot_gazebo) StdoutLine: {'line': b'-- The C compiler identification is GNU 11.4.0\n'}
[1.301644] (-) TimerEvent: {}
[1.401825] (-) TimerEvent: {}
[1.502119] (-) TimerEvent: {}
[1.552512] (litter_bot_gazebo) StdoutLine: {'line': b'-- The CXX compiler identification is GNU 11.4.0\n'}
[1.602225] (-) TimerEvent: {}
[1.702420] (-) TimerEvent: {}
[1.752853] (litter_bot_gazebo) StdoutLine: {'line': b'-- Detecting C compiler ABI info\n'}
[1.802525] (-) TimerEvent: {}
[1.827498] (litter_bot_gazebo) StdoutLine: {'line': b'-- Detecting C compiler ABI info - done\n'}
[1.831154] (litter_bot_gazebo) StdoutLine: {'line': b'-- Check for working C compiler: /usr/bin/cc - skipped\n'}
[1.831587] (litter_bot_gazebo) StdoutLine: {'line': b'-- Detecting C compile features\n'}
[1.831662] (litter_bot_gazebo) StdoutLine: {'line': b'-- Detecting C compile features - done\n'}
[1.833306] (litter_bot_gazebo) StdoutLine: {'line': b'-- Detecting CXX compiler ABI info\n'}
[1.902716] (-) TimerEvent: {}
[1.903060] (litter_bot_gazebo) StdoutLine: {'line': b'-- Detecting CXX compiler ABI info - done\n'}
[1.907327] (litter_bot_gazebo) StdoutLine: {'line': b'-- Check for working CXX compiler: /usr/bin/c++ - skipped\n'}
[1.907470] (litter_bot_gazebo) StdoutLine: {'line': b'-- Detecting CXX compile features\n'}
[1.907891] (litter_bot_gazebo) StdoutLine: {'line': b'-- Detecting CXX compile features - done\n'}
[1.909229] (litter_bot_gazebo) StdoutLine: {'line': b'-- Found ament_cmake: 1.3.12 (/opt/ros/humble/share/ament_cmake/cmake)\n'}
[1.989272] (litter_bot_gazebo) StdoutLine: {'line': b'-- Found Python3: /usr/bin/python3 (found version "3.10.12") found components: Interpreter \n'}
[2.002821] (-) TimerEvent: {}
[2.024882] (litter_bot_gazebo) StdoutLine: {'line': b'-- Override CMake install command with custom implementation using symlinks instead of copying resources\n'}
[2.075643] (litter_bot_gazebo) StdoutLine: {'line': b'-- Configuring done\n'}
[2.077098] (litter_bot_gazebo) StdoutLine: {'line': b'-- Generating done\n'}
[2.077696] (litter_bot_gazebo) StdoutLine: {'line': b'-- Build files have been written to: /home/hydria/ws/build/litter_bot_gazebo\n'}
[2.079725] (litter_bot_gazebo) CommandEnded: {'returncode': 0}
[2.079981] (litter_bot_gazebo) JobProgress: {'identifier': 'litter_bot_gazebo', 'progress': 'build'}
[2.080643] (litter_bot_gazebo) Command: {'cmd': ['/usr/bin/cmake', '--build', '/home/hydria/ws/build/litter_bot_gazebo', '--', '-j6', '-l6'], 'cwd': '/home/hydria/ws/build/litter_bot_gazebo', 'env': OrderedDict([('LESSOPEN', '| /usr/bin/lesspipe %s'), ('VSCODE_CWD', '/mnt/c/Program Files/cursor'), ('VSCODE_ESM_ENTRYPOINT', 'vs/workbench/api/node/extensionHostProcess'), ('USER', 'hydria'), ('VSCODE_NLS_CONFIG', '{"userLocale":"en","osLocale":"en","resolvedLanguage":"en","defaultMessagesFile":"/home/hydria/.cursor-server/bin/32cfbe848b35d9eb320980195985450f244b3030/out/nls.messages.json","locale":"en","availableLanguages":{}}'), ('VSCODE_HANDLES_UNCAUGHT_ERRORS', 'true'), ('SHLVL', '0'), ('LD_LIBRARY_PATH', '/usr/lib/x86_64-linux-gnu/gazebo-11/plugins:/opt/ros/humble/opt/rviz_ogre_vendor/lib:/opt/ros/humble/lib/x86_64-linux-gnu:/opt/ros/humble/lib'), ('HOME', '/home/hydria'), ('OLDPWD', '/home/hydria/ws/src'), ('VSCODE_IPC_HOOK_CLI', '/mnt/wslg/runtime-dir/vscode-ipc-946b2eb5-fd13-4868-96f5-db37aa9e5696.sock'), ('ROS_PYTHON_VERSION', '3'), ('NO_COLOR', '1'), ('WSL_DISTRO_NAME', 'Ubuntu-22.04'), ('WAYLAND_DISPLAY', 'wayland-0'), ('VSCODE_L10N_BUNDLE_LOCATION', ''), ('ROS_DISTRO', 'humble'), ('LOGNAME', 'hydria'), ('FORCE_COLOR', '0'), ('NAME', 'DESKTOP-N8VDEIP'), ('WSL_INTEROP', '/run/WSL/9_interop'), ('VSCODE_HANDLES_SIGPIPE', 'true'), ('PULSE_SERVER', 'unix:/mnt/wslg/PulseServer'), ('_', '/usr/bin/colcon'), ('ROS_VERSION', '2'), ('TERM', 'dumb'), ('EVERYSPHERE_RIPGREP_PATH', '/home/hydria/.cursor-server/bin/32cfbe848b35d9eb320980195985450f244b3030/node_modules/@vscode/ripgrep/bin/rg'), ('GAZEBO_MODEL_PATH', '/usr/share/gazebo-11/models:/usr/share/gazebo/models:/opt/ros/humble/share/turtlebot3_gazebo/models:/usr/share/gazebo-11/models:/usr/share/gazebo/models:/opt/ros/humble/share/turtlebot3_gazebo/models:'), ('ROS_LOCALHOST_ONLY', '0'), ('COMPOSER_NO_INTERACTION', '1'), ('PATH', '/home/hydria/.cursor-server/bin/32cfbe848b35d9eb320980195985450f244b3030/bin/remote-cli:/opt/ros/humble/bin:/home/hydria/.cursor-server/bin/32cfbe848b35d9eb320980195985450f244b3030/bin/remote-cli:/usr/local/sbin:/usr/local/bin:/usr/sbin:/usr/bin:/sbin:/bin:/usr/games:/usr/local/games:/usr/lib/wsl/lib:/mnt/c/Windows/system32:/mnt/c/Windows:/mnt/c/Windows/System32/Wbem:/mnt/c/Windows/System32/WindowsPowerShell/v1.0/:/mnt/c/Windows/System32/OpenSSH/:/mnt/c/Program Files/Docker/Docker/resources/bin:/mnt/c/Program Files/Microsoft SQL Server/150/Tools/Binn/:/mnt/c/Program Files/dotnet/:/mnt/c/Program Files/Git/cmd:/mnt/c/ProgramData/chocolatey/bin:/mnt/c/wamp64/bin/mysql/mysql9.1.0/bin:/mnt/c/Program Files/cursor/resources/app/bin:/mnt/c/Users/Emre/AppData/Local/Programs/Python/Python312/Scripts/:/mnt/c/Users/Emre/AppData/Local/Programs/Python/Python312/:/mnt/c/Users/Emre/AppData/Local/Microsoft/WindowsApps:/mnt/c/Program Files/JetBrains/PyCharm 2024.1.4/bin:/mnt/c/Users/Emre/Microsoft VS Code/bin:/mnt/c/msys64/ucrt64/bin:/mnt/c/Users/Emre/.dotnet/tools:/mnt/c/tools/neovim/nvim-win64/bin:/mnt/c/Program Files/Inkscape/bin:/mnt/c/Program Files/JetBrains/DataGrip 2025.2.4/bin:/mnt/c/Program Files/PsychoPy:/mnt/c/Program Files/PsychoPy/DLLs:/mnt/c/Program 豆ムעٸkָk:/mnt/c/Users/Emre/AppData/Local/Programs/Antigravity/bin:/mnt/c/Users/Emre/AppData/Local/GitHubDesktop/bin:/snap/bin'), ('XDG_RUNTIME_DIR', '/mnt/wslg/runtime-dir'), ('CURSOR_AGENT', '1'), ('DISPLAY', ':0'), ('LANG', 'en_US.UTF-8'), ('LS_COLORS', ''), ('AMENT_PREFIX_PATH', '/home/hydria/ws/install/litter_bot_description:/opt/ros/humble'), ('SHELL', '/bin/bash'), ('LESSCLOSE', '/usr/bin/lesspipe %s %s'), ('PWD', '/home/hydria/ws/build/litter_bot_gazebo'), ('TURTLEBOT3_MODEL', 'waffle'), ('XDG_DATA_DIRS', '/usr/local/share:/usr/share:/var/lib/snapd/desktop'), ('PYTHONPATH', '/opt/ros/humble/lib/python3.10/site-packages:/opt/ros/humble/local/lib/python3.10/dist-packages'), ('COLCON', '1'), ('_ZO_DOCTOR', '0'), ('WSL2_GUI_APPS_ENABLED', '1'), ('HOSTTYPE', 'x86_64'), ('WSLENV', ''), ('CMAKE_PREFIX_PATH', '/home/hydria/ws/install/litter_bot_description:/opt/ros/humble')]), 'shell': False}
[2.096309] (litter_bot_gazebo) CommandEnded: {'returncode': 0}
[2.097121] (litter_bot_gazebo) JobProgress: {'identifier': 'litter_bot_gazebo', 'progress': 'install'}
[2.097162] (litter_bot_gazebo) Command: {'cmd': ['/usr/bin/cmake', '--install', '/home/hydria/ws/build/litter_bot_gazebo'], 'cwd': '/home/hydria/ws/build/litter_bot_gazebo', 'env': OrderedDict([('LESSOPEN', '| /usr/bin/lesspipe %s'), ('VSCODE_CWD', '/mnt/c/Program Files/cursor'), ('VSCODE_ESM_ENTRYPOINT', 'vs/workbench/api/node/extensionHostProcess'), ('USER', 'hydria'), ('VSCODE_NLS_CONFIG', '{"userLocale":"en","osLocale":"en","resolvedLanguage":"en","defaultMessagesFile":"/home/hydria/.cursor-server/bin/32cfbe848b35d9eb320980195985450f244b3030/out/nls.messages.json","locale":"en","availableLanguages":{}}'), ('VSCODE_HANDLES_UNCAUGHT_ERRORS', 'true'), ('SHLVL', '0'), ('LD_LIBRARY_PATH', '/usr/lib/x86_64-linux-gnu/gazebo-11/plugins:/opt/ros/humble/opt/rviz_ogre_vendor/lib:/opt/ros/humble/lib/x86_64-linux-gnu:/opt/ros/humble/lib'), ('HOME', '/home/hydria'), ('OLDPWD', '/home/hydria/ws/src'), ('VSCODE_IPC_HOOK_CLI', '/mnt/wslg/runtime-dir/vscode-ipc-946b2eb5-fd13-4868-96f5-db37aa9e5696.sock'), ('ROS_PYTHON_VERSION', '3'), ('NO_COLOR', '1'), ('WSL_DISTRO_NAME', 'Ubuntu-22.04'), ('WAYLAND_DISPLAY', 'wayland-0'), ('VSCODE_L10N_BUNDLE_LOCATION', ''), ('ROS_DISTRO', 'humble'), ('LOGNAME', 'hydria'), ('FORCE_COLOR', '0'), ('NAME', 'DESKTOP-N8VDEIP'), ('WSL_INTEROP', '/run/WSL/9_interop'), ('VSCODE_HANDLES_SIGPIPE', 'true'), ('PULSE_SERVER', 'unix:/mnt/wslg/PulseServer'), ('_', '/usr/bin/colcon'), ('ROS_VERSION', '2'), ('TERM', 'dumb'), ('EVERYSPHERE_RIPGREP_PATH', '/home/hydria/.cursor-server/bin/32cfbe848b35d9eb320980195985450f244b3030/node_modules/@vscode/ripgrep/bin/rg'), ('GAZEBO_MODEL_PATH', '/usr/share/gazebo-11/models:/usr/share/gazebo/models:/opt/ros/humble/share/turtlebot3_gazebo/models:/usr/share/gazebo-11/models:/usr/share/gazebo/models:/opt/ros/humble/share/turtlebot3_gazebo/models:'), ('ROS_LOCALHOST_ONLY', '0'), ('COMPOSER_NO_INTERACTION', '1'), ('PATH', '/home/hydria/.cursor-server/bin/32cfbe848b35d9eb320980195985450f244b3030/bin/remote-cli:/opt/ros/humble/bin:/home/hydria/.cursor-server/bin/32cfbe848b35d9eb320980195985450f244b3030/bin/remote-cli:/usr/local/sbin:/usr/local/bin:/usr/sbin:/usr/bin:/sbin:/bin:/usr/games:/usr/local/games:/usr/lib/wsl/lib:/mnt/c/Windows/system32:/mnt/c/Windows:/mnt/c/Windows/System32/Wbem:/mnt/c/Windows/System32/WindowsPowerShell/v1.0/:/mnt/c/Windows/System32/OpenSSH/:/mnt/c/Program Files/Docker/Docker/resources/bin:/mnt/c/Program Files/Microsoft SQL Server/150/Tools/Binn/:/mnt/c/Program Files/dotnet/:/mnt/c/Program Files/Git/cmd:/mnt/c/ProgramData/chocolatey/bin:/mnt/c/wamp64/bin/mysql/mysql9.1.0/bin:/mnt/c/Program Files/cursor/resources/app/bin:/mnt/c/Users/Emre/AppData/Local/Programs/Python/Python312/Scripts/:/mnt/c/Users/Emre/AppData/Local/Programs/Python/Python312/:/mnt/c/Users/Emre/AppData/Local/Microsoft/WindowsApps:/mnt/c/Program Files/JetBrains/PyCharm 2024.1.4/bin:/mnt/c/Users/Emre/Microsoft VS Code/bin:/mnt/c/msys64/ucrt64/bin:/mnt/c/Users/Emre/.dotnet/tools:/mnt/c/tools/neovim/nvim-win64/bin:/mnt/c/Program Files/Inkscape/bin:/mnt/c/Program Files/JetBrains/DataGrip 2025.2.4/bin:/mnt/c/Program Files/PsychoPy:/mnt/c/Program Files/PsychoPy/DLLs:/mnt/c/Program 豆ムעٸkָk:/mnt/c/Users/Emre/AppData/Local/Programs/Antigravity/bin:/mnt/c/Users/Emre/AppData/Local/GitHubDesktop/bin:/snap/bin'), ('XDG_RUNTIME_DIR', '/mnt/wslg/runtime-dir'), ('CURSOR_AGENT', '1'), ('DISPLAY', ':0'), ('LANG', 'en_US.UTF-8'), ('LS_COLORS', ''), ('AMENT_PREFIX_PATH', '/home/hydria/ws/install/litter_bot_description:/opt/ros/humble'), ('SHELL', '/bin/bash'), ('LESSCLOSE', '/usr/bin/lesspipe %s %s'), ('PWD', '/home/hydria/ws/build/litter_bot_gazebo'), ('TURTLEBOT3_MODEL', 'waffle'), ('XDG_DATA_DIRS', '/usr/local/share:/usr/share:/var/lib/snapd/desktop'), ('PYTHONPATH', '/opt/ros/humble/lib/python3.10/site-packages:/opt/ros/humble/local/lib/python3.10/dist-packages'), ('COLCON', '1'), ('_ZO_DOCTOR', '0'), ('WSL2_GUI_APPS_ENABLED', '1'), ('HOSTTYPE', 'x86_64'), ('WSLENV', ''), ('CMAKE_PREFIX_PATH', '/home/hydria/ws/install/litter_bot_description:/opt/ros/humble')]), 'shell': False}
[2.100707] (litter_bot_gazebo) StdoutLine: {'line': b'-- Install configuration: ""\n'}
[2.101014] (litter_bot_gazebo) StdoutLine: {'line': b'-- Execute custom install script\n'}
[2.101660] (litter_bot_gazebo) StdoutLine: {'line': b'-- Symlinking: /home/hydria/ws/install/litter_bot_gazebo/share/litter_bot_gazebo/worlds/med_cim.world\n'}
[2.102942] (-) TimerEvent: {}
[2.105545] (litter_bot_gazebo) StdoutLine: {'line': b'-- Symlinking: /home/hydria/ws/install/litter_bot_gazebo/share/litter_bot_gazebo/launch/simulation.launch.py\n'}
[2.109510] (litter_bot_gazebo) StdoutLine: {'line': b'-- Symlinking: /home/hydria/ws/install/litter_bot_gazebo/share/ament_index/resource_index/package_run_dependencies/litter_bot_gazebo\n'}
[2.112967] (litter_bot_gazebo) StdoutLine: {'line': b'-- Symlinking: /home/hydria/ws/install/litter_bot_gazebo/share/ament_index/resource_index/parent_prefix_path/litter_bot_gazebo\n'}
[2.117357] (litter_bot_gazebo) StdoutLine: {'line': b'-- Symlinking: /home/hydria/ws/install/litter_bot_gazebo/share/litter_bot_gazebo/environment/ament_prefix_path.sh\n'}
[2.121129] (litter_bot_gazebo) StdoutLine: {'line': b'-- Symlinking: /home/hydria/ws/install/litter_bot_gazebo/share/litter_bot_gazebo/environment/ament_prefix_path.dsv\n'}
[2.124528] (litter_bot_gazebo) StdoutLine: {'line': b'-- Symlinking: /home/hydria/ws/install/litter_bot_gazebo/share/litter_bot_gazebo/environment/path.sh\n'}
[2.127796] (litter_bot_gazebo) StdoutLine: {'line': b'-- Symlinking: /home/hydria/ws/install/litter_bot_gazebo/share/litter_bot_gazebo/environment/path.dsv\n'}
[2.131300] (litter_bot_gazebo) StdoutLine: {'line': b'-- Symlinking: /home/hydria/ws/install/litter_bot_gazebo/share/litter_bot_gazebo/local_setup.bash\n'}
[2.135750] (litter_bot_gazebo) StdoutLine: {'line': b'-- Symlinking: /home/hydria/ws/install/litter_bot_gazebo/share/litter_bot_gazebo/local_setup.sh\n'}
[2.139311] (litter_bot_gazebo) StdoutLine: {'line': b'-- Symlinking: /home/hydria/ws/install/litter_bot_gazebo/share/litter_bot_gazebo/local_setup.zsh\n'}
[2.142909] (litter_bot_gazebo) StdoutLine: {'line': b'-- Symlinking: /home/hydria/ws/install/litter_bot_gazebo/share/litter_bot_gazebo/local_setup.dsv\n'}
[2.146468] (litter_bot_gazebo) StdoutLine: {'line': b'-- Symlinking: /home/hydria/ws/install/litter_bot_gazebo/share/litter_bot_gazebo/package.dsv\n'}
[2.150683] (litter_bot_gazebo) StdoutLine: {'line': b'-- Symlinking: /home/hydria/ws/install/litter_bot_gazebo/share/ament_index/resource_index/packages/litter_bot_gazebo\n'}
[2.154378] (litter_bot_gazebo) StdoutLine: {'line': b'-- Symlinking: /home/hydria/ws/install/litter_bot_gazebo/share/litter_bot_gazebo/cmake/litter_bot_gazeboConfig.cmake\n'}
[2.157695] (litter_bot_gazebo) StdoutLine: {'line': b'-- Symlinking: /home/hydria/ws/install/litter_bot_gazebo/share/litter_bot_gazebo/cmake/litter_bot_gazeboConfig-version.cmake\n'}
[2.161050] (litter_bot_gazebo) StdoutLine: {'line': b'-- Symlinking: /home/hydria/ws/install/litter_bot_gazebo/share/litter_bot_gazebo/package.xml\n'}
[2.165544] (litter_bot_gazebo) CommandEnded: {'returncode': 0}
[2.172603] (litter_bot_gazebo) JobEnded: {'identifier': 'litter_bot_gazebo', 'rc': 0}
[2.173020] (-) EventReactorShutdown: {}
