running develop
running egg_info
creating litter_bot_manipulation.egg-info
writing litter_bot_manipulation.egg-info/PKG-INFO
writing dependency_links to litter_bot_manipulation.egg-info/dependency_links.txt
writing entry points to litter_bot_manipulation.egg-info/entry_points.txt
writing requirements to litter_bot_manipulation.egg-info/requires.txt
writing top-level names to litter_bot_manipulation.egg-info/top_level.txt
writing manifest file 'litter_bot_manipulation.egg-info/SOURCES.txt'
reading manifest file 'litter_bot_manipulation.egg-info/SOURCES.txt'
writing manifest file 'litter_bot_manipulation.egg-info/SOURCES.txt'
running build_ext
Creating /home/hydria/ws/install/litter_bot_manipulation/lib/python3.10/site-packages/litter-bot-manipulation.egg-link (link to .)
Installing gripper_controller script to /home/hydria/ws/install/litter_bot_manipulation/lib/litter_bot_manipulation
Installing manipulation_node script to /home/hydria/ws/install/litter_bot_manipulation/lib/litter_bot_manipulation

Installed /home/hydria/ws/build/litter_bot_manipulation
running symlink_data
creating /home/hydria/ws/install/litter_bot_manipulation/share/ament_index
creating /home/hydria/ws/install/litter_bot_manipulation/share/ament_index/resource_index
creating /home/hydria/ws/install/litter_bot_manipulation/share/ament_index/resource_index/packages
symbolically linking /home/hydria/ws/build/litter_bot_manipulation/resource/litter_bot_manipulation -> /home/hydria/ws/install/litter_bot_manipulation/share/ament_index/resource_index/packages
symbolically linking /home/hydria/ws/build/litter_bot_manipulation/package.xml -> /home/hydria/ws/install/litter_bot_manipulation/share/litter_bot_manipulation
creating /home/hydria/ws/install/litter_bot_manipulation/share/litter_bot_manipulation/launch
symbolically linking /home/hydria/ws/build/litter_bot_manipulation/launch/manipulation.launch.py -> /home/hydria/ws/install/litter_bot_manipulation/share/litter_bot_manipulation/launch
creating /home/hydria/ws/install/litter_bot_manipulation/share/litter_bot_manipulation/config
symbolically linking /home/hydria/ws/build/litter_bot_manipulation/config/moveit_config.yaml -> /home/hydria/ws/install/litter_bot_manipulation/share/litter_bot_manipulation/config
symbolically linking /home/hydria/ws/build/litter_bot_manipulation/config/arm_controller.yaml -> /home/hydria/ws/install/litter_bot_manipulation/share/litter_bot_manipulation/config
