[0.021s] Invoking command in '/home/hydria/ws/build/litter_bot_description': CMAKE_PREFIX_PATH=/opt/ros/humble /usr/bin/cmake --build /home/hydria/ws/build/litter_bot_description -- -j6 -l6
[0.546s] -- Found ament_cmake: 1.3.12 (/opt/ros/humble/share/ament_cmake/cmake)
[0.547s] -- Override CMake install command with custom implementation using symlinks instead of copying resources
[0.547s] -- Configuring done
[0.547s] -- Generating done
[0.547s] -- Build files have been written to: /home/hydria/ws/build/litter_bot_description
[0.548s] Invoked command in '/home/hydria/ws/build/litter_bot_description' returned '0': CMAKE_PREFIX_PATH=/opt/ros/humble /usr/bin/cmake --build /home/hydria/ws/build/litter_bot_description -- -j6 -l6
[0.553s] Invoking command in '/home/hydria/ws/build/litter_bot_description': CMAKE_PREFIX_PATH=/opt/ros/humble /usr/bin/cmake --install /home/hydria/ws/build/litter_bot_description
[0.561s] -- Install configuration: ""
[0.561s] -- Execute custom install script
[0.561s] -- Up-to-date symlink: /home/hydria/ws/install/litter_bot_description/share/litter_bot_description/urdf/robot.urdf.xacro
[0.561s] -- Up-to-date symlink: /home/hydria/ws/install/litter_bot_description/share/litter_bot_description/launch/display.launch.py
[0.561s] -- Up-to-date symlink: /home/hydria/ws/install/litter_bot_description/share/litter_bot_description/rviz/display.rviz
[0.561s] -- Up-to-date symlink: /home/hydria/ws/install/litter_bot_description/share/ament_index/resource_index/package_run_dependencies/litter_bot_description
[0.561s] -- Up-to-date symlink: /home/hydria/ws/install/litter_bot_description/share/ament_index/resource_index/parent_prefix_path/litter_bot_description
[0.561s] -- Up-to-date symlink: /home/hydria/ws/install/litter_bot_description/share/litter_bot_description/environment/ament_prefix_path.sh
[0.562s] -- Up-to-date symlink: /home/hydria/ws/install/litter_bot_description/share/litter_bot_description/environment/ament_prefix_path.dsv
[0.562s] -- Up-to-date symlink: /home/hydria/ws/install/litter_bot_description/share/litter_bot_description/environment/path.sh
[0.562s] -- Up-to-date symlink: /home/hydria/ws/install/litter_bot_description/share/litter_bot_description/environment/path.dsv
[0.562s] -- Up-to-date symlink: /home/hydria/ws/install/litter_bot_description/share/litter_bot_description/local_setup.bash
[0.563s] -- Up-to-date symlink: /home/hydria/ws/install/litter_bot_description/share/litter_bot_description/local_setup.sh
[0.563s] -- Up-to-date symlink: /home/hydria/ws/install/litter_bot_description/share/litter_bot_description/local_setup.zsh
[0.564s] -- Up-to-date symlink: /home/hydria/ws/install/litter_bot_description/share/litter_bot_description/local_setup.dsv
[0.564s] -- Symlinking: /home/hydria/ws/install/litter_bot_description/share/litter_bot_description/package.dsv
[0.570s] -- Up-to-date symlink: /home/hydria/ws/install/litter_bot_description/share/ament_index/resource_index/packages/litter_bot_description
[0.571s] -- Up-to-date symlink: /home/hydria/ws/install/litter_bot_description/share/litter_bot_description/cmake/litter_bot_descriptionConfig.cmake
[0.572s] -- Up-to-date symlink: /home/hydria/ws/install/litter_bot_description/share/litter_bot_description/cmake/litter_bot_descriptionConfig-version.cmake
[0.572s] -- Up-to-date symlink: /home/hydria/ws/install/litter_bot_description/share/litter_bot_description/package.xml
[0.573s] Invoked command in '/home/hydria/ws/build/litter_bot_description' returned '0': CMAKE_PREFIX_PATH=/opt/ros/humble /usr/bin/cmake --install /home/hydria/ws/build/litter_bot_description
