[0.000000] (-) TimerEvent: {}
[0.000096] (-) JobUnselected: {'identifier': 'litter_bot'}
[0.000123] (-) JobUnselected: {'identifier': 'litter_bot_bringup'}
[0.000137] (-) JobUnselected: {'identifier': 'litter_bot_description'}
[0.000149] (-) JobUnselected: {'identifier': 'litter_bot_gazebo'}
[0.000159] (-) JobUnselected: {'identifier': 'litter_bot_perception'}
[0.000175] (litter_bot_manipulation) JobQueued: {'identifier': 'litter_bot_manipulation', 'dependencies': OrderedDict()}
[0.000191] (litter_bot_navigation) JobQueued: {'identifier': 'litter_bot_navigation', 'dependencies': OrderedDict()}
[0.000204] (litter_bot_manipulation) JobStarted: {'identifier': 'litter_bot_manipulation'}
[0.007020] (litter_bot_navigation) JobStarted: {'identifier': 'litter_bot_navigation'}
[0.081009] (-) TimerEvent: {}
[0.181354] (-) TimerEvent: {}
[0.281585] (-) TimerEvent: {}
[0.381776] (-) TimerEvent: {}
[0.482041] (-) TimerEvent: {}
[0.582287] (-) TimerEvent: {}
[0.682482] (-) TimerEvent: {}
[0.782940] (-) TimerEvent: {}
[0.883137] (-) TimerEvent: {}
[0.983348] (-) TimerEvent: {}
[1.084828] (-) TimerEvent: {}
[1.185015] (-) TimerEvent: {}
[1.285229] (-) TimerEvent: {}
[1.385424] (-) TimerEvent: {}
[1.485608] (-) TimerEvent: {}
[1.585852] (-) TimerEvent: {}
[1.692981] (-) TimerEvent: {}
[1.783626] (litter_bot_manipulation) Command: {'cmd': ['/usr/bin/python3', '-W', 'ignore:setup.py install is deprecated', '-W', 'ignore:easy_install command is deprecated', 'setup.py', 'develop', '--editable', '--build-directory', '/home/hydria/ws/build/litter_bot_manipulation/build', '--no-deps', 'symlink_data'], 'cwd': '/home/hydria/ws/build/litter_bot_manipulation', 'env': {'LESSOPEN': '| /usr/bin/lesspipe %s', 'VSCODE_CWD': '/mnt/c/Program Files/cursor', 'VSCODE_ESM_ENTRYPOINT': 'vs/workbench/api/node/extensionHostProcess', 'USER': 'hydria', 'VSCODE_NLS_CONFIG': '{"userLocale":"en","osLocale":"en","resolvedLanguage":"en","defaultMessagesFile":"/home/hydria/.cursor-server/bin/32cfbe848b35d9eb320980195985450f244b3030/out/nls.messages.json","locale":"en","availableLanguages":{}}', 'VSCODE_HANDLES_UNCAUGHT_ERRORS': 'true', 'SHLVL': '0', 'LD_LIBRARY_PATH': '/usr/lib/x86_64-linux-gnu/gazebo-11/plugins:/opt/ros/humble/opt/rviz_ogre_vendor/lib:/opt/ros/humble/lib/x86_64-linux-gnu:/opt/ros/humble/lib', 'HOME': '/home/hydria', 'OLDPWD': '/home/hydria/ws', 'VSCODE_IPC_HOOK_CLI': '/mnt/wslg/runtime-dir/vscode-ipc-946b2eb5-fd13-4868-96f5-db37aa9e5696.sock', 'ROS_PYTHON_VERSION': '3', 'NO_COLOR': '1', 'WSL_DISTRO_NAME': 'Ubuntu-22.04', 'WAYLAND_DISPLAY': 'wayland-0', 'VSCODE_L10N_BUNDLE_LOCATION': '', 'COLCON_PREFIX_PATH': '/home/hydria/ws/install', 'ROS_DISTRO': 'humble', 'LOGNAME': 'hydria', 'FORCE_COLOR': '0', 'NAME': 'DESKTOP-N8VDEIP', 'WSL_INTEROP': '/run/WSL/9_interop', 'VSCODE_HANDLES_SIGPIPE': 'true', 'PULSE_SERVER': 'unix:/mnt/wslg/PulseServer', '_': '/usr/bin/colcon', 'ROS_VERSION': '2', 'TERM': 'dumb', 'EVERYSPHERE_RIPGREP_PATH': '/home/hydria/.cursor-server/bin/32cfbe848b35d9eb320980195985450f244b3030/node_modules/@vscode/ripgrep/bin/rg', 'GAZEBO_MODEL_PATH': '/usr/share/gazebo-11/models:/usr/share/gazebo/models:/opt/ros/humble/share/turtlebot3_gazebo/models:/usr/share/gazebo-11/models:/usr/share/gazebo/models:/opt/ros/humble/share/turtlebot3_gazebo/models:', 'ROS_LOCALHOST_ONLY': '0', 'COMPOSER_NO_INTERACTION': '1', 'PATH': '/home/hydria/.cursor-server/bin/32cfbe848b35d9eb320980195985450f244b3030/bin/remote-cli:/opt/ros/humble/bin:/home/hydria/.cursor-server/bin/32cfbe848b35d9eb320980195985450f244b3030/bin/remote-cli:/usr/local/sbin:/usr/local/bin:/usr/sbin:/usr/bin:/sbin:/bin:/usr/games:/usr/local/games:/usr/lib/wsl/lib:/mnt/c/Windows/system32:/mnt/c/Windows:/mnt/c/Windows/System32/Wbem:/mnt/c/Windows/System32/WindowsPowerShell/v1.0/:/mnt/c/Windows/System32/OpenSSH/:/mnt/c/Program Files/Docker/Docker/resources/bin:/mnt/c/Program Files/Microsoft SQL Server/150/Tools/Binn/:/mnt/c/Program Files/dotnet/:/mnt/c/Program Files/Git/cmd:/mnt/c/ProgramData/chocolatey/bin:/mnt/c/wamp64/bin/mysql/mysql9.1.0/bin:/mnt/c/Program Files/cursor/resources/app/bin:/mnt/c/Users/Emre/AppData/Local/Programs/Python/Python312/Scripts/:/mnt/c/Users/Emre/AppData/Local/Programs/Python/Python312/:/mnt/c/Users/Emre/AppData/Local/Microsoft/WindowsApps:/mnt/c/Program Files/JetBrains/PyCharm 2024.1.4/bin:/mnt/c/Users/Emre/Microsoft VS Code/bin:/mnt/c/msys64/ucrt64/bin:/mnt/c/Users/Emre/.dotnet/tools:/mnt/c/tools/neovim/nvim-win64/bin:/mnt/c/Program Files/Inkscape/bin:/mnt/c/Program Files/JetBrains/DataGrip 2025.2.4/bin:/mnt/c/Program Files/PsychoPy:/mnt/c/Program Files/PsychoPy/DLLs:/mnt/c/Program 豆ムעٸkָk:/mnt/c/Users/Emre/AppData/Local/Programs/Antigravity/bin:/mnt/c/Users/Emre/AppData/Local/GitHubDesktop/bin:/snap/bin', 'XDG_RUNTIME_DIR': '/mnt/wslg/runtime-dir', 'CURSOR_AGENT': '1', 'DISPLAY': ':0', 'LANG': 'en_US.UTF-8', 'LS_COLORS': '', 'AMENT_PREFIX_PATH': '/home/hydria/ws/install/litter_bot_bringup:/home/hydria/ws/install/litter_bot_perception:/home/hydria/ws/install/litter_bot_navigation:/home/hydria/ws/install/litter_bot_manipulation:/home/hydria/ws/install/litter_bot_gazebo:/home/hydria/ws/install/litter_bot_description:/home/hydria/ws/install/litter_bot:/opt/ros/humble', 'SHELL': '/bin/bash', 'LESSCLOSE': '/usr/bin/lesspipe %s %s', 'PWD': '/home/hydria/ws/build/litter_bot_manipulation', 'TURTLEBOT3_MODEL': 'waffle', 'XDG_DATA_DIRS': '/usr/local/share:/usr/share:/var/lib/snapd/desktop', 'PYTHONPATH': '/home/hydria/ws/build/litter_bot_manipulation/prefix_override:/usr/lib/python3/dist-packages/colcon_core/task/python/colcon_distutils_commands:/home/hydria/ws/install/litter_bot_manipulation/lib/python3.10/site-packages:/home/hydria/ws/build/litter_bot_perception:/home/hydria/ws/install/litter_bot_perception/lib/python3.10/site-packages:/home/hydria/ws/build/litter_bot_navigation:/home/hydria/ws/install/litter_bot_navigation/lib/python3.10/site-packages:/home/hydria/ws/build/litter_bot_manipulation:/home/hydria/ws/install/litter_bot_manipulation/lib/python3.10/site-packages:/home/hydria/ws/build/litter_bot:/home/hydria/ws/install/litter_bot/lib/python3.10/site-packages:/opt/ros/humble/lib/python3.10/site-packages:/opt/ros/humble/local/lib/python3.10/dist-packages', 'COLCON': '1', '_ZO_DOCTOR': '0', 'WSL2_GUI_APPS_ENABLED': '1', 'HOSTTYPE': 'x86_64', 'CMAKE_PREFIX_PATH': '/home/hydria/ws/install/litter_bot_bringup:/home/hydria/ws/install/litter_bot_gazebo:/home/hydria/ws/install/litter_bot_description', 'WSLENV': ''}, 'shell': False}
[1.794519] (-) TimerEvent: {}
[1.894716] (-) TimerEvent: {}
[1.953434] (litter_bot_navigation) Command: {'cmd': ['/usr/bin/python3', '-W', 'ignore:setup.py install is deprecated', '-W', 'ignore:easy_install command is deprecated', 'setup.py', 'develop', '--editable', '--build-directory', '/home/hydria/ws/build/litter_bot_navigation/build', '--no-deps', 'symlink_data'], 'cwd': '/home/hydria/ws/build/litter_bot_navigation', 'env': {'LESSOPEN': '| /usr/bin/lesspipe %s', 'VSCODE_CWD': '/mnt/c/Program Files/cursor', 'VSCODE_ESM_ENTRYPOINT': 'vs/workbench/api/node/extensionHostProcess', 'USER': 'hydria', 'VSCODE_NLS_CONFIG': '{"userLocale":"en","osLocale":"en","resolvedLanguage":"en","defaultMessagesFile":"/home/hydria/.cursor-server/bin/32cfbe848b35d9eb320980195985450f244b3030/out/nls.messages.json","locale":"en","availableLanguages":{}}', 'VSCODE_HANDLES_UNCAUGHT_ERRORS': 'true', 'SHLVL': '0', 'LD_LIBRARY_PATH': '/usr/lib/x86_64-linux-gnu/gazebo-11/plugins:/opt/ros/humble/opt/rviz_ogre_vendor/lib:/opt/ros/humble/lib/x86_64-linux-gnu:/opt/ros/humble/lib', 'HOME': '/home/hydria', 'OLDPWD': '/home/hydria/ws', 'VSCODE_IPC_HOOK_CLI': '/mnt/wslg/runtime-dir/vscode-ipc-946b2eb5-fd13-4868-96f5-db37aa9e5696.sock', 'ROS_PYTHON_VERSION': '3', 'NO_COLOR': '1', 'WSL_DISTRO_NAME': 'Ubuntu-22.04', 'WAYLAND_DISPLAY': 'wayland-0', 'VSCODE_L10N_BUNDLE_LOCATION': '', 'COLCON_PREFIX_PATH': '/home/hydria/ws/install', 'ROS_DISTRO': 'humble', 'LOGNAME': 'hydria', 'FORCE_COLOR': '0', 'NAME': 'DESKTOP-N8VDEIP', 'WSL_INTEROP': '/run/WSL/9_interop', 'VSCODE_HANDLES_SIGPIPE': 'true', 'PULSE_SERVER': 'unix:/mnt/wslg/PulseServer', '_': '/usr/bin/colcon', 'ROS_VERSION': '2', 'TERM': 'dumb', 'EVERYSPHERE_RIPGREP_PATH': '/home/hydria/.cursor-server/bin/32cfbe848b35d9eb320980195985450f244b3030/node_modules/@vscode/ripgrep/bin/rg', 'GAZEBO_MODEL_PATH': '/usr/share/gazebo-11/models:/usr/share/gazebo/models:/opt/ros/humble/share/turtlebot3_gazebo/models:/usr/share/gazebo-11/models:/usr/share/gazebo/models:/opt/ros/humble/share/turtlebot3_gazebo/models:', 'ROS_LOCALHOST_ONLY': '0', 'COMPOSER_NO_INTERACTION': '1', 'PATH': '/home/hydria/.cursor-server/bin/32cfbe848b35d9eb320980195985450f244b3030/bin/remote-cli:/opt/ros/humble/bin:/home/hydria/.cursor-server/bin/32cfbe848b35d9eb320980195985450f244b3030/bin/remote-cli:/usr/local/sbin:/usr/local/bin:/usr/sbin:/usr/bin:/sbin:/bin:/usr/games:/usr/local/games:/usr/lib/wsl/lib:/mnt/c/Windows/system32:/mnt/c/Windows:/mnt/c/Windows/System32/Wbem:/mnt/c/Windows/System32/WindowsPowerShell/v1.0/:/mnt/c/Windows/System32/OpenSSH/:/mnt/c/Program Files/Docker/Docker/resources/bin:/mnt/c/Program Files/Microsoft SQL Server/150/Tools/Binn/:/mnt/c/Program Files/dotnet/:/mnt/c/Program Files/Git/cmd:/mnt/c/ProgramData/chocolatey/bin:/mnt/c/wamp64/bin/mysql/mysql9.1.0/bin:/mnt/c/Program Files/cursor/resources/app/bin:/mnt/c/Users/Emre/AppData/Local/Programs/Python/Python312/Scripts/:/mnt/c/Users/Emre/AppData/Local/Programs/Python/Python312/:/mnt/c/Users/Emre/AppData/Local/Microsoft/WindowsApps:/mnt/c/Program Files/JetBrains/PyCharm 2024.1.4/bin:/mnt/c/Users/Emre/Microsoft VS Code/bin:/mnt/c/msys64/ucrt64/bin:/mnt/c/Users/Emre/.dotnet/tools:/mnt/c/tools/neovim/nvim-win64/bin:/mnt/c/Program Files/Inkscape/bin:/mnt/c/Program Files/JetBrains/DataGrip 2025.2.4/bin:/mnt/c/Program Files/PsychoPy:/mnt/c/Program Files/PsychoPy/DLLs:/mnt/c/Program 豆ムעٸkָk:/mnt/c/Users/Emre/AppData/Local/Programs/Antigravity/bin:/mnt/c/Users/Emre/AppData/Local/GitHubDesktop/bin:/snap/bin', 'XDG_RUNTIME_DIR': '/mnt/wslg/runtime-dir', 'CURSOR_AGENT': '1', 'DISPLAY': ':0', 'LANG': 'en_US.UTF-8', 'LS_COLORS': '', 'AMENT_PREFIX_PATH': '/home/hydria/ws/install/litter_bot_bringup:/home/hydria/ws/install/litter_bot_perception:/home/hydria/ws/install/litter_bot_navigation:/home/hydria/ws/install/litter_bot_manipulation:/home/hydria/ws/install/litter_bot_gazebo:/home/hydria/ws/install/litter_bot_description:/home/hydria/ws/install/litter_bot:/opt/ros/humble', 'SHELL': '/bin/bash', 'LESSCLOSE': '/usr/bin/lesspipe %s %s', 'PWD': '/home/hydria/ws/build/litter_bot_navigation', 'TURTLEBOT3_MODEL': 'waffle', 'XDG_DATA_DIRS': '/usr/local/share:/usr/share:/var/lib/snapd/desktop', 'PYTHONPATH': '/home/hydria/ws/build/litter_bot_navigation/prefix_override:/usr/lib/python3/dist-packages/colcon_core/task/python/colcon_distutils_commands:/home/hydria/ws/install/litter_bot_navigation/lib/python3.10/site-packages:/home/hydria/ws/build/litter_bot_perception:/home/hydria/ws/install/litter_bot_perception/lib/python3.10/site-packages:/home/hydria/ws/build/litter_bot_navigation:/home/hydria/ws/install/litter_bot_navigation/lib/python3.10/site-packages:/home/hydria/ws/build/litter_bot_manipulation:/home/hydria/ws/install/litter_bot_manipulation/lib/python3.10/site-packages:/home/hydria/ws/build/litter_bot:/home/hydria/ws/install/litter_bot/lib/python3.10/site-packages:/opt/ros/humble/lib/python3.10/site-packages:/opt/ros/humble/local/lib/python3.10/dist-packages', 'COLCON': '1', '_ZO_DOCTOR': '0', 'WSL2_GUI_APPS_ENABLED': '1', 'HOSTTYPE': 'x86_64', 'CMAKE_PREFIX_PATH': '/home/hydria/ws/install/litter_bot_bringup:/home/hydria/ws/install/litter_bot_gazebo:/home/hydria/ws/install/litter_bot_description', 'WSLENV': ''}, 'shell': False}
[1.995458] (-) TimerEvent: {}
[2.095791] (-) TimerEvent: {}
[2.196107] (-) TimerEvent: {}
[2.273211] (litter_bot_manipulation) StdoutLine: {'line': b'running develop\n'}
[2.304592] (-) TimerEvent: {}
[2.404794] (-) TimerEvent: {}
[2.504999] (-) TimerEvent: {}
[2.605202] (-) TimerEvent: {}
[2.699495] (litter_bot_manipulation) StdoutLine: {'line': b'running egg_info\n'}
[2.700364] (litter_bot_manipulation) StdoutLine: {'line': b'writing litter_bot_manipulation.egg-info/PKG-INFO\n'}
[2.700624] (litter_bot_manipulation) StdoutLine: {'line': b'writing dependency_links to litter_bot_manipulation.egg-info/dependency_links.txt\n'}
[2.700740] (litter_bot_manipulation) StdoutLine: {'line': b'writing entry points to litter_bot_manipulation.egg-info/entry_points.txt\n'}
[2.700883] (litter_bot_manipulation) StdoutLine: {'line': b'writing requirements to litter_bot_manipulation.egg-info/requires.txt\n'}
[2.701148] (litter_bot_manipulation) StdoutLine: {'line': b'writing top-level names to litter_bot_manipulation.egg-info/top_level.txt\n'}
[2.704018] (litter_bot_manipulation) StdoutLine: {'line': b"reading manifest file 'litter_bot_manipulation.egg-info/SOURCES.txt'\n"}
[2.710410] (litter_bot_manipulation) StdoutLine: {'line': b"writing manifest file 'litter_bot_manipulation.egg-info/SOURCES.txt'\n"}
[2.710552] (-) TimerEvent: {}
[2.711087] (litter_bot_manipulation) StdoutLine: {'line': b'running build_ext\n'}
[2.711818] (litter_bot_manipulation) StdoutLine: {'line': b'Creating /home/hydria/ws/install/litter_bot_manipulation/lib/python3.10/site-packages/litter-bot-manipulation.egg-link (link to .)\n'}
[2.722989] (litter_bot_manipulation) StdoutLine: {'line': b'Installing gripper_controller script to /home/hydria/ws/install/litter_bot_manipulation/lib/litter_bot_manipulation\n'}
[2.723156] (litter_bot_manipulation) StdoutLine: {'line': b'Installing manipulation_node script to /home/hydria/ws/install/litter_bot_manipulation/lib/litter_bot_manipulation\n'}
[2.723202] (litter_bot_manipulation) StdoutLine: {'line': b'\n'}
[2.723239] (litter_bot_manipulation) StdoutLine: {'line': b'Installed /home/hydria/ws/build/litter_bot_manipulation\n'}
[2.723274] (litter_bot_manipulation) StdoutLine: {'line': b'running symlink_data\n'}
[2.787276] (litter_bot_navigation) StdoutLine: {'line': b'running develop\n'}
[2.803344] (litter_bot_manipulation) CommandEnded: {'returncode': 0}
[2.810647] (-) TimerEvent: {}
[2.820406] (litter_bot_manipulation) JobEnded: {'identifier': 'litter_bot_manipulation', 'rc': 0}
[2.910752] (-) TimerEvent: {}
[3.010934] (-) TimerEvent: {}
[3.111190] (-) TimerEvent: {}
[3.125258] (litter_bot_navigation) StdoutLine: {'line': b'running egg_info\n'}
[3.126541] (litter_bot_navigation) StdoutLine: {'line': b'writing litter_bot_navigation.egg-info/PKG-INFO\n'}
[3.127073] (litter_bot_navigation) StdoutLine: {'line': b'writing dependency_links to litter_bot_navigation.egg-info/dependency_links.txt\n'}
[3.127157] (litter_bot_navigation) StdoutLine: {'line': b'writing entry points to litter_bot_navigation.egg-info/entry_points.txt\n'}
[3.127207] (litter_bot_navigation) StdoutLine: {'line': b'writing requirements to litter_bot_navigation.egg-info/requires.txt\n'}
[3.127248] (litter_bot_navigation) StdoutLine: {'line': b'writing top-level names to litter_bot_navigation.egg-info/top_level.txt\n'}
[3.130813] (litter_bot_navigation) StdoutLine: {'line': b"reading manifest file 'litter_bot_navigation.egg-info/SOURCES.txt'\n"}
[3.131461] (litter_bot_navigation) StdoutLine: {'line': b"writing manifest file 'litter_bot_navigation.egg-info/SOURCES.txt'\n"}
[3.134023] (litter_bot_navigation) StdoutLine: {'line': b'running build_ext\n'}
[3.134367] (litter_bot_navigation) StdoutLine: {'line': b'Creating /home/hydria/ws/install/litter_bot_navigation/lib/python3.10/site-packages/litter-bot-navigation.egg-link (link to .)\n'}
[3.144546] (litter_bot_navigation) StdoutLine: {'line': b'Installing coverage_planner_node script to /home/hydria/ws/install/litter_bot_navigation/lib/litter_bot_navigation\n'}
[3.145041] (litter_bot_navigation) StdoutLine: {'line': b'\n'}
[3.145116] (litter_bot_navigation) StdoutLine: {'line': b'Installed /home/hydria/ws/build/litter_bot_navigation\n'}
[3.145172] (litter_bot_navigation) StdoutLine: {'line': b'running symlink_data\n'}
[3.211335] (-) TimerEvent: {}
[3.224915] (litter_bot_navigation) CommandEnded: {'returncode': 0}
[3.233623] (litter_bot_navigation) JobEnded: {'identifier': 'litter_bot_navigation', 'rc': 0}
[3.236334] (-) EventReactorShutdown: {}
