[0.393s] DEBUG:colcon:Command line arguments: ['/usr/bin/colcon', 'build', '--packages-select', 'litter_bot_bringup', '--symlink-install']
[0.394s] DEBUG:colcon:Parsed command line arguments: Namespace(log_base=None, log_level=None, verb_name='build', build_base='build', install_base='install', merge_install=False, symlink_install=True, test_result_base=None, continue_on_error=False, executor='parallel', parallel_workers=6, event_handlers=None, ignore_user_meta=False, metas=['./colcon.meta'], base_paths=['.'], packages_ignore=None, packages_ignore_regex=None, paths=None, packages_up_to=None, packages_up_to_regex=None, packages_above=None, packages_above_and_dependencies=None, packages_above_depth=None, packages_select_by_dep=None, packages_skip_by_dep=None, packages_skip_up_to=None, packages_select_build_failed=False, packages_skip_build_finished=False, packages_select_test_failures=False, packages_skip_test_passed=False, packages_select=['litter_bot_bringup'], packages_skip=None, packages_select_regex=None, packages_skip_regex=None, packages_start=None, packages_end=None, allow_overriding=[], cmake_args=None, cmake_target=None, cmake_target_skip_unavailable=False, cmake_clean_cache=False, cmake_clean_first=False, cmake_force_configure=False, ament_cmake_args=None, catkin_cmake_args=None, catkin_skip_building_tests=False, verb_parser=<colcon_defaults.argument_parser.defaults.DefaultArgumentsDecorator object at 0x7f1eebbce830>, verb_extension=<colcon_core.verb.build.BuildVerb object at 0x7f1eebbce3e0>, main=<bound method BuildVerb.main of <colcon_core.verb.build.BuildVerb object at 0x7f1eebbce3e0>>)
[0.656s] Level 1:colcon.colcon_core.package_discovery:discover_packages(colcon_meta) check parameters
[0.659s] Level 1:colcon.colcon_core.package_discovery:discover_packages(recursive) check parameters
[0.660s] Level 1:colcon.colcon_core.package_discovery:discover_packages(ignore) check parameters
[0.660s] Level 1:colcon.colcon_core.package_discovery:discover_packages(path) check parameters
[0.660s] Level 1:colcon.colcon_core.package_discovery:discover_packages(colcon_meta) discover
[0.660s] Level 1:colcon.colcon_core.package_discovery:discover_packages(recursive) discover
[0.660s] INFO:colcon.colcon_core.package_discovery:Crawling recursively for packages in '/home/hydria/ws'
[0.660s] Level 1:colcon.colcon_core.package_identification:_identify(.) by extensions ['ignore', 'ignore_ament_install']
[0.660s] Level 1:colcon.colcon_core.package_identification:_identify(.) by extension 'ignore'
[0.660s] Level 1:colcon.colcon_core.package_identification:_identify(.) by extension 'ignore_ament_install'
[0.660s] Level 1:colcon.colcon_core.package_identification:_identify(.) by extensions ['colcon_pkg']
[0.660s] Level 1:colcon.colcon_core.package_identification:_identify(.) by extension 'colcon_pkg'
[0.661s] Level 1:colcon.colcon_core.package_identification:_identify(.) by extensions ['colcon_meta']
[0.661s] Level 1:colcon.colcon_core.package_identification:_identify(.) by extension 'colcon_meta'
[0.661s] Level 1:colcon.colcon_core.package_identification:_identify(.) by extensions ['ros']
[0.661s] Level 1:colcon.colcon_core.package_identification:_identify(.) by extension 'ros'
[0.680s] Level 1:colcon.colcon_core.package_identification:_identify(.) by extensions ['cmake', 'python']
[0.680s] Level 1:colcon.colcon_core.package_identification:_identify(.) by extension 'cmake'
[0.680s] Level 1:colcon.colcon_core.package_identification:_identify(.) by extension 'python'
[0.680s] Level 1:colcon.colcon_core.package_identification:_identify(.) by extensions ['python_setup_py']
[0.681s] Level 1:colcon.colcon_core.package_identification:_identify(.) by extension 'python_setup_py'
[0.681s] Level 1:colcon.colcon_core.package_identification:_identify(build) by extensions ['ignore', 'ignore_ament_install']
[0.681s] Level 1:colcon.colcon_core.package_identification:_identify(build) by extension 'ignore'
[0.681s] Level 1:colcon.colcon_core.package_identification:_identify(build) ignored
[0.681s] Level 1:colcon.colcon_core.package_identification:_identify(install) by extensions ['ignore', 'ignore_ament_install']
[0.681s] Level 1:colcon.colcon_core.package_identification:_identify(install) by extension 'ignore'
[0.681s] Level 1:colcon.colcon_core.package_identification:_identify(install) ignored
[0.681s] Level 1:colcon.colcon_core.package_identification:_identify(log) by extensions ['ignore', 'ignore_ament_install']
[0.682s] Level 1:colcon.colcon_core.package_identification:_identify(log) by extension 'ignore'
[0.682s] Level 1:colcon.colcon_core.package_identification:_identify(log) ignored
[0.682s] Level 1:colcon.colcon_core.package_identification:_identify(src) by extensions ['ignore', 'ignore_ament_install']
[0.682s] Level 1:colcon.colcon_core.package_identification:_identify(src) by extension 'ignore'
[0.682s] Level 1:colcon.colcon_core.package_identification:_identify(src) by extension 'ignore_ament_install'
[0.682s] Level 1:colcon.colcon_core.package_identification:_identify(src) by extensions ['colcon_pkg']
[0.682s] Level 1:colcon.colcon_core.package_identification:_identify(src) by extension 'colcon_pkg'
[0.682s] Level 1:colcon.colcon_core.package_identification:_identify(src) by extensions ['colcon_meta']
[0.682s] Level 1:colcon.colcon_core.package_identification:_identify(src) by extension 'colcon_meta'
[0.682s] Level 1:colcon.colcon_core.package_identification:_identify(src) by extensions ['ros']
[0.682s] Level 1:colcon.colcon_core.package_identification:_identify(src) by extension 'ros'
[0.682s] Level 1:colcon.colcon_core.package_identification:_identify(src) by extensions ['cmake', 'python']
[0.683s] Level 1:colcon.colcon_core.package_identification:_identify(src) by extension 'cmake'
[0.683s] Level 1:colcon.colcon_core.package_identification:_identify(src) by extension 'python'
[0.683s] Level 1:colcon.colcon_core.package_identification:_identify(src) by extensions ['python_setup_py']
[0.683s] Level 1:colcon.colcon_core.package_identification:_identify(src) by extension 'python_setup_py'
[0.683s] Level 1:colcon.colcon_core.package_identification:_identify(src/litter_bot) by extensions ['ignore', 'ignore_ament_install']
[0.683s] Level 1:colcon.colcon_core.package_identification:_identify(src/litter_bot) by extension 'ignore'
[0.684s] Level 1:colcon.colcon_core.package_identification:_identify(src/litter_bot) by extension 'ignore_ament_install'
[0.684s] Level 1:colcon.colcon_core.package_identification:_identify(src/litter_bot) by extensions ['colcon_pkg']
[0.684s] Level 1:colcon.colcon_core.package_identification:_identify(src/litter_bot) by extension 'colcon_pkg'
[0.684s] Level 1:colcon.colcon_core.package_identification:_identify(src/litter_bot) by extensions ['colcon_meta']
[0.684s] Level 1:colcon.colcon_core.package_identification:_identify(src/litter_bot) by extension 'colcon_meta'
[0.684s] Level 1:colcon.colcon_core.package_identification:_identify(src/litter_bot) by extensions ['ros']
[0.684s] Level 1:colcon.colcon_core.package_identification:_identify(src/litter_bot) by extension 'ros'
[0.694s] DEBUG:colcon.colcon_core.package_identification:Package 'src/litter_bot' with type 'ros.ament_python' and name 'litter_bot'
[0.694s] Level 1:colcon.colcon_core.package_identification:_identify(src/litter_bot_bringup) by extensions ['ignore', 'ignore_ament_install']
[0.694s] Level 1:colcon.colcon_core.package_identification:_identify(src/litter_bot_bringup) by extension 'ignore'
[0.694s] Level 1:colcon.colcon_core.package_identification:_identify(src/litter_bot_bringup) by extension 'ignore_ament_install'
[0.695s] Level 1:colcon.colcon_core.package_identification:_identify(src/litter_bot_bringup) by extensions ['colcon_pkg']
[0.695s] Level 1:colcon.colcon_core.package_identification:_identify(src/litter_bot_bringup) by extension 'colcon_pkg'
[0.695s] Level 1:colcon.colcon_core.package_identification:_identify(src/litter_bot_bringup) by extensions ['colcon_meta']
[0.695s] Level 1:colcon.colcon_core.package_identification:_identify(src/litter_bot_bringup) by extension 'colcon_meta'
[0.695s] Level 1:colcon.colcon_core.package_identification:_identify(src/litter_bot_bringup) by extensions ['ros']
[0.695s] Level 1:colcon.colcon_core.package_identification:_identify(src/litter_bot_bringup) by extension 'ros'
[0.696s] DEBUG:colcon.colcon_core.package_identification:Package 'src/litter_bot_bringup' with type 'ros.ament_cmake' and name 'litter_bot_bringup'
[0.696s] Level 1:colcon.colcon_core.package_identification:_identify(src/litter_bot_description) by extensions ['ignore', 'ignore_ament_install']
[0.696s] Level 1:colcon.colcon_core.package_identification:_identify(src/litter_bot_description) by extension 'ignore'
[0.696s] Level 1:colcon.colcon_core.package_identification:_identify(src/litter_bot_description) by extension 'ignore_ament_install'
[0.696s] Level 1:colcon.colcon_core.package_identification:_identify(src/litter_bot_description) by extensions ['colcon_pkg']
[0.696s] Level 1:colcon.colcon_core.package_identification:_identify(src/litter_bot_description) by extension 'colcon_pkg'
[0.697s] Level 1:colcon.colcon_core.package_identification:_identify(src/litter_bot_description) by extensions ['colcon_meta']
[0.697s] Level 1:colcon.colcon_core.package_identification:_identify(src/litter_bot_description) by extension 'colcon_meta'
[0.697s] Level 1:colcon.colcon_core.package_identification:_identify(src/litter_bot_description) by extensions ['ros']
[0.697s] Level 1:colcon.colcon_core.package_identification:_identify(src/litter_bot_description) by extension 'ros'
[0.698s] DEBUG:colcon.colcon_core.package_identification:Package 'src/litter_bot_description' with type 'ros.ament_cmake' and name 'litter_bot_description'
[0.698s] Level 1:colcon.colcon_core.package_identification:_identify(src/litter_bot_gazebo) by extensions ['ignore', 'ignore_ament_install']
[0.698s] Level 1:colcon.colcon_core.package_identification:_identify(src/litter_bot_gazebo) by extension 'ignore'
[0.698s] Level 1:colcon.colcon_core.package_identification:_identify(src/litter_bot_gazebo) by extension 'ignore_ament_install'
[0.698s] Level 1:colcon.colcon_core.package_identification:_identify(src/litter_bot_gazebo) by extensions ['colcon_pkg']
[0.698s] Level 1:colcon.colcon_core.package_identification:_identify(src/litter_bot_gazebo) by extension 'colcon_pkg'
[0.698s] Level 1:colcon.colcon_core.package_identification:_identify(src/litter_bot_gazebo) by extensions ['colcon_meta']
[0.698s] Level 1:colcon.colcon_core.package_identification:_identify(src/litter_bot_gazebo) by extension 'colcon_meta'
[0.698s] Level 1:colcon.colcon_core.package_identification:_identify(src/litter_bot_gazebo) by extensions ['ros']
[0.699s] Level 1:colcon.colcon_core.package_identification:_identify(src/litter_bot_gazebo) by extension 'ros'
[0.704s] DEBUG:colcon.colcon_core.package_identification:Package 'src/litter_bot_gazebo' with type 'ros.ament_cmake' and name 'litter_bot_gazebo'
[0.705s] Level 1:colcon.colcon_core.package_identification:_identify(src/litter_bot_manipulation) by extensions ['ignore', 'ignore_ament_install']
[0.705s] Level 1:colcon.colcon_core.package_identification:_identify(src/litter_bot_manipulation) by extension 'ignore'
[0.705s] Level 1:colcon.colcon_core.package_identification:_identify(src/litter_bot_manipulation) by extension 'ignore_ament_install'
[0.705s] Level 1:colcon.colcon_core.package_identification:_identify(src/litter_bot_manipulation) by extensions ['colcon_pkg']
[0.706s] Level 1:colcon.colcon_core.package_identification:_identify(src/litter_bot_manipulation) by extension 'colcon_pkg'
[0.706s] Level 1:colcon.colcon_core.package_identification:_identify(src/litter_bot_manipulation) by extensions ['colcon_meta']
[0.706s] Level 1:colcon.colcon_core.package_identification:_identify(src/litter_bot_manipulation) by extension 'colcon_meta'
[0.706s] Level 1:colcon.colcon_core.package_identification:_identify(src/litter_bot_manipulation) by extensions ['ros']
[0.706s] Level 1:colcon.colcon_core.package_identification:_identify(src/litter_bot_manipulation) by extension 'ros'
[0.707s] DEBUG:colcon.colcon_core.package_identification:Package 'src/litter_bot_manipulation' with type 'ros.ament_python' and name 'litter_bot_manipulation'
[0.707s] Level 1:colcon.colcon_core.package_identification:_identify(src/litter_bot_navigation) by extensions ['ignore', 'ignore_ament_install']
[0.707s] Level 1:colcon.colcon_core.package_identification:_identify(src/litter_bot_navigation) by extension 'ignore'
[0.708s] Level 1:colcon.colcon_core.package_identification:_identify(src/litter_bot_navigation) by extension 'ignore_ament_install'
[0.708s] Level 1:colcon.colcon_core.package_identification:_identify(src/litter_bot_navigation) by extensions ['colcon_pkg']
[0.708s] Level 1:colcon.colcon_core.package_identification:_identify(src/litter_bot_navigation) by extension 'colcon_pkg'
[0.708s] Level 1:colcon.colcon_core.package_identification:_identify(src/litter_bot_navigation) by extensions ['colcon_meta']
[0.708s] Level 1:colcon.colcon_core.package_identification:_identify(src/litter_bot_navigation) by extension 'colcon_meta'
[0.708s] Level 1:colcon.colcon_core.package_identification:_identify(src/litter_bot_navigation) by extensions ['ros']
[0.708s] Level 1:colcon.colcon_core.package_identification:_identify(src/litter_bot_navigation) by extension 'ros'
[0.713s] DEBUG:colcon.colcon_core.package_identification:Package 'src/litter_bot_navigation' with type 'ros.ament_python' and name 'litter_bot_navigation'
[0.713s] Level 1:colcon.colcon_core.package_identification:_identify(src/litter_bot_perception) by extensions ['ignore', 'ignore_ament_install']
[0.713s] Level 1:colcon.colcon_core.package_identification:_identify(src/litter_bot_perception) by extension 'ignore'
[0.713s] Level 1:colcon.colcon_core.package_identification:_identify(src/litter_bot_perception) by extension 'ignore_ament_install'
[0.714s] Level 1:colcon.colcon_core.package_identification:_identify(src/litter_bot_perception) by extensions ['colcon_pkg']
[0.714s] Level 1:colcon.colcon_core.package_identification:_identify(src/litter_bot_perception) by extension 'colcon_pkg'
[0.714s] Level 1:colcon.colcon_core.package_identification:_identify(src/litter_bot_perception) by extensions ['colcon_meta']
[0.714s] Level 1:colcon.colcon_core.package_identification:_identify(src/litter_bot_perception) by extension 'colcon_meta'
[0.714s] Level 1:colcon.colcon_core.package_identification:_identify(src/litter_bot_perception) by extensions ['ros']
[0.714s] Level 1:colcon.colcon_core.package_identification:_identify(src/litter_bot_perception) by extension 'ros'
[0.716s] DEBUG:colcon.colcon_core.package_identification:Package 'src/litter_bot_perception' with type 'ros.ament_python' and name 'litter_bot_perception'
[0.716s] Level 1:colcon.colcon_core.package_discovery:discover_packages(recursive) using defaults
[0.716s] Level 1:colcon.colcon_core.package_discovery:discover_packages(ignore) discover
[0.716s] Level 1:colcon.colcon_core.package_discovery:discover_packages(ignore) using defaults
[0.716s] Level 1:colcon.colcon_core.package_discovery:discover_packages(path) discover
[0.717s] Level 1:colcon.colcon_core.package_discovery:discover_packages(path) using defaults
[0.817s] INFO:colcon.colcon_core.package_selection:Skipping not selected package 'litter_bot' in 'src/litter_bot'
[0.817s] INFO:colcon.colcon_core.package_selection:Skipping not selected package 'litter_bot_description' in 'src/litter_bot_description'
[0.817s] INFO:colcon.colcon_core.package_selection:Skipping not selected package 'litter_bot_manipulation' in 'src/litter_bot_manipulation'
[0.817s] INFO:colcon.colcon_core.package_selection:Skipping not selected package 'litter_bot_navigation' in 'src/litter_bot_navigation'
[0.817s] INFO:colcon.colcon_core.package_selection:Skipping not selected package 'litter_bot_perception' in 'src/litter_bot_perception'
[0.817s] INFO:colcon.colcon_core.package_selection:Skipping not selected package 'litter_bot_gazebo' in 'src/litter_bot_gazebo'
[0.821s] Level 1:colcon.colcon_core.package_discovery:discover_packages(prefix_path) check parameters
[0.821s] Level 1:colcon.colcon_core.package_discovery:discover_packages(prefix_path) discover
[0.824s] DEBUG:colcon.colcon_installed_package_information.package_discovery:Found 7 installed packages in /home/hydria/ws/install
[0.828s] DEBUG:colcon.colcon_installed_package_information.package_discovery:Found 460 installed packages in /opt/ros/humble
[0.831s] Level 1:colcon.colcon_core.package_discovery:discover_packages(prefix_path) using defaults
[1.084s] Level 5:colcon.colcon_core.verb:set package 'litter_bot_bringup' build argument 'cmake_args' from command line to 'None'
[1.084s] Level 5:colcon.colcon_core.verb:set package 'litter_bot_bringup' build argument 'cmake_target' from command line to 'None'
[1.084s] Level 5:colcon.colcon_core.verb:set package 'litter_bot_bringup' build argument 'cmake_target_skip_unavailable' from command line to 'False'
[1.084s] Level 5:colcon.colcon_core.verb:set package 'litter_bot_bringup' build argument 'cmake_clean_cache' from command line to 'False'
[1.084s] Level 5:colcon.colcon_core.verb:set package 'litter_bot_bringup' build argument 'cmake_clean_first' from command line to 'False'
[1.084s] Level 5:colcon.colcon_core.verb:set package 'litter_bot_bringup' build argument 'cmake_force_configure' from command line to 'False'
[1.084s] Level 5:colcon.colcon_core.verb:set package 'litter_bot_bringup' build argument 'ament_cmake_args' from command line to 'None'
[1.084s] Level 5:colcon.colcon_core.verb:set package 'litter_bot_bringup' build argument 'catkin_cmake_args' from command line to 'None'
[1.084s] Level 5:colcon.colcon_core.verb:set package 'litter_bot_bringup' build argument 'catkin_skip_building_tests' from command line to 'False'
[1.084s] DEBUG:colcon.colcon_core.verb:Building package 'litter_bot_bringup' with the following arguments: {'ament_cmake_args': None, 'build_base': '/home/hydria/ws/build/litter_bot_bringup', 'catkin_cmake_args': None, 'catkin_skip_building_tests': False, 'cmake_args': None, 'cmake_clean_cache': False, 'cmake_clean_first': False, 'cmake_force_configure': False, 'cmake_target': None, 'cmake_target_skip_unavailable': False, 'install_base': '/home/hydria/ws/install/litter_bot_bringup', 'merge_install': False, 'path': '/home/hydria/ws/src/litter_bot_bringup', 'symlink_install': True, 'test_result_base': None}
[1.085s] INFO:colcon.colcon_core.executor:Executing jobs using 'parallel' executor
[1.113s] DEBUG:colcon.colcon_parallel_executor.executor.parallel:run_until_complete
[1.114s] INFO:colcon.colcon_ros.task.ament_cmake.build:Building ROS package in '/home/hydria/ws/src/litter_bot_bringup' with build type 'ament_cmake'
[1.114s] INFO:colcon.colcon_cmake.task.cmake.build:Building CMake package in '/home/hydria/ws/src/litter_bot_bringup'
[1.115s] INFO:colcon.colcon_core.plugin_system:Skipping extension 'colcon_core.shell.bat': Not used on non-Windows systems
[1.115s] INFO:colcon.colcon_core.shell:Skip shell extension 'powershell' for command environment: Not usable outside of PowerShell
[1.116s] DEBUG:colcon.colcon_core.shell:Skip shell extension 'dsv' for command environment
[2.075s] DEBUG:colcon.colcon_core.event_handler.log_command:Invoking command in '/home/hydria/ws/build/litter_bot_bringup': AMENT_PREFIX_PATH=/home/hydria/ws/install/litter_bot_perception:/home/hydria/ws/install/litter_bot_navigation:/home/hydria/ws/install/litter_bot_manipulation:/home/hydria/ws/install/litter_bot:/home/hydria/ws/install/litter_bot_bringup:/home/hydria/ws/install/litter_bot_gazebo:/home/hydria/ws/install/litter_bot_description:/opt/ros/humble CMAKE_PREFIX_PATH=/home/hydria/ws/install/litter_bot_gazebo:/home/hydria/ws/install/litter_bot_description:/home/hydria/ws/install/litter_bot_bringup:/home/hydria/ws/install/litter_bot_perception:/home/hydria/ws/install/litter_bot_navigation:/home/hydria/ws/install/litter_bot_manipulation:/home/hydria/ws/install/litter_bot:/opt/ros/humble /usr/bin/cmake --build /home/hydria/ws/build/litter_bot_bringup -- -j6 -l6
[2.212s] DEBUG:colcon.colcon_core.event_handler.log_command:Invoked command in '/home/hydria/ws/build/litter_bot_bringup' returned '0': AMENT_PREFIX_PATH=/home/hydria/ws/install/litter_bot_perception:/home/hydria/ws/install/litter_bot_navigation:/home/hydria/ws/install/litter_bot_manipulation:/home/hydria/ws/install/litter_bot:/home/hydria/ws/install/litter_bot_bringup:/home/hydria/ws/install/litter_bot_gazebo:/home/hydria/ws/install/litter_bot_description:/opt/ros/humble CMAKE_PREFIX_PATH=/home/hydria/ws/install/litter_bot_gazebo:/home/hydria/ws/install/litter_bot_description:/home/hydria/ws/install/litter_bot_bringup:/home/hydria/ws/install/litter_bot_perception:/home/hydria/ws/install/litter_bot_navigation:/home/hydria/ws/install/litter_bot_manipulation:/home/hydria/ws/install/litter_bot:/opt/ros/humble /usr/bin/cmake --build /home/hydria/ws/build/litter_bot_bringup -- -j6 -l6
[2.225s] DEBUG:colcon.colcon_core.event_handler.log_command:Invoking command in '/home/hydria/ws/build/litter_bot_bringup': AMENT_PREFIX_PATH=/home/hydria/ws/install/litter_bot_perception:/home/hydria/ws/install/litter_bot_navigation:/home/hydria/ws/install/litter_bot_manipulation:/home/hydria/ws/install/litter_bot:/home/hydria/ws/install/litter_bot_bringup:/home/hydria/ws/install/litter_bot_gazebo:/home/hydria/ws/install/litter_bot_description:/opt/ros/humble CMAKE_PREFIX_PATH=/home/hydria/ws/install/litter_bot_gazebo:/home/hydria/ws/install/litter_bot_description:/home/hydria/ws/install/litter_bot_bringup:/home/hydria/ws/install/litter_bot_perception:/home/hydria/ws/install/litter_bot_navigation:/home/hydria/ws/install/litter_bot_manipulation:/home/hydria/ws/install/litter_bot:/opt/ros/humble /usr/bin/cmake --install /home/hydria/ws/build/litter_bot_bringup
[2.274s] Level 1:colcon.colcon_core.environment:create_environment_scripts_only(litter_bot_bringup)
[2.277s] Level 1:colcon.colcon_core.environment:checking '/home/hydria/ws/install/litter_bot_bringup' for CMake module files
[2.278s] Level 1:colcon.colcon_core.environment:checking '/home/hydria/ws/install/litter_bot_bringup' for CMake config files
[2.278s] Level 1:colcon.colcon_core.shell:create_environment_hook('litter_bot_bringup', 'cmake_prefix_path')
[2.279s] INFO:colcon.colcon_core.shell:Creating environment hook '/home/hydria/ws/install/litter_bot_bringup/share/litter_bot_bringup/hook/cmake_prefix_path.ps1'
[2.281s] DEBUG:colcon.colcon_core.event_handler.log_command:Invoked command in '/home/hydria/ws/build/litter_bot_bringup' returned '0': AMENT_PREFIX_PATH=/home/hydria/ws/install/litter_bot_perception:/home/hydria/ws/install/litter_bot_navigation:/home/hydria/ws/install/litter_bot_manipulation:/home/hydria/ws/install/litter_bot:/home/hydria/ws/install/litter_bot_bringup:/home/hydria/ws/install/litter_bot_gazebo:/home/hydria/ws/install/litter_bot_description:/opt/ros/humble CMAKE_PREFIX_PATH=/home/hydria/ws/install/litter_bot_gazebo:/home/hydria/ws/install/litter_bot_description:/home/hydria/ws/install/litter_bot_bringup:/home/hydria/ws/install/litter_bot_perception:/home/hydria/ws/install/litter_bot_navigation:/home/hydria/ws/install/litter_bot_manipulation:/home/hydria/ws/install/litter_bot:/opt/ros/humble /usr/bin/cmake --install /home/hydria/ws/build/litter_bot_bringup
[2.282s] INFO:colcon.colcon_core.shell:Creating environment descriptor '/home/hydria/ws/install/litter_bot_bringup/share/litter_bot_bringup/hook/cmake_prefix_path.dsv'
[2.282s] INFO:colcon.colcon_core.shell:Creating environment hook '/home/hydria/ws/install/litter_bot_bringup/share/litter_bot_bringup/hook/cmake_prefix_path.sh'
[2.283s] Level 1:colcon.colcon_core.environment:checking '/home/hydria/ws/install/litter_bot_bringup/bin'
[2.283s] Level 1:colcon.colcon_core.environment:checking '/home/hydria/ws/install/litter_bot_bringup/lib/pkgconfig/litter_bot_bringup.pc'
[2.283s] Level 1:colcon.colcon_core.environment:checking '/home/hydria/ws/install/litter_bot_bringup/lib/python3.10/site-packages'
[2.284s] Level 1:colcon.colcon_core.environment:checking '/home/hydria/ws/install/litter_bot_bringup/bin'
[2.285s] INFO:colcon.colcon_core.shell:Creating package script '/home/hydria/ws/install/litter_bot_bringup/share/litter_bot_bringup/package.ps1'
[2.286s] INFO:colcon.colcon_core.shell:Creating package descriptor '/home/hydria/ws/install/litter_bot_bringup/share/litter_bot_bringup/package.dsv'
[2.294s] INFO:colcon.colcon_core.shell:Creating package script '/home/hydria/ws/install/litter_bot_bringup/share/litter_bot_bringup/package.sh'
[2.295s] INFO:colcon.colcon_core.shell:Creating package script '/home/hydria/ws/install/litter_bot_bringup/share/litter_bot_bringup/package.bash'
[2.296s] INFO:colcon.colcon_core.shell:Creating package script '/home/hydria/ws/install/litter_bot_bringup/share/litter_bot_bringup/package.zsh'
[2.296s] Level 1:colcon.colcon_core.environment:create_file_with_runtime_dependencies(/home/hydria/ws/install/litter_bot_bringup/share/colcon-core/packages/litter_bot_bringup)
[2.297s] Level 1:colcon.colcon_core.environment:create_environment_scripts_only(litter_bot_bringup)
[2.297s] Level 1:colcon.colcon_core.environment:checking '/home/hydria/ws/install/litter_bot_bringup' for CMake module files
[2.297s] Level 1:colcon.colcon_core.environment:checking '/home/hydria/ws/install/litter_bot_bringup' for CMake config files
[2.297s] Level 1:colcon.colcon_core.shell:create_environment_hook('litter_bot_bringup', 'cmake_prefix_path')
[2.298s] INFO:colcon.colcon_core.shell:Creating environment hook '/home/hydria/ws/install/litter_bot_bringup/share/litter_bot_bringup/hook/cmake_prefix_path.ps1'
[2.298s] INFO:colcon.colcon_core.shell:Creating environment descriptor '/home/hydria/ws/install/litter_bot_bringup/share/litter_bot_bringup/hook/cmake_prefix_path.dsv'
[2.298s] INFO:colcon.colcon_core.shell:Creating environment hook '/home/hydria/ws/install/litter_bot_bringup/share/litter_bot_bringup/hook/cmake_prefix_path.sh'
[2.299s] Level 1:colcon.colcon_core.environment:checking '/home/hydria/ws/install/litter_bot_bringup/bin'
[2.299s] Level 1:colcon.colcon_core.environment:checking '/home/hydria/ws/install/litter_bot_bringup/lib/pkgconfig/litter_bot_bringup.pc'
[2.299s] Level 1:colcon.colcon_core.environment:checking '/home/hydria/ws/install/litter_bot_bringup/lib/python3.10/site-packages'
[2.299s] Level 1:colcon.colcon_core.environment:checking '/home/hydria/ws/install/litter_bot_bringup/bin'
[2.300s] INFO:colcon.colcon_core.shell:Creating package script '/home/hydria/ws/install/litter_bot_bringup/share/litter_bot_bringup/package.ps1'
[2.300s] INFO:colcon.colcon_core.shell:Creating package descriptor '/home/hydria/ws/install/litter_bot_bringup/share/litter_bot_bringup/package.dsv'
[2.300s] INFO:colcon.colcon_core.shell:Creating package script '/home/hydria/ws/install/litter_bot_bringup/share/litter_bot_bringup/package.sh'
[2.301s] INFO:colcon.colcon_core.shell:Creating package script '/home/hydria/ws/install/litter_bot_bringup/share/litter_bot_bringup/package.bash'
[2.301s] INFO:colcon.colcon_core.shell:Creating package script '/home/hydria/ws/install/litter_bot_bringup/share/litter_bot_bringup/package.zsh'
[2.301s] Level 1:colcon.colcon_core.environment:create_file_with_runtime_dependencies(/home/hydria/ws/install/litter_bot_bringup/share/colcon-core/packages/litter_bot_bringup)
[2.307s] DEBUG:colcon.colcon_parallel_executor.executor.parallel:closing loop
[2.308s] DEBUG:colcon.colcon_parallel_executor.executor.parallel:loop closed
[2.308s] DEBUG:colcon.colcon_parallel_executor.executor.parallel:run_until_complete finished with '0'
[2.308s] DEBUG:colcon.colcon_core.event_reactor:joining thread
[2.352s] INFO:colcon.colcon_core.plugin_system:Skipping extension 'colcon_notification.desktop_notification.notify_send': Could not find 'notify-send'
[2.353s] INFO:colcon.colcon_core.plugin_system:Skipping extension 'colcon_notification.desktop_notification.terminal_notifier': Not used on non-Darwin systems
[2.353s] INFO:colcon.colcon_core.plugin_system:Skipping extension 'colcon_notification.desktop_notification.win32': Not used on non-Windows systems
[2.353s] INFO:colcon.colcon_notification.desktop_notification:Sending desktop notification using 'notify2'
[2.368s] DEBUG:colcon.colcon_notification.desktop_notification.notify2:Failed to initialize notify2: org.freedesktop.DBus.Error.ServiceUnknown: The name org.freedesktop.Notifications was not provided by any .service files
[2.368s] DEBUG:colcon.colcon_core.event_reactor:joined thread
[2.369s] INFO:colcon.colcon_core.shell:Creating prefix script '/home/hydria/ws/install/local_setup.ps1'
[2.370s] INFO:colcon.colcon_core.shell:Creating prefix util module '/home/hydria/ws/install/_local_setup_util_ps1.py'
[2.371s] INFO:colcon.colcon_core.shell:Creating prefix chain script '/home/hydria/ws/install/setup.ps1'
[2.373s] INFO:colcon.colcon_core.shell:Creating prefix script '/home/hydria/ws/install/local_setup.sh'
[2.375s] INFO:colcon.colcon_core.shell:Creating prefix util module '/home/hydria/ws/install/_local_setup_util_sh.py'
[2.375s] INFO:colcon.colcon_core.shell:Creating prefix chain script '/home/hydria/ws/install/setup.sh'
[2.377s] INFO:colcon.colcon_core.shell:Creating prefix script '/home/hydria/ws/install/local_setup.bash'
[2.384s] INFO:colcon.colcon_core.shell:Creating prefix chain script '/home/hydria/ws/install/setup.bash'
[2.385s] INFO:colcon.colcon_core.shell:Creating prefix script '/home/hydria/ws/install/local_setup.zsh'
[2.386s] INFO:colcon.colcon_core.shell:Creating prefix chain script '/home/hydria/ws/install/setup.zsh'
