[1.485s] Invoking command in '/home/hydria/ws/build/litter_bot_perception': PYTHONPATH=/home/hydria/ws/build/litter_bot_perception/prefix_override:/usr/lib/python3/dist-packages/colcon_core/task/python/colcon_distutils_commands:/home/hydria/ws/install/litter_bot_perception/lib/python3.10/site-packages:${PYTHONPATH} /usr/bin/python3 -W ignore:setup.py install is deprecated -W ignore:easy_install command is deprecated setup.py develop --editable --build-directory /home/hydria/ws/build/litter_bot_perception/build --no-deps symlink_data
[1.854s] running develop
[2.146s] running egg_info
[2.147s] writing litter_bot_perception.egg-info/PKG-INFO
[2.148s] writing dependency_links to litter_bot_perception.egg-info/dependency_links.txt
[2.149s] writing entry points to litter_bot_perception.egg-info/entry_points.txt
[2.150s] writing requirements to litter_bot_perception.egg-info/requires.txt
[2.151s] writing top-level names to litter_bot_perception.egg-info/top_level.txt
[2.158s] reading manifest file 'litter_bot_perception.egg-info/SOURCES.txt'
[2.160s] writing manifest file 'litter_bot_perception.egg-info/SOURCES.txt'
[2.165s] running build_ext
[2.166s] Creating /home/hydria/ws/install/litter_bot_perception/lib/python3.10/site-packages/litter-bot-perception.egg-link (link to .)
[2.169s] Installing color_detection_node script to /home/hydria/ws/install/litter_bot_perception/lib/litter_bot_perception
[2.170s] Installing depth_detection_node script to /home/hydria/ws/install/litter_bot_perception/lib/litter_bot_perception
[2.172s] Installing detection_node script to /home/hydria/ws/install/litter_bot_perception/lib/litter_bot_perception
[2.174s] Installing litter_localizer_node script to /home/hydria/ws/install/litter_bot_perception/lib/litter_bot_perception
[2.175s] Installing simple_localizer_node script to /home/hydria/ws/install/litter_bot_perception/lib/litter_bot_perception
[2.177s] 
[2.177s] Installed /home/hydria/ws/build/litter_bot_perception
[2.178s] running symlink_data
[2.294s] Invoked command in '/home/hydria/ws/build/litter_bot_perception' returned '0': PYTHONPATH=/home/hydria/ws/build/litter_bot_perception/prefix_override:/usr/lib/python3/dist-packages/colcon_core/task/python/colcon_distutils_commands:/home/hydria/ws/install/litter_bot_perception/lib/python3.10/site-packages:${PYTHONPATH} /usr/bin/python3 -W ignore:setup.py install is deprecated -W ignore:easy_install command is deprecated setup.py develop --editable --build-directory /home/hydria/ws/build/litter_bot_perception/build --no-deps symlink_data
