[0.030s] Invoking command in '/home/hydria/ws/build/litter_bot_gazebo': AMENT_PREFIX_PATH=/home/hydria/ws/install/litter_bot_description:${AMENT_PREFIX_PATH} CMAKE_PREFIX_PATH=/home/hydria/ws/install/litter_bot_description:/opt/ros/humble /usr/bin/cmake /home/hydria/ws/src/litter_bot_gazebo -DAMENT_CMAKE_SYMLINK_INSTALL=1 -DCMAKE_INSTALL_PREFIX=/home/hydria/ws/install/litter_bot_gazebo
[0.100s] -- The C compiler identification is GNU 11.4.0
[0.373s] -- The CXX compiler identification is GNU 11.4.0
[0.573s] -- Detecting C compiler ABI info
[0.648s] -- Detecting C compiler ABI info - done
[0.651s] -- Check for working C compiler: /usr/bin/cc - skipped
[0.652s] -- Detecting C compile features
[0.652s] -- Detecting C compile features - done
[0.653s] -- Detecting CXX compiler ABI info
[0.723s] -- Detecting CXX compiler ABI info - done
[0.727s] -- Check for working CXX compiler: /usr/bin/c++ - skipped
[0.727s] -- Detecting CXX compile features
[0.728s] -- Detecting CXX compile features - done
[0.729s] -- Found ament_cmake: 1.3.12 (/opt/ros/humble/share/ament_cmake/cmake)
[0.809s] -- Found Python3: /usr/bin/python3 (found version "3.10.12") found components: Interpreter 
[0.845s] -- Override CMake install command with custom implementation using symlinks instead of copying resources
[0.896s] -- Configuring done
[0.897s] -- Generating done
[0.898s] -- Build files have been written to: /home/hydria/ws/build/litter_bot_gazebo
[0.900s] Invoked command in '/home/hydria/ws/build/litter_bot_gazebo' returned '0': AMENT_PREFIX_PATH=/home/hydria/ws/install/litter_bot_description:${AMENT_PREFIX_PATH} CMAKE_PREFIX_PATH=/home/hydria/ws/install/litter_bot_description:/opt/ros/humble /usr/bin/cmake /home/hydria/ws/src/litter_bot_gazebo -DAMENT_CMAKE_SYMLINK_INSTALL=1 -DCMAKE_INSTALL_PREFIX=/home/hydria/ws/install/litter_bot_gazebo
[0.901s] Invoking command in '/home/hydria/ws/build/litter_bot_gazebo': AMENT_PREFIX_PATH=/home/hydria/ws/install/litter_bot_description:${AMENT_PREFIX_PATH} CMAKE_PREFIX_PATH=/home/hydria/ws/install/litter_bot_description:/opt/ros/humble /usr/bin/cmake --build /home/hydria/ws/build/litter_bot_gazebo -- -j6 -l6
[0.916s] Invoked command in '/home/hydria/ws/build/litter_bot_gazebo' returned '0': AMENT_PREFIX_PATH=/home/hydria/ws/install/litter_bot_description:${AMENT_PREFIX_PATH} CMAKE_PREFIX_PATH=/home/hydria/ws/install/litter_bot_description:/opt/ros/humble /usr/bin/cmake --build /home/hydria/ws/build/litter_bot_gazebo -- -j6 -l6
[0.917s] Invoking command in '/home/hydria/ws/build/litter_bot_gazebo': AMENT_PREFIX_PATH=/home/hydria/ws/install/litter_bot_description:${AMENT_PREFIX_PATH} CMAKE_PREFIX_PATH=/home/hydria/ws/install/litter_bot_description:/opt/ros/humble /usr/bin/cmake --install /home/hydria/ws/build/litter_bot_gazebo
[0.921s] -- Install configuration: ""
[0.921s] -- Execute custom install script
[0.922s] -- Symlinking: /home/hydria/ws/install/litter_bot_gazebo/share/litter_bot_gazebo/worlds/med_cim.world
[0.926s] -- Symlinking: /home/hydria/ws/install/litter_bot_gazebo/share/litter_bot_gazebo/launch/simulation.launch.py
[0.930s] -- Symlinking: /home/hydria/ws/install/litter_bot_gazebo/share/ament_index/resource_index/package_run_dependencies/litter_bot_gazebo
[0.933s] -- Symlinking: /home/hydria/ws/install/litter_bot_gazebo/share/ament_index/resource_index/parent_prefix_path/litter_bot_gazebo
[0.937s] -- Symlinking: /home/hydria/ws/install/litter_bot_gazebo/share/litter_bot_gazebo/environment/ament_prefix_path.sh
[0.941s] -- Symlinking: /home/hydria/ws/install/litter_bot_gazebo/share/litter_bot_gazebo/environment/ament_prefix_path.dsv
[0.945s] -- Symlinking: /home/hydria/ws/install/litter_bot_gazebo/share/litter_bot_gazebo/environment/path.sh
[0.948s] -- Symlinking: /home/hydria/ws/install/litter_bot_gazebo/share/litter_bot_gazebo/environment/path.dsv
[0.951s] -- Symlinking: /home/hydria/ws/install/litter_bot_gazebo/share/litter_bot_gazebo/local_setup.bash
[0.956s] -- Symlinking: /home/hydria/ws/install/litter_bot_gazebo/share/litter_bot_gazebo/local_setup.sh
[0.959s] -- Symlinking: /home/hydria/ws/install/litter_bot_gazebo/share/litter_bot_gazebo/local_setup.zsh
[0.963s] -- Symlinking: /home/hydria/ws/install/litter_bot_gazebo/share/litter_bot_gazebo/local_setup.dsv
[0.967s] -- Symlinking: /home/hydria/ws/install/litter_bot_gazebo/share/litter_bot_gazebo/package.dsv
[0.971s] -- Symlinking: /home/hydria/ws/install/litter_bot_gazebo/share/ament_index/resource_index/packages/litter_bot_gazebo
[0.974s] -- Symlinking: /home/hydria/ws/install/litter_bot_gazebo/share/litter_bot_gazebo/cmake/litter_bot_gazeboConfig.cmake
[0.978s] -- Symlinking: /home/hydria/ws/install/litter_bot_gazebo/share/litter_bot_gazebo/cmake/litter_bot_gazeboConfig-version.cmake
[0.981s] -- Symlinking: /home/hydria/ws/install/litter_bot_gazebo/share/litter_bot_gazebo/package.xml
[0.986s] Invoked command in '/home/hydria/ws/build/litter_bot_gazebo' returned '0': AMENT_PREFIX_PATH=/home/hydria/ws/install/litter_bot_description:${AMENT_PREFIX_PATH} CMAKE_PREFIX_PATH=/home/hydria/ws/install/litter_bot_description:/opt/ros/humble /usr/bin/cmake --install /home/hydria/ws/build/litter_bot_gazebo
