[0.959s] Invoking command in '/home/hydria/ws/build/litter_bot_bringup': AMENT_PREFIX_PATH=/home/hydria/ws/install/litter_bot_perception:/home/hydria/ws/install/litter_bot_navigation:/home/hydria/ws/install/litter_bot_manipulation:/home/hydria/ws/install/litter_bot:/home/hydria/ws/install/litter_bot_bringup:/home/hydria/ws/install/litter_bot_gazebo:/home/hydria/ws/install/litter_bot_description:/opt/ros/humble CMAKE_PREFIX_PATH=/home/hydria/ws/install/litter_bot_gazebo:/home/hydria/ws/install/litter_bot_description:/home/hydria/ws/install/litter_bot_bringup:/home/hydria/ws/install/litter_bot_perception:/home/hydria/ws/install/litter_bot_navigation:/home/hydria/ws/install/litter_bot_manipulation:/home/hydria/ws/install/litter_bot:/opt/ros/humble /usr/bin/cmake --build /home/hydria/ws/build/litter_bot_bringup -- -j6 -l6
[1.096s] Invoked command in '/home/hydria/ws/build/litter_bot_bringup' returned '0': AMENT_PREFIX_PATH=/home/hydria/ws/install/litter_bot_perception:/home/hydria/ws/install/litter_bot_navigation:/home/hydria/ws/install/litter_bot_manipulation:/home/hydria/ws/install/litter_bot:/home/hydria/ws/install/litter_bot_bringup:/home/hydria/ws/install/litter_bot_gazebo:/home/hydria/ws/install/litter_bot_description:/opt/ros/humble CMAKE_PREFIX_PATH=/home/hydria/ws/install/litter_bot_gazebo:/home/hydria/ws/install/litter_bot_description:/home/hydria/ws/install/litter_bot_bringup:/home/hydria/ws/install/litter_bot_perception:/home/hydria/ws/install/litter_bot_navigation:/home/hydria/ws/install/litter_bot_manipulation:/home/hydria/ws/install/litter_bot:/opt/ros/humble /usr/bin/cmake --build /home/hydria/ws/build/litter_bot_bringup -- -j6 -l6
[1.109s] Invoking command in '/home/hydria/ws/build/litter_bot_bringup': AMENT_PREFIX_PATH=/home/hydria/ws/install/litter_bot_perception:/home/hydria/ws/install/litter_bot_navigation:/home/hydria/ws/install/litter_bot_manipulation:/home/hydria/ws/install/litter_bot:/home/hydria/ws/install/litter_bot_bringup:/home/hydria/ws/install/litter_bot_gazebo:/home/hydria/ws/install/litter_bot_description:/opt/ros/humble CMAKE_PREFIX_PATH=/home/hydria/ws/install/litter_bot_gazebo:/home/hydria/ws/install/litter_bot_description:/home/hydria/ws/install/litter_bot_bringup:/home/hydria/ws/install/litter_bot_perception:/home/hydria/ws/install/litter_bot_navigation:/home/hydria/ws/install/litter_bot_manipulation:/home/hydria/ws/install/litter_bot:/opt/ros/humble /usr/bin/cmake --install /home/hydria/ws/build/litter_bot_bringup
[1.131s] -- Install configuration: ""
[1.131s] -- Execute custom install script
[1.132s] -- Up-to-date symlink: /home/hydria/ws/install/litter_bot_bringup/share/litter_bot_bringup/launch/full_system.launch.py
[1.132s] -- Up-to-date symlink: /home/hydria/ws/install/litter_bot_bringup/share/litter_bot_bringup/launch/simulation_only.launch.py
[1.132s] -- Up-to-date symlink: /home/hydria/ws/install/litter_bot_bringup/share/litter_bot_bringup/config/rviz_config.rviz
[1.133s] -- Up-to-date symlink: /home/hydria/ws/install/litter_bot_bringup/share/ament_index/resource_index/package_run_dependencies/litter_bot_bringup
[1.133s] -- Up-to-date symlink: /home/hydria/ws/install/litter_bot_bringup/share/ament_index/resource_index/parent_prefix_path/litter_bot_bringup
[1.133s] -- Up-to-date symlink: /home/hydria/ws/install/litter_bot_bringup/share/litter_bot_bringup/environment/ament_prefix_path.sh
[1.133s] -- Up-to-date symlink: /home/hydria/ws/install/litter_bot_bringup/share/litter_bot_bringup/environment/ament_prefix_path.dsv
[1.133s] -- Up-to-date symlink: /home/hydria/ws/install/litter_bot_bringup/share/litter_bot_bringup/environment/path.sh
[1.134s] -- Up-to-date symlink: /home/hydria/ws/install/litter_bot_bringup/share/litter_bot_bringup/environment/path.dsv
[1.134s] -- Up-to-date symlink: /home/hydria/ws/install/litter_bot_bringup/share/litter_bot_bringup/local_setup.bash
[1.134s] -- Up-to-date symlink: /home/hydria/ws/install/litter_bot_bringup/share/litter_bot_bringup/local_setup.sh
[1.134s] -- Up-to-date symlink: /home/hydria/ws/install/litter_bot_bringup/share/litter_bot_bringup/local_setup.zsh
[1.135s] -- Up-to-date symlink: /home/hydria/ws/install/litter_bot_bringup/share/litter_bot_bringup/local_setup.dsv
[1.135s] -- Symlinking: /home/hydria/ws/install/litter_bot_bringup/share/litter_bot_bringup/package.dsv
[1.157s] -- Up-to-date symlink: /home/hydria/ws/install/litter_bot_bringup/share/ament_index/resource_index/packages/litter_bot_bringup
[1.158s] -- Up-to-date symlink: /home/hydria/ws/install/litter_bot_bringup/share/litter_bot_bringup/cmake/litter_bot_bringupConfig.cmake
[1.158s] -- Up-to-date symlink: /home/hydria/ws/install/litter_bot_bringup/share/litter_bot_bringup/cmake/litter_bot_bringupConfig-version.cmake
[1.158s] -- Up-to-date symlink: /home/hydria/ws/install/litter_bot_bringup/share/litter_bot_bringup/package.xml
[1.164s] Invoked command in '/home/hydria/ws/build/litter_bot_bringup' returned '0': AMENT_PREFIX_PATH=/home/hydria/ws/install/litter_bot_perception:/home/hydria/ws/install/litter_bot_navigation:/home/hydria/ws/install/litter_bot_manipulation:/home/hydria/ws/install/litter_bot:/home/hydria/ws/install/litter_bot_bringup:/home/hydria/ws/install/litter_bot_gazebo:/home/hydria/ws/install/litter_bot_description:/opt/ros/humble CMAKE_PREFIX_PATH=/home/hydria/ws/install/litter_bot_gazebo:/home/hydria/ws/install/litter_bot_description:/home/hydria/ws/install/litter_bot_bringup:/home/hydria/ws/install/litter_bot_perception:/home/hydria/ws/install/litter_bot_navigation:/home/hydria/ws/install/litter_bot_manipulation:/home/hydria/ws/install/litter_bot:/opt/ros/humble /usr/bin/cmake --install /home/hydria/ws/build/litter_bot_bringup
