[0.485s] Invoking command in '/home/hydria/ws/build/litter_bot_perception': PYTHONPATH=/home/hydria/ws/build/litter_bot_perception/prefix_override:/usr/lib/python3/dist-packages/colcon_core/task/python/colcon_distutils_commands:/home/hydria/ws/install/litter_bot_perception/lib/python3.10/site-packages:${PYTHONPATH} /usr/bin/python3 -W ignore:setup.py install is deprecated -W ignore:easy_install command is deprecated setup.py develop --editable --build-directory /home/hydria/ws/build/litter_bot_perception/build --no-deps symlink_data
[0.678s] running develop
[0.793s] running egg_info
[0.793s] writing litter_bot_perception.egg-info/PKG-INFO
[0.793s] writing dependency_links to litter_bot_perception.egg-info/dependency_links.txt
[0.794s] writing entry points to litter_bot_perception.egg-info/entry_points.txt
[0.794s] writing requirements to litter_bot_perception.egg-info/requires.txt
[0.794s] writing top-level names to litter_bot_perception.egg-info/top_level.txt
[0.795s] reading manifest file 'litter_bot_perception.egg-info/SOURCES.txt'
[0.795s] writing manifest file 'litter_bot_perception.egg-info/SOURCES.txt'
[0.796s] running build_ext
[0.797s] Creating /home/hydria/ws/install/litter_bot_perception/lib/python3.10/site-packages/litter-bot-perception.egg-link (link to .)
[0.797s] Installing color_detection_node script to /home/hydria/ws/install/litter_bot_perception/lib/litter_bot_perception
[0.797s] Installing detection_node script to /home/hydria/ws/install/litter_bot_perception/lib/litter_bot_perception
[0.798s] Installing litter_localizer_node script to /home/hydria/ws/install/litter_bot_perception/lib/litter_bot_perception
[0.799s] Installing simple_localizer_node script to /home/hydria/ws/install/litter_bot_perception/lib/litter_bot_perception
[0.799s] 
[0.799s] Installed /home/hydria/ws/build/litter_bot_perception
[0.799s] running symlink_data
[0.817s] Invoked command in '/home/hydria/ws/build/litter_bot_perception' returned '0': PYTHONPATH=/home/hydria/ws/build/litter_bot_perception/prefix_override:/usr/lib/python3/dist-packages/colcon_core/task/python/colcon_distutils_commands:/home/hydria/ws/install/litter_bot_perception/lib/python3.10/site-packages:${PYTHONPATH} /usr/bin/python3 -W ignore:setup.py install is deprecated -W ignore:easy_install command is deprecated setup.py develop --editable --build-directory /home/hydria/ws/build/litter_bot_perception/build --no-deps symlink_data
