[0.000000] (-) TimerEvent: {}
[0.000162] (-) JobUnselected: {'identifier': 'litter_bot'}
[0.000220] (-) JobUnselected: {'identifier': 'litter_bot_description'}
[0.000242] (-) JobUnselected: {'identifier': 'litter_bot_gazebo'}
[0.000258] (-) JobUnselected: {'identifier': 'litter_bot_manipulation'}
[0.000273] (-) JobUnselected: {'identifier': 'litter_bot_navigation'}
[0.000483] (litter_bot_perception) JobQueued: {'identifier': 'litter_bot_perception', 'dependencies': OrderedDict()}
[0.000549] (litter_bot_bringup) JobQueued: {'identifier': 'litter_bot_bringup', 'dependencies': OrderedDict([('litter_bot', '/home/hydria/ws/install/litter_bot'), ('litter_bot_description', '/home/hydria/ws/install/litter_bot_description'), ('litter_bot_manipulation', '/home/hydria/ws/install/litter_bot_manipulation'), ('litter_bot_navigation', '/home/hydria/ws/install/litter_bot_navigation'), ('litter_bot_perception', '/home/hydria/ws/install/litter_bot_perception'), ('litter_bot_gazebo', '/home/hydria/ws/install/litter_bot_gazebo')])}
[0.000615] (litter_bot_perception) JobStarted: {'identifier': 'litter_bot_perception'}
[0.097772] (-) TimerEvent: {}
[0.198087] (-) TimerEvent: {}
[0.298342] (-) TimerEvent: {}
[0.398677] (-) TimerEvent: {}
[0.498936] (-) TimerEvent: {}
[0.599321] (-) TimerEvent: {}
[0.699738] (-) TimerEvent: {}
[0.800097] (-) TimerEvent: {}
[0.878458] (litter_bot_perception) Command: {'cmd': ['/usr/bin/python3', '-W', 'ignore:setup.py install is deprecated', '-W', 'ignore:easy_install command is deprecated', 'setup.py', 'develop', '--editable', '--build-directory', '/home/hydria/ws/build/litter_bot_perception/build', '--no-deps', 'symlink_data'], 'cwd': '/home/hydria/ws/build/litter_bot_perception', 'env': {'LESSOPEN': '| /usr/bin/lesspipe %s', 'VSCODE_CWD': '/mnt/c/Program Files/cursor', 'VSCODE_ESM_ENTRYPOINT': 'vs/workbench/api/node/extensionHostProcess', 'USER': 'hydria', 'VSCODE_NLS_CONFIG': '{"userLocale":"en","osLocale":"en","resolvedLanguage":"en","defaultMessagesFile":"/home/hydria/.cursor-server/bin/32cfbe848b35d9eb320980195985450f244b3030/out/nls.messages.json","locale":"en","availableLanguages":{}}', 'VSCODE_HANDLES_UNCAUGHT_ERRORS': 'true', 'SHLVL': '0', 'LD_LIBRARY_PATH': '/usr/lib/x86_64-linux-gnu/gazebo-11/plugins:/opt/ros/humble/opt/rviz_ogre_vendor/lib:/opt/ros/humble/lib/x86_64-linux-gnu:/opt/ros/humble/lib', 'HOME': '/home/hydria', 'OLDPWD': '/home/hydria/ws', 'VSCODE_IPC_HOOK_CLI': '/mnt/wslg/runtime-dir/vscode-ipc-4e363573-edf5-42f3-9832-509ecdc06c4d.sock', 'ROS_PYTHON_VERSION': '3', 'NO_COLOR': '1', 'WSL_DISTRO_NAME': 'Ubuntu-22.04', 'WAYLAND_DISPLAY': 'wayland-0', 'COLCON_PREFIX_PATH': '/home/hydria/ws/install', 'ROS_DISTRO': 'humble', 'LOGNAME': 'hydria', 'FORCE_COLOR': '0', 'NAME': 'DESKTOP-N8VDEIP', 'WSL_INTEROP': '/run/WSL/9_interop', 'VSCODE_HANDLES_SIGPIPE': 'true', 'PULSE_SERVER': 'unix:/mnt/wslg/PulseServer', '_': '/usr/bin/colcon', 'ROS_VERSION': '2', 'TERM': 'dumb', 'EVERYSPHERE_RIPGREP_PATH': '/home/hydria/.cursor-server/bin/32cfbe848b35d9eb320980195985450f244b3030/node_modules/@vscode/ripgrep/bin/rg', 'GAZEBO_MODEL_PATH': '/usr/share/gazebo-11/models:/usr/share/gazebo/models:/opt/ros/humble/share/turtlebot3_gazebo/models:/usr/share/gazebo-11/models:/usr/share/gazebo/models:/opt/ros/humble/share/turtlebot3_gazebo/models:', 'ROS_LOCALHOST_ONLY': '0', 'COMPOSER_NO_INTERACTION': '1', 'PATH': '/home/hydria/.local/bin:/home/hydria/.cursor-server/bin/32cfbe848b35d9eb320980195985450f244b3030/bin/remote-cli:/home/hydria/.local/bin:/opt/ros/humble/bin:/home/hydria/.cursor-server/bin/32cfbe848b35d9eb320980195985450f244b3030/bin/remote-cli:/usr/local/sbin:/usr/local/bin:/usr/sbin:/usr/bin:/sbin:/bin:/usr/games:/usr/local/games:/usr/lib/wsl/lib:/mnt/c/Windows/system32:/mnt/c/Windows:/mnt/c/Windows/System32/Wbem:/mnt/c/Windows/System32/WindowsPowerShell/v1.0/:/mnt/c/Windows/System32/OpenSSH/:/mnt/c/Program Files/Docker/Docker/resources/bin:/mnt/c/Program Files/Microsoft SQL Server/150/Tools/Binn/:/mnt/c/Program Files/dotnet/:/mnt/c/Program Files/Git/cmd:/mnt/c/ProgramData/chocolatey/bin:/mnt/c/wamp64/bin/mysql/mysql9.1.0/bin:/mnt/c/Program Files/cursor/resources/app/bin:/mnt/c/Users/Emre/AppData/Local/Programs/Python/Python312/Scripts/:/mnt/c/Users/Emre/AppData/Local/Programs/Python/Python312/:/mnt/c/Users/Emre/AppData/Local/Microsoft/WindowsApps:/mnt/c/Program Files/JetBrains/PyCharm 2024.1.4/bin:/mnt/c/Users/Emre/Microsoft VS Code/bin:/mnt/c/msys64/ucrt64/bin:/mnt/c/Users/Emre/.dotnet/tools:/mnt/c/tools/neovim/nvim-win64/bin:/mnt/c/Program Files/Inkscape/bin:/mnt/c/Program Files/JetBrains/DataGrip 2025.2.4/bin:/mnt/c/Program Files/PsychoPy:/mnt/c/Program Files/PsychoPy/DLLs:/mnt/c/Program 豆ムעٸkָk:/mnt/c/Users/Emre/AppData/Local/Programs/Antigravity/bin:/mnt/c/Users/Emre/AppData/Local/GitHubDesktop/bin:/snap/bin', 'XDG_RUNTIME_DIR': '/mnt/wslg/runtime-dir', 'CURSOR_AGENT': '1', 'DISPLAY': ':0', 'LANG': 'en_US.UTF-8', 'LS_COLORS': '', 'AMENT_PREFIX_PATH': '/home/hydria/ws/install/litter_bot_bringup:/home/hydria/ws/install/litter_bot_perception:/home/hydria/ws/install/litter_bot_navigation:/home/hydria/ws/install/litter_bot_manipulation:/home/hydria/ws/install/litter_bot_gazebo:/home/hydria/ws/install/litter_bot_description:/home/hydria/ws/install/litter_bot:/opt/ros/humble', 'SHELL': '/bin/bash', 'LESSCLOSE': '/usr/bin/lesspipe %s %s', 'PWD': '/home/hydria/ws/build/litter_bot_perception', 'TURTLEBOT3_MODEL': 'waffle', 'XDG_DATA_DIRS': '/usr/local/share:/usr/share:/var/lib/snapd/desktop', 'PYTHONPATH': '/home/hydria/ws/build/litter_bot_perception/prefix_override:/usr/lib/python3/dist-packages/colcon_core/task/python/colcon_distutils_commands:/home/hydria/ws/install/litter_bot_perception/lib/python3.10/site-packages:/home/hydria/ws/build/litter_bot_perception:/home/hydria/ws/install/litter_bot_perception/lib/python3.10/site-packages:/home/hydria/ws/build/litter_bot_navigation:/home/hydria/ws/install/litter_bot_navigation/lib/python3.10/site-packages:/home/hydria/ws/build/litter_bot_manipulation:/home/hydria/ws/install/litter_bot_manipulation/lib/python3.10/site-packages:/home/hydria/ws/build/litter_bot:/home/hydria/ws/install/litter_bot/lib/python3.10/site-packages:/opt/ros/humble/lib/python3.10/site-packages:/opt/ros/humble/local/lib/python3.10/dist-packages', 'COLCON': '1', '_ZO_DOCTOR': '0', 'WSL2_GUI_APPS_ENABLED': '1', 'HOSTTYPE': 'x86_64', 'CMAKE_PREFIX_PATH': '/home/hydria/ws/install/litter_bot_bringup:/home/hydria/ws/install/litter_bot_gazebo:/home/hydria/ws/install/litter_bot_description', 'WSLENV': ''}, 'shell': False}
[0.900789] (-) TimerEvent: {}
[1.001013] (-) TimerEvent: {}
[1.101366] (-) TimerEvent: {}
[1.202049] (-) TimerEvent: {}
[1.302553] (-) TimerEvent: {}
[1.386029] (litter_bot_perception) StdoutLine: {'line': b'running develop\n'}
[1.402755] (-) TimerEvent: {}
[1.503073] (-) TimerEvent: {}
[1.603406] (-) TimerEvent: {}
[1.618164] (litter_bot_perception) StdoutLine: {'line': b'running egg_info\n'}
[1.619440] (litter_bot_perception) StdoutLine: {'line': b'writing litter_bot_perception.egg-info/PKG-INFO\n'}
[1.620688] (litter_bot_perception) StdoutLine: {'line': b'writing dependency_links to litter_bot_perception.egg-info/dependency_links.txt\n'}
[1.621081] (litter_bot_perception) StdoutLine: {'line': b'writing entry points to litter_bot_perception.egg-info/entry_points.txt\n'}
[1.621602] (litter_bot_perception) StdoutLine: {'line': b'writing requirements to litter_bot_perception.egg-info/requires.txt\n'}
[1.621857] (litter_bot_perception) StdoutLine: {'line': b'writing top-level names to litter_bot_perception.egg-info/top_level.txt\n'}
[1.624104] (litter_bot_perception) StdoutLine: {'line': b"reading manifest file 'litter_bot_perception.egg-info/SOURCES.txt'\n"}
[1.624959] (litter_bot_perception) StdoutLine: {'line': b"writing manifest file 'litter_bot_perception.egg-info/SOURCES.txt'\n"}
[1.627008] (litter_bot_perception) StdoutLine: {'line': b'running build_ext\n'}
[1.627550] (litter_bot_perception) StdoutLine: {'line': b'Creating /home/hydria/ws/install/litter_bot_perception/lib/python3.10/site-packages/litter-bot-perception.egg-link (link to .)\n'}
[1.628417] (litter_bot_perception) StdoutLine: {'line': b'Installing detection_node script to /home/hydria/ws/install/litter_bot_perception/lib/litter_bot_perception\n'}
[1.629668] (litter_bot_perception) StdoutLine: {'line': b'Installing litter_localizer_node script to /home/hydria/ws/install/litter_bot_perception/lib/litter_bot_perception\n'}
[1.637313] (litter_bot_perception) StdoutLine: {'line': b'Installing simple_localizer_node script to /home/hydria/ws/install/litter_bot_perception/lib/litter_bot_perception\n'}
[1.638162] (litter_bot_perception) StdoutLine: {'line': b'\n'}
[1.638262] (litter_bot_perception) StdoutLine: {'line': b'Installed /home/hydria/ws/build/litter_bot_perception\n'}
[1.638323] (litter_bot_perception) StdoutLine: {'line': b'running symlink_data\n'}
[1.688987] (litter_bot_perception) CommandEnded: {'returncode': 0}
[1.707025] (-) TimerEvent: {}
[1.711995] (litter_bot_perception) JobEnded: {'identifier': 'litter_bot_perception', 'rc': 0}
[1.713664] (litter_bot_bringup) JobStarted: {'identifier': 'litter_bot_bringup'}
[1.807255] (-) TimerEvent: {}
[1.907542] (-) TimerEvent: {}
[2.007871] (-) TimerEvent: {}
[2.108271] (-) TimerEvent: {}
[2.208676] (-) TimerEvent: {}
[2.309089] (-) TimerEvent: {}
[2.409531] (-) TimerEvent: {}
[2.509898] (-) TimerEvent: {}
[2.610357] (-) TimerEvent: {}
[2.710654] (-) TimerEvent: {}
[2.810907] (-) TimerEvent: {}
[2.911213] (-) TimerEvent: {}
[3.011618] (-) TimerEvent: {}
[3.042783] (litter_bot_bringup) JobProgress: {'identifier': 'litter_bot_bringup', 'progress': 'cmake'}
[3.043941] (litter_bot_bringup) JobProgress: {'identifier': 'litter_bot_bringup', 'progress': 'build'}
[3.046482] (litter_bot_bringup) Command: {'cmd': ['/usr/bin/cmake', '--build', '/home/hydria/ws/build/litter_bot_bringup', '--', '-j6', '-l6'], 'cwd': '/home/hydria/ws/build/litter_bot_bringup', 'env': OrderedDict([('LESSOPEN', '| /usr/bin/lesspipe %s'), ('VSCODE_CWD', '/mnt/c/Program Files/cursor'), ('VSCODE_ESM_ENTRYPOINT', 'vs/workbench/api/node/extensionHostProcess'), ('USER', 'hydria'), ('VSCODE_NLS_CONFIG', '{"userLocale":"en","osLocale":"en","resolvedLanguage":"en","defaultMessagesFile":"/home/hydria/.cursor-server/bin/32cfbe848b35d9eb320980195985450f244b3030/out/nls.messages.json","locale":"en","availableLanguages":{}}'), ('VSCODE_HANDLES_UNCAUGHT_ERRORS', 'true'), ('SHLVL', '0'), ('LD_LIBRARY_PATH', '/usr/lib/x86_64-linux-gnu/gazebo-11/plugins:/opt/ros/humble/opt/rviz_ogre_vendor/lib:/opt/ros/humble/lib/x86_64-linux-gnu:/opt/ros/humble/lib'), ('HOME', '/home/hydria'), ('OLDPWD', '/home/hydria/ws'), ('VSCODE_IPC_HOOK_CLI', '/mnt/wslg/runtime-dir/vscode-ipc-4e363573-edf5-42f3-9832-509ecdc06c4d.sock'), ('ROS_PYTHON_VERSION', '3'), ('NO_COLOR', '1'), ('WSL_DISTRO_NAME', 'Ubuntu-22.04'), ('WAYLAND_DISPLAY', 'wayland-0'), ('COLCON_PREFIX_PATH', '/home/hydria/ws/install'), ('ROS_DISTRO', 'humble'), ('LOGNAME', 'hydria'), ('FORCE_COLOR', '0'), ('NAME', 'DESKTOP-N8VDEIP'), ('WSL_INTEROP', '/run/WSL/9_interop'), ('VSCODE_HANDLES_SIGPIPE', 'true'), ('PULSE_SERVER', 'unix:/mnt/wslg/PulseServer'), ('_', '/usr/bin/colcon'), ('ROS_VERSION', '2'), ('TERM', 'dumb'), ('EVERYSPHERE_RIPGREP_PATH', '/home/hydria/.cursor-server/bin/32cfbe848b35d9eb320980195985450f244b3030/node_modules/@vscode/ripgrep/bin/rg'), ('GAZEBO_MODEL_PATH', '/usr/share/gazebo-11/models:/usr/share/gazebo/models:/opt/ros/humble/share/turtlebot3_gazebo/models:/usr/share/gazebo-11/models:/usr/share/gazebo/models:/opt/ros/humble/share/turtlebot3_gazebo/models:'), ('ROS_LOCALHOST_ONLY', '0'), ('COMPOSER_NO_INTERACTION', '1'), ('PATH', '/home/hydria/.local/bin:/home/hydria/.cursor-server/bin/32cfbe848b35d9eb320980195985450f244b3030/bin/remote-cli:/home/hydria/.local/bin:/opt/ros/humble/bin:/home/hydria/.cursor-server/bin/32cfbe848b35d9eb320980195985450f244b3030/bin/remote-cli:/usr/local/sbin:/usr/local/bin:/usr/sbin:/usr/bin:/sbin:/bin:/usr/games:/usr/local/games:/usr/lib/wsl/lib:/mnt/c/Windows/system32:/mnt/c/Windows:/mnt/c/Windows/System32/Wbem:/mnt/c/Windows/System32/WindowsPowerShell/v1.0/:/mnt/c/Windows/System32/OpenSSH/:/mnt/c/Program Files/Docker/Docker/resources/bin:/mnt/c/Program Files/Microsoft SQL Server/150/Tools/Binn/:/mnt/c/Program Files/dotnet/:/mnt/c/Program Files/Git/cmd:/mnt/c/ProgramData/chocolatey/bin:/mnt/c/wamp64/bin/mysql/mysql9.1.0/bin:/mnt/c/Program Files/cursor/resources/app/bin:/mnt/c/Users/Emre/AppData/Local/Programs/Python/Python312/Scripts/:/mnt/c/Users/Emre/AppData/Local/Programs/Python/Python312/:/mnt/c/Users/Emre/AppData/Local/Microsoft/WindowsApps:/mnt/c/Program Files/JetBrains/PyCharm 2024.1.4/bin:/mnt/c/Users/Emre/Microsoft VS Code/bin:/mnt/c/msys64/ucrt64/bin:/mnt/c/Users/Emre/.dotnet/tools:/mnt/c/tools/neovim/nvim-win64/bin:/mnt/c/Program Files/Inkscape/bin:/mnt/c/Program Files/JetBrains/DataGrip 2025.2.4/bin:/mnt/c/Program Files/PsychoPy:/mnt/c/Program Files/PsychoPy/DLLs:/mnt/c/Program 豆ムעٸkָk:/mnt/c/Users/Emre/AppData/Local/Programs/Antigravity/bin:/mnt/c/Users/Emre/AppData/Local/GitHubDesktop/bin:/snap/bin'), ('XDG_RUNTIME_DIR', '/mnt/wslg/runtime-dir'), ('CURSOR_AGENT', '1'), ('DISPLAY', ':0'), ('LANG', 'en_US.UTF-8'), ('LS_COLORS', ''), ('AMENT_PREFIX_PATH', '/home/hydria/ws/install/litter_bot_perception:/home/hydria/ws/install/litter_bot_navigation:/home/hydria/ws/install/litter_bot_manipulation:/home/hydria/ws/install/litter_bot:/home/hydria/ws/install/litter_bot_bringup:/home/hydria/ws/install/litter_bot_gazebo:/home/hydria/ws/install/litter_bot_description:/opt/ros/humble'), ('SHELL', '/bin/bash'), ('LESSCLOSE', '/usr/bin/lesspipe %s %s'), ('PWD', '/home/hydria/ws/build/litter_bot_bringup'), ('TURTLEBOT3_MODEL', 'waffle'), ('XDG_DATA_DIRS', '/usr/local/share:/usr/share:/var/lib/snapd/desktop'), ('PYTHONPATH', '/home/hydria/ws/build/litter_bot_perception:/home/hydria/ws/install/litter_bot_perception/lib/python3.10/site-packages:/home/hydria/ws/build/litter_bot_navigation:/home/hydria/ws/install/litter_bot_navigation/lib/python3.10/site-packages:/home/hydria/ws/build/litter_bot_manipulation:/home/hydria/ws/install/litter_bot_manipulation/lib/python3.10/site-packages:/home/hydria/ws/build/litter_bot:/home/hydria/ws/install/litter_bot/lib/python3.10/site-packages:/opt/ros/humble/lib/python3.10/site-packages:/opt/ros/humble/local/lib/python3.10/dist-packages'), ('COLCON', '1'), ('_ZO_DOCTOR', '0'), ('WSL2_GUI_APPS_ENABLED', '1'), ('HOSTTYPE', 'x86_64'), ('CMAKE_PREFIX_PATH', '/home/hydria/ws/install/litter_bot_gazebo:/home/hydria/ws/install/litter_bot_description:/home/hydria/ws/install/litter_bot_bringup:/home/hydria/ws/install/litter_bot_perception:/home/hydria/ws/install/litter_bot_navigation:/home/hydria/ws/install/litter_bot_manipulation:/home/hydria/ws/install/litter_bot:/opt/ros/humble'), ('WSLENV', '')]), 'shell': False}
[3.111797] (-) TimerEvent: {}
[3.156429] (litter_bot_bringup) CommandEnded: {'returncode': 0}
[3.159643] (litter_bot_bringup) JobProgress: {'identifier': 'litter_bot_bringup', 'progress': 'install'}
[3.168753] (litter_bot_bringup) Command: {'cmd': ['/usr/bin/cmake', '--install', '/home/hydria/ws/build/litter_bot_bringup'], 'cwd': '/home/hydria/ws/build/litter_bot_bringup', 'env': OrderedDict([('LESSOPEN', '| /usr/bin/lesspipe %s'), ('VSCODE_CWD', '/mnt/c/Program Files/cursor'), ('VSCODE_ESM_ENTRYPOINT', 'vs/workbench/api/node/extensionHostProcess'), ('USER', 'hydria'), ('VSCODE_NLS_CONFIG', '{"userLocale":"en","osLocale":"en","resolvedLanguage":"en","defaultMessagesFile":"/home/hydria/.cursor-server/bin/32cfbe848b35d9eb320980195985450f244b3030/out/nls.messages.json","locale":"en","availableLanguages":{}}'), ('VSCODE_HANDLES_UNCAUGHT_ERRORS', 'true'), ('SHLVL', '0'), ('LD_LIBRARY_PATH', '/usr/lib/x86_64-linux-gnu/gazebo-11/plugins:/opt/ros/humble/opt/rviz_ogre_vendor/lib:/opt/ros/humble/lib/x86_64-linux-gnu:/opt/ros/humble/lib'), ('HOME', '/home/hydria'), ('OLDPWD', '/home/hydria/ws'), ('VSCODE_IPC_HOOK_CLI', '/mnt/wslg/runtime-dir/vscode-ipc-4e363573-edf5-42f3-9832-509ecdc06c4d.sock'), ('ROS_PYTHON_VERSION', '3'), ('NO_COLOR', '1'), ('WSL_DISTRO_NAME', 'Ubuntu-22.04'), ('WAYLAND_DISPLAY', 'wayland-0'), ('COLCON_PREFIX_PATH', '/home/hydria/ws/install'), ('ROS_DISTRO', 'humble'), ('LOGNAME', 'hydria'), ('FORCE_COLOR', '0'), ('NAME', 'DESKTOP-N8VDEIP'), ('WSL_INTEROP', '/run/WSL/9_interop'), ('VSCODE_HANDLES_SIGPIPE', 'true'), ('PULSE_SERVER', 'unix:/mnt/wslg/PulseServer'), ('_', '/usr/bin/colcon'), ('ROS_VERSION', '2'), ('TERM', 'dumb'), ('EVERYSPHERE_RIPGREP_PATH', '/home/hydria/.cursor-server/bin/32cfbe848b35d9eb320980195985450f244b3030/node_modules/@vscode/ripgrep/bin/rg'), ('GAZEBO_MODEL_PATH', '/usr/share/gazebo-11/models:/usr/share/gazebo/models:/opt/ros/humble/share/turtlebot3_gazebo/models:/usr/share/gazebo-11/models:/usr/share/gazebo/models:/opt/ros/humble/share/turtlebot3_gazebo/models:'), ('ROS_LOCALHOST_ONLY', '0'), ('COMPOSER_NO_INTERACTION', '1'), ('PATH', '/home/hydria/.local/bin:/home/hydria/.cursor-server/bin/32cfbe848b35d9eb320980195985450f244b3030/bin/remote-cli:/home/hydria/.local/bin:/opt/ros/humble/bin:/home/hydria/.cursor-server/bin/32cfbe848b35d9eb320980195985450f244b3030/bin/remote-cli:/usr/local/sbin:/usr/local/bin:/usr/sbin:/usr/bin:/sbin:/bin:/usr/games:/usr/local/games:/usr/lib/wsl/lib:/mnt/c/Windows/system32:/mnt/c/Windows:/mnt/c/Windows/System32/Wbem:/mnt/c/Windows/System32/WindowsPowerShell/v1.0/:/mnt/c/Windows/System32/OpenSSH/:/mnt/c/Program Files/Docker/Docker/resources/bin:/mnt/c/Program Files/Microsoft SQL Server/150/Tools/Binn/:/mnt/c/Program Files/dotnet/:/mnt/c/Program Files/Git/cmd:/mnt/c/ProgramData/chocolatey/bin:/mnt/c/wamp64/bin/mysql/mysql9.1.0/bin:/mnt/c/Program Files/cursor/resources/app/bin:/mnt/c/Users/Emre/AppData/Local/Programs/Python/Python312/Scripts/:/mnt/c/Users/Emre/AppData/Local/Programs/Python/Python312/:/mnt/c/Users/Emre/AppData/Local/Microsoft/WindowsApps:/mnt/c/Program Files/JetBrains/PyCharm 2024.1.4/bin:/mnt/c/Users/Emre/Microsoft VS Code/bin:/mnt/c/msys64/ucrt64/bin:/mnt/c/Users/Emre/.dotnet/tools:/mnt/c/tools/neovim/nvim-win64/bin:/mnt/c/Program Files/Inkscape/bin:/mnt/c/Program Files/JetBrains/DataGrip 2025.2.4/bin:/mnt/c/Program Files/PsychoPy:/mnt/c/Program Files/PsychoPy/DLLs:/mnt/c/Program 豆ムעٸkָk:/mnt/c/Users/Emre/AppData/Local/Programs/Antigravity/bin:/mnt/c/Users/Emre/AppData/Local/GitHubDesktop/bin:/snap/bin'), ('XDG_RUNTIME_DIR', '/mnt/wslg/runtime-dir'), ('CURSOR_AGENT', '1'), ('DISPLAY', ':0'), ('LANG', 'en_US.UTF-8'), ('LS_COLORS', ''), ('AMENT_PREFIX_PATH', '/home/hydria/ws/install/litter_bot_perception:/home/hydria/ws/install/litter_bot_navigation:/home/hydria/ws/install/litter_bot_manipulation:/home/hydria/ws/install/litter_bot:/home/hydria/ws/install/litter_bot_bringup:/home/hydria/ws/install/litter_bot_gazebo:/home/hydria/ws/install/litter_bot_description:/opt/ros/humble'), ('SHELL', '/bin/bash'), ('LESSCLOSE', '/usr/bin/lesspipe %s %s'), ('PWD', '/home/hydria/ws/build/litter_bot_bringup'), ('TURTLEBOT3_MODEL', 'waffle'), ('XDG_DATA_DIRS', '/usr/local/share:/usr/share:/var/lib/snapd/desktop'), ('PYTHONPATH', '/home/hydria/ws/build/litter_bot_perception:/home/hydria/ws/install/litter_bot_perception/lib/python3.10/site-packages:/home/hydria/ws/build/litter_bot_navigation:/home/hydria/ws/install/litter_bot_navigation/lib/python3.10/site-packages:/home/hydria/ws/build/litter_bot_manipulation:/home/hydria/ws/install/litter_bot_manipulation/lib/python3.10/site-packages:/home/hydria/ws/build/litter_bot:/home/hydria/ws/install/litter_bot/lib/python3.10/site-packages:/opt/ros/humble/lib/python3.10/site-packages:/opt/ros/humble/local/lib/python3.10/dist-packages'), ('COLCON', '1'), ('_ZO_DOCTOR', '0'), ('WSL2_GUI_APPS_ENABLED', '1'), ('HOSTTYPE', 'x86_64'), ('CMAKE_PREFIX_PATH', '/home/hydria/ws/install/litter_bot_gazebo:/home/hydria/ws/install/litter_bot_description:/home/hydria/ws/install/litter_bot_bringup:/home/hydria/ws/install/litter_bot_perception:/home/hydria/ws/install/litter_bot_navigation:/home/hydria/ws/install/litter_bot_manipulation:/home/hydria/ws/install/litter_bot:/opt/ros/humble'), ('WSLENV', '')]), 'shell': False}
[3.179827] (litter_bot_bringup) StdoutLine: {'line': b'-- Install configuration: ""\n'}
[3.181144] (litter_bot_bringup) StdoutLine: {'line': b'-- Execute custom install script\n'}
[3.183456] (litter_bot_bringup) StdoutLine: {'line': b'-- Up-to-date symlink: /home/hydria/ws/install/litter_bot_bringup/share/litter_bot_bringup/launch/full_system.launch.py\n'}
[3.183743] (litter_bot_bringup) StdoutLine: {'line': b'-- Up-to-date symlink: /home/hydria/ws/install/litter_bot_bringup/share/litter_bot_bringup/launch/simulation_only.launch.py\n'}
[3.184117] (litter_bot_bringup) StdoutLine: {'line': b'-- Up-to-date symlink: /home/hydria/ws/install/litter_bot_bringup/share/litter_bot_bringup/config/rviz_config.rviz\n'}
[3.184463] (litter_bot_bringup) StdoutLine: {'line': b'-- Up-to-date symlink: /home/hydria/ws/install/litter_bot_bringup/share/ament_index/resource_index/package_run_dependencies/litter_bot_bringup\n'}
[3.185428] (litter_bot_bringup) StdoutLine: {'line': b'-- Up-to-date symlink: /home/hydria/ws/install/litter_bot_bringup/share/ament_index/resource_index/parent_prefix_path/litter_bot_bringup\n'}
[3.185716] (litter_bot_bringup) StdoutLine: {'line': b'-- Up-to-date symlink: /home/hydria/ws/install/litter_bot_bringup/share/litter_bot_bringup/environment/ament_prefix_path.sh\n'}
[3.186009] (litter_bot_bringup) StdoutLine: {'line': b'-- Up-to-date symlink: /home/hydria/ws/install/litter_bot_bringup/share/litter_bot_bringup/environment/ament_prefix_path.dsv\n'}
[3.186115] (litter_bot_bringup) StdoutLine: {'line': b'-- Up-to-date symlink: /home/hydria/ws/install/litter_bot_bringup/share/litter_bot_bringup/environment/path.sh\n'}
[3.186178] (litter_bot_bringup) StdoutLine: {'line': b'-- Up-to-date symlink: /home/hydria/ws/install/litter_bot_bringup/share/litter_bot_bringup/environment/path.dsv\n'}
[3.186235] (litter_bot_bringup) StdoutLine: {'line': b'-- Up-to-date symlink: /home/hydria/ws/install/litter_bot_bringup/share/litter_bot_bringup/local_setup.bash\n'}
[3.186292] (litter_bot_bringup) StdoutLine: {'line': b'-- Up-to-date symlink: /home/hydria/ws/install/litter_bot_bringup/share/litter_bot_bringup/local_setup.sh\n'}
[3.186383] (litter_bot_bringup) StdoutLine: {'line': b'-- Up-to-date symlink: /home/hydria/ws/install/litter_bot_bringup/share/litter_bot_bringup/local_setup.zsh\n'}
[3.186702] (litter_bot_bringup) StdoutLine: {'line': b'-- Up-to-date symlink: /home/hydria/ws/install/litter_bot_bringup/share/litter_bot_bringup/local_setup.dsv\n'}
[3.186885] (litter_bot_bringup) StdoutLine: {'line': b'-- Symlinking: /home/hydria/ws/install/litter_bot_bringup/share/litter_bot_bringup/package.dsv\n'}
[3.196631] (litter_bot_bringup) StdoutLine: {'line': b'-- Up-to-date symlink: /home/hydria/ws/install/litter_bot_bringup/share/ament_index/resource_index/packages/litter_bot_bringup\n'}
[3.197158] (litter_bot_bringup) StdoutLine: {'line': b'-- Up-to-date symlink: /home/hydria/ws/install/litter_bot_bringup/share/litter_bot_bringup/cmake/litter_bot_bringupConfig.cmake\n'}
[3.197246] (litter_bot_bringup) StdoutLine: {'line': b'-- Up-to-date symlink: /home/hydria/ws/install/litter_bot_bringup/share/litter_bot_bringup/cmake/litter_bot_bringupConfig-version.cmake\n'}
[3.197311] (litter_bot_bringup) StdoutLine: {'line': b'-- Up-to-date symlink: /home/hydria/ws/install/litter_bot_bringup/share/litter_bot_bringup/package.xml\n'}
[3.207046] (litter_bot_bringup) CommandEnded: {'returncode': 0}
[3.212247] (-) TimerEvent: {}
[3.232020] (litter_bot_bringup) JobEnded: {'identifier': 'litter_bot_bringup', 'rc': 0}
[3.232878] (-) EventReactorShutdown: {}
