[0.000000] (-) TimerEvent: {}
[0.000206] (-) JobUnselected: {'identifier': 'litter_bot_description'}
[0.000231] (-) JobUnselected: {'identifier': 'litter_bot_gazebo'}
[0.000253] (litter_bot) JobQueued: {'identifier': 'litter_bot', 'dependencies': OrderedDict()}
[0.000263] (litter_bot_manipulation) JobQueued: {'identifier': 'litter_bot_manipulation', 'dependencies': OrderedDict()}
[0.000270] (litter_bot_navigation) JobQueued: {'identifier': 'litter_bot_navigation', 'dependencies': OrderedDict()}
[0.000277] (litter_bot_perception) JobQueued: {'identifier': 'litter_bot_perception', 'dependencies': OrderedDict()}
[0.000283] (litter_bot_bringup) JobQueued: {'identifier': 'litter_bot_bringup', 'dependencies': OrderedDict([('litter_bot', '/home/hydria/ws/install/litter_bot'), ('litter_bot_description', '/home/hydria/ws/install/litter_bot_description'), ('litter_bot_manipulation', '/home/hydria/ws/install/litter_bot_manipulation'), ('litter_bot_navigation', '/home/hydria/ws/install/litter_bot_navigation'), ('litter_bot_perception', '/home/hydria/ws/install/litter_bot_perception'), ('litter_bot_gazebo', '/home/hydria/ws/install/litter_bot_gazebo')])}
[0.000428] (litter_bot) JobStarted: {'identifier': 'litter_bot'}
[0.004707] (litter_bot_manipulation) JobStarted: {'identifier': 'litter_bot_manipulation'}
[0.007694] (litter_bot_navigation) JobStarted: {'identifier': 'litter_bot_navigation'}
[0.010311] (litter_bot_perception) JobStarted: {'identifier': 'litter_bot_perception'}
[0.099836] (-) TimerEvent: {}
[0.200146] (-) TimerEvent: {}
[0.300436] (-) TimerEvent: {}
[0.400654] (-) TimerEvent: {}
[0.500925] (-) TimerEvent: {}
[0.601166] (-) TimerEvent: {}
[0.701499] (-) TimerEvent: {}
[0.801701] (-) TimerEvent: {}
[0.901902] (-) TimerEvent: {}
[0.903365] (litter_bot_navigation) Command: {'cmd': ['/usr/bin/python3', '-W', 'ignore:setup.py install is deprecated', '-W', 'ignore:easy_install command is deprecated', 'setup.py', 'develop', '--editable', '--build-directory', '/home/hydria/ws/build/litter_bot_navigation/build', '--no-deps', 'symlink_data'], 'cwd': '/home/hydria/ws/build/litter_bot_navigation', 'env': {'LESSOPEN': '| /usr/bin/lesspipe %s', 'VSCODE_CWD': '/mnt/c/Program Files/cursor', 'VSCODE_ESM_ENTRYPOINT': 'vs/workbench/api/node/extensionHostProcess', 'USER': 'hydria', 'VSCODE_NLS_CONFIG': '{"userLocale":"en","osLocale":"en","resolvedLanguage":"en","defaultMessagesFile":"/home/hydria/.cursor-server/bin/32cfbe848b35d9eb320980195985450f244b3030/out/nls.messages.json","locale":"en","availableLanguages":{}}', 'VSCODE_HANDLES_UNCAUGHT_ERRORS': 'true', 'SHLVL': '0', 'LD_LIBRARY_PATH': '/usr/lib/x86_64-linux-gnu/gazebo-11/plugins:/opt/ros/humble/opt/rviz_ogre_vendor/lib:/opt/ros/humble/lib/x86_64-linux-gnu:/opt/ros/humble/lib', 'HOME': '/home/hydria', 'OLDPWD': '/home/hydria/ws', 'VSCODE_IPC_HOOK_CLI': '/mnt/wslg/runtime-dir/vscode-ipc-946b2eb5-fd13-4868-96f5-db37aa9e5696.sock', 'ROS_PYTHON_VERSION': '3', 'NO_COLOR': '1', 'WSL_DISTRO_NAME': 'Ubuntu-22.04', 'WAYLAND_DISPLAY': 'wayland-0', 'VSCODE_L10N_BUNDLE_LOCATION': '', 'ROS_DISTRO': 'humble', 'LOGNAME': 'hydria', 'FORCE_COLOR': '0', 'NAME': 'DESKTOP-N8VDEIP', 'WSL_INTEROP': '/run/WSL/9_interop', 'VSCODE_HANDLES_SIGPIPE': 'true', 'PULSE_SERVER': 'unix:/mnt/wslg/PulseServer', '_': '/usr/bin/colcon', 'ROS_VERSION': '2', 'TERM': 'dumb', 'EVERYSPHERE_RIPGREP_PATH': '/home/hydria/.cursor-server/bin/32cfbe848b35d9eb320980195985450f244b3030/node_modules/@vscode/ripgrep/bin/rg', 'GAZEBO_MODEL_PATH': '/usr/share/gazebo-11/models:/usr/share/gazebo/models:/opt/ros/humble/share/turtlebot3_gazebo/models:/usr/share/gazebo-11/models:/usr/share/gazebo/models:/opt/ros/humble/share/turtlebot3_gazebo/models:', 'ROS_LOCALHOST_ONLY': '0', 'COMPOSER_NO_INTERACTION': '1', 'PATH': '/home/hydria/.cursor-server/bin/32cfbe848b35d9eb320980195985450f244b3030/bin/remote-cli:/opt/ros/humble/bin:/home/hydria/.cursor-server/bin/32cfbe848b35d9eb320980195985450f244b3030/bin/remote-cli:/usr/local/sbin:/usr/local/bin:/usr/sbin:/usr/bin:/sbin:/bin:/usr/games:/usr/local/games:/usr/lib/wsl/lib:/mnt/c/Windows/system32:/mnt/c/Windows:/mnt/c/Windows/System32/Wbem:/mnt/c/Windows/System32/WindowsPowerShell/v1.0/:/mnt/c/Windows/System32/OpenSSH/:/mnt/c/Program Files/Docker/Docker/resources/bin:/mnt/c/Program Files/Microsoft SQL Server/150/Tools/Binn/:/mnt/c/Program Files/dotnet/:/mnt/c/Program Files/Git/cmd:/mnt/c/ProgramData/chocolatey/bin:/mnt/c/wamp64/bin/mysql/mysql9.1.0/bin:/mnt/c/Program Files/cursor/resources/app/bin:/mnt/c/Users/Emre/AppData/Local/Programs/Python/Python312/Scripts/:/mnt/c/Users/Emre/AppData/Local/Programs/Python/Python312/:/mnt/c/Users/Emre/AppData/Local/Microsoft/WindowsApps:/mnt/c/Program Files/JetBrains/PyCharm 2024.1.4/bin:/mnt/c/Users/Emre/Microsoft VS Code/bin:/mnt/c/msys64/ucrt64/bin:/mnt/c/Users/Emre/.dotnet/tools:/mnt/c/tools/neovim/nvim-win64/bin:/mnt/c/Program Files/Inkscape/bin:/mnt/c/Program Files/JetBrains/DataGrip 2025.2.4/bin:/mnt/c/Program Files/PsychoPy:/mnt/c/Program Files/PsychoPy/DLLs:/mnt/c/Program 豆ムעٸkָk:/mnt/c/Users/Emre/AppData/Local/Programs/Antigravity/bin:/mnt/c/Users/Emre/AppData/Local/GitHubDesktop/bin:/snap/bin', 'XDG_RUNTIME_DIR': '/mnt/wslg/runtime-dir', 'CURSOR_AGENT': '1', 'DISPLAY': ':0', 'LANG': 'en_US.UTF-8', 'LS_COLORS': '', 'AMENT_PREFIX_PATH': '/opt/ros/humble', 'SHELL': '/bin/bash', 'LESSCLOSE': '/usr/bin/lesspipe %s %s', 'PWD': '/home/hydria/ws/build/litter_bot_navigation', 'TURTLEBOT3_MODEL': 'waffle', 'XDG_DATA_DIRS': '/usr/local/share:/usr/share:/var/lib/snapd/desktop', 'PYTHONPATH': '/home/hydria/ws/build/litter_bot_navigation/prefix_override:/usr/lib/python3/dist-packages/colcon_core/task/python/colcon_distutils_commands:/home/hydria/ws/install/litter_bot_navigation/lib/python3.10/site-packages:/opt/ros/humble/lib/python3.10/site-packages:/opt/ros/humble/local/lib/python3.10/dist-packages', 'COLCON': '1', '_ZO_DOCTOR': '0', 'WSL2_GUI_APPS_ENABLED': '1', 'HOSTTYPE': 'x86_64', 'WSLENV': ''}, 'shell': False}
[0.904432] (litter_bot) Command: {'cmd': ['/usr/bin/python3', '-W', 'ignore:setup.py install is deprecated', '-W', 'ignore:easy_install command is deprecated', 'setup.py', 'develop', '--editable', '--build-directory', '/home/hydria/ws/build/litter_bot/build', '--no-deps', 'symlink_data'], 'cwd': '/home/hydria/ws/build/litter_bot', 'env': {'LESSOPEN': '| /usr/bin/lesspipe %s', 'VSCODE_CWD': '/mnt/c/Program Files/cursor', 'VSCODE_ESM_ENTRYPOINT': 'vs/workbench/api/node/extensionHostProcess', 'USER': 'hydria', 'VSCODE_NLS_CONFIG': '{"userLocale":"en","osLocale":"en","resolvedLanguage":"en","defaultMessagesFile":"/home/hydria/.cursor-server/bin/32cfbe848b35d9eb320980195985450f244b3030/out/nls.messages.json","locale":"en","availableLanguages":{}}', 'VSCODE_HANDLES_UNCAUGHT_ERRORS': 'true', 'SHLVL': '0', 'LD_LIBRARY_PATH': '/usr/lib/x86_64-linux-gnu/gazebo-11/plugins:/opt/ros/humble/opt/rviz_ogre_vendor/lib:/opt/ros/humble/lib/x86_64-linux-gnu:/opt/ros/humble/lib', 'HOME': '/home/hydria', 'OLDPWD': '/home/hydria/ws', 'VSCODE_IPC_HOOK_CLI': '/mnt/wslg/runtime-dir/vscode-ipc-946b2eb5-fd13-4868-96f5-db37aa9e5696.sock', 'ROS_PYTHON_VERSION': '3', 'NO_COLOR': '1', 'WSL_DISTRO_NAME': 'Ubuntu-22.04', 'WAYLAND_DISPLAY': 'wayland-0', 'VSCODE_L10N_BUNDLE_LOCATION': '', 'ROS_DISTRO': 'humble', 'LOGNAME': 'hydria', 'FORCE_COLOR': '0', 'NAME': 'DESKTOP-N8VDEIP', 'WSL_INTEROP': '/run/WSL/9_interop', 'VSCODE_HANDLES_SIGPIPE': 'true', 'PULSE_SERVER': 'unix:/mnt/wslg/PulseServer', '_': '/usr/bin/colcon', 'ROS_VERSION': '2', 'TERM': 'dumb', 'EVERYSPHERE_RIPGREP_PATH': '/home/hydria/.cursor-server/bin/32cfbe848b35d9eb320980195985450f244b3030/node_modules/@vscode/ripgrep/bin/rg', 'GAZEBO_MODEL_PATH': '/usr/share/gazebo-11/models:/usr/share/gazebo/models:/opt/ros/humble/share/turtlebot3_gazebo/models:/usr/share/gazebo-11/models:/usr/share/gazebo/models:/opt/ros/humble/share/turtlebot3_gazebo/models:', 'ROS_LOCALHOST_ONLY': '0', 'COMPOSER_NO_INTERACTION': '1', 'PATH': '/home/hydria/.cursor-server/bin/32cfbe848b35d9eb320980195985450f244b3030/bin/remote-cli:/opt/ros/humble/bin:/home/hydria/.cursor-server/bin/32cfbe848b35d9eb320980195985450f244b3030/bin/remote-cli:/usr/local/sbin:/usr/local/bin:/usr/sbin:/usr/bin:/sbin:/bin:/usr/games:/usr/local/games:/usr/lib/wsl/lib:/mnt/c/Windows/system32:/mnt/c/Windows:/mnt/c/Windows/System32/Wbem:/mnt/c/Windows/System32/WindowsPowerShell/v1.0/:/mnt/c/Windows/System32/OpenSSH/:/mnt/c/Program Files/Docker/Docker/resources/bin:/mnt/c/Program Files/Microsoft SQL Server/150/Tools/Binn/:/mnt/c/Program Files/dotnet/:/mnt/c/Program Files/Git/cmd:/mnt/c/ProgramData/chocolatey/bin:/mnt/c/wamp64/bin/mysql/mysql9.1.0/bin:/mnt/c/Program Files/cursor/resources/app/bin:/mnt/c/Users/Emre/AppData/Local/Programs/Python/Python312/Scripts/:/mnt/c/Users/Emre/AppData/Local/Programs/Python/Python312/:/mnt/c/Users/Emre/AppData/Local/Microsoft/WindowsApps:/mnt/c/Program Files/JetBrains/PyCharm 2024.1.4/bin:/mnt/c/Users/Emre/Microsoft VS Code/bin:/mnt/c/msys64/ucrt64/bin:/mnt/c/Users/Emre/.dotnet/tools:/mnt/c/tools/neovim/nvim-win64/bin:/mnt/c/Program Files/Inkscape/bin:/mnt/c/Program Files/JetBrains/DataGrip 2025.2.4/bin:/mnt/c/Program Files/PsychoPy:/mnt/c/Program Files/PsychoPy/DLLs:/mnt/c/Program 豆ムעٸkָk:/mnt/c/Users/Emre/AppData/Local/Programs/Antigravity/bin:/mnt/c/Users/Emre/AppData/Local/GitHubDesktop/bin:/snap/bin', 'XDG_RUNTIME_DIR': '/mnt/wslg/runtime-dir', 'CURSOR_AGENT': '1', 'DISPLAY': ':0', 'LANG': 'en_US.UTF-8', 'LS_COLORS': '', 'AMENT_PREFIX_PATH': '/opt/ros/humble', 'SHELL': '/bin/bash', 'LESSCLOSE': '/usr/bin/lesspipe %s %s', 'PWD': '/home/hydria/ws/build/litter_bot', 'TURTLEBOT3_MODEL': 'waffle', 'XDG_DATA_DIRS': '/usr/local/share:/usr/share:/var/lib/snapd/desktop', 'PYTHONPATH': '/home/hydria/ws/build/litter_bot/prefix_override:/usr/lib/python3/dist-packages/colcon_core/task/python/colcon_distutils_commands:/home/hydria/ws/install/litter_bot/lib/python3.10/site-packages:/opt/ros/humble/lib/python3.10/site-packages:/opt/ros/humble/local/lib/python3.10/dist-packages', 'COLCON': '1', '_ZO_DOCTOR': '0', 'WSL2_GUI_APPS_ENABLED': '1', 'HOSTTYPE': 'x86_64', 'WSLENV': ''}, 'shell': False}
[0.905939] (litter_bot_perception) Command: {'cmd': ['/usr/bin/python3', '-W', 'ignore:setup.py install is deprecated', '-W', 'ignore:easy_install command is deprecated', 'setup.py', 'develop', '--editable', '--build-directory', '/home/hydria/ws/build/litter_bot_perception/build', '--no-deps', 'symlink_data'], 'cwd': '/home/hydria/ws/build/litter_bot_perception', 'env': {'LESSOPEN': '| /usr/bin/lesspipe %s', 'VSCODE_CWD': '/mnt/c/Program Files/cursor', 'VSCODE_ESM_ENTRYPOINT': 'vs/workbench/api/node/extensionHostProcess', 'USER': 'hydria', 'VSCODE_NLS_CONFIG': '{"userLocale":"en","osLocale":"en","resolvedLanguage":"en","defaultMessagesFile":"/home/hydria/.cursor-server/bin/32cfbe848b35d9eb320980195985450f244b3030/out/nls.messages.json","locale":"en","availableLanguages":{}}', 'VSCODE_HANDLES_UNCAUGHT_ERRORS': 'true', 'SHLVL': '0', 'LD_LIBRARY_PATH': '/usr/lib/x86_64-linux-gnu/gazebo-11/plugins:/opt/ros/humble/opt/rviz_ogre_vendor/lib:/opt/ros/humble/lib/x86_64-linux-gnu:/opt/ros/humble/lib', 'HOME': '/home/hydria', 'OLDPWD': '/home/hydria/ws', 'VSCODE_IPC_HOOK_CLI': '/mnt/wslg/runtime-dir/vscode-ipc-946b2eb5-fd13-4868-96f5-db37aa9e5696.sock', 'ROS_PYTHON_VERSION': '3', 'NO_COLOR': '1', 'WSL_DISTRO_NAME': 'Ubuntu-22.04', 'WAYLAND_DISPLAY': 'wayland-0', 'VSCODE_L10N_BUNDLE_LOCATION': '', 'ROS_DISTRO': 'humble', 'LOGNAME': 'hydria', 'FORCE_COLOR': '0', 'NAME': 'DESKTOP-N8VDEIP', 'WSL_INTEROP': '/run/WSL/9_interop', 'VSCODE_HANDLES_SIGPIPE': 'true', 'PULSE_SERVER': 'unix:/mnt/wslg/PulseServer', '_': '/usr/bin/colcon', 'ROS_VERSION': '2', 'TERM': 'dumb', 'EVERYSPHERE_RIPGREP_PATH': '/home/hydria/.cursor-server/bin/32cfbe848b35d9eb320980195985450f244b3030/node_modules/@vscode/ripgrep/bin/rg', 'GAZEBO_MODEL_PATH': '/usr/share/gazebo-11/models:/usr/share/gazebo/models:/opt/ros/humble/share/turtlebot3_gazebo/models:/usr/share/gazebo-11/models:/usr/share/gazebo/models:/opt/ros/humble/share/turtlebot3_gazebo/models:', 'ROS_LOCALHOST_ONLY': '0', 'COMPOSER_NO_INTERACTION': '1', 'PATH': '/home/hydria/.cursor-server/bin/32cfbe848b35d9eb320980195985450f244b3030/bin/remote-cli:/opt/ros/humble/bin:/home/hydria/.cursor-server/bin/32cfbe848b35d9eb320980195985450f244b3030/bin/remote-cli:/usr/local/sbin:/usr/local/bin:/usr/sbin:/usr/bin:/sbin:/bin:/usr/games:/usr/local/games:/usr/lib/wsl/lib:/mnt/c/Windows/system32:/mnt/c/Windows:/mnt/c/Windows/System32/Wbem:/mnt/c/Windows/System32/WindowsPowerShell/v1.0/:/mnt/c/Windows/System32/OpenSSH/:/mnt/c/Program Files/Docker/Docker/resources/bin:/mnt/c/Program Files/Microsoft SQL Server/150/Tools/Binn/:/mnt/c/Program Files/dotnet/:/mnt/c/Program Files/Git/cmd:/mnt/c/ProgramData/chocolatey/bin:/mnt/c/wamp64/bin/mysql/mysql9.1.0/bin:/mnt/c/Program Files/cursor/resources/app/bin:/mnt/c/Users/Emre/AppData/Local/Programs/Python/Python312/Scripts/:/mnt/c/Users/Emre/AppData/Local/Programs/Python/Python312/:/mnt/c/Users/Emre/AppData/Local/Microsoft/WindowsApps:/mnt/c/Program Files/JetBrains/PyCharm 2024.1.4/bin:/mnt/c/Users/Emre/Microsoft VS Code/bin:/mnt/c/msys64/ucrt64/bin:/mnt/c/Users/Emre/.dotnet/tools:/mnt/c/tools/neovim/nvim-win64/bin:/mnt/c/Program Files/Inkscape/bin:/mnt/c/Program Files/JetBrains/DataGrip 2025.2.4/bin:/mnt/c/Program Files/PsychoPy:/mnt/c/Program Files/PsychoPy/DLLs:/mnt/c/Program 豆ムעٸkָk:/mnt/c/Users/Emre/AppData/Local/Programs/Antigravity/bin:/mnt/c/Users/Emre/AppData/Local/GitHubDesktop/bin:/snap/bin', 'XDG_RUNTIME_DIR': '/mnt/wslg/runtime-dir', 'CURSOR_AGENT': '1', 'DISPLAY': ':0', 'LANG': 'en_US.UTF-8', 'LS_COLORS': '', 'AMENT_PREFIX_PATH': '/opt/ros/humble', 'SHELL': '/bin/bash', 'LESSCLOSE': '/usr/bin/lesspipe %s %s', 'PWD': '/home/hydria/ws/build/litter_bot_perception', 'TURTLEBOT3_MODEL': 'waffle', 'XDG_DATA_DIRS': '/usr/local/share:/usr/share:/var/lib/snapd/desktop', 'PYTHONPATH': '/home/hydria/ws/build/litter_bot_perception/prefix_override:/usr/lib/python3/dist-packages/colcon_core/task/python/colcon_distutils_commands:/home/hydria/ws/install/litter_bot_perception/lib/python3.10/site-packages:/opt/ros/humble/lib/python3.10/site-packages:/opt/ros/humble/local/lib/python3.10/dist-packages', 'COLCON': '1', '_ZO_DOCTOR': '0', 'WSL2_GUI_APPS_ENABLED': '1', 'HOSTTYPE': 'x86_64', 'WSLENV': ''}, 'shell': False}
[0.907086] (litter_bot_manipulation) Command: {'cmd': ['/usr/bin/python3', '-W', 'ignore:setup.py install is deprecated', '-W', 'ignore:easy_install command is deprecated', 'setup.py', 'develop', '--editable', '--build-directory', '/home/hydria/ws/build/litter_bot_manipulation/build', '--no-deps', 'symlink_data'], 'cwd': '/home/hydria/ws/build/litter_bot_manipulation', 'env': {'LESSOPEN': '| /usr/bin/lesspipe %s', 'VSCODE_CWD': '/mnt/c/Program Files/cursor', 'VSCODE_ESM_ENTRYPOINT': 'vs/workbench/api/node/extensionHostProcess', 'USER': 'hydria', 'VSCODE_NLS_CONFIG': '{"userLocale":"en","osLocale":"en","resolvedLanguage":"en","defaultMessagesFile":"/home/hydria/.cursor-server/bin/32cfbe848b35d9eb320980195985450f244b3030/out/nls.messages.json","locale":"en","availableLanguages":{}}', 'VSCODE_HANDLES_UNCAUGHT_ERRORS': 'true', 'SHLVL': '0', 'LD_LIBRARY_PATH': '/usr/lib/x86_64-linux-gnu/gazebo-11/plugins:/opt/ros/humble/opt/rviz_ogre_vendor/lib:/opt/ros/humble/lib/x86_64-linux-gnu:/opt/ros/humble/lib', 'HOME': '/home/hydria', 'OLDPWD': '/home/hydria/ws', 'VSCODE_IPC_HOOK_CLI': '/mnt/wslg/runtime-dir/vscode-ipc-946b2eb5-fd13-4868-96f5-db37aa9e5696.sock', 'ROS_PYTHON_VERSION': '3', 'NO_COLOR': '1', 'WSL_DISTRO_NAME': 'Ubuntu-22.04', 'WAYLAND_DISPLAY': 'wayland-0', 'VSCODE_L10N_BUNDLE_LOCATION': '', 'ROS_DISTRO': 'humble', 'LOGNAME': 'hydria', 'FORCE_COLOR': '0', 'NAME': 'DESKTOP-N8VDEIP', 'WSL_INTEROP': '/run/WSL/9_interop', 'VSCODE_HANDLES_SIGPIPE': 'true', 'PULSE_SERVER': 'unix:/mnt/wslg/PulseServer', '_': '/usr/bin/colcon', 'ROS_VERSION': '2', 'TERM': 'dumb', 'EVERYSPHERE_RIPGREP_PATH': '/home/hydria/.cursor-server/bin/32cfbe848b35d9eb320980195985450f244b3030/node_modules/@vscode/ripgrep/bin/rg', 'GAZEBO_MODEL_PATH': '/usr/share/gazebo-11/models:/usr/share/gazebo/models:/opt/ros/humble/share/turtlebot3_gazebo/models:/usr/share/gazebo-11/models:/usr/share/gazebo/models:/opt/ros/humble/share/turtlebot3_gazebo/models:', 'ROS_LOCALHOST_ONLY': '0', 'COMPOSER_NO_INTERACTION': '1', 'PATH': '/home/hydria/.cursor-server/bin/32cfbe848b35d9eb320980195985450f244b3030/bin/remote-cli:/opt/ros/humble/bin:/home/hydria/.cursor-server/bin/32cfbe848b35d9eb320980195985450f244b3030/bin/remote-cli:/usr/local/sbin:/usr/local/bin:/usr/sbin:/usr/bin:/sbin:/bin:/usr/games:/usr/local/games:/usr/lib/wsl/lib:/mnt/c/Windows/system32:/mnt/c/Windows:/mnt/c/Windows/System32/Wbem:/mnt/c/Windows/System32/WindowsPowerShell/v1.0/:/mnt/c/Windows/System32/OpenSSH/:/mnt/c/Program Files/Docker/Docker/resources/bin:/mnt/c/Program Files/Microsoft SQL Server/150/Tools/Binn/:/mnt/c/Program Files/dotnet/:/mnt/c/Program Files/Git/cmd:/mnt/c/ProgramData/chocolatey/bin:/mnt/c/wamp64/bin/mysql/mysql9.1.0/bin:/mnt/c/Program Files/cursor/resources/app/bin:/mnt/c/Users/Emre/AppData/Local/Programs/Python/Python312/Scripts/:/mnt/c/Users/Emre/AppData/Local/Programs/Python/Python312/:/mnt/c/Users/Emre/AppData/Local/Microsoft/WindowsApps:/mnt/c/Program Files/JetBrains/PyCharm 2024.1.4/bin:/mnt/c/Users/Emre/Microsoft VS Code/bin:/mnt/c/msys64/ucrt64/bin:/mnt/c/Users/Emre/.dotnet/tools:/mnt/c/tools/neovim/nvim-win64/bin:/mnt/c/Program Files/Inkscape/bin:/mnt/c/Program Files/JetBrains/DataGrip 2025.2.4/bin:/mnt/c/Program Files/PsychoPy:/mnt/c/Program Files/PsychoPy/DLLs:/mnt/c/Program 豆ムעٸkָk:/mnt/c/Users/Emre/AppData/Local/Programs/Antigravity/bin:/mnt/c/Users/Emre/AppData/Local/GitHubDesktop/bin:/snap/bin', 'XDG_RUNTIME_DIR': '/mnt/wslg/runtime-dir', 'CURSOR_AGENT': '1', 'DISPLAY': ':0', 'LANG': 'en_US.UTF-8', 'LS_COLORS': '', 'AMENT_PREFIX_PATH': '/opt/ros/humble', 'SHELL': '/bin/bash', 'LESSCLOSE': '/usr/bin/lesspipe %s %s', 'PWD': '/home/hydria/ws/build/litter_bot_manipulation', 'TURTLEBOT3_MODEL': 'waffle', 'XDG_DATA_DIRS': '/usr/local/share:/usr/share:/var/lib/snapd/desktop', 'PYTHONPATH': '/home/hydria/ws/build/litter_bot_manipulation/prefix_override:/usr/lib/python3/dist-packages/colcon_core/task/python/colcon_distutils_commands:/home/hydria/ws/install/litter_bot_manipulation/lib/python3.10/site-packages:/opt/ros/humble/lib/python3.10/site-packages:/opt/ros/humble/local/lib/python3.10/dist-packages', 'COLCON': '1', '_ZO_DOCTOR': '0', 'WSL2_GUI_APPS_ENABLED': '1', 'HOSTTYPE': 'x86_64', 'WSLENV': ''}, 'shell': False}
[1.002119] (-) TimerEvent: {}
[1.057470] (litter_bot_navigation) StdoutLine: {'line': b'running develop\n'}
[1.058734] (litter_bot_manipulation) StdoutLine: {'line': b'running develop\n'}
[1.059159] (litter_bot_perception) StdoutLine: {'line': b'running develop\n'}
[1.060390] (litter_bot) StdoutLine: {'line': b'running develop\n'}
[1.102260] (-) TimerEvent: {}
[1.147347] (litter_bot_manipulation) StdoutLine: {'line': b'running egg_info\n'}
[1.147594] (litter_bot_manipulation) StdoutLine: {'line': b'creating litter_bot_manipulation.egg-info\n'}
[1.148678] (litter_bot_manipulation) StdoutLine: {'line': b'writing litter_bot_manipulation.egg-info/PKG-INFO\n'}
[1.149026] (litter_bot_manipulation) StdoutLine: {'line': b'writing dependency_links to litter_bot_manipulation.egg-info/dependency_links.txt\n'}
[1.149107] (litter_bot_manipulation) StdoutLine: {'line': b'writing entry points to litter_bot_manipulation.egg-info/entry_points.txt\n'}
[1.149174] (litter_bot_manipulation) StdoutLine: {'line': b'writing requirements to litter_bot_manipulation.egg-info/requires.txt\n'}
[1.149238] (litter_bot_manipulation) StdoutLine: {'line': b'writing top-level names to litter_bot_manipulation.egg-info/top_level.txt\n'}
[1.149300] (litter_bot_manipulation) StdoutLine: {'line': b"writing manifest file 'litter_bot_manipulation.egg-info/SOURCES.txt'\n"}
[1.149362] (litter_bot_perception) StdoutLine: {'line': b'running egg_info\n'}
[1.149431] (litter_bot_perception) StdoutLine: {'line': b'creating litter_bot_perception.egg-info\n'}
[1.149492] (litter_bot_perception) StdoutLine: {'line': b'writing litter_bot_perception.egg-info/PKG-INFO\n'}
[1.149553] (litter_bot_perception) StdoutLine: {'line': b'writing dependency_links to litter_bot_perception.egg-info/dependency_links.txt\n'}
[1.149614] (litter_bot_perception) StdoutLine: {'line': b'writing entry points to litter_bot_perception.egg-info/entry_points.txt\n'}
[1.149681] (litter_bot_perception) StdoutLine: {'line': b'writing requirements to litter_bot_perception.egg-info/requires.txt\n'}
[1.149741] (litter_bot_perception) StdoutLine: {'line': b'writing top-level names to litter_bot_perception.egg-info/top_level.txt\n'}
[1.149802] (litter_bot_perception) StdoutLine: {'line': b"writing manifest file 'litter_bot_perception.egg-info/SOURCES.txt'\n"}
[1.149886] (litter_bot_navigation) StdoutLine: {'line': b'running egg_info\n'}
[1.149970] (litter_bot_navigation) StdoutLine: {'line': b'creating litter_bot_navigation.egg-info\n'}
[1.150033] (litter_bot_manipulation) StdoutLine: {'line': b"reading manifest file 'litter_bot_manipulation.egg-info/SOURCES.txt'\n"}
[1.150337] (litter_bot_navigation) StdoutLine: {'line': b'writing litter_bot_navigation.egg-info/PKG-INFO\n'}
[1.150411] (litter_bot_perception) StdoutLine: {'line': b"reading manifest file 'litter_bot_perception.egg-info/SOURCES.txt'\n"}
[1.150476] (litter_bot_perception) StdoutLine: {'line': b"writing manifest file 'litter_bot_perception.egg-info/SOURCES.txt'\n"}
[1.150538] (litter_bot_perception) StdoutLine: {'line': b'running build_ext\n'}
[1.150600] (litter_bot_navigation) StdoutLine: {'line': b'writing dependency_links to litter_bot_navigation.egg-info/dependency_links.txt\n'}
[1.150662] (litter_bot_navigation) StdoutLine: {'line': b'writing entry points to litter_bot_navigation.egg-info/entry_points.txt\n'}
[1.150722] (litter_bot_navigation) StdoutLine: {'line': b'writing requirements to litter_bot_navigation.egg-info/requires.txt\n'}
[1.150783] (litter_bot_navigation) StdoutLine: {'line': b'writing top-level names to litter_bot_navigation.egg-info/top_level.txt\n'}
[1.150844] (litter_bot_navigation) StdoutLine: {'line': b"writing manifest file 'litter_bot_navigation.egg-info/SOURCES.txt'\n"}
[1.150939] (litter_bot_manipulation) StdoutLine: {'line': b"writing manifest file 'litter_bot_manipulation.egg-info/SOURCES.txt'\n"}
[1.151005] (litter_bot_manipulation) StdoutLine: {'line': b'running build_ext\n'}
[1.151068] (litter_bot_manipulation) StdoutLine: {'line': b'Creating /home/hydria/ws/install/litter_bot_manipulation/lib/python3.10/site-packages/litter-bot-manipulation.egg-link (link to .)\n'}
[1.151131] (litter_bot_navigation) StdoutLine: {'line': b"reading manifest file 'litter_bot_navigation.egg-info/SOURCES.txt'\n"}
[1.151193] (litter_bot_perception) StdoutLine: {'line': b'Creating /home/hydria/ws/install/litter_bot_perception/lib/python3.10/site-packages/litter-bot-perception.egg-link (link to .)\n'}
[1.151549] (litter_bot_manipulation) StdoutLine: {'line': b'Installing gripper_controller script to /home/hydria/ws/install/litter_bot_manipulation/lib/litter_bot_manipulation\n'}
[1.151622] (litter_bot_manipulation) StdoutLine: {'line': b'Installing manipulation_node script to /home/hydria/ws/install/litter_bot_manipulation/lib/litter_bot_manipulation\n'}
[1.151685] (litter_bot_manipulation) StdoutLine: {'line': b'\n'}
[1.151747] (litter_bot_manipulation) StdoutLine: {'line': b'Installed /home/hydria/ws/build/litter_bot_manipulation\n'}
[1.151809] (litter_bot_manipulation) StdoutLine: {'line': b'running symlink_data\n'}
[1.151896] (litter_bot_manipulation) StdoutLine: {'line': b'creating /home/hydria/ws/install/litter_bot_manipulation/share/ament_index\n'}
[1.151969] (litter_bot_manipulation) StdoutLine: {'line': b'creating /home/hydria/ws/install/litter_bot_manipulation/share/ament_index/resource_index\n'}
[1.152032] (litter_bot_manipulation) StdoutLine: {'line': b'creating /home/hydria/ws/install/litter_bot_manipulation/share/ament_index/resource_index/packages\n'}
[1.152093] (litter_bot_manipulation) StdoutLine: {'line': b'symbolically linking /home/hydria/ws/build/litter_bot_manipulation/resource/litter_bot_manipulation -> /home/hydria/ws/install/litter_bot_manipulation/share/ament_index/resource_index/packages\n'}
[1.152156] (litter_bot_manipulation) StdoutLine: {'line': b'symbolically linking /home/hydria/ws/build/litter_bot_manipulation/package.xml -> /home/hydria/ws/install/litter_bot_manipulation/share/litter_bot_manipulation\n'}
[1.152227] (litter_bot_manipulation) StdoutLine: {'line': b'creating /home/hydria/ws/install/litter_bot_manipulation/share/litter_bot_manipulation/launch\n'}
[1.152288] (litter_bot_manipulation) StdoutLine: {'line': b'symbolically linking /home/hydria/ws/build/litter_bot_manipulation/launch/manipulation.launch.py -> /home/hydria/ws/install/litter_bot_manipulation/share/litter_bot_manipulation/launch\n'}
[1.152350] (litter_bot_manipulation) StdoutLine: {'line': b'creating /home/hydria/ws/install/litter_bot_manipulation/share/litter_bot_manipulation/config\n'}
[1.152412] (litter_bot_manipulation) StdoutLine: {'line': b'symbolically linking /home/hydria/ws/build/litter_bot_manipulation/config/moveit_config.yaml -> /home/hydria/ws/install/litter_bot_manipulation/share/litter_bot_manipulation/config\n'}
[1.152474] (litter_bot_manipulation) StdoutLine: {'line': b'symbolically linking /home/hydria/ws/build/litter_bot_manipulation/config/arm_controller.yaml -> /home/hydria/ws/install/litter_bot_manipulation/share/litter_bot_manipulation/config\n'}
[1.152536] (litter_bot_navigation) StdoutLine: {'line': b"writing manifest file 'litter_bot_navigation.egg-info/SOURCES.txt'\n"}
[1.152600] (litter_bot_perception) StdoutLine: {'line': b'Installing detection_node script to /home/hydria/ws/install/litter_bot_perception/lib/litter_bot_perception\n'}
[1.152664] (litter_bot_perception) StdoutLine: {'line': b'Installing litter_localizer_node script to /home/hydria/ws/install/litter_bot_perception/lib/litter_bot_perception\n'}
[1.152727] (litter_bot_perception) StdoutLine: {'line': b'\n'}
[1.152789] (litter_bot_perception) StdoutLine: {'line': b'Installed /home/hydria/ws/build/litter_bot_perception\n'}
[1.152866] (litter_bot_perception) StdoutLine: {'line': b'running symlink_data\n'}
[1.152954] (litter_bot_perception) StdoutLine: {'line': b'creating /home/hydria/ws/install/litter_bot_perception/share/ament_index\n'}
[1.153020] (litter_bot_perception) StdoutLine: {'line': b'creating /home/hydria/ws/install/litter_bot_perception/share/ament_index/resource_index\n'}
[1.153084] (litter_bot_perception) StdoutLine: {'line': b'creating /home/hydria/ws/install/litter_bot_perception/share/ament_index/resource_index/packages\n'}
[1.153146] (litter_bot_perception) StdoutLine: {'line': b'symbolically linking /home/hydria/ws/build/litter_bot_perception/resource/litter_bot_perception -> /home/hydria/ws/install/litter_bot_perception/share/ament_index/resource_index/packages\n'}
[1.153209] (litter_bot_perception) StdoutLine: {'line': b'symbolically linking /home/hydria/ws/build/litter_bot_perception/package.xml -> /home/hydria/ws/install/litter_bot_perception/share/litter_bot_perception\n'}
[1.153272] (litter_bot_perception) StdoutLine: {'line': b'creating /home/hydria/ws/install/litter_bot_perception/share/litter_bot_perception/launch\n'}
[1.153336] (litter_bot_perception) StdoutLine: {'line': b'symbolically linking /home/hydria/ws/build/litter_bot_perception/launch/perception.launch.py -> /home/hydria/ws/install/litter_bot_perception/share/litter_bot_perception/launch\n'}
[1.153402] (litter_bot_navigation) StdoutLine: {'line': b'running build_ext\n'}
[1.153467] (litter_bot_navigation) StdoutLine: {'line': b'Creating /home/hydria/ws/install/litter_bot_navigation/lib/python3.10/site-packages/litter-bot-navigation.egg-link (link to .)\n'}
[1.153530] (litter_bot_perception) StdoutLine: {'line': b'creating /home/hydria/ws/install/litter_bot_perception/share/litter_bot_perception/models\n'}
[1.153900] (litter_bot_navigation) StdoutLine: {'line': b'Installing coverage_planner_node script to /home/hydria/ws/install/litter_bot_navigation/lib/litter_bot_navigation\n'}
[1.154070] (litter_bot_navigation) StdoutLine: {'line': b'\n'}
[1.154167] (litter_bot_navigation) StdoutLine: {'line': b'Installed /home/hydria/ws/build/litter_bot_navigation\n'}
[1.154368] (litter_bot_navigation) StdoutLine: {'line': b'running symlink_data\n'}
[1.154516] (litter_bot_navigation) StdoutLine: {'line': b'creating /home/hydria/ws/install/litter_bot_navigation/share/ament_index\n'}
[1.154589] (litter_bot_navigation) StdoutLine: {'line': b'creating /home/hydria/ws/install/litter_bot_navigation/share/ament_index/resource_index\n'}
[1.154671] (litter_bot_navigation) StdoutLine: {'line': b'creating /home/hydria/ws/install/litter_bot_navigation/share/ament_index/resource_index/packages\n'}
[1.154738] (litter_bot_navigation) StdoutLine: {'line': b'symbolically linking /home/hydria/ws/build/litter_bot_navigation/resource/litter_bot_navigation -> /home/hydria/ws/install/litter_bot_navigation/share/ament_index/resource_index/packages\n'}
[1.154807] (litter_bot_navigation) StdoutLine: {'line': b'symbolically linking /home/hydria/ws/build/litter_bot_navigation/package.xml -> /home/hydria/ws/install/litter_bot_navigation/share/litter_bot_navigation\n'}
[1.154899] (litter_bot_navigation) StdoutLine: {'line': b'creating /home/hydria/ws/install/litter_bot_navigation/share/litter_bot_navigation/launch\n'}
[1.154972] (litter_bot_navigation) StdoutLine: {'line': b'symbolically linking /home/hydria/ws/build/litter_bot_navigation/launch/navigation.launch.py -> /home/hydria/ws/install/litter_bot_navigation/share/litter_bot_navigation/launch\n'}
[1.155040] (litter_bot_navigation) StdoutLine: {'line': b'symbolically linking /home/hydria/ws/build/litter_bot_navigation/launch/slam.launch.py -> /home/hydria/ws/install/litter_bot_navigation/share/litter_bot_navigation/launch\n'}
[1.155108] (litter_bot_navigation) StdoutLine: {'line': b'creating /home/hydria/ws/install/litter_bot_navigation/share/litter_bot_navigation/config\n'}
[1.155172] (litter_bot_navigation) StdoutLine: {'line': b'symbolically linking /home/hydria/ws/build/litter_bot_navigation/config/nav2_params.yaml -> /home/hydria/ws/install/litter_bot_navigation/share/litter_bot_navigation/config\n'}
[1.155237] (litter_bot_navigation) StdoutLine: {'line': b'symbolically linking /home/hydria/ws/build/litter_bot_navigation/config/slam_toolbox_params.yaml -> /home/hydria/ws/install/litter_bot_navigation/share/litter_bot_navigation/config\n'}
[1.155301] (litter_bot_navigation) StdoutLine: {'line': b'creating /home/hydria/ws/install/litter_bot_navigation/share/litter_bot_navigation/maps\n'}
[1.155366] (litter_bot_navigation) StdoutLine: {'line': b'symbolically linking /home/hydria/ws/build/litter_bot_navigation/maps/med_cim_map.yaml -> /home/hydria/ws/install/litter_bot_navigation/share/litter_bot_navigation/maps\n'}
[1.155429] (litter_bot) StdoutLine: {'line': b'running egg_info\n'}
[1.155502] (litter_bot) StdoutLine: {'line': b'writing litter_bot.egg-info/PKG-INFO\n'}
[1.155789] (litter_bot) StdoutLine: {'line': b'writing dependency_links to litter_bot.egg-info/dependency_links.txt\n'}
[1.155914] (litter_bot) StdoutLine: {'line': b'writing entry points to litter_bot.egg-info/entry_points.txt\n'}
[1.155947] (litter_bot) StdoutLine: {'line': b'writing requirements to litter_bot.egg-info/requires.txt\n'}
[1.155974] (litter_bot) StdoutLine: {'line': b'writing top-level names to litter_bot.egg-info/top_level.txt\n'}
[1.156001] (litter_bot) StdoutLine: {'line': b"reading manifest file 'litter_bot.egg-info/SOURCES.txt'\n"}
[1.156592] (litter_bot) StdoutLine: {'line': b"writing manifest file 'litter_bot.egg-info/SOURCES.txt'\n"}
[1.158099] (litter_bot) StdoutLine: {'line': b'running build_ext\n'}
[1.158259] (litter_bot) StdoutLine: {'line': b'Creating /home/hydria/ws/install/litter_bot/lib/python3.10/site-packages/litter-bot.egg-link (link to .)\n'}
[1.158851] (litter_bot) StdoutLine: {'line': b'Installing coordinator_node script to /home/hydria/ws/install/litter_bot/lib/litter_bot\n'}
[1.158971] (litter_bot) StdoutLine: {'line': b'Installing goal_sender script to /home/hydria/ws/install/litter_bot/lib/litter_bot\n'}
[1.159038] (litter_bot) StdoutLine: {'line': b'\n'}
[1.159099] (litter_bot) StdoutLine: {'line': b'Installed /home/hydria/ws/build/litter_bot\n'}
[1.159196] (litter_bot) StdoutLine: {'line': b'running symlink_data\n'}
[1.171683] (litter_bot_manipulation) CommandEnded: {'returncode': 0}
[1.179650] (litter_bot_manipulation) JobEnded: {'identifier': 'litter_bot_manipulation', 'rc': 0}
[1.180684] (litter_bot_perception) CommandEnded: {'returncode': 0}
[1.184987] (litter_bot_perception) JobEnded: {'identifier': 'litter_bot_perception', 'rc': 0}
[1.185558] (litter_bot_navigation) CommandEnded: {'returncode': 0}
[1.189247] (litter_bot_navigation) JobEnded: {'identifier': 'litter_bot_navigation', 'rc': 0}
[1.189822] (litter_bot) CommandEnded: {'returncode': 0}
[1.195653] (litter_bot) JobEnded: {'identifier': 'litter_bot', 'rc': 0}
[1.196586] (litter_bot_bringup) JobStarted: {'identifier': 'litter_bot_bringup'}
[1.202335] (-) TimerEvent: {}
[1.302491] (-) TimerEvent: {}
[1.402727] (-) TimerEvent: {}
[1.495781] (litter_bot_bringup) JobProgress: {'identifier': 'litter_bot_bringup', 'progress': 'cmake'}
[1.496590] (litter_bot_bringup) Command: {'cmd': ['/usr/bin/cmake', '/home/hydria/ws/src/litter_bot_bringup', '-DAMENT_CMAKE_SYMLINK_INSTALL=1', '-DCMAKE_INSTALL_PREFIX=/home/hydria/ws/install/litter_bot_bringup'], 'cwd': '/home/hydria/ws/build/litter_bot_bringup', 'env': OrderedDict([('LESSOPEN', '| /usr/bin/lesspipe %s'), ('VSCODE_CWD', '/mnt/c/Program Files/cursor'), ('VSCODE_ESM_ENTRYPOINT', 'vs/workbench/api/node/extensionHostProcess'), ('USER', 'hydria'), ('VSCODE_NLS_CONFIG', '{"userLocale":"en","osLocale":"en","resolvedLanguage":"en","defaultMessagesFile":"/home/hydria/.cursor-server/bin/32cfbe848b35d9eb320980195985450f244b3030/out/nls.messages.json","locale":"en","availableLanguages":{}}'), ('VSCODE_HANDLES_UNCAUGHT_ERRORS', 'true'), ('SHLVL', '0'), ('LD_LIBRARY_PATH', '/usr/lib/x86_64-linux-gnu/gazebo-11/plugins:/opt/ros/humble/opt/rviz_ogre_vendor/lib:/opt/ros/humble/lib/x86_64-linux-gnu:/opt/ros/humble/lib'), ('HOME', '/home/hydria'), ('OLDPWD', '/home/hydria/ws'), ('VSCODE_IPC_HOOK_CLI', '/mnt/wslg/runtime-dir/vscode-ipc-946b2eb5-fd13-4868-96f5-db37aa9e5696.sock'), ('ROS_PYTHON_VERSION', '3'), ('NO_COLOR', '1'), ('WSL_DISTRO_NAME', 'Ubuntu-22.04'), ('WAYLAND_DISPLAY', 'wayland-0'), ('VSCODE_L10N_BUNDLE_LOCATION', ''), ('ROS_DISTRO', 'humble'), ('LOGNAME', 'hydria'), ('FORCE_COLOR', '0'), ('NAME', 'DESKTOP-N8VDEIP'), ('WSL_INTEROP', '/run/WSL/9_interop'), ('VSCODE_HANDLES_SIGPIPE', 'true'), ('PULSE_SERVER', 'unix:/mnt/wslg/PulseServer'), ('_', '/usr/bin/colcon'), ('ROS_VERSION', '2'), ('TERM', 'dumb'), ('EVERYSPHERE_RIPGREP_PATH', '/home/hydria/.cursor-server/bin/32cfbe848b35d9eb320980195985450f244b3030/node_modules/@vscode/ripgrep/bin/rg'), ('GAZEBO_MODEL_PATH', '/usr/share/gazebo-11/models:/usr/share/gazebo/models:/opt/ros/humble/share/turtlebot3_gazebo/models:/usr/share/gazebo-11/models:/usr/share/gazebo/models:/opt/ros/humble/share/turtlebot3_gazebo/models:'), ('ROS_LOCALHOST_ONLY', '0'), ('COMPOSER_NO_INTERACTION', '1'), ('PATH', '/home/hydria/.cursor-server/bin/32cfbe848b35d9eb320980195985450f244b3030/bin/remote-cli:/opt/ros/humble/bin:/home/hydria/.cursor-server/bin/32cfbe848b35d9eb320980195985450f244b3030/bin/remote-cli:/usr/local/sbin:/usr/local/bin:/usr/sbin:/usr/bin:/sbin:/bin:/usr/games:/usr/local/games:/usr/lib/wsl/lib:/mnt/c/Windows/system32:/mnt/c/Windows:/mnt/c/Windows/System32/Wbem:/mnt/c/Windows/System32/WindowsPowerShell/v1.0/:/mnt/c/Windows/System32/OpenSSH/:/mnt/c/Program Files/Docker/Docker/resources/bin:/mnt/c/Program Files/Microsoft SQL Server/150/Tools/Binn/:/mnt/c/Program Files/dotnet/:/mnt/c/Program Files/Git/cmd:/mnt/c/ProgramData/chocolatey/bin:/mnt/c/wamp64/bin/mysql/mysql9.1.0/bin:/mnt/c/Program Files/cursor/resources/app/bin:/mnt/c/Users/Emre/AppData/Local/Programs/Python/Python312/Scripts/:/mnt/c/Users/Emre/AppData/Local/Programs/Python/Python312/:/mnt/c/Users/Emre/AppData/Local/Microsoft/WindowsApps:/mnt/c/Program Files/JetBrains/PyCharm 2024.1.4/bin:/mnt/c/Users/Emre/Microsoft VS Code/bin:/mnt/c/msys64/ucrt64/bin:/mnt/c/Users/Emre/.dotnet/tools:/mnt/c/tools/neovim/nvim-win64/bin:/mnt/c/Program Files/Inkscape/bin:/mnt/c/Program Files/JetBrains/DataGrip 2025.2.4/bin:/mnt/c/Program Files/PsychoPy:/mnt/c/Program Files/PsychoPy/DLLs:/mnt/c/Program 豆ムעٸkָk:/mnt/c/Users/Emre/AppData/Local/Programs/Antigravity/bin:/mnt/c/Users/Emre/AppData/Local/GitHubDesktop/bin:/snap/bin'), ('XDG_RUNTIME_DIR', '/mnt/wslg/runtime-dir'), ('CURSOR_AGENT', '1'), ('DISPLAY', ':0'), ('LANG', 'en_US.UTF-8'), ('LS_COLORS', ''), ('AMENT_PREFIX_PATH', '/home/hydria/ws/install/litter_bot_gazebo:/home/hydria/ws/install/litter_bot_perception:/home/hydria/ws/install/litter_bot_navigation:/home/hydria/ws/install/litter_bot_manipulation:/home/hydria/ws/install/litter_bot_description:/home/hydria/ws/install/litter_bot:/opt/ros/humble'), ('SHELL', '/bin/bash'), ('LESSCLOSE', '/usr/bin/lesspipe %s %s'), ('PWD', '/home/hydria/ws/build/litter_bot_bringup'), ('TURTLEBOT3_MODEL', 'waffle'), ('XDG_DATA_DIRS', '/usr/local/share:/usr/share:/var/lib/snapd/desktop'), ('PYTHONPATH', '/home/hydria/ws/build/litter_bot_perception:/home/hydria/ws/install/litter_bot_perception/lib/python3.10/site-packages:/home/hydria/ws/build/litter_bot_navigation:/home/hydria/ws/install/litter_bot_navigation/lib/python3.10/site-packages:/home/hydria/ws/build/litter_bot_manipulation:/home/hydria/ws/install/litter_bot_manipulation/lib/python3.10/site-packages:/home/hydria/ws/build/litter_bot:/home/hydria/ws/install/litter_bot/lib/python3.10/site-packages:/opt/ros/humble/lib/python3.10/site-packages:/opt/ros/humble/local/lib/python3.10/dist-packages'), ('COLCON', '1'), ('_ZO_DOCTOR', '0'), ('WSL2_GUI_APPS_ENABLED', '1'), ('HOSTTYPE', 'x86_64'), ('WSLENV', ''), ('CMAKE_PREFIX_PATH', '/home/hydria/ws/install/litter_bot_gazebo:/home/hydria/ws/install/litter_bot_description:/opt/ros/humble')]), 'shell': False}
[1.502795] (-) TimerEvent: {}
[1.576121] (litter_bot_bringup) StdoutLine: {'line': b'-- The C compiler identification is GNU 11.4.0\n'}
[1.602970] (-) TimerEvent: {}
[1.703170] (-) TimerEvent: {}
[1.795285] (litter_bot_bringup) StdoutLine: {'line': b'-- The CXX compiler identification is GNU 11.4.0\n'}
[1.803246] (-) TimerEvent: {}
[1.903538] (-) TimerEvent: {}
[1.944688] (litter_bot_bringup) StdoutLine: {'line': b'-- Detecting C compiler ABI info\n'}
[2.003661] (-) TimerEvent: {}
[2.018040] (litter_bot_bringup) StdoutLine: {'line': b'-- Detecting C compiler ABI info - done\n'}
[2.021413] (litter_bot_bringup) StdoutLine: {'line': b'-- Check for working C compiler: /usr/bin/cc - skipped\n'}
[2.021845] (litter_bot_bringup) StdoutLine: {'line': b'-- Detecting C compile features\n'}
[2.021981] (litter_bot_bringup) StdoutLine: {'line': b'-- Detecting C compile features - done\n'}
[2.023593] (litter_bot_bringup) StdoutLine: {'line': b'-- Detecting CXX compiler ABI info\n'}
[2.103020] (litter_bot_bringup) StdoutLine: {'line': b'-- Detecting CXX compiler ABI info - done\n'}
[2.103727] (-) TimerEvent: {}
[2.106676] (litter_bot_bringup) StdoutLine: {'line': b'-- Check for working CXX compiler: /usr/bin/c++ - skipped\n'}
[2.106826] (litter_bot_bringup) StdoutLine: {'line': b'-- Detecting CXX compile features\n'}
[2.107094] (litter_bot_bringup) StdoutLine: {'line': b'-- Detecting CXX compile features - done\n'}
[2.108536] (litter_bot_bringup) StdoutLine: {'line': b'-- Found ament_cmake: 1.3.12 (/opt/ros/humble/share/ament_cmake/cmake)\n'}
[2.198755] (litter_bot_bringup) StdoutLine: {'line': b'-- Found Python3: /usr/bin/python3 (found version "3.10.12") found components: Interpreter \n'}
[2.203860] (-) TimerEvent: {}
[2.235625] (litter_bot_bringup) StdoutLine: {'line': b'-- Override CMake install command with custom implementation using symlinks instead of copying resources\n'}
[2.288311] (litter_bot_bringup) StdoutLine: {'line': b'-- Configuring done\n'}
[2.289735] (litter_bot_bringup) StdoutLine: {'line': b'-- Generating done\n'}
[2.290448] (litter_bot_bringup) StdoutLine: {'line': b'-- Build files have been written to: /home/hydria/ws/build/litter_bot_bringup\n'}
[2.293721] (litter_bot_bringup) CommandEnded: {'returncode': 0}
[2.294532] (litter_bot_bringup) JobProgress: {'identifier': 'litter_bot_bringup', 'progress': 'build'}
[2.294559] (litter_bot_bringup) Command: {'cmd': ['/usr/bin/cmake', '--build', '/home/hydria/ws/build/litter_bot_bringup', '--', '-j6', '-l6'], 'cwd': '/home/hydria/ws/build/litter_bot_bringup', 'env': OrderedDict([('LESSOPEN', '| /usr/bin/lesspipe %s'), ('VSCODE_CWD', '/mnt/c/Program Files/cursor'), ('VSCODE_ESM_ENTRYPOINT', 'vs/workbench/api/node/extensionHostProcess'), ('USER', 'hydria'), ('VSCODE_NLS_CONFIG', '{"userLocale":"en","osLocale":"en","resolvedLanguage":"en","defaultMessagesFile":"/home/hydria/.cursor-server/bin/32cfbe848b35d9eb320980195985450f244b3030/out/nls.messages.json","locale":"en","availableLanguages":{}}'), ('VSCODE_HANDLES_UNCAUGHT_ERRORS', 'true'), ('SHLVL', '0'), ('LD_LIBRARY_PATH', '/usr/lib/x86_64-linux-gnu/gazebo-11/plugins:/opt/ros/humble/opt/rviz_ogre_vendor/lib:/opt/ros/humble/lib/x86_64-linux-gnu:/opt/ros/humble/lib'), ('HOME', '/home/hydria'), ('OLDPWD', '/home/hydria/ws'), ('VSCODE_IPC_HOOK_CLI', '/mnt/wslg/runtime-dir/vscode-ipc-946b2eb5-fd13-4868-96f5-db37aa9e5696.sock'), ('ROS_PYTHON_VERSION', '3'), ('NO_COLOR', '1'), ('WSL_DISTRO_NAME', 'Ubuntu-22.04'), ('WAYLAND_DISPLAY', 'wayland-0'), ('VSCODE_L10N_BUNDLE_LOCATION', ''), ('ROS_DISTRO', 'humble'), ('LOGNAME', 'hydria'), ('FORCE_COLOR', '0'), ('NAME', 'DESKTOP-N8VDEIP'), ('WSL_INTEROP', '/run/WSL/9_interop'), ('VSCODE_HANDLES_SIGPIPE', 'true'), ('PULSE_SERVER', 'unix:/mnt/wslg/PulseServer'), ('_', '/usr/bin/colcon'), ('ROS_VERSION', '2'), ('TERM', 'dumb'), ('EVERYSPHERE_RIPGREP_PATH', '/home/hydria/.cursor-server/bin/32cfbe848b35d9eb320980195985450f244b3030/node_modules/@vscode/ripgrep/bin/rg'), ('GAZEBO_MODEL_PATH', '/usr/share/gazebo-11/models:/usr/share/gazebo/models:/opt/ros/humble/share/turtlebot3_gazebo/models:/usr/share/gazebo-11/models:/usr/share/gazebo/models:/opt/ros/humble/share/turtlebot3_gazebo/models:'), ('ROS_LOCALHOST_ONLY', '0'), ('COMPOSER_NO_INTERACTION', '1'), ('PATH', '/home/hydria/.cursor-server/bin/32cfbe848b35d9eb320980195985450f244b3030/bin/remote-cli:/opt/ros/humble/bin:/home/hydria/.cursor-server/bin/32cfbe848b35d9eb320980195985450f244b3030/bin/remote-cli:/usr/local/sbin:/usr/local/bin:/usr/sbin:/usr/bin:/sbin:/bin:/usr/games:/usr/local/games:/usr/lib/wsl/lib:/mnt/c/Windows/system32:/mnt/c/Windows:/mnt/c/Windows/System32/Wbem:/mnt/c/Windows/System32/WindowsPowerShell/v1.0/:/mnt/c/Windows/System32/OpenSSH/:/mnt/c/Program Files/Docker/Docker/resources/bin:/mnt/c/Program Files/Microsoft SQL Server/150/Tools/Binn/:/mnt/c/Program Files/dotnet/:/mnt/c/Program Files/Git/cmd:/mnt/c/ProgramData/chocolatey/bin:/mnt/c/wamp64/bin/mysql/mysql9.1.0/bin:/mnt/c/Program Files/cursor/resources/app/bin:/mnt/c/Users/Emre/AppData/Local/Programs/Python/Python312/Scripts/:/mnt/c/Users/Emre/AppData/Local/Programs/Python/Python312/:/mnt/c/Users/Emre/AppData/Local/Microsoft/WindowsApps:/mnt/c/Program Files/JetBrains/PyCharm 2024.1.4/bin:/mnt/c/Users/Emre/Microsoft VS Code/bin:/mnt/c/msys64/ucrt64/bin:/mnt/c/Users/Emre/.dotnet/tools:/mnt/c/tools/neovim/nvim-win64/bin:/mnt/c/Program Files/Inkscape/bin:/mnt/c/Program Files/JetBrains/DataGrip 2025.2.4/bin:/mnt/c/Program Files/PsychoPy:/mnt/c/Program Files/PsychoPy/DLLs:/mnt/c/Program 豆ムעٸkָk:/mnt/c/Users/Emre/AppData/Local/Programs/Antigravity/bin:/mnt/c/Users/Emre/AppData/Local/GitHubDesktop/bin:/snap/bin'), ('XDG_RUNTIME_DIR', '/mnt/wslg/runtime-dir'), ('CURSOR_AGENT', '1'), ('DISPLAY', ':0'), ('LANG', 'en_US.UTF-8'), ('LS_COLORS', ''), ('AMENT_PREFIX_PATH', '/home/hydria/ws/install/litter_bot_gazebo:/home/hydria/ws/install/litter_bot_perception:/home/hydria/ws/install/litter_bot_navigation:/home/hydria/ws/install/litter_bot_manipulation:/home/hydria/ws/install/litter_bot_description:/home/hydria/ws/install/litter_bot:/opt/ros/humble'), ('SHELL', '/bin/bash'), ('LESSCLOSE', '/usr/bin/lesspipe %s %s'), ('PWD', '/home/hydria/ws/build/litter_bot_bringup'), ('TURTLEBOT3_MODEL', 'waffle'), ('XDG_DATA_DIRS', '/usr/local/share:/usr/share:/var/lib/snapd/desktop'), ('PYTHONPATH', '/home/hydria/ws/build/litter_bot_perception:/home/hydria/ws/install/litter_bot_perception/lib/python3.10/site-packages:/home/hydria/ws/build/litter_bot_navigation:/home/hydria/ws/install/litter_bot_navigation/lib/python3.10/site-packages:/home/hydria/ws/build/litter_bot_manipulation:/home/hydria/ws/install/litter_bot_manipulation/lib/python3.10/site-packages:/home/hydria/ws/build/litter_bot:/home/hydria/ws/install/litter_bot/lib/python3.10/site-packages:/opt/ros/humble/lib/python3.10/site-packages:/opt/ros/humble/local/lib/python3.10/dist-packages'), ('COLCON', '1'), ('_ZO_DOCTOR', '0'), ('WSL2_GUI_APPS_ENABLED', '1'), ('HOSTTYPE', 'x86_64'), ('WSLENV', ''), ('CMAKE_PREFIX_PATH', '/home/hydria/ws/install/litter_bot_gazebo:/home/hydria/ws/install/litter_bot_description:/opt/ros/humble')]), 'shell': False}
[2.304083] (-) TimerEvent: {}
[2.310368] (litter_bot_bringup) CommandEnded: {'returncode': 0}
[2.311139] (litter_bot_bringup) JobProgress: {'identifier': 'litter_bot_bringup', 'progress': 'install'}
[2.315236] (litter_bot_bringup) Command: {'cmd': ['/usr/bin/cmake', '--install', '/home/hydria/ws/build/litter_bot_bringup'], 'cwd': '/home/hydria/ws/build/litter_bot_bringup', 'env': OrderedDict([('LESSOPEN', '| /usr/bin/lesspipe %s'), ('VSCODE_CWD', '/mnt/c/Program Files/cursor'), ('VSCODE_ESM_ENTRYPOINT', 'vs/workbench/api/node/extensionHostProcess'), ('USER', 'hydria'), ('VSCODE_NLS_CONFIG', '{"userLocale":"en","osLocale":"en","resolvedLanguage":"en","defaultMessagesFile":"/home/hydria/.cursor-server/bin/32cfbe848b35d9eb320980195985450f244b3030/out/nls.messages.json","locale":"en","availableLanguages":{}}'), ('VSCODE_HANDLES_UNCAUGHT_ERRORS', 'true'), ('SHLVL', '0'), ('LD_LIBRARY_PATH', '/usr/lib/x86_64-linux-gnu/gazebo-11/plugins:/opt/ros/humble/opt/rviz_ogre_vendor/lib:/opt/ros/humble/lib/x86_64-linux-gnu:/opt/ros/humble/lib'), ('HOME', '/home/hydria'), ('OLDPWD', '/home/hydria/ws'), ('VSCODE_IPC_HOOK_CLI', '/mnt/wslg/runtime-dir/vscode-ipc-946b2eb5-fd13-4868-96f5-db37aa9e5696.sock'), ('ROS_PYTHON_VERSION', '3'), ('NO_COLOR', '1'), ('WSL_DISTRO_NAME', 'Ubuntu-22.04'), ('WAYLAND_DISPLAY', 'wayland-0'), ('VSCODE_L10N_BUNDLE_LOCATION', ''), ('ROS_DISTRO', 'humble'), ('LOGNAME', 'hydria'), ('FORCE_COLOR', '0'), ('NAME', 'DESKTOP-N8VDEIP'), ('WSL_INTEROP', '/run/WSL/9_interop'), ('VSCODE_HANDLES_SIGPIPE', 'true'), ('PULSE_SERVER', 'unix:/mnt/wslg/PulseServer'), ('_', '/usr/bin/colcon'), ('ROS_VERSION', '2'), ('TERM', 'dumb'), ('EVERYSPHERE_RIPGREP_PATH', '/home/hydria/.cursor-server/bin/32cfbe848b35d9eb320980195985450f244b3030/node_modules/@vscode/ripgrep/bin/rg'), ('GAZEBO_MODEL_PATH', '/usr/share/gazebo-11/models:/usr/share/gazebo/models:/opt/ros/humble/share/turtlebot3_gazebo/models:/usr/share/gazebo-11/models:/usr/share/gazebo/models:/opt/ros/humble/share/turtlebot3_gazebo/models:'), ('ROS_LOCALHOST_ONLY', '0'), ('COMPOSER_NO_INTERACTION', '1'), ('PATH', '/home/hydria/.cursor-server/bin/32cfbe848b35d9eb320980195985450f244b3030/bin/remote-cli:/opt/ros/humble/bin:/home/hydria/.cursor-server/bin/32cfbe848b35d9eb320980195985450f244b3030/bin/remote-cli:/usr/local/sbin:/usr/local/bin:/usr/sbin:/usr/bin:/sbin:/bin:/usr/games:/usr/local/games:/usr/lib/wsl/lib:/mnt/c/Windows/system32:/mnt/c/Windows:/mnt/c/Windows/System32/Wbem:/mnt/c/Windows/System32/WindowsPowerShell/v1.0/:/mnt/c/Windows/System32/OpenSSH/:/mnt/c/Program Files/Docker/Docker/resources/bin:/mnt/c/Program Files/Microsoft SQL Server/150/Tools/Binn/:/mnt/c/Program Files/dotnet/:/mnt/c/Program Files/Git/cmd:/mnt/c/ProgramData/chocolatey/bin:/mnt/c/wamp64/bin/mysql/mysql9.1.0/bin:/mnt/c/Program Files/cursor/resources/app/bin:/mnt/c/Users/Emre/AppData/Local/Programs/Python/Python312/Scripts/:/mnt/c/Users/Emre/AppData/Local/Programs/Python/Python312/:/mnt/c/Users/Emre/AppData/Local/Microsoft/WindowsApps:/mnt/c/Program Files/JetBrains/PyCharm 2024.1.4/bin:/mnt/c/Users/Emre/Microsoft VS Code/bin:/mnt/c/msys64/ucrt64/bin:/mnt/c/Users/Emre/.dotnet/tools:/mnt/c/tools/neovim/nvim-win64/bin:/mnt/c/Program Files/Inkscape/bin:/mnt/c/Program Files/JetBrains/DataGrip 2025.2.4/bin:/mnt/c/Program Files/PsychoPy:/mnt/c/Program Files/PsychoPy/DLLs:/mnt/c/Program 豆ムעٸkָk:/mnt/c/Users/Emre/AppData/Local/Programs/Antigravity/bin:/mnt/c/Users/Emre/AppData/Local/GitHubDesktop/bin:/snap/bin'), ('XDG_RUNTIME_DIR', '/mnt/wslg/runtime-dir'), ('CURSOR_AGENT', '1'), ('DISPLAY', ':0'), ('LANG', 'en_US.UTF-8'), ('LS_COLORS', ''), ('AMENT_PREFIX_PATH', '/home/hydria/ws/install/litter_bot_gazebo:/home/hydria/ws/install/litter_bot_perception:/home/hydria/ws/install/litter_bot_navigation:/home/hydria/ws/install/litter_bot_manipulation:/home/hydria/ws/install/litter_bot_description:/home/hydria/ws/install/litter_bot:/opt/ros/humble'), ('SHELL', '/bin/bash'), ('LESSCLOSE', '/usr/bin/lesspipe %s %s'), ('PWD', '/home/hydria/ws/build/litter_bot_bringup'), ('TURTLEBOT3_MODEL', 'waffle'), ('XDG_DATA_DIRS', '/usr/local/share:/usr/share:/var/lib/snapd/desktop'), ('PYTHONPATH', '/home/hydria/ws/build/litter_bot_perception:/home/hydria/ws/install/litter_bot_perception/lib/python3.10/site-packages:/home/hydria/ws/build/litter_bot_navigation:/home/hydria/ws/install/litter_bot_navigation/lib/python3.10/site-packages:/home/hydria/ws/build/litter_bot_manipulation:/home/hydria/ws/install/litter_bot_manipulation/lib/python3.10/site-packages:/home/hydria/ws/build/litter_bot:/home/hydria/ws/install/litter_bot/lib/python3.10/site-packages:/opt/ros/humble/lib/python3.10/site-packages:/opt/ros/humble/local/lib/python3.10/dist-packages'), ('COLCON', '1'), ('_ZO_DOCTOR', '0'), ('WSL2_GUI_APPS_ENABLED', '1'), ('HOSTTYPE', 'x86_64'), ('WSLENV', ''), ('CMAKE_PREFIX_PATH', '/home/hydria/ws/install/litter_bot_gazebo:/home/hydria/ws/install/litter_bot_description:/opt/ros/humble')]), 'shell': False}
[2.318077] (litter_bot_bringup) StdoutLine: {'line': b'-- Install configuration: ""\n'}
[2.318464] (litter_bot_bringup) StdoutLine: {'line': b'-- Execute custom install script\n'}
[2.319294] (litter_bot_bringup) StdoutLine: {'line': b'-- Symlinking: /home/hydria/ws/install/litter_bot_bringup/share/litter_bot_bringup/launch/full_system.launch.py\n'}
[2.322596] (litter_bot_bringup) StdoutLine: {'line': b'-- Symlinking: /home/hydria/ws/install/litter_bot_bringup/share/litter_bot_bringup/launch/simulation_only.launch.py\n'}
[2.327196] (litter_bot_bringup) StdoutLine: {'line': b'-- Symlinking: /home/hydria/ws/install/litter_bot_bringup/share/litter_bot_bringup/config/rviz_config.rviz\n'}
[2.331443] (litter_bot_bringup) StdoutLine: {'line': b'-- Symlinking: /home/hydria/ws/install/litter_bot_bringup/share/ament_index/resource_index/package_run_dependencies/litter_bot_bringup\n'}
[2.335069] (litter_bot_bringup) StdoutLine: {'line': b'-- Symlinking: /home/hydria/ws/install/litter_bot_bringup/share/ament_index/resource_index/parent_prefix_path/litter_bot_bringup\n'}
[2.338382] (litter_bot_bringup) StdoutLine: {'line': b'-- Symlinking: /home/hydria/ws/install/litter_bot_bringup/share/litter_bot_bringup/environment/ament_prefix_path.sh\n'}
[2.341659] (litter_bot_bringup) StdoutLine: {'line': b'-- Symlinking: /home/hydria/ws/install/litter_bot_bringup/share/litter_bot_bringup/environment/ament_prefix_path.dsv\n'}
[2.345721] (litter_bot_bringup) StdoutLine: {'line': b'-- Symlinking: /home/hydria/ws/install/litter_bot_bringup/share/litter_bot_bringup/environment/path.sh\n'}
[2.349489] (litter_bot_bringup) StdoutLine: {'line': b'-- Symlinking: /home/hydria/ws/install/litter_bot_bringup/share/litter_bot_bringup/environment/path.dsv\n'}
[2.352995] (litter_bot_bringup) StdoutLine: {'line': b'-- Symlinking: /home/hydria/ws/install/litter_bot_bringup/share/litter_bot_bringup/local_setup.bash\n'}
[2.356196] (litter_bot_bringup) StdoutLine: {'line': b'-- Symlinking: /home/hydria/ws/install/litter_bot_bringup/share/litter_bot_bringup/local_setup.sh\n'}
[2.359732] (litter_bot_bringup) StdoutLine: {'line': b'-- Symlinking: /home/hydria/ws/install/litter_bot_bringup/share/litter_bot_bringup/local_setup.zsh\n'}
[2.363843] (litter_bot_bringup) StdoutLine: {'line': b'-- Symlinking: /home/hydria/ws/install/litter_bot_bringup/share/litter_bot_bringup/local_setup.dsv\n'}
[2.367223] (litter_bot_bringup) StdoutLine: {'line': b'-- Symlinking: /home/hydria/ws/install/litter_bot_bringup/share/litter_bot_bringup/package.dsv\n'}
[2.370960] (litter_bot_bringup) StdoutLine: {'line': b'-- Symlinking: /home/hydria/ws/install/litter_bot_bringup/share/ament_index/resource_index/packages/litter_bot_bringup\n'}
[2.374349] (litter_bot_bringup) StdoutLine: {'line': b'-- Symlinking: /home/hydria/ws/install/litter_bot_bringup/share/litter_bot_bringup/cmake/litter_bot_bringupConfig.cmake\n'}
[2.379220] (litter_bot_bringup) StdoutLine: {'line': b'-- Symlinking: /home/hydria/ws/install/litter_bot_bringup/share/litter_bot_bringup/cmake/litter_bot_bringupConfig-version.cmake\n'}
[2.382836] (litter_bot_bringup) StdoutLine: {'line': b'-- Symlinking: /home/hydria/ws/install/litter_bot_bringup/share/litter_bot_bringup/package.xml\n'}
[2.387022] (litter_bot_bringup) CommandEnded: {'returncode': 0}
[2.393798] (litter_bot_bringup) JobEnded: {'identifier': 'litter_bot_bringup', 'rc': 0}
[2.394289] (-) EventReactorShutdown: {}
