[0.009s] Invoking command in '/home/hydria/ws/build/litter_bot_description': CMAKE_PREFIX_PATH=${CMAKE_PREFIX_PATH}:/home/hydria/ws/install/litter_bot_perception:/home/hydria/ws/install/litter_bot_navigation:/home/hydria/ws/install/litter_bot_manipulation:/home/hydria/ws/install/litter_bot:/opt/ros/humble /usr/bin/cmake --build /home/hydria/ws/build/litter_bot_description -- -j6 -l6
[0.033s] Invoked command in '/home/hydria/ws/build/litter_bot_description' returned '0': CMAKE_PREFIX_PATH=${CMAKE_PREFIX_PATH}:/home/hydria/ws/install/litter_bot_perception:/home/hydria/ws/install/litter_bot_navigation:/home/hydria/ws/install/litter_bot_manipulation:/home/hydria/ws/install/litter_bot:/opt/ros/humble /usr/bin/cmake --build /home/hydria/ws/build/litter_bot_description -- -j6 -l6
[0.041s] Invoking command in '/home/hydria/ws/build/litter_bot_description': CMAKE_PREFIX_PATH=${CMAKE_PREFIX_PATH}:/home/hydria/ws/install/litter_bot_perception:/home/hydria/ws/install/litter_bot_navigation:/home/hydria/ws/install/litter_bot_manipulation:/home/hydria/ws/install/litter_bot:/opt/ros/humble /usr/bin/cmake --install /home/hydria/ws/build/litter_bot_description
[0.053s] -- Install configuration: ""
[0.053s] -- Execute custom install script
[0.054s] -- Up-to-date symlink: /home/hydria/ws/install/litter_bot_description/share/litter_bot_description/urdf/robot.urdf.xacro
[0.055s] -- Up-to-date symlink: /home/hydria/ws/install/litter_bot_description/share/litter_bot_description/launch/display.launch.py
[0.055s] -- Up-to-date symlink: /home/hydria/ws/install/litter_bot_description/share/litter_bot_description/rviz/display.rviz
[0.056s] -- Up-to-date symlink: /home/hydria/ws/install/litter_bot_description/share/ament_index/resource_index/package_run_dependencies/litter_bot_description
[0.056s] -- Up-to-date symlink: /home/hydria/ws/install/litter_bot_description/share/ament_index/resource_index/parent_prefix_path/litter_bot_description
[0.056s] -- Up-to-date symlink: /home/hydria/ws/install/litter_bot_description/share/litter_bot_description/environment/ament_prefix_path.sh
[0.056s] -- Up-to-date symlink: /home/hydria/ws/install/litter_bot_description/share/litter_bot_description/environment/ament_prefix_path.dsv
[0.056s] -- Up-to-date symlink: /home/hydria/ws/install/litter_bot_description/share/litter_bot_description/environment/path.sh
[0.056s] -- Up-to-date symlink: /home/hydria/ws/install/litter_bot_description/share/litter_bot_description/environment/path.dsv
[0.056s] -- Up-to-date symlink: /home/hydria/ws/install/litter_bot_description/share/litter_bot_description/local_setup.bash
[0.056s] -- Up-to-date symlink: /home/hydria/ws/install/litter_bot_description/share/litter_bot_description/local_setup.sh
[0.056s] -- Up-to-date symlink: /home/hydria/ws/install/litter_bot_description/share/litter_bot_description/local_setup.zsh
[0.056s] -- Up-to-date symlink: /home/hydria/ws/install/litter_bot_description/share/litter_bot_description/local_setup.dsv
[0.056s] -- Symlinking: /home/hydria/ws/install/litter_bot_description/share/litter_bot_description/package.dsv
[0.062s] -- Up-to-date symlink: /home/hydria/ws/install/litter_bot_description/share/ament_index/resource_index/packages/litter_bot_description
[0.063s] -- Up-to-date symlink: /home/hydria/ws/install/litter_bot_description/share/litter_bot_description/cmake/litter_bot_descriptionConfig.cmake
[0.063s] -- Up-to-date symlink: /home/hydria/ws/install/litter_bot_description/share/litter_bot_description/cmake/litter_bot_descriptionConfig-version.cmake
[0.063s] -- Up-to-date symlink: /home/hydria/ws/install/litter_bot_description/share/litter_bot_description/package.xml
[0.065s] Invoked command in '/home/hydria/ws/build/litter_bot_description' returned '0': CMAKE_PREFIX_PATH=${CMAKE_PREFIX_PATH}:/home/hydria/ws/install/litter_bot_perception:/home/hydria/ws/install/litter_bot_navigation:/home/hydria/ws/install/litter_bot_manipulation:/home/hydria/ws/install/litter_bot:/opt/ros/humble /usr/bin/cmake --install /home/hydria/ws/build/litter_bot_description
