running develop
running egg_info
creating litter_bot.egg-info
writing litter_bot.egg-info/PKG-INFO
writing dependency_links to litter_bot.egg-info/dependency_links.txt
writing entry points to litter_bot.egg-info/entry_points.txt
writing requirements to litter_bot.egg-info/requires.txt
writing top-level names to litter_bot.egg-info/top_level.txt
writing manifest file 'litter_bot.egg-info/SOURCES.txt'
reading manifest file 'litter_bot.egg-info/SOURCES.txt'
writing manifest file 'litter_bot.egg-info/SOURCES.txt'
running build_ext
Creating /home/hydria/ws/install/litter_bot/lib/python3.10/site-packages/litter-bot.egg-link (link to .)

Installed /home/hydria/ws/build/litter_bot
running symlink_data
creating /home/hydria/ws/install/litter_bot/share/ament_index
creating /home/hydria/ws/install/litter_bot/share/ament_index/resource_index
creating /home/hydria/ws/install/litter_bot/share/ament_index/resource_index/packages
symbolically linking /home/hydria/ws/build/litter_bot/resource/litter_bot -> /home/hydria/ws/install/litter_bot/share/ament_index/resource_index/packages
symbolically linking /home/hydria/ws/build/litter_bot/package.xml -> /home/hydria/ws/install/litter_bot/share/litter_bot
