[0.413s] Invoking command in '/home/hydria/ws/build/litter_bot': PYTHONPATH=/home/hydria/ws/build/litter_bot/prefix_override:/usr/lib/python3/dist-packages/colcon_core/task/python/colcon_distutils_commands:/home/hydria/ws/install/litter_bot/lib/python3.10/site-packages:${PYTHONPATH} /usr/bin/python3 -W ignore:setup.py install is deprecated -W ignore:easy_install command is deprecated setup.py develop --editable --build-directory /home/hydria/ws/build/litter_bot/build --no-deps symlink_data
[0.528s] running develop
[0.589s] running egg_info
[0.589s] creating litter_bot.egg-info
[0.589s] writing litter_bot.egg-info/PKG-INFO
[0.589s] writing dependency_links to litter_bot.egg-info/dependency_links.txt
[0.589s] writing entry points to litter_bot.egg-info/entry_points.txt
[0.589s] writing requirements to litter_bot.egg-info/requires.txt
[0.590s] writing top-level names to litter_bot.egg-info/top_level.txt
[0.590s] writing manifest file 'litter_bot.egg-info/SOURCES.txt'
[0.590s] reading manifest file 'litter_bot.egg-info/SOURCES.txt'
[0.590s] writing manifest file 'litter_bot.egg-info/SOURCES.txt'
[0.591s] running build_ext
[0.591s] Creating /home/hydria/ws/install/litter_bot/lib/python3.10/site-packages/litter-bot.egg-link (link to .)
[0.591s] 
[0.591s] Installed /home/hydria/ws/build/litter_bot
[0.591s] running symlink_data
[0.592s] creating /home/hydria/ws/install/litter_bot/share/ament_index
[0.592s] creating /home/hydria/ws/install/litter_bot/share/ament_index/resource_index
[0.592s] creating /home/hydria/ws/install/litter_bot/share/ament_index/resource_index/packages
[0.592s] symbolically linking /home/hydria/ws/build/litter_bot/resource/litter_bot -> /home/hydria/ws/install/litter_bot/share/ament_index/resource_index/packages
[0.593s] symbolically linking /home/hydria/ws/build/litter_bot/package.xml -> /home/hydria/ws/install/litter_bot/share/litter_bot
[0.605s] Invoked command in '/home/hydria/ws/build/litter_bot' returned '0': PYTHONPATH=/home/hydria/ws/build/litter_bot/prefix_override:/usr/lib/python3/dist-packages/colcon_core/task/python/colcon_distutils_commands:/home/hydria/ws/install/litter_bot/lib/python3.10/site-packages:${PYTHONPATH} /usr/bin/python3 -W ignore:setup.py install is deprecated -W ignore:easy_install command is deprecated setup.py develop --editable --build-directory /home/hydria/ws/build/litter_bot/build --no-deps symlink_data
