[0.627s] Invoking command in '/home/hydria/ws/build/litter_bot_bringup': AMENT_PREFIX_PATH=/home/hydria/ws/install/litter_bot_perception:/home/hydria/ws/install/litter_bot_navigation:/home/hydria/ws/install/litter_bot_manipulation:/home/hydria/ws/install/litter_bot:/home/hydria/ws/install/litter_bot_bringup:/home/hydria/ws/install/litter_bot_gazebo:/home/hydria/ws/install/litter_bot_description:/opt/ros/humble CMAKE_PREFIX_PATH=/home/hydria/ws/install/litter_bot_gazebo:/home/hydria/ws/install/litter_bot_description:/home/hydria/ws/install/litter_bot_bringup:/home/hydria/ws/install/litter_bot_perception:/home/hydria/ws/install/litter_bot_navigation:/home/hydria/ws/install/litter_bot_manipulation:/home/hydria/ws/install/litter_bot:/opt/ros/humble /usr/bin/cmake --build /home/hydria/ws/build/litter_bot_bringup -- -j6 -l6
[0.663s] Invoked command in '/home/hydria/ws/build/litter_bot_bringup' returned '0': AMENT_PREFIX_PATH=/home/hydria/ws/install/litter_bot_perception:/home/hydria/ws/install/litter_bot_navigation:/home/hydria/ws/install/litter_bot_manipulation:/home/hydria/ws/install/litter_bot:/home/hydria/ws/install/litter_bot_bringup:/home/hydria/ws/install/litter_bot_gazebo:/home/hydria/ws/install/litter_bot_description:/opt/ros/humble CMAKE_PREFIX_PATH=/home/hydria/ws/install/litter_bot_gazebo:/home/hydria/ws/install/litter_bot_description:/home/hydria/ws/install/litter_bot_bringup:/home/hydria/ws/install/litter_bot_perception:/home/hydria/ws/install/litter_bot_navigation:/home/hydria/ws/install/litter_bot_manipulation:/home/hydria/ws/install/litter_bot:/opt/ros/humble /usr/bin/cmake --build /home/hydria/ws/build/litter_bot_bringup -- -j6 -l6
[0.671s] Invoking command in '/home/hydria/ws/build/litter_bot_bringup': AMENT_PREFIX_PATH=/home/hydria/ws/install/litter_bot_perception:/home/hydria/ws/install/litter_bot_navigation:/home/hydria/ws/install/litter_bot_manipulation:/home/hydria/ws/install/litter_bot:/home/hydria/ws/install/litter_bot_bringup:/home/hydria/ws/install/litter_bot_gazebo:/home/hydria/ws/install/litter_bot_description:/opt/ros/humble CMAKE_PREFIX_PATH=/home/hydria/ws/install/litter_bot_gazebo:/home/hydria/ws/install/litter_bot_description:/home/hydria/ws/install/litter_bot_bringup:/home/hydria/ws/install/litter_bot_perception:/home/hydria/ws/install/litter_bot_navigation:/home/hydria/ws/install/litter_bot_manipulation:/home/hydria/ws/install/litter_bot:/opt/ros/humble /usr/bin/cmake --install /home/hydria/ws/build/litter_bot_bringup
[0.675s] -- Install configuration: ""
[0.676s] -- Execute custom install script
[0.677s] -- Up-to-date symlink: /home/hydria/ws/install/litter_bot_bringup/share/litter_bot_bringup/launch/full_system.launch.py
[0.678s] -- Up-to-date symlink: /home/hydria/ws/install/litter_bot_bringup/share/litter_bot_bringup/launch/simulation_only.launch.py
[0.678s] -- Up-to-date symlink: /home/hydria/ws/install/litter_bot_bringup/share/litter_bot_bringup/config/rviz_config.rviz
[0.678s] -- Up-to-date symlink: /home/hydria/ws/install/litter_bot_bringup/share/ament_index/resource_index/package_run_dependencies/litter_bot_bringup
[0.678s] -- Up-to-date symlink: /home/hydria/ws/install/litter_bot_bringup/share/ament_index/resource_index/parent_prefix_path/litter_bot_bringup
[0.678s] -- Up-to-date symlink: /home/hydria/ws/install/litter_bot_bringup/share/litter_bot_bringup/environment/ament_prefix_path.sh
[0.678s] -- Up-to-date symlink: /home/hydria/ws/install/litter_bot_bringup/share/litter_bot_bringup/environment/ament_prefix_path.dsv
[0.678s] -- Up-to-date symlink: /home/hydria/ws/install/litter_bot_bringup/share/litter_bot_bringup/environment/path.sh
[0.678s] -- Up-to-date symlink: /home/hydria/ws/install/litter_bot_bringup/share/litter_bot_bringup/environment/path.dsv
[0.678s] -- Up-to-date symlink: /home/hydria/ws/install/litter_bot_bringup/share/litter_bot_bringup/local_setup.bash
[0.678s] -- Up-to-date symlink: /home/hydria/ws/install/litter_bot_bringup/share/litter_bot_bringup/local_setup.sh
[0.678s] -- Up-to-date symlink: /home/hydria/ws/install/litter_bot_bringup/share/litter_bot_bringup/local_setup.zsh
[0.678s] -- Up-to-date symlink: /home/hydria/ws/install/litter_bot_bringup/share/litter_bot_bringup/local_setup.dsv
[0.678s] -- Symlinking: /home/hydria/ws/install/litter_bot_bringup/share/litter_bot_bringup/package.dsv
[0.686s] -- Up-to-date symlink: /home/hydria/ws/install/litter_bot_bringup/share/ament_index/resource_index/packages/litter_bot_bringup
[0.686s] -- Up-to-date symlink: /home/hydria/ws/install/litter_bot_bringup/share/litter_bot_bringup/cmake/litter_bot_bringupConfig.cmake
[0.686s] -- Up-to-date symlink: /home/hydria/ws/install/litter_bot_bringup/share/litter_bot_bringup/cmake/litter_bot_bringupConfig-version.cmake
[0.686s] -- Up-to-date symlink: /home/hydria/ws/install/litter_bot_bringup/share/litter_bot_bringup/package.xml
[0.688s] Invoked command in '/home/hydria/ws/build/litter_bot_bringup' returned '0': AMENT_PREFIX_PATH=/home/hydria/ws/install/litter_bot_perception:/home/hydria/ws/install/litter_bot_navigation:/home/hydria/ws/install/litter_bot_manipulation:/home/hydria/ws/install/litter_bot:/home/hydria/ws/install/litter_bot_bringup:/home/hydria/ws/install/litter_bot_gazebo:/home/hydria/ws/install/litter_bot_description:/opt/ros/humble CMAKE_PREFIX_PATH=/home/hydria/ws/install/litter_bot_gazebo:/home/hydria/ws/install/litter_bot_description:/home/hydria/ws/install/litter_bot_bringup:/home/hydria/ws/install/litter_bot_perception:/home/hydria/ws/install/litter_bot_navigation:/home/hydria/ws/install/litter_bot_manipulation:/home/hydria/ws/install/litter_bot:/opt/ros/humble /usr/bin/cmake --install /home/hydria/ws/build/litter_bot_bringup
